#
# A fatal error has been detected by the Java Runtime Environment:
#
#  EXCEPTION_UNCAUGHT_CXX_EXCEPTION (0xe06d7363) at pc=0x75f2b727, pid=8856, tid=5072
#
# JRE version: 7.0_25-b16
# Java VM: Java HotSpot(TM) Client VM (23.25-b01 mixed mode, sharing windows-x86 )
# Problematic frame:
# C  [KERNELBASE.dll+0xb727]  RaiseException+0x58
#
# Failed to write core dump. Minidumps are not enabled by default on client versions of Windows
#
# If you would like to submit a bug report, please visit:
#   http://bugreport.sun.com/bugreport/crash.jsp
# The crash happened outside the Java Virtual Machine in native code.
# See problematic frame for where to report the bug.
#

---------------  T H R E A D  ---------------

Current thread (0x00e2bc00):  JavaThread "main" [_thread_in_native, id=5072, stack(0x009d0000,0x00a20000)]

siginfo: ExceptionCode=0xe06d7363, ExceptionInformation=0x19930520 0x00a0e324 0x65d44a88 

Registers:
EAX=0x00a0e280, EBX=0x0000003e, ECX=0x00000003, EDX=0x00000000
ESP=0x00a0e280, EBP=0x00a0e2d0, ESI=0x00a1f484, EDI=0x6a4f1ec6
EIP=0x75f2b727, EFLAGS=0x00000212

Top of Stack: (sp=0x00a0e280)
0x00a0e280:   e06d7363 00000001 00000000 75f2b727
0x00a0e290:   00000003 19930520 00a0e324 65d44a88
0x00a0e2a0:   00000000 04cc74a8 00a0e388 00a0e294
0x00a0e2b0:   00a0e388 00000031 00a0e2d8 65b740fe
0x00a0e2c0:   04cc74a8 04cc7460 00000031 00a1f484
0x00a0e2d0:   00a0e308 6a507819 e06d7363 00000001
0x00a0e2e0:   00000003 00a0e2fc e06d7363 00000001
0x00a0e2f0:   00000000 00000000 00000003 19930520 

Instructions: (pc=0x75f2b727)
0x75f2b707:   02 50 ff 75 14 8d 45 c4 50 e8 3d a9 02 00 83 c4
0x75f2b717:   0c eb 03 89 45 c0 8d 45 b0 50 ff 15 6c 11 f2 75
0x75f2b727:   c9 c2 10 00 cc cc cc cc cc 8b ff 55 8b ec 56 8b
0x75f2b737:   75 08 83 fe f4 72 18 83 fe f6 77 13 8d 45 08 50 


Register to memory mapping:

EAX=0x00a0e280 is pointing into the stack for thread: 0x00e2bc00
EBX=0x0000003e is an unknown value
ECX=0x00000003 is an unknown value
EDX=0x00000000 is an unknown value
ESP=0x00a0e280 is pointing into the stack for thread: 0x00e2bc00
EBP=0x00a0e2d0 is pointing into the stack for thread: 0x00e2bc00
ESI=0x00a1f484 is pointing into the stack for thread: 0x00e2bc00
EDI=0x6a4f1ec6 is an unknown value


Stack: [0x009d0000,0x00a20000],  sp=0x00a0e280,  free space=248k
Native frames: (J=compiled Java code, j=interpreted, Vv=VM code, C=native code)
C  [KERNELBASE.dll+0xb727]  RaiseException+0x58
C  [msvcr100.dll+0x27819]  CxxThrowException+0x45

Java frames: (J=compiled Java code, j=interpreted, Vv=VM code)
j  com.googlecode.javacv.cpp.opencv_imgproc.cvCanny(Lcom/googlecode/javacv/cpp/opencv_core$CvArr;Lcom/googlecode/javacv/cpp/opencv_core$CvArr;DDI)V+0
j  houghlines.HoughLines.main([Ljava/lang/String;)V+108
v  ~StubRoutines::call_stub

---------------  P R O C E S S  ---------------

Java Threads: ( => current thread )
  0x04cc9800 JavaThread "AWT-EventQueue-0" [_thread_blocked, id=7116, stack(0x06090000,0x060e0000)]
  0x04c9cc00 JavaThread "AWT-Windows" daemon [_thread_in_native, id=220, stack(0x05a10000,0x05a60000)]
  0x04c9c000 JavaThread "AWT-Shutdown" [_thread_blocked, id=7684, stack(0x05960000,0x059b0000)]
  0x04c99400 JavaThread "Java2D Disposer" daemon [_thread_blocked, id=7332, stack(0x05a60000,0x05ab0000)]
  0x00f0ac00 JavaThread "Service Thread" daemon [_thread_blocked, id=1340, stack(0x04ad0000,0x04b20000)]
  0x00f06400 JavaThread "C1 CompilerThread0" daemon [_thread_blocked, id=5388, stack(0x01300000,0x01350000)]
  0x00f05800 JavaThread "Attach Listener" daemon [_thread_blocked, id=8716, stack(0x04940000,0x04990000)]
  0x00f03000 JavaThread "Signal Dispatcher" daemon [_thread_blocked, id=7464, stack(0x04850000,0x048a0000)]
  0x00ee5000 JavaThread "Finalizer" daemon [_thread_blocked, id=160, stack(0x00fa0000,0x00ff0000)]
  0x00ee3800 JavaThread "Reference Handler" daemon [_thread_blocked, id=3760, stack(0x01000000,0x01050000)]
=>0x00e2bc00 JavaThread "main" [_thread_in_native, id=5072, stack(0x009d0000,0x00a20000)]

Other Threads:
  0x00ee1c00 VMThread [stack: 0x010e0000,0x01130000] [id=5932]
  0x00f1e400 WatcherThread [stack: 0x04b30000,0x04b80000] [id=8992]

VM state:not at safepoint (normal execution)

VM Mutex/Monitor currently owned by a thread: None

Heap
 def new generation   total 4928K, used 2445K [0x243c0000, 0x24910000, 0x29910000)
  eden space 4416K,  43% used [0x243c0000, 0x245a36c8, 0x24810000)
  from space 512K, 100% used [0x24890000, 0x24910000, 0x24910000)
  to   space 512K,   0% used [0x24810000, 0x24810000, 0x24890000)
 tenured generation   total 10944K, used 437K [0x29910000, 0x2a3c0000, 0x343c0000)
   the space 10944K,   3% used [0x29910000, 0x2997d518, 0x2997d600, 0x2a3c0000)
 compacting perm gen  total 12288K, used 1576K [0x343c0000, 0x34fc0000, 0x383c0000)
   the space 12288K,  12% used [0x343c0000, 0x3454a2c8, 0x3454a400, 0x34fc0000)
    ro space 10240K,  45% used [0x383c0000, 0x38849b28, 0x38849c00, 0x38dc0000)
    rw space 12288K,  54% used [0x38dc0000, 0x3944d0e8, 0x3944d200, 0x399c0000)

Card table byte_map: [0x00d60000,0x00e10000] byte_map_base: 0x00c3e200

Polling page: 0x00150000

Code Cache  [0x02800000, 0x028d8000, 0x04800000)
 total_blobs=377 nmethods=148 adapters=164 free_code_cache=31932Kb largest_free_block=32699200

Compilation events (10 events):
Event: 0.902 Thread 0x00f06400  144             java.util.ArrayList::rangeCheck (22 bytes)
Event: 0.902 Thread 0x00f06400 nmethod 144 0x028ce288 code [0x028ce3e0, 0x028ce6a8]
Event: 0.902 Thread 0x00f06400  145             java.util.ArrayList::elementData (7 bytes)
Event: 0.902 Thread 0x00f06400 nmethod 145 0x028ce948 code [0x028cea40, 0x028ceae0]
Event: 0.902 Thread 0x00f06400  146             java.util.ArrayList::get (11 bytes)
Event: 0.903 Thread 0x00f06400 nmethod 146 0x028ceb88 code [0x028ceca0, 0x028cedd8]
Event: 0.960 Thread 0x00f06400  147             java.lang.Character::toLowerCase (6 bytes)
Event: 0.960 Thread 0x00f06400 nmethod 147 0x028d08c8 code [0x028d09d0, 0x028d0a78]
Event: 0.966 Thread 0x00f06400  148             java.lang.ref.Reference::get (5 bytes)
Event: 0.966 Thread 0x00f06400 nmethod 148 0x028d0b08 code [0x028d0c00, 0x028d0c80]

GC Heap History (2 events):
Event: 0.625 GC heap before
{Heap before GC invocations=0 (full 0):
 def new generation   total 4928K, used 4416K [0x243c0000, 0x24910000, 0x29910000)
  eden space 4416K, 100% used [0x243c0000, 0x24810000, 0x24810000)
  from space 512K,   0% used [0x24810000, 0x24810000, 0x24890000)
  to   space 512K,   0% used [0x24890000, 0x24890000, 0x24910000)
 tenured generation   total 10944K, used 0K [0x29910000, 0x2a3c0000, 0x343c0000)
   the space 10944K,   0% used [0x29910000, 0x29910000, 0x29910200, 0x2a3c0000)
 compacting perm gen  total 12288K, used 924K [0x343c0000, 0x34fc0000, 0x383c0000)
   the space 12288K,   7% used [0x343c0000, 0x344a7228, 0x344a7400, 0x34fc0000)
    ro space 10240K,  45% used [0x383c0000, 0x38849b28, 0x38849c00, 0x38dc0000)
    rw space 12288K,  54% used [0x38dc0000, 0x3944d0e8, 0x3944d200, 0x399c0000)
Event: 0.629 GC heap after
Heap after GC invocations=1 (full 0):
 def new generation   total 4928K, used 512K [0x243c0000, 0x24910000, 0x29910000)
  eden space 4416K,   0% used [0x243c0000, 0x243c0000, 0x24810000)
  from space 512K, 100% used [0x24890000, 0x24910000, 0x24910000)
  to   space 512K,   0% used [0x24810000, 0x24810000, 0x24890000)
 tenured generation   total 10944K, used 437K [0x29910000, 0x2a3c0000, 0x343c0000)
   the space 10944K,   3% used [0x29910000, 0x2997d518, 0x2997d600, 0x2a3c0000)
 compacting perm gen  total 12288K, used 924K [0x343c0000, 0x34fc0000, 0x383c0000)
   the space 12288K,   7% used [0x343c0000, 0x344a7228, 0x344a7400, 0x34fc0000)
    ro space 10240K,  45% used [0x383c0000, 0x38849b28, 0x38849c00, 0x38dc0000)
    rw space 12288K,  54% used [0x38dc0000, 0x3944d0e8, 0x3944d200, 0x399c0000)
}

Deoptimization events (0 events):
No events

Internal exceptions (10 events):
Event: 0.963 Thread 0x00e2bc00 Threw 0x24571048 at C:\jdk7u2_32P\jdk7u25\hotspot\src\share\vm\prims\jvm.cpp:1235
Event: 0.964 Thread 0x00e2bc00 Threw 0x245759c8 at C:\jdk7u2_32P\jdk7u25\hotspot\src\share\vm\prims\jvm.cpp:1235
Event: 0.964 Thread 0x00e2bc00 Threw 0x24579c88 at C:\jdk7u2_32P\jdk7u25\hotspot\src\share\vm\prims\jvm.cpp:1235
Event: 0.964 Thread 0x00e2bc00 Threw 0x2457df10 at C:\jdk7u2_32P\jdk7u25\hotspot\src\share\vm\prims\jvm.cpp:1235
Event: 0.965 Thread 0x00e2bc00 Threw 0x245834f8 at C:\jdk7u2_32P\jdk7u25\hotspot\src\share\vm\prims\jvm.cpp:1235
Event: 0.965 Thread 0x00e2bc00 Threw 0x24587b40 at C:\jdk7u2_32P\jdk7u25\hotspot\src\share\vm\prims\jvm.cpp:1235
Event: 0.965 Thread 0x00e2bc00 Threw 0x2458ac40 at C:\jdk7u2_32P\jdk7u25\hotspot\src\share\vm\prims\jvm.cpp:1235
Event: 0.966 Thread 0x00e2bc00 Threw 0x2458ea50 at C:\jdk7u2_32P\jdk7u25\hotspot\src\share\vm\prims\jvm.cpp:1235
Event: 0.966 Thread 0x00e2bc00 Threw 0x24592090 at C:\jdk7u2_32P\jdk7u25\hotspot\src\share\vm\prims\jvm.cpp:1235
Event: 0.966 Thread 0x00e2bc00 Threw 0x24594fc0 at C:\jdk7u2_32P\jdk7u25\hotspot\src\share\vm\prims\jvm.cpp:1235

Events (10 events):
Event: 0.965 loading class 0x04c22970
Event: 0.965 loading class 0x04c22970 done
Event: 0.966 loading class 0x04c24130
Event: 0.966 loading class 0x04c24130 done
Event: 0.966 loading class 0x04c23f00
Event: 0.966 loading class 0x04c23f00 done
Event: 0.966 loading class 0x04c240e0
Event: 0.966 loading class 0x04c240e0 done
Event: 0.967 loading class 0x399f56d8
Event: 0.967 loading class 0x399f56d8 done


Dynamic libraries:
0x013d0000 - 0x013ff000 	C:\Program Files (x86)\Java\jdk1.7.0_25\bin\java.exe
0x77c10000 - 0x77d90000 	C:\Windows\SysWOW64\ntdll.dll
0x763c0000 - 0x764d0000 	C:\Windows\syswow64\kernel32.dll
0x75f20000 - 0x75f66000 	C:\Windows\syswow64\KERNELBASE.dll
0x75f80000 - 0x76020000 	C:\Windows\syswow64\ADVAPI32.dll
0x76560000 - 0x7660c000 	C:\Windows\syswow64\msvcrt.dll
0x75e00000 - 0x75e19000 	C:\Windows\SysWOW64\sechost.dll
0x761d0000 - 0x762c0000 	C:\Windows\syswow64\RPCRT4.dll
0x75770000 - 0x757d0000 	C:\Windows\syswow64\SspiCli.dll
0x75760000 - 0x7576c000 	C:\Windows\syswow64\CRYPTBASE.dll
0x762c0000 - 0x763c0000 	C:\Windows\syswow64\USER32.dll
0x764d0000 - 0x76560000 	C:\Windows\syswow64\GDI32.dll
0x75f70000 - 0x75f7a000 	C:\Windows\syswow64\LPK.dll
0x77520000 - 0x775bd000 	C:\Windows\syswow64\USP10.dll
0x72460000 - 0x725fe000 	C:\Windows\WinSxS\x86_microsoft.windows.common-controls_6595b64144ccf1df_6.0.7601.17514_none_41e6975e2bd6f2b2\COMCTL32.dll
0x76020000 - 0x76077000 	C:\Windows\syswow64\SHLWAPI.dll
0x757d0000 - 0x75830000 	C:\Windows\system32\IMM32.DLL
0x76640000 - 0x7670c000 	C:\Windows\syswow64\MSCTF.dll
0x6a4e0000 - 0x6a59e000 	C:\Program Files (x86)\Java\jdk1.7.0_25\jre\bin\msvcr100.dll
0x691c0000 - 0x69502000 	C:\Program Files (x86)\Java\jdk1.7.0_25\jre\bin\client\jvm.dll
0x72400000 - 0x72407000 	C:\Windows\system32\WSOCK32.dll
0x76190000 - 0x761c5000 	C:\Windows\syswow64\WS2_32.dll
0x75e30000 - 0x75e36000 	C:\Windows\syswow64\NSI.dll
0x6c2a0000 - 0x6c2d2000 	C:\Windows\system32\WINMM.dll
0x75e20000 - 0x75e25000 	C:\Windows\syswow64\PSAPI.DLL
0x74bc0000 - 0x74bcc000 	C:\Program Files (x86)\Java\jdk1.7.0_25\jre\bin\verify.dll
0x6b4e0000 - 0x6b500000 	C:\Program Files (x86)\Java\jdk1.7.0_25\jre\bin\java.dll
0x6a710000 - 0x6a723000 	C:\Program Files (x86)\Java\jdk1.7.0_25\jre\bin\zip.dll
0x65df0000 - 0x65eae000 	C:\Users\Dell\AppData\Local\Temp\javacpp11323308640576\msvcr100.dll
0x65d80000 - 0x65de9000 	C:\Users\Dell\AppData\Local\Temp\javacpp11323308640576\msvcp100.dll
0x70fc0000 - 0x71d59000 	C:\Users\Dell\AppData\Local\Temp\javacpp11323308640576\opencv_ffmpeg246.dll
0x65b70000 - 0x65d74000 	C:\Users\Dell\AppData\Local\Temp\javacpp11323308640576\opencv_core246.dll
0x65900000 - 0x65b6a000 	C:\Users\Dell\AppData\Local\Temp\javacpp11323308640576\opencv_imgproc246.dll
0x656f0000 - 0x658fa000 	C:\Users\Dell\AppData\Local\Temp\javacpp11323308640576\opencv_highgui246.dll
0x75980000 - 0x75adc000 	C:\Windows\syswow64\ole32.dll
0x75d70000 - 0x75dff000 	C:\Windows\syswow64\OLEAUT32.dll
0x6a3b0000 - 0x6a3c9000 	C:\Windows\system32\AVIFIL32.dll
0x60280000 - 0x60294000 	C:\Windows\system32\MSACM32.dll
0x69e10000 - 0x69e31000 	C:\Windows\system32\MSVFW32.dll
0x768b0000 - 0x774fa000 	C:\Windows\syswow64\SHELL32.dll
0x69df0000 - 0x69e03000 	C:\Windows\system32\AVICAP32.dll
0x73c50000 - 0x73c59000 	C:\Windows\system32\VERSION.dll
0x680a0000 - 0x680af000 	C:\Users\Dell\AppData\Local\Temp\javacpp11323308640576\jniopencv_highgui.dll
0x65670000 - 0x656e5000 	C:\Users\Dell\AppData\Local\Temp\javacpp11323308640576\jniopencv_core.dll
0x6a1e0000 - 0x6a324000 	C:\Program Files (x86)\Java\jdk1.7.0_25\jre\bin\awt.dll
0x6ab40000 - 0x6ab53000 	C:\Windows\system32\DWMAPI.DLL
0x6b5d0000 - 0x6b650000 	C:\Windows\system32\uxtheme.dll
0x6a670000 - 0x6a6a1000 	C:\Program Files (x86)\Java\jdk1.7.0_25\jre\bin\fontmanager.dll
0x6a3d0000 - 0x6a406000 	C:\Program Files\WIDCOMM\Bluetooth Software\SysWOW64\BtMmHook.dll
0x75e40000 - 0x75ec3000 	C:\Windows\syswow64\CLBCatQ.DLL
0x65630000 - 0x65669000 	C:\Users\Dell\AppData\Local\Temp\javacpp11323308640576\jniopencv_imgproc.dll
0x6c840000 - 0x6c92b000 	C:\Windows\system32\dbghelp.dll

VM Arguments:
jvm_args: -Dfile.encoding=UTF-8 
java_command: houghlines.HoughLines
Launcher Type: SUN_STANDARD

Environment Variables:
CLASSPATH=.;.;C:\PROGRA~2\JMF21~1.1E\lib\sound.jar;C:\PROGRA~2\JMF21~1.1E\lib\jmf.jar;C:\PROGRA~2\JMF21~1.1E\lib;
PATH=C:\Perl\site\bin;C:\Perl\bin;F:\oracle\product\10.2.0\db_1\bin;F:\OraHome_1\bin;F:\app\Dell\product\11.2.0\dbhome_2\bin;C:\Ruby200-x64\bin;F:\app\Dell\product\11.2.0\dbhome_1\bin;E:\app\Dell\product\11.2.0\dbhome_1\bin;C:\Program Files\Dell\DW WLAN Card;;C:\Program Files (x86)\Intel\iCLS Client\;C:\Program Files\Intel\iCLS Client\;C:\Windows\system32;C:\Windows;C:\Windows\System32\Wbem;C:\Windows\System32\WindowsPowerShell\v1.0\;C:\Program Files (x86)\Intel\OpenCL SDK\2.0\bin\x86;C:\Program Files (x86)\Intel\OpenCL SDK\2.0\bin\x64;C:\Program Files\Intel\Intel(R) Management Engine Components\DAL;C:\Program Files\Intel\Intel(R) Management Engine Components\IPT;C:\Program Files (x86)\Intel\Intel(R) Management Engine Components\DAL;C:\Program Files (x86)\Intel\Intel(R) Management Engine Components\IPT;C:\Program Files\WIDCOMM\Bluetooth Software\;C:\Program Files\WIDCOMM\Bluetooth Software\syswow64;C:\Program Files\Common Files\Autodesk Shared\;C:\Program Files (x86)\Microsoft SQL Server\100\Tools\Binn\;C:\Program Files\Microsoft SQL Server\100\Tools\Binn\;C:\Program Files\Microsoft SQL Server\100\DTS\Binn\;C:\FPC\2.6.2\bin\i386-Win32;C:\Program Files (x86)\Microsoft SQL Server\100\Tools\Binn\VSShell\Common7\IDE\;C:\Program Files (x86)\Microsoft SQL Server\100\DTS\Binn\;C:\Program Files (x86)\Microsoft Visual Studio 9.0\Common7\IDE\PrivateAssemblies\;C:\Program Files (x86)\GtkSharp\2.12\bin;C:\strawberry\c\bin;C:\strawberry\perl\site\bin;C:\strawberry\perl\bin;E:\Program files\Universal Extractor;E:\Program files\Universal Extractor\bin;E:\Program files\TASM GUI editor\BIN;C:\Program Files (x86)\QuickTime\QTSystem\;C:\Program Files\Java\jdk1.7.0_17\bin
USERNAME=Dell
OS=Windows_NT
PROCESSOR_IDENTIFIER=Intel64 Family 6 Model 58 Stepping 9, GenuineIntel



---------------  S Y S T E M  ---------------

OS: Windows 7 , 64 bit Build 7601 Service Pack 1

CPU:total 4 (2 cores per cpu, 2 threads per core) family 6 model 58 stepping 9, cmov, cx8, fxsr, mmx, sse, sse2, sse3, ssse3, sse4.1, sse4.2, popcnt, avx, ht, tsc, tscinvbit, tscinv

Memory: 4k page, physical 4066668k(1156492k free), swap 8131492k(4507272k free)

vm_info: Java HotSpot(TM) Client VM (23.25-b01) for windows-x86 JRE (1.7.0_25-b16), built on Jun 12 2013 20:29:09 by "java_re" with unknown MS VC++:1600

time: Sun Oct 27 16:36:42 2013
elapsed time: 0 seconds

