#
# A fatal error has been detected by the Java Runtime Environment:
#
#  EXCEPTION_ACCESS_VIOLATION (0xc0000005) at pc=0x71425c90, pid=8076, tid=11688
#
# JRE version: 7.0_25-b16
# Java VM: Java HotSpot(TM) Client VM (23.25-b01 mixed mode, sharing windows-x86 )
# Problematic frame:
# C  [opencv_ffmpeg246.dll+0x465c90]
#
# Failed to write core dump. Minidumps are not enabled by default on client versions of Windows
#
# If you would like to submit a bug report, please visit:
#   http://bugreport.sun.com/bugreport/crash.jsp
# The crash happened outside the Java Virtual Machine in native code.
# See problematic frame for where to report the bug.
#

---------------  T H R E A D  ---------------

Current thread (0x00dcbc00):  JavaThread "main" [_thread_in_native, id=11688, stack(0x00dd0000,0x00e20000)]

siginfo: ExceptionCode=0xc0000005, reading address 0x00045d70

Registers:
EAX=0x7d3185e0, EBX=0x00000000, ECX=0x00000000, EDX=0x7d3185e0
ESP=0x00e1f520, EBP=0x00000000, ESI=0x00000000, EDI=0x00000040
EIP=0x71425c90, EFLAGS=0x00210206

Top of Stack: (sp=0x00e1f520)
0x00e1f520:   00000000 77c722b0 7e1b71d4 716202e7
0x00e1f530:   00000000 7e1b71d4 77c722b0 7e1b71d4
0x00e1f540:   7e1b71b0 77c722b0 7e1b71b0 71368192
0x00e1f550:   7d3185e0 ffffffff 00000003 00000000
0x00e1f560:   00e1f588 769ba53a 00000008 00000001
0x00e1f570:   555ebda0 00000002 7d317d40 71655160
0x00e1f580:   7e1b71b0 7d3185a0 7d3185e0 715f7b81
0x00e1f590:   00054910 00e1f5a8 77c82c54 7e1b71b0 

Instructions: (pc=0x71425c90)
0x71425c70:   fe ff ff 83 c4 1c 5b 5e 5f 5d c3 90 8d 74 26 00
0x71425c80:   57 56 53 8b 5c 24 10 89 de 8d 7b 40 8d 74 26 00
0x71425c90:   8b 8e 70 5d 04 00 85 c9 74 52 8b 83 f0 43 05 00
0x71425ca0:   c7 41 50 00 00 00 00 85 c0 74 26 39 c1 0f 84 ad 


Register to memory mapping:

EAX=0x7d3185e0 is an unknown value
EBX=0x00000000 is an unknown value
ECX=0x00000000 is an unknown value
EDX=0x7d3185e0 is an unknown value
ESP=0x00e1f520 is pointing into the stack for thread: 0x00dcbc00
EBP=0x00000000 is an unknown value
ESI=0x00000000 is an unknown value
EDI=0x00000040 is an unknown value


Stack: [0x00dd0000,0x00e20000],  sp=0x00e1f520,  free space=317k
Native frames: (J=compiled Java code, j=interpreted, Vv=VM code, C=native code)
C  [opencv_ffmpeg246.dll+0x465c90]

[error occurred during error reporting (printing native stack), id 0xc0000005]

Java frames: (J=compiled Java code, j=interpreted, Vv=VM code)
j  com.googlecode.javacv.cpp.opencv_highgui.cvCreateFileCapture(Ljava/lang/String;)Lcom/googlecode/javacv/cpp/opencv_highgui$CvCapture;+0
j  com.googlecode.javacv.OpenCVFrameGrabber.start()V+22
j  facedetection.Vehicledetection.main([Ljava/lang/String;)V+91
v  ~StubRoutines::call_stub

---------------  P R O C E S S  ---------------

Java Threads: ( => current thread )
  0x04b7f000 JavaThread "AWT-EventQueue-0" [_thread_blocked, id=8932, stack(0x06630000,0x06680000)]
  0x04b7a000 JavaThread "AWT-Windows" daemon [_thread_in_native, id=8444, stack(0x04bc0000,0x04c10000)]
  0x04b79c00 JavaThread "AWT-Shutdown" [_thread_blocked, id=7848, stack(0x05f50000,0x05fa0000)]
  0x04b77400 JavaThread "Java2D Disposer" daemon [_thread_blocked, id=6744, stack(0x05ed0000,0x05f20000)]
  0x00f0a000 JavaThread "Service Thread" daemon [_thread_blocked, id=9600, stack(0x04930000,0x04980000)]
  0x00ef1800 JavaThread "C1 CompilerThread0" daemon [_thread_blocked, id=8576, stack(0x048a0000,0x048f0000)]
  0x00ef0000 JavaThread "Attach Listener" daemon [_thread_blocked, id=11904, stack(0x04760000,0x047b0000)]
  0x00eeb000 JavaThread "Signal Dispatcher" daemon [_thread_blocked, id=8068, stack(0x00540000,0x00590000)]
  0x00ed5000 JavaThread "Finalizer" daemon [_thread_blocked, id=10348, stack(0x04600000,0x04650000)]
  0x00ed3800 JavaThread "Reference Handler" daemon [_thread_blocked, id=6868, stack(0x01070000,0x010c0000)]
=>0x00dcbc00 JavaThread "main" [_thread_in_native, id=11688, stack(0x00dd0000,0x00e20000)]

Other Threads:
  0x00ed2400 VMThread [stack: 0x01100000,0x01150000] [id=6476]
  0x00f1c800 WatcherThread [stack: 0x04c10000,0x04c60000] [id=12916]

VM state:not at safepoint (normal execution)

VM Mutex/Monitor currently owned by a thread: None

Heap
 def new generation   total 4928K, used 2742K [0x243c0000, 0x24910000, 0x29910000)
  eden space 4416K,  56% used [0x243c0000, 0x24631908, 0x24810000)
  from space 512K,  46% used [0x24890000, 0x248cbf00, 0x24910000)
  to   space 512K,   0% used [0x24810000, 0x24810000, 0x24890000)
 tenured generation   total 10944K, used 2043K [0x29910000, 0x2a3c0000, 0x343c0000)
   the space 10944K,  18% used [0x29910000, 0x29b0ee78, 0x29b0f000, 0x2a3c0000)
 compacting perm gen  total 12288K, used 1812K [0x343c0000, 0x34fc0000, 0x383c0000)
   the space 12288K,  14% used [0x343c0000, 0x34585128, 0x34585200, 0x34fc0000)
    ro space 10240K,  45% used [0x383c0000, 0x38849b28, 0x38849c00, 0x38dc0000)
    rw space 12288K,  54% used [0x38dc0000, 0x3944d0e8, 0x3944d200, 0x399c0000)

Card table byte_map: [0x00f20000,0x00fd0000] byte_map_base: 0x00dfe200

Polling page: 0x000e0000

Code Cache  [0x025a0000, 0x02688000, 0x045a0000)
 total_blobs=427 nmethods=190 adapters=172 free_code_cache=31869Kb largest_free_block=32634496

Compilation events (10 events):
Event: 3.048 Thread 0x00ef1800  185             java.lang.ref.Reference::<init> (25 bytes)
Event: 3.048 Thread 0x00ef1800 nmethod 185 0x0267e308 code [0x0267e400, 0x0267e4b0]
Event: 4.446 Thread 0x00ef1800  186             sun.awt.image.ByteComponentRaster::verify (413 bytes)
Event: 4.447 Thread 0x00ef1800 nmethod 186 0x0267e508 code [0x0267e7e0, 0x0267f598]
Event: 5.006 Thread 0x00ef1800  187             java.awt.image.SampleModel::getNumBands (5 bytes)
Event: 5.006 Thread 0x00ef1800 nmethod 187 0x02680408 code [0x02680500, 0x02680580]
Event: 6.368 Thread 0x00ef1800  188             java.awt.image.ComponentSampleModel::getNumDataElements (5 bytes)
Event: 6.369 Thread 0x00ef1800 nmethod 188 0x026805c8 code [0x026806c0, 0x02680740]
Event: 6.520 Thread 0x00ef1800  189             sun.java2d.pipe.Region::dimAdd (20 bytes)
Event: 6.520 Thread 0x00ef1800 nmethod 189 0x02680788 code [0x02680880, 0x02680920]

GC Heap History (10 events):
Event: 4.169 GC heap before
{Heap before GC invocations=6 (full 0):
 def new generation   total 4928K, used 4592K [0x243c0000, 0x24910000, 0x29910000)
  eden space 4416K,  98% used [0x243c0000, 0x248004e8, 0x24810000)
  from space 512K,  46% used [0x24810000, 0x2484be08, 0x24890000)
  to   space 512K,   0% used [0x24890000, 0x24890000, 0x24910000)
 tenured generation   total 10944K, used 2043K [0x29910000, 0x2a3c0000, 0x343c0000)
   the space 10944K,  18% used [0x29910000, 0x29b0ee78, 0x29b0f000, 0x2a3c0000)
 compacting perm gen  total 12288K, used 1812K [0x343c0000, 0x34fc0000, 0x383c0000)
   the space 12288K,  14% used [0x343c0000, 0x34585128, 0x34585200, 0x34fc0000)
    ro space 10240K,  45% used [0x383c0000, 0x38849b28, 0x38849c00, 0x38dc0000)
    rw space 12288K,  54% used [0x38dc0000, 0x3944d0e8, 0x3944d200, 0x399c0000)
Event: 4.169 GC heap after
Heap after GC invocations=7 (full 0):
 def new generation   total 4928K, used 239K [0x243c0000, 0x24910000, 0x29910000)
  eden space 4416K,   0% used [0x243c0000, 0x243c0000, 0x24810000)
  from space 512K,  46% used [0x24890000, 0x248cbf00, 0x24910000)
  to   space 512K,   0% used [0x24810000, 0x24810000, 0x24890000)
 tenured generation   total 10944K, used 2043K [0x29910000, 0x2a3c0000, 0x343c0000)
   the space 10944K,  18% used [0x29910000, 0x29b0ee78, 0x29b0f000, 0x2a3c0000)
 compacting perm gen  total 12288K, used 1812K [0x343c0000, 0x34fc0000, 0x383c0000)
   the space 12288K,  14% used [0x343c0000, 0x34585128, 0x34585200, 0x34fc0000)
    ro space 10240K,  45% used [0x383c0000, 0x38849b28, 0x38849c00, 0x38dc0000)
    rw space 12288K,  54% used [0x38dc0000, 0x3944d0e8, 0x3944d200, 0x399c0000)
}
Event: 4.784 GC heap before
{Heap before GC invocations=7 (full 0):
 def new generation   total 4928K, used 4563K [0x243c0000, 0x24910000, 0x29910000)
  eden space 4416K,  97% used [0x243c0000, 0x247f8dd8, 0x24810000)
  from space 512K,  46% used [0x24890000, 0x248cbf00, 0x24910000)
  to   space 512K,   0% used [0x24810000, 0x24810000, 0x24890000)
 tenured generation   total 10944K, used 2043K [0x29910000, 0x2a3c0000, 0x343c0000)
   the space 10944K,  18% used [0x29910000, 0x29b0ee78, 0x29b0f000, 0x2a3c0000)
 compacting perm gen  total 12288K, used 1812K [0x343c0000, 0x34fc0000, 0x383c0000)
   the space 12288K,  14% used [0x343c0000, 0x34585128, 0x34585200, 0x34fc0000)
    ro space 10240K,  45% used [0x383c0000, 0x38849b28, 0x38849c00, 0x38dc0000)
    rw space 12288K,  54% used [0x38dc0000, 0x3944d0e8, 0x3944d200, 0x399c0000)
Event: 4.784 GC heap after
Heap after GC invocations=8 (full 0):
 def new generation   total 4928K, used 239K [0x243c0000, 0x24910000, 0x29910000)
  eden space 4416K,   0% used [0x243c0000, 0x243c0000, 0x24810000)
  from space 512K,  46% used [0x24810000, 0x2484bf00, 0x24890000)
  to   space 512K,   0% used [0x24890000, 0x24890000, 0x24910000)
 tenured generation   total 10944K, used 2043K [0x29910000, 0x2a3c0000, 0x343c0000)
   the space 10944K,  18% used [0x29910000, 0x29b0ee78, 0x29b0f000, 0x2a3c0000)
 compacting perm gen  total 12288K, used 1812K [0x343c0000, 0x34fc0000, 0x383c0000)
   the space 12288K,  14% used [0x343c0000, 0x34585128, 0x34585200, 0x34fc0000)
    ro space 10240K,  45% used [0x383c0000, 0x38849b28, 0x38849c00, 0x38dc0000)
    rw space 12288K,  54% used [0x38dc0000, 0x3944d0e8, 0x3944d200, 0x399c0000)
}
Event: 5.389 GC heap before
{Heap before GC invocations=8 (full 0):
 def new generation   total 4928K, used 4564K [0x243c0000, 0x24910000, 0x29910000)
  eden space 4416K,  97% used [0x243c0000, 0x247f9480, 0x24810000)
  from space 512K,  46% used [0x24810000, 0x2484bf00, 0x24890000)
  to   space 512K,   0% used [0x24890000, 0x24890000, 0x24910000)
 tenured generation   total 10944K, used 2043K [0x29910000, 0x2a3c0000, 0x343c0000)
   the space 10944K,  18% used [0x29910000, 0x29b0ee78, 0x29b0f000, 0x2a3c0000)
 compacting perm gen  total 12288K, used 1812K [0x343c0000, 0x34fc0000, 0x383c0000)
   the space 12288K,  14% used [0x343c0000, 0x34585128, 0x34585200, 0x34fc0000)
    ro space 10240K,  45% used [0x383c0000, 0x38849b28, 0x38849c00, 0x38dc0000)
    rw space 12288K,  54% used [0x38dc0000, 0x3944d0e8, 0x3944d200, 0x399c0000)
Event: 5.389 GC heap after
Heap after GC invocations=9 (full 0):
 def new generation   total 4928K, used 239K [0x243c0000, 0x24910000, 0x29910000)
  eden space 4416K,   0% used [0x243c0000, 0x243c0000, 0x24810000)
  from space 512K,  46% used [0x24890000, 0x248cbf00, 0x24910000)
  to   space 512K,   0% used [0x24810000, 0x24810000, 0x24890000)
 tenured generation   total 10944K, used 2043K [0x29910000, 0x2a3c0000, 0x343c0000)
   the space 10944K,  18% used [0x29910000, 0x29b0ee78, 0x29b0f000, 0x2a3c0000)
 compacting perm gen  total 12288K, used 1812K [0x343c0000, 0x34fc0000, 0x383c0000)
   the space 12288K,  14% used [0x343c0000, 0x34585128, 0x34585200, 0x34fc0000)
    ro space 10240K,  45% used [0x383c0000, 0x38849b28, 0x38849c00, 0x38dc0000)
    rw space 12288K,  54% used [0x38dc0000, 0x3944d0e8, 0x3944d200, 0x399c0000)
}
Event: 6.019 GC heap before
{Heap before GC invocations=9 (full 0):
 def new generation   total 4928K, used 4562K [0x243c0000, 0x24910000, 0x29910000)
  eden space 4416K,  97% used [0x243c0000, 0x247f8ce8, 0x24810000)
  from space 512K,  46% used [0x24890000, 0x248cbf00, 0x24910000)
  to   space 512K,   0% used [0x24810000, 0x24810000, 0x24890000)
 tenured generation   total 10944K, used 2043K [0x29910000, 0x2a3c0000, 0x343c0000)
   the space 10944K,  18% used [0x29910000, 0x29b0ee78, 0x29b0f000, 0x2a3c0000)
 compacting perm gen  total 12288K, used 1812K [0x343c0000, 0x34fc0000, 0x383c0000)
   the space 12288K,  14% used [0x343c0000, 0x34585128, 0x34585200, 0x34fc0000)
    ro space 10240K,  45% used [0x383c0000, 0x38849b28, 0x38849c00, 0x38dc0000)
    rw space 12288K,  54% used [0x38dc0000, 0x3944d0e8, 0x3944d200, 0x399c0000)
Event: 6.019 GC heap after
Heap after GC invocations=10 (full 0):
 def new generation   total 4928K, used 239K [0x243c0000, 0x24910000, 0x29910000)
  eden space 4416K,   0% used [0x243c0000, 0x243c0000, 0x24810000)
  from space 512K,  46% used [0x24810000, 0x2484bf00, 0x24890000)
  to   space 512K,   0% used [0x24890000, 0x24890000, 0x24910000)
 tenured generation   total 10944K, used 2043K [0x29910000, 0x2a3c0000, 0x343c0000)
   the space 10944K,  18% used [0x29910000, 0x29b0ee78, 0x29b0f000, 0x2a3c0000)
 compacting perm gen  total 12288K, used 1812K [0x343c0000, 0x34fc0000, 0x383c0000)
   the space 12288K,  14% used [0x343c0000, 0x34585128, 0x34585200, 0x34fc0000)
    ro space 10240K,  45% used [0x383c0000, 0x38849b28, 0x38849c00, 0x38dc0000)
    rw space 12288K,  54% used [0x38dc0000, 0x3944d0e8, 0x3944d200, 0x399c0000)
}
Event: 6.612 GC heap before
{Heap before GC invocations=10 (full 0):
 def new generation   total 4928K, used 4562K [0x243c0000, 0x24910000, 0x29910000)
  eden space 4416K,  97% used [0x243c0000, 0x247f8bf0, 0x24810000)
  from space 512K,  46% used [0x24810000, 0x2484bf00, 0x24890000)
  to   space 512K,   0% used [0x24890000, 0x24890000, 0x24910000)
 tenured generation   total 10944K, used 2043K [0x29910000, 0x2a3c0000, 0x343c0000)
   the space 10944K,  18% used [0x29910000, 0x29b0ee78, 0x29b0f000, 0x2a3c0000)
 compacting perm gen  total 12288K, used 1812K [0x343c0000, 0x34fc0000, 0x383c0000)
   the space 12288K,  14% used [0x343c0000, 0x34585128, 0x34585200, 0x34fc0000)
    ro space 10240K,  45% used [0x383c0000, 0x38849b28, 0x38849c00, 0x38dc0000)
    rw space 12288K,  54% used [0x38dc0000, 0x3944d0e8, 0x3944d200, 0x399c0000)
Event: 6.612 GC heap after
Heap after GC invocations=11 (full 0):
 def new generation   total 4928K, used 239K [0x243c0000, 0x24910000, 0x29910000)
  eden space 4416K,   0% used [0x243c0000, 0x243c0000, 0x24810000)
  from space 512K,  46% used [0x24890000, 0x248cbf00, 0x24910000)
  to   space 512K,   0% used [0x24810000, 0x24810000, 0x24890000)
 tenured generation   total 10944K, used 2043K [0x29910000, 0x2a3c0000, 0x343c0000)
   the space 10944K,  18% used [0x29910000, 0x29b0ee78, 0x29b0f000, 0x2a3c0000)
 compacting perm gen  total 12288K, used 1812K [0x343c0000, 0x34fc0000, 0x383c0000)
   the space 12288K,  14% used [0x343c0000, 0x34585128, 0x34585200, 0x34fc0000)
    ro space 10240K,  45% used [0x383c0000, 0x38849b28, 0x38849c00, 0x38dc0000)
    rw space 12288K,  54% used [0x38dc0000, 0x3944d0e8, 0x3944d200, 0x399c0000)
}

Deoptimization events (0 events):
No events

Internal exceptions (10 events):
Event: 1.085 Thread 0x00dcbc00 Threw 0x2468d6c8 at C:\jdk7u2_32P\jdk7u25\hotspot\src\share\vm\prims\jvm.cpp:1235
Event: 1.086 Thread 0x00dcbc00 Threw 0x246919c0 at C:\jdk7u2_32P\jdk7u25\hotspot\src\share\vm\prims\jvm.cpp:1235
Event: 1.087 Thread 0x00dcbc00 Threw 0x24695cb0 at C:\jdk7u2_32P\jdk7u25\hotspot\src\share\vm\prims\jvm.cpp:1235
Event: 1.088 Thread 0x00dcbc00 Threw 0x2469b4f8 at C:\jdk7u2_32P\jdk7u25\hotspot\src\share\vm\prims\jvm.cpp:1235
Event: 1.088 Thread 0x00dcbc00 Threw 0x2469fba8 at C:\jdk7u2_32P\jdk7u25\hotspot\src\share\vm\prims\jvm.cpp:1235
Event: 1.088 Thread 0x00dcbc00 Threw 0x246a2d10 at C:\jdk7u2_32P\jdk7u25\hotspot\src\share\vm\prims\jvm.cpp:1235
Event: 1.088 Thread 0x00dcbc00 Threw 0x246a65c0 at C:\jdk7u2_32P\jdk7u25\hotspot\src\share\vm\prims\jvm.cpp:1235
Event: 1.089 Thread 0x00dcbc00 Threw 0x246a9c68 at C:\jdk7u2_32P\jdk7u25\hotspot\src\share\vm\prims\jvm.cpp:1235
Event: 1.089 Thread 0x00dcbc00 Threw 0x246acd58 at C:\jdk7u2_32P\jdk7u25\hotspot\src\share\vm\prims\jvm.cpp:1235
Event: 1.193 Thread 0x00dcbc00 Threw 0x246b5e28 at C:\jdk7u2_32P\jdk7u25\hotspot\src\share\vm\prims\jvm.cpp:1235

Events (10 events):
Event: 4.784 Executing VM operation: GenCollectForAllocation
Event: 4.784 Executing VM operation: GenCollectForAllocation done
Event: 5.022 Executing VM operation: EnableBiasedLocking
Event: 5.022 Executing VM operation: EnableBiasedLocking done
Event: 5.389 Executing VM operation: GenCollectForAllocation
Event: 5.390 Executing VM operation: GenCollectForAllocation done
Event: 6.019 Executing VM operation: GenCollectForAllocation
Event: 6.019 Executing VM operation: GenCollectForAllocation done
Event: 6.612 Executing VM operation: GenCollectForAllocation
Event: 6.612 Executing VM operation: GenCollectForAllocation done


Dynamic libraries:
0x01170000 - 0x0119f000 	C:\Program Files (x86)\Java\jdk1.7.0_25\bin\java.exe
0x77c50000 - 0x77dd0000 	C:\Windows\SysWOW64\ntdll.dll
0x77170000 - 0x77280000 	C:\Windows\syswow64\kernel32.dll
0x76d30000 - 0x76d76000 	C:\Windows\syswow64\KERNELBASE.dll
0x75a70000 - 0x75b10000 	C:\Windows\syswow64\ADVAPI32.dll
0x769b0000 - 0x76a5c000 	C:\Windows\syswow64\msvcrt.dll
0x75810000 - 0x75829000 	C:\Windows\SysWOW64\sechost.dll
0x77760000 - 0x77850000 	C:\Windows\syswow64\RPCRT4.dll
0x757b0000 - 0x75810000 	C:\Windows\syswow64\SspiCli.dll
0x757a0000 - 0x757ac000 	C:\Windows\syswow64\CRYPTBASE.dll
0x77600000 - 0x77700000 	C:\Windows\syswow64\USER32.dll
0x773a0000 - 0x77430000 	C:\Windows\syswow64\GDI32.dll
0x75a60000 - 0x75a6a000 	C:\Windows\syswow64\LPK.dll
0x77080000 - 0x7711d000 	C:\Windows\syswow64\USP10.dll
0x71e00000 - 0x71f9e000 	C:\Windows\WinSxS\x86_microsoft.windows.common-controls_6595b64144ccf1df_6.0.7601.17514_none_41e6975e2bd6f2b2\COMCTL32.dll
0x76d90000 - 0x76de7000 	C:\Windows\syswow64\SHLWAPI.dll
0x77700000 - 0x77760000 	C:\Windows\system32\IMM32.DLL
0x76e10000 - 0x76edc000 	C:\Windows\syswow64\MSCTF.dll
0x75580000 - 0x7563e000 	C:\Program Files (x86)\Java\jdk1.7.0_25\jre\bin\msvcr100.dll
0x744c0000 - 0x74802000 	C:\Program Files (x86)\Java\jdk1.7.0_25\jre\bin\client\jvm.dll
0x71df0000 - 0x71df7000 	C:\Windows\system32\WSOCK32.dll
0x76cf0000 - 0x76d25000 	C:\Windows\syswow64\WS2_32.dll
0x77c20000 - 0x77c26000 	C:\Windows\syswow64\NSI.dll
0x6c4e0000 - 0x6c512000 	C:\Windows\system32\WINMM.dll
0x769a0000 - 0x769a5000 	C:\Windows\syswow64\PSAPI.DLL
0x75690000 - 0x7569c000 	C:\Program Files (x86)\Java\jdk1.7.0_25\jre\bin\verify.dll
0x75670000 - 0x75690000 	C:\Program Files (x86)\Java\jdk1.7.0_25\jre\bin\java.dll
0x75650000 - 0x75663000 	C:\Program Files (x86)\Java\jdk1.7.0_25\jre\bin\zip.dll
0x60ff0000 - 0x610ae000 	C:\Users\Dell\AppData\Local\Temp\javacpp38258531496263\msvcr100.dll
0x615c0000 - 0x61629000 	C:\Users\Dell\AppData\Local\Temp\javacpp38258531496263\msvcp100.dll
0x70fc0000 - 0x71d59000 	C:\Users\Dell\AppData\Local\Temp\javacpp38258531496263\opencv_ffmpeg246.dll
0x60de0000 - 0x60fe4000 	C:\Users\Dell\AppData\Local\Temp\javacpp38258531496263\opencv_core246.dll
0x60b70000 - 0x60dda000 	C:\Users\Dell\AppData\Local\Temp\javacpp38258531496263\opencv_imgproc246.dll
0x605f0000 - 0x607fa000 	C:\Users\Dell\AppData\Local\Temp\javacpp38258531496263\opencv_highgui246.dll
0x76ee0000 - 0x7703c000 	C:\Windows\syswow64\ole32.dll
0x76a60000 - 0x76aef000 	C:\Windows\syswow64\OLEAUT32.dll
0x6aa60000 - 0x6aa79000 	C:\Windows\system32\AVIFIL32.dll
0x650e0000 - 0x650f4000 	C:\Windows\system32\MSACM32.dll
0x6a100000 - 0x6a121000 	C:\Windows\system32\MSVFW32.dll
0x75c20000 - 0x7686a000 	C:\Windows\syswow64\SHELL32.dll
0x60b50000 - 0x60b63000 	C:\Windows\system32\AVICAP32.dll
0x73c80000 - 0x73c89000 	C:\Windows\system32\VERSION.dll
0x60aa0000 - 0x60b46000 	C:\Users\Dell\AppData\Local\Temp\javacpp38258531496263\opencv_objdetect246.dll
0x60a60000 - 0x60a9b000 	C:\Users\Dell\AppData\Local\Temp\javacpp38258531496263\jniopencv_objdetect.dll
0x609e0000 - 0x60a55000 	C:\Users\Dell\AppData\Local\Temp\javacpp38258531496263\jniopencv_core.dll
0x75090000 - 0x751d4000 	C:\Program Files (x86)\Java\jdk1.7.0_25\jre\bin\awt.dll
0x6b3d0000 - 0x6b3e3000 	C:\Windows\system32\DWMAPI.DLL
0x6b1c0000 - 0x6b240000 	C:\Windows\system32\uxtheme.dll
0x75450000 - 0x75481000 	C:\Program Files (x86)\Java\jdk1.7.0_25\jre\bin\fontmanager.dll
0x743a0000 - 0x743d6000 	C:\Program Files\WIDCOMM\Bluetooth Software\SysWOW64\BtMmHook.dll
0x77570000 - 0x775f3000 	C:\Windows\syswow64\CLBCatQ.DLL
0x615b0000 - 0x615bf000 	C:\Users\Dell\AppData\Local\Temp\javacpp38258531496263\jniopencv_highgui.dll
0x609a0000 - 0x609d9000 	C:\Users\Dell\AppData\Local\Temp\javacpp38258531496263\jniopencv_imgproc.dll

VM Arguments:
jvm_args: -Dfile.encoding=UTF-8 
java_command: facedetection.Vehicledetection
Launcher Type: SUN_STANDARD

Environment Variables:
CLASSPATH=.;.;C:\PROGRA~2\JMF21~1.1E\lib\sound.jar;C:\PROGRA~2\JMF21~1.1E\lib\jmf.jar;C:\PROGRA~2\JMF21~1.1E\lib;
PATH=C:\Perl\site\bin;C:\Perl\bin;F:\oracle\product\10.2.0\db_1\bin;F:\OraHome_1\bin;F:\app\Dell\product\11.2.0\dbhome_2\bin;C:\Ruby200-x64\bin;F:\app\Dell\product\11.2.0\dbhome_1\bin;E:\app\Dell\product\11.2.0\dbhome_1\bin;C:\Program Files\Dell\DW WLAN Card;;C:\Program Files (x86)\Intel\iCLS Client\;C:\Program Files\Intel\iCLS Client\;C:\Windows\system32;C:\Windows;C:\Windows\System32\Wbem;C:\Windows\System32\WindowsPowerShell\v1.0\;C:\Program Files (x86)\Intel\OpenCL SDK\2.0\bin\x86;C:\Program Files (x86)\Intel\OpenCL SDK\2.0\bin\x64;C:\Program Files\Intel\Intel(R) Management Engine Components\DAL;C:\Program Files\Intel\Intel(R) Management Engine Components\IPT;C:\Program Files (x86)\Intel\Intel(R) Management Engine Components\DAL;C:\Program Files (x86)\Intel\Intel(R) Management Engine Components\IPT;C:\Program Files\WIDCOMM\Bluetooth Software\;C:\Program Files\WIDCOMM\Bluetooth Software\syswow64;C:\Program Files\Common Files\Autodesk Shared\;C:\Program Files (x86)\Microsoft SQL Server\100\Tools\Binn\;C:\Program Files\Microsoft SQL Server\100\Tools\Binn\;C:\Program Files\Microsoft SQL Server\100\DTS\Binn\;C:\FPC\2.6.2\bin\i386-Win32;C:\Program Files (x86)\Microsoft SQL Server\100\Tools\Binn\VSShell\Common7\IDE\;C:\Program Files (x86)\Microsoft SQL Server\100\DTS\Binn\;C:\Program Files (x86)\Microsoft Visual Studio 9.0\Common7\IDE\PrivateAssemblies\;C:\Program Files (x86)\GtkSharp\2.12\bin;C:\strawberry\c\bin;C:\strawberry\perl\site\bin;C:\strawberry\perl\bin;E:\Program files\Universal Extractor;E:\Program files\Universal Extractor\bin;E:\Program files\TASM GUI editor\BIN;C:\Program Files (x86)\QuickTime\QTSystem\;C:\Program Files\Java\jdk1.7.0_17\bin
USERNAME=Dell
OS=Windows_NT
PROCESSOR_IDENTIFIER=Intel64 Family 6 Model 58 Stepping 9, GenuineIntel



---------------  S Y S T E M  ---------------

OS: Windows 7 , 64 bit Build 7601 Service Pack 1

CPU:total 4 (2 cores per cpu, 2 threads per core) family 6 model 58 stepping 9, cmov, cx8, fxsr, mmx, sse, sse2, sse3, ssse3, sse4.1, sse4.2, popcnt, avx, ht, tsc, tscinvbit, tscinv

Memory: 4k page, physical 4066668k(678464k free), swap 8131492k(4050840k free)

vm_info: Java HotSpot(TM) Client VM (23.25-b01) for windows-x86 JRE (1.7.0_25-b16), built on Jun 12 2013 20:29:09 by "java_re" with unknown MS VC++:1600

time: Sat Oct 19 18:51:12 2013
elapsed time: 6 seconds

