#
# A fatal error has been detected by the Java Runtime Environment:
#
#  EXCEPTION_UNCAUGHT_CXX_EXCEPTION (0xe06d7363) at pc=0x74bdb727, pid=7040, tid=6964
#
# JRE version: 7.0_25-b16
# Java VM: Java HotSpot(TM) Client VM (23.25-b01 mixed mode, sharing windows-x86 )
# Problematic frame:
# C  [KERNELBASE.dll+0xb727]  RaiseException+0x58
#
# Failed to write core dump. Minidumps are not enabled by default on client versions of Windows
#
# If you would like to submit a bug report, please visit:
#   http://bugreport.sun.com/bugreport/crash.jsp
# The crash happened outside the Java Virtual Machine in native code.
# See problematic frame for where to report the bug.
#

---------------  T H R E A D  ---------------

Current thread (0x00d4b000):  JavaThread "main" [_thread_in_native, id=6964, stack(0x00bb0000,0x00c00000)]

siginfo: ExceptionCode=0xe06d7363, ExceptionInformation=0x19930520 0x00beba90 0x5b0b4a88 

Registers:
EAX=0x00beb9ec, EBX=0x00000d67, ECX=0x00000003, EDX=0x00000000
ESP=0x00beb9ec, EBP=0x00beba3c, ESI=0x00bfc8ac, EDI=0x653e1ec6
EIP=0x74bdb727, EFLAGS=0x00000202

Top of Stack: (sp=0x00beb9ec)
0x00beb9ec:   e06d7363 00000001 00000000 74bdb727
0x00beb9fc:   00000003 19930520 00beba90 5b0b4a88
0x00beba0c:   00000000 04c4d0d8 00bebaf4 00beba00
0x00beba1c:   00bebaf4 00000031 00beba44 5aee40fe
0x00beba2c:   04c4d0d8 04c4caf0 00000031 00bfc8ac
0x00beba3c:   00beba74 653f7819 e06d7363 00000001
0x00beba4c:   00000003 00beba68 e06d7363 00000001
0x00beba5c:   00000000 00000000 00000003 19930520 

Instructions: (pc=0x74bdb727)
0x74bdb707:   02 50 ff 75 14 8d 45 c4 50 e8 3d a9 02 00 83 c4
0x74bdb717:   0c eb 03 89 45 c0 8d 45 b0 50 ff 15 6c 11 bd 74
0x74bdb727:   c9 c2 10 00 cc cc cc cc cc 8b ff 55 8b ec 56 8b
0x74bdb737:   75 08 83 fe f4 72 18 83 fe f6 77 13 8d 45 08 50 


Register to memory mapping:

EAX=0x00beb9ec is pointing into the stack for thread: 0x00d4b000
EBX=0x00000d67 is an unknown value
ECX=0x00000003 is an unknown value
EDX=0x00000000 is an unknown value
ESP=0x00beb9ec is pointing into the stack for thread: 0x00d4b000
EBP=0x00beba3c is pointing into the stack for thread: 0x00d4b000
ESI=0x00bfc8ac is pointing into the stack for thread: 0x00d4b000
EDI=0x653e1ec6 is an unknown value


Stack: [0x00bb0000,0x00c00000],  sp=0x00beb9ec,  free space=238k
Native frames: (J=compiled Java code, j=interpreted, Vv=VM code, C=native code)
C  [KERNELBASE.dll+0xb727]  RaiseException+0x58
C  [msvcr100.dll+0x27819]  CxxThrowException+0x45

Java frames: (J=compiled Java code, j=interpreted, Vv=VM code)
j  com.googlecode.javacv.cpp.opencv_imgproc.cvCvtColor(Lcom/googlecode/javacv/cpp/opencv_core$CvArr;Lcom/googlecode/javacv/cpp/opencv_core$CvArr;I)V+0
j  facedetection.Facedetection.main([Ljava/lang/String;)V+169
v  ~StubRoutines::call_stub

---------------  P R O C E S S  ---------------

Java Threads: ( => current thread )
  0x04c42400 JavaThread "AWT-EventQueue-0" [_thread_blocked, id=4132, stack(0x07260000,0x072b0000)]
  0x04c31000 JavaThread "AWT-Windows" daemon [_thread_in_native, id=6824, stack(0x07010000,0x07060000)]
  0x04c30800 JavaThread "AWT-Shutdown" [_thread_blocked, id=6800, stack(0x04d10000,0x04d60000)]
  0x04c2dc00 JavaThread "Java2D Disposer" daemon [_thread_blocked, id=6980, stack(0x06f60000,0x06fb0000)]
  0x00cd3000 JavaThread "Service Thread" daemon [_thread_blocked, id=4828, stack(0x04960000,0x049b0000)]
  0x00ccdc00 JavaThread "C1 CompilerThread0" daemon [_thread_blocked, id=4640, stack(0x047a0000,0x047f0000)]
  0x00ccc800 JavaThread "Attach Listener" daemon [_thread_blocked, id=6668, stack(0x04810000,0x04860000)]
  0x00cc9400 JavaThread "Signal Dispatcher" daemon [_thread_blocked, id=7076, stack(0x04720000,0x04770000)]
  0x00cb5400 JavaThread "Finalizer" daemon [_thread_blocked, id=948, stack(0x011f0000,0x01240000)]
  0x00cb3c00 JavaThread "Reference Handler" daemon [_thread_blocked, id=6872, stack(0x01240000,0x01290000)]
=>0x00d4b000 JavaThread "main" [_thread_in_native, id=6964, stack(0x00bb0000,0x00c00000)]

Other Threads:
  0x00cb1400 VMThread [stack: 0x01130000,0x01180000] [id=2616]
  0x00cee400 WatcherThread [stack: 0x04a70000,0x04ac0000] [id=6952]

VM state:not at safepoint (normal execution)

VM Mutex/Monitor currently owned by a thread: None

Heap
 def new generation   total 4928K, used 4002K [0x243c0000, 0x24910000, 0x29910000)
  eden space 4416K,  79% used [0x243c0000, 0x24728b48, 0x24810000)
  from space 512K, 100% used [0x24890000, 0x24910000, 0x24910000)
  to   space 512K,   0% used [0x24810000, 0x24810000, 0x24890000)
 tenured generation   total 10944K, used 448K [0x29910000, 0x2a3c0000, 0x343c0000)
   the space 10944K,   4% used [0x29910000, 0x299803c0, 0x29980400, 0x2a3c0000)
 compacting perm gen  total 12288K, used 1783K [0x343c0000, 0x34fc0000, 0x383c0000)
   the space 12288K,  14% used [0x343c0000, 0x3457dfc0, 0x3457e000, 0x34fc0000)
    ro space 10240K,  45% used [0x383c0000, 0x38849b28, 0x38849c00, 0x38dc0000)
    rw space 12288K,  54% used [0x38dc0000, 0x3944d0e8, 0x3944d200, 0x399c0000)

Card table byte_map: [0x00dd0000,0x00e80000] byte_map_base: 0x00cae200

Polling page: 0x001e0000

Code Cache  [0x02710000, 0x027f0000, 0x04710000)
 total_blobs=410 nmethods=177 adapters=168 free_code_cache=31895Kb largest_free_block=32661312

Compilation events (10 events):
Event: 2.885 Thread 0x00ccdc00  173             java.lang.Integer::valueOf (54 bytes)
Event: 2.886 Thread 0x00ccdc00 nmethod 173 0x027e8ec8 code [0x027e8fc0, 0x027e90b0]
Event: 2.886 Thread 0x00ccdc00  174             java.lang.String::lastIndexOf (13 bytes)
Event: 2.886 Thread 0x00ccdc00 nmethod 174 0x027e9188 code [0x027e9290, 0x027e932c]
Event: 2.886 Thread 0x00ccdc00  175             java.util.WeakHashMap::indexFor (6 bytes)
Event: 2.886 Thread 0x00ccdc00 nmethod 175 0x027e93c8 code [0x027e94c0, 0x027e9530]
Event: 2.889 Thread 0x00ccdc00  176             java.net.URL::getRef (5 bytes)
Event: 2.889 Thread 0x00ccdc00 nmethod 176 0x027e9588 code [0x027e9680, 0x027e9700]
Event: 2.932 Thread 0x00ccdc00  177             java.io.Win32FileSystem::prefixLength (91 bytes)
Event: 2.933 Thread 0x00ccdc00 nmethod 177 0x027e9748 code [0x027e9890, 0x027e9c24]

GC Heap History (2 events):
Event: 2.511 GC heap before
{Heap before GC invocations=0 (full 0):
 def new generation   total 4928K, used 4416K [0x243c0000, 0x24910000, 0x29910000)
  eden space 4416K, 100% used [0x243c0000, 0x24810000, 0x24810000)
  from space 512K,   0% used [0x24810000, 0x24810000, 0x24890000)
  to   space 512K,   0% used [0x24890000, 0x24890000, 0x24910000)
 tenured generation   total 10944K, used 0K [0x29910000, 0x2a3c0000, 0x343c0000)
   the space 10944K,   0% used [0x29910000, 0x29910000, 0x29910200, 0x2a3c0000)
 compacting perm gen  total 12288K, used 922K [0x343c0000, 0x34fc0000, 0x383c0000)
   the space 12288K,   7% used [0x343c0000, 0x344a68c8, 0x344a6a00, 0x34fc0000)
    ro space 10240K,  45% used [0x383c0000, 0x38849b28, 0x38849c00, 0x38dc0000)
    rw space 12288K,  54% used [0x38dc0000, 0x3944d0e8, 0x3944d200, 0x399c0000)
Event: 2.513 GC heap after
Heap after GC invocations=1 (full 0):
 def new generation   total 4928K, used 512K [0x243c0000, 0x24910000, 0x29910000)
  eden space 4416K,   0% used [0x243c0000, 0x243c0000, 0x24810000)
  from space 512K, 100% used [0x24890000, 0x24910000, 0x24910000)
  to   space 512K,   0% used [0x24810000, 0x24810000, 0x24890000)
 tenured generation   total 10944K, used 448K [0x29910000, 0x2a3c0000, 0x343c0000)
   the space 10944K,   4% used [0x29910000, 0x299803c0, 0x29980400, 0x2a3c0000)
 compacting perm gen  total 12288K, used 922K [0x343c0000, 0x34fc0000, 0x383c0000)
   the space 12288K,   7% used [0x343c0000, 0x344a68c8, 0x344a6a00, 0x34fc0000)
    ro space 10240K,  45% used [0x383c0000, 0x38849b28, 0x38849c00, 0x38dc0000)
    rw space 12288K,  54% used [0x38dc0000, 0x3944d0e8, 0x3944d200, 0x399c0000)
}

Deoptimization events (0 events):
No events

Internal exceptions (10 events):
Event: 2.811 Thread 0x00d4b000 Threw 0x246979e0 at C:\jdk7u2_32P\jdk7u25\hotspot\src\share\vm\prims\jvm.cpp:1235
Event: 2.812 Thread 0x00d4b000 Threw 0x2469c550 at C:\jdk7u2_32P\jdk7u25\hotspot\src\share\vm\prims\jvm.cpp:1235
Event: 2.813 Thread 0x00d4b000 Threw 0x246a07d0 at C:\jdk7u2_32P\jdk7u25\hotspot\src\share\vm\prims\jvm.cpp:1235
Event: 2.819 Thread 0x00d4b000 Threw 0x246a4c90 at C:\jdk7u2_32P\jdk7u25\hotspot\src\share\vm\prims\jvm.cpp:1235
Event: 2.821 Thread 0x00d4b000 Threw 0x246a90e8 at C:\jdk7u2_32P\jdk7u25\hotspot\src\share\vm\prims\jvm.cpp:1235
Event: 2.821 Thread 0x00d4b000 Threw 0x246acf10 at C:\jdk7u2_32P\jdk7u25\hotspot\src\share\vm\prims\jvm.cpp:1235
Event: 2.885 Thread 0x00d4b000 Threw 0x246e19e8 at C:\jdk7u2_32P\jdk7u25\hotspot\src\share\vm\prims\jvm.cpp:1235
Event: 2.886 Thread 0x00d4b000 Threw 0x246e9760 at C:\jdk7u2_32P\jdk7u25\hotspot\src\share\vm\prims\jvm.cpp:1235
Event: 2.886 Thread 0x00d4b000 Threw 0x246ee6b8 at C:\jdk7u2_32P\jdk7u25\hotspot\src\share\vm\prims\jvm.cpp:1235
Event: 2.886 Thread 0x00d4b000 Threw 0x246f3480 at C:\jdk7u2_32P\jdk7u25\hotspot\src\share\vm\prims\jvm.cpp:1235

Events (10 events):
Event: 2.821 loading class 0x04c4ce50
Event: 2.821 loading class 0x04c4ce50 done
Event: 2.885 loading class 0x04c4ab10
Event: 2.885 loading class 0x04c4ab10 done
Event: 2.886 loading class 0x04c52350
Event: 2.886 loading class 0x04c52350 done
Event: 2.886 loading class 0x04c50bb8
Event: 2.886 loading class 0x04c50bb8 done
Event: 2.886 loading class 0x04c50c08
Event: 2.886 loading class 0x04c50c08 done


Dynamic libraries:
0x012e0000 - 0x0130f000 	C:\Program Files (x86)\Java\jdk1.7.0_25\bin\java.exe
0x76f50000 - 0x770d0000 	C:\Windows\SysWOW64\ntdll.dll
0x74e60000 - 0x74f70000 	C:\Windows\syswow64\kernel32.dll
0x74bd0000 - 0x74c16000 	C:\Windows\syswow64\KERNELBASE.dll
0x753b0000 - 0x75450000 	C:\Windows\syswow64\ADVAPI32.dll
0x76a80000 - 0x76b2c000 	C:\Windows\syswow64\msvcrt.dll
0x76b30000 - 0x76b49000 	C:\Windows\SysWOW64\sechost.dll
0x752c0000 - 0x753b0000 	C:\Windows\syswow64\RPCRT4.dll
0x74ab0000 - 0x74b10000 	C:\Windows\syswow64\SspiCli.dll
0x74aa0000 - 0x74aac000 	C:\Windows\syswow64\CRYPTBASE.dll
0x74c20000 - 0x74d20000 	C:\Windows\syswow64\USER32.dll
0x74b10000 - 0x74ba0000 	C:\Windows\syswow64\GDI32.dll
0x76330000 - 0x7633a000 	C:\Windows\syswow64\LPK.dll
0x74dc0000 - 0x74e5d000 	C:\Windows\syswow64\USP10.dll
0x6fe30000 - 0x6ffce000 	C:\Windows\WinSxS\x86_microsoft.windows.common-controls_6595b64144ccf1df_6.0.7601.17514_none_41e6975e2bd6f2b2\COMCTL32.dll
0x76520000 - 0x76577000 	C:\Windows\syswow64\SHLWAPI.dll
0x76770000 - 0x767d0000 	C:\Windows\system32\IMM32.DLL
0x75450000 - 0x7551c000 	C:\Windows\syswow64\MSCTF.dll
0x653d0000 - 0x6548e000 	C:\Program Files (x86)\Java\jdk1.7.0_25\jre\bin\msvcr100.dll
0x64df0000 - 0x65132000 	C:\Program Files (x86)\Java\jdk1.7.0_25\jre\bin\client\jvm.dll
0x6fe20000 - 0x6fe27000 	C:\Windows\system32\WSOCK32.dll
0x762f0000 - 0x76325000 	C:\Windows\syswow64\WS2_32.dll
0x76f20000 - 0x76f26000 	C:\Windows\syswow64\NSI.dll
0x69ea0000 - 0x69ed2000 	C:\Windows\system32\WINMM.dll
0x76340000 - 0x76345000 	C:\Windows\syswow64\PSAPI.DLL
0x734b0000 - 0x734bc000 	C:\Program Files (x86)\Java\jdk1.7.0_25\jre\bin\verify.dll
0x73440000 - 0x73460000 	C:\Program Files (x86)\Java\jdk1.7.0_25\jre\bin\java.dll
0x69d50000 - 0x69d63000 	C:\Program Files (x86)\Java\jdk1.7.0_25\jre\bin\zip.dll
0x64440000 - 0x644fe000 	C:\Users\Dell\AppData\Local\Temp\javacpp8427625815247\msvcr100.dll
0x643d0000 - 0x64439000 	C:\Users\Dell\AppData\Local\Temp\javacpp8427625815247\msvcp100.dll
0x70fc0000 - 0x71d59000 	C:\Users\Dell\AppData\Local\Temp\javacpp8427625815247\opencv_ffmpeg246.dll
0x5aee0000 - 0x5b0e4000 	C:\Users\Dell\AppData\Local\Temp\javacpp8427625815247\opencv_core246.dll
0x5ab90000 - 0x5adfa000 	C:\Users\Dell\AppData\Local\Temp\javacpp8427625815247\opencv_imgproc246.dll
0x5a980000 - 0x5ab8a000 	C:\Users\Dell\AppData\Local\Temp\javacpp8427625815247\opencv_highgui246.dll
0x75520000 - 0x7567c000 	C:\Windows\syswow64\ole32.dll
0x76350000 - 0x763df000 	C:\Windows\syswow64\OLEAUT32.dll
0x66470000 - 0x66489000 	C:\Windows\system32\AVIFIL32.dll
0x66450000 - 0x66464000 	C:\Windows\system32\MSACM32.dll
0x66420000 - 0x66441000 	C:\Windows\system32\MSVFW32.dll
0x756a0000 - 0x762ea000 	C:\Windows\syswow64\SHELL32.dll
0x66400000 - 0x66413000 	C:\Windows\system32\AVICAP32.dll
0x70bf0000 - 0x70bf9000 	C:\Windows\system32\VERSION.dll
0x66e20000 - 0x66e2f000 	C:\Users\Dell\AppData\Local\Temp\javacpp8427625815247\jniopencv_highgui.dll
0x69d80000 - 0x69e00000 	C:\Windows\system32\uxtheme.dll
0x74d20000 - 0x74da3000 	C:\Windows\syswow64\CLBCatQ.DLL
0x64390000 - 0x643a4000 	C:\Windows\SysWOW64\devenum.dll
0x76580000 - 0x7671d000 	C:\Windows\syswow64\setupapi.dll
0x76850000 - 0x76877000 	C:\Windows\syswow64\CFGMGR32.dll
0x75680000 - 0x75692000 	C:\Windows\syswow64\DEVOBJ.dll
0x6f750000 - 0x6f771000 	C:\Windows\system32\ntmarta.dll
0x76720000 - 0x76765000 	C:\Windows\syswow64\WLDAP32.dll
0x75100000 - 0x7512d000 	C:\Windows\syswow64\WINTRUST.dll
0x74f80000 - 0x7509d000 	C:\Windows\syswow64\CRYPT32.dll
0x74db0000 - 0x74dbc000 	C:\Windows\syswow64\MSASN1.dll
0x66cc0000 - 0x66ccb000 	C:\Windows\system32\msdmo.dll
0x64350000 - 0x64382000 	C:\Windows\SysWOW64\qcap.dll
0x5a800000 - 0x5a977000 	C:\Windows\SysWOW64\quartz.dll
0x73460000 - 0x73473000 	C:\Windows\system32\dwmapi.dll
0x5aea0000 - 0x5aed3000 	C:\Windows\SysWOW64\ksproxy.ax
0x74760000 - 0x74764000 	C:\Windows\SysWOW64\ksuser.dll
0x66710000 - 0x668d3000 	C:\Windows\SysWOW64\d3d9.dll
0x66dd0000 - 0x66dd6000 	C:\Windows\SysWOW64\d3d8thk.dll
0x649d0000 - 0x649d9000 	C:\Windows\SysWOW64\vidcap.ax
0x643b0000 - 0x643cd000 	C:\Windows\SysWOW64\kswdmcap.ax
0x5a6e0000 - 0x5a7fc000 	C:\Windows\SysWOW64\MFC42.dll
0x726a0000 - 0x7272c000 	C:\Windows\SysWOW64\ODBC32.dll
0x72370000 - 0x723a8000 	C:\Windows\SysWOW64\odbcint.dll
0x5ae20000 - 0x5aea0000 	C:\Windows\SysWOW64\qedit.dll
0x767d0000 - 0x7684b000 	C:\Windows\syswow64\COMDLG32.dll
0x64180000 - 0x64310000 	C:\Windows\WinSxS\x86_microsoft.windows.gdiplus_6595b64144ccf1df_1.1.7601.17514_none_72d18a4386696c80\gdiplus.dll
0x5a5f0000 - 0x5a6d7000 	C:\Windows\system32\DDRAW.dll
0x66bb0000 - 0x66bb6000 	C:\Windows\system32\DCIMAN32.dll
0x5a520000 - 0x5a5ec000 	C:\Windows\system32\D3DIM700.DLL
0x64740000 - 0x64749000 	C:\Windows\system32\msyuv.dll
0x5a4a0000 - 0x5a515000 	C:\Users\Dell\AppData\Local\Temp\javacpp8427625815247\jniopencv_core.dll
0x651d0000 - 0x65314000 	C:\Program Files (x86)\Java\jdk1.7.0_25\jre\bin\awt.dll
0x654a0000 - 0x654d1000 	C:\Program Files (x86)\Java\jdk1.7.0_25\jre\bin\fontmanager.dll
0x66c80000 - 0x66cb6000 	C:\Program Files\WIDCOMM\Bluetooth Software\SysWOW64\BtMmHook.dll
0x5a460000 - 0x5a499000 	C:\Users\Dell\AppData\Local\Temp\javacpp8427625815247\jniopencv_imgproc.dll
0x5a3b0000 - 0x5a456000 	C:\Users\Dell\AppData\Local\Temp\javacpp8427625815247\opencv_objdetect246.dll
0x5a370000 - 0x5a3ab000 	C:\Users\Dell\AppData\Local\Temp\javacpp8427625815247\jniopencv_objdetect.dll
0x6a320000 - 0x6a40b000 	C:\Windows\system32\dbghelp.dll

VM Arguments:
jvm_args: -Dfile.encoding=UTF-8 
java_command: facedetection.Facedetection
Launcher Type: SUN_STANDARD

Environment Variables:
CLASSPATH=.;C:\Program Files (x86)\QuickTime\QTSystem\QTJava.zip
PATH=C:\Windows\System32\Wbem;C:\Program Files (x86)\Java\jdk1.7.0_25\bin
USERNAME=Dell
OS=Windows_NT
PROCESSOR_IDENTIFIER=Intel64 Family 6 Model 58 Stepping 9, GenuineIntel



---------------  S Y S T E M  ---------------

OS: Windows 7 , 64 bit Build 7601 Service Pack 1

CPU:total 4 (2 cores per cpu, 2 threads per core) family 6 model 58 stepping 9, cmov, cx8, fxsr, mmx, sse, sse2, sse3, ssse3, sse4.1, sse4.2, popcnt, avx, ht, tsc, tscinvbit, tscinv

Memory: 4k page, physical 4066668k(1143388k free), swap 8131492k(4522176k free)

vm_info: Java HotSpot(TM) Client VM (23.25-b01) for windows-x86 JRE (1.7.0_25-b16), built on Jun 12 2013 20:29:09 by "java_re" with unknown MS VC++:1600

time: Wed Jan 15 12:23:12 2014
elapsed time: 2 seconds

