#
# A fatal error has been detected by the Java Runtime Environment:
#
#  EXCEPTION_ACCESS_VIOLATION (0xc0000005) at pc=0x71092ffb, pid=10384, tid=10456
#
# JRE version: 7.0_25-b16
# Java VM: Java HotSpot(TM) Client VM (23.25-b01 mixed mode, sharing windows-x86 )
# Problematic frame:
# C  [opencv_ffmpeg246.dll+0xd2ffb]
#
# Failed to write core dump. Minidumps are not enabled by default on client versions of Windows
#
# If you would like to submit a bug report, please visit:
#   http://bugreport.sun.com/bugreport/crash.jsp
# The crash happened outside the Java Virtual Machine in native code.
# See problematic frame for where to report the bug.
#

---------------  T H R E A D  ---------------

Current thread (0x04b9ec00):  JavaThread "Thread-0" [_thread_in_native, id=10456, stack(0x045e0000,0x04630000)]

siginfo: ExceptionCode=0xc0000005, reading address 0x00000044

Registers:
EAX=0x00000000, EBX=0x7803f1e0, ECX=0x00000000, EDX=0x00000000
ESP=0x0462f910, EBP=0x0462f95c, ESI=0x00000000, EDI=0x716577c0
EIP=0x71092ffb, EFLAGS=0x00210246

Top of Stack: (sp=0x0462f910)
0x0462f910:   7803f1e0 00000030 7167f638 00000001
0x0462f920:   00010001 00000000 00026161 00001000
0x0462f930:   000f835b fffffff4 000000f0 0462f94c
0x0462f940:   00010000 7ffeffff 0000000f 00000000
0x0462f950:   00000000 7803f1e0 77883e28 00000000
0x0462f960:   70fc18f0 7803f1e0 716577c0 00000000
0x0462f970:   00000000 0000000b 38f529a0 00000000
0x0462f980:   0462f98c 0462f9b0 0462f9dc 00000140 

Instructions: (pc=0x71092ffb)
0x71092fdb:   00 00 01 0f 84 f6 00 00 00 8b 83 54 02 00 00 85
0x71092feb:   c0 0f 84 a2 02 00 00 8b 4b 78 8b 93 78 02 00 00
0x71092ffb:   0f b6 41 44 39 d0 0f 8c ad 00 00 00 85 d2 0f 88
0x7109300b:   a5 00 00 00 8b 41 14 85 c0 0f 84 9e 02 00 00 8b 


Register to memory mapping:

EAX=0x00000000 is an unknown value
EBX=0x7803f1e0 is an unknown value
ECX=0x00000000 is an unknown value
EDX=0x00000000 is an unknown value
ESP=0x0462f910 is pointing into the stack for thread: 0x04b9ec00
EBP=0x0462f95c is pointing into the stack for thread: 0x04b9ec00
ESI=0x00000000 is an unknown value
EDI=0x716577c0 is an unknown value


Stack: [0x045e0000,0x04630000],  sp=0x0462f910,  free space=318k
Native frames: (J=compiled Java code, j=interpreted, Vv=VM code, C=native code)
C  [opencv_ffmpeg246.dll+0xd2ffb]

Java frames: (J=compiled Java code, j=interpreted, Vv=VM code)
j  com.googlecode.javacv.cpp.opencv_highgui.cvCreateFileCapture(Ljava/lang/String;)Lcom/googlecode/javacv/cpp/opencv_highgui$CvCapture;+0
j  com.googlecode.javacv.OpenCVFrameGrabber.start()V+22
j  facedetection.Vehicledetection$1.run()V+105
j  java.lang.Thread.run()V+11
v  ~StubRoutines::call_stub

---------------  P R O C E S S  ---------------

Java Threads: ( => current thread )
  0x04c85400 JavaThread "AWT-EventQueue-0" [_thread_blocked, id=10472, stack(0x058d0000,0x05920000)]
  0x04c79400 JavaThread "AWT-Windows" daemon [_thread_in_native, id=10468, stack(0x02250000,0x022a0000)]
  0x04c78c00 JavaThread "AWT-Shutdown" [_thread_blocked, id=10464, stack(0x05780000,0x057d0000)]
  0x04c78400 JavaThread "Java2D Disposer" daemon [_thread_blocked, id=10460, stack(0x05650000,0x056a0000)]
  0x0046b000 JavaThread "DestroyJavaVM" [_thread_blocked, id=10420, stack(0x00480000,0x004d0000)]
=>0x04b9ec00 JavaThread "Thread-0" [_thread_in_native, id=10456, stack(0x045e0000,0x04630000)]
  0x023c3000 JavaThread "Service Thread" daemon [_thread_blocked, id=10448, stack(0x04a00000,0x04a50000)]
  0x023bdc00 JavaThread "C1 CompilerThread0" daemon [_thread_blocked, id=10444, stack(0x006d0000,0x00720000)]
  0x023bc800 JavaThread "Attach Listener" daemon [_thread_blocked, id=10440, stack(0x04810000,0x04860000)]
  0x023b9400 JavaThread "Signal Dispatcher" daemon [_thread_blocked, id=10436, stack(0x04740000,0x04790000)]
  0x023a8800 JavaThread "Finalizer" daemon [_thread_blocked, id=10432, stack(0x04510000,0x04560000)]
  0x023a3c00 JavaThread "Reference Handler" daemon [_thread_blocked, id=10428, stack(0x046b0000,0x04700000)]

Other Threads:
  0x023a1400 VMThread [stack: 0x02180000,0x021d0000] [id=10424]
  0x023d5c00 WatcherThread [stack: 0x04ac0000,0x04b10000] [id=10452]

VM state:not at safepoint (normal execution)

VM Mutex/Monitor currently owned by a thread: None

Heap
 def new generation   total 4992K, used 2974K [0x243c0000, 0x24920000, 0x29910000)
  eden space 4480K,  61% used [0x243c0000, 0x2466cd28, 0x24820000)
  from space 512K,  45% used [0x248a0000, 0x248dad70, 0x24920000)
  to   space 512K,   0% used [0x24820000, 0x24820000, 0x248a0000)
 tenured generation   total 10944K, used 3141K [0x29910000, 0x2a3c0000, 0x343c0000)
   the space 10944K,  28% used [0x29910000, 0x29c217b8, 0x29c21800, 0x2a3c0000)
 compacting perm gen  total 12288K, used 1824K [0x343c0000, 0x34fc0000, 0x383c0000)
   the space 12288K,  14% used [0x343c0000, 0x345881e0, 0x34588200, 0x34fc0000)
    ro space 10240K,  45% used [0x383c0000, 0x38849b28, 0x38849c00, 0x38dc0000)
    rw space 12288K,  54% used [0x38dc0000, 0x3944d0e8, 0x3944d200, 0x399c0000)

Card table byte_map: [0x043f0000,0x044a0000] byte_map_base: 0x042ce200

Polling page: 0x00190000

Code Cache  [0x023f0000, 0x024e8000, 0x043f0000)
 total_blobs=513 nmethods=276 adapters=172 free_code_cache=31801Kb largest_free_block=32564608

Compilation events (10 events):
Event: 6.386 Thread 0x023bdc00  274             java.lang.ref.PhantomReference::<init> (7 bytes)
Event: 6.386 Thread 0x023bdc00 nmethod 274 0x024e0388 code [0x024e0480, 0x024e0530]
Event: 6.483 Thread 0x023bdc00  275             sun.java2d.SunGraphics2D::dispose (12 bytes)
Event: 6.483 Thread 0x023bdc00 nmethod 275 0x024e0588 code [0x024e0690, 0x024e072c]
Event: 6.501 Thread 0x023bdc00  276             java.lang.ref.Reference::access$100 (4 bytes)
Event: 6.502 Thread 0x023bdc00 nmethod 276 0x024e0788 code [0x024e0880, 0x024e08f0]
Event: 6.562 Thread 0x023bdc00  277             java.awt.image.Raster::getNumDataElements (8 bytes)
Event: 6.562 Thread 0x023bdc00 nmethod 277 0x024e0948 code [0x024e0a50, 0x024e0aec]
Event: 6.586 Thread 0x023bdc00  278   !         sun.java2d.SunGraphics2D::validateCompClip (224 bytes)
Event: 6.587 Thread 0x023bdc00 nmethod 278 0x024e0b48 code [0x024e0d40, 0x024e1404]

GC Heap History (10 events):
Event: 5.198 GC heap before
{Heap before GC invocations=20 (full 0):
 def new generation   total 4928K, used 4384K [0x243c0000, 0x24910000, 0x29910000)
  eden space 4416K,  94% used [0x243c0000, 0x247ce538, 0x24810000)
  from space 512K,  45% used [0x24810000, 0x24849b88, 0x24890000)
  to   space 512K,   0% used [0x24890000, 0x24890000, 0x24910000)
 tenured generation   total 10944K, used 8826K [0x29910000, 0x2a3c0000, 0x343c0000)
   the space 10944K,  80% used [0x29910000, 0x2a1ae8d8, 0x2a1aea00, 0x2a3c0000)
 compacting perm gen  total 12288K, used 1824K [0x343c0000, 0x34fc0000, 0x383c0000)
   the space 12288K,  14% used [0x343c0000, 0x345881e0, 0x34588200, 0x34fc0000)
    ro space 10240K,  45% used [0x383c0000, 0x38849b28, 0x38849c00, 0x38dc0000)
    rw space 12288K,  54% used [0x38dc0000, 0x3944d0e8, 0x3944d200, 0x399c0000)
Event: 5.199 GC heap after
Heap after GC invocations=21 (full 0):
 def new generation   total 4928K, used 232K [0x243c0000, 0x24910000, 0x29910000)
  eden space 4416K,   0% used [0x243c0000, 0x243c0000, 0x24810000)
  from space 512K,  45% used [0x24890000, 0x248ca1c8, 0x24910000)
  to   space 512K,   0% used [0x24810000, 0x24810000, 0x24890000)
 tenured generation   total 10944K, used 9956K [0x29910000, 0x2a3c0000, 0x343c0000)
   the space 10944K,  90% used [0x29910000, 0x2a2c9270, 0x2a2c9400, 0x2a3c0000)
 compacting perm gen  total 12288K, used 1824K [0x343c0000, 0x34fc0000, 0x383c0000)
   the space 12288K,  14% used [0x343c0000, 0x345881e0, 0x34588200, 0x34fc0000)
    ro space 10240K,  45% used [0x383c0000, 0x38849b28, 0x38849c00, 0x38dc0000)
    rw space 12288K,  54% used [0x38dc0000, 0x3944d0e8, 0x3944d200, 0x399c0000)
}
Event: 5.349 GC heap before
{Heap before GC invocations=21 (full 0):
 def new generation   total 4928K, used 4532K [0x243c0000, 0x24910000, 0x29910000)
  eden space 4416K,  97% used [0x243c0000, 0x247f2fb0, 0x24810000)
  from space 512K,  45% used [0x24890000, 0x248ca1c8, 0x24910000)
  to   space 512K,   0% used [0x24810000, 0x24810000, 0x24890000)
 tenured generation   total 10944K, used 9956K [0x29910000, 0x2a3c0000, 0x343c0000)
   the space 10944K,  90% used [0x29910000, 0x2a2c9270, 0x2a2c9400, 0x2a3c0000)
 compacting perm gen  total 12288K, used 1824K [0x343c0000, 0x34fc0000, 0x383c0000)
   the space 12288K,  14% used [0x343c0000, 0x345881e0, 0x34588200, 0x34fc0000)
    ro space 10240K,  45% used [0x383c0000, 0x38849b28, 0x38849c00, 0x38dc0000)
    rw space 12288K,  54% used [0x38dc0000, 0x3944d0e8, 0x3944d200, 0x399c0000)
Event: 5.363 GC heap after
Heap after GC invocations=22 (full 1):
 def new generation   total 4992K, used 0K [0x243c0000, 0x24920000, 0x29910000)
  eden space 4480K,   0% used [0x243c0000, 0x243c0000, 0x24820000)
  from space 512K,   0% used [0x24820000, 0x24820000, 0x248a0000)
  to   space 512K,   0% used [0x248a0000, 0x248a0000, 0x24920000)
 tenured generation   total 10944K, used 2916K [0x29910000, 0x2a3c0000, 0x343c0000)
   the space 10944K,  26% used [0x29910000, 0x29be9078, 0x29be9200, 0x2a3c0000)
 compacting perm gen  total 12288K, used 1824K [0x343c0000, 0x34fc0000, 0x383c0000)
   the space 12288K,  14% used [0x343c0000, 0x345881e0, 0x34588200, 0x34fc0000)
    ro space 10240K,  45% used [0x383c0000, 0x38849b28, 0x38849c00, 0x38dc0000)
    rw space 12288K,  54% used [0x38dc0000, 0x3944d0e8, 0x3944d200, 0x399c0000)
}
Event: 5.744 GC heap before
{Heap before GC invocations=22 (full 1):
 def new generation   total 4992K, used 4368K [0x243c0000, 0x24920000, 0x29910000)
  eden space 4480K,  97% used [0x243c0000, 0x248040f0, 0x24820000)
  from space 512K,   0% used [0x24820000, 0x24820000, 0x248a0000)
  to   space 512K,   0% used [0x248a0000, 0x248a0000, 0x24920000)
 tenured generation   total 10944K, used 2916K [0x29910000, 0x2a3c0000, 0x343c0000)
   the space 10944K,  26% used [0x29910000, 0x29be9078, 0x29be9200, 0x2a3c0000)
 compacting perm gen  total 12288K, used 1824K [0x343c0000, 0x34fc0000, 0x383c0000)
   the space 12288K,  14% used [0x343c0000, 0x345881e0, 0x34588200, 0x34fc0000)
    ro space 10240K,  45% used [0x383c0000, 0x38849b28, 0x38849c00, 0x38dc0000)
    rw space 12288K,  54% used [0x38dc0000, 0x3944d0e8, 0x3944d200, 0x399c0000)
Event: 5.744 GC heap after
Heap after GC invocations=23 (full 1):
 def new generation   total 4992K, used 460K [0x243c0000, 0x24920000, 0x29910000)
  eden space 4480K,   0% used [0x243c0000, 0x243c0000, 0x24820000)
  from space 512K,  89% used [0x248a0000, 0x249130f8, 0x24920000)
  to   space 512K,   0% used [0x24820000, 0x24820000, 0x248a0000)
 tenured generation   total 10944K, used 2916K [0x29910000, 0x2a3c0000, 0x343c0000)
   the space 10944K,  26% used [0x29910000, 0x29be9078, 0x29be9200, 0x2a3c0000)
 compacting perm gen  total 12288K, used 1824K [0x343c0000, 0x34fc0000, 0x383c0000)
   the space 12288K,  14% used [0x343c0000, 0x345881e0, 0x34588200, 0x34fc0000)
    ro space 10240K,  45% used [0x383c0000, 0x38849b28, 0x38849c00, 0x38dc0000)
    rw space 12288K,  54% used [0x38dc0000, 0x3944d0e8, 0x3944d200, 0x399c0000)
}
Event: 6.125 GC heap before
{Heap before GC invocations=23 (full 1):
 def new generation   total 4992K, used 4799K [0x243c0000, 0x24920000, 0x29910000)
  eden space 4480K,  96% used [0x243c0000, 0x247fcc00, 0x24820000)
  from space 512K,  89% used [0x248a0000, 0x249130f8, 0x24920000)
  to   space 512K,   0% used [0x24820000, 0x24820000, 0x248a0000)
 tenured generation   total 10944K, used 2916K [0x29910000, 0x2a3c0000, 0x343c0000)
   the space 10944K,  26% used [0x29910000, 0x29be9078, 0x29be9200, 0x2a3c0000)
 compacting perm gen  total 12288K, used 1824K [0x343c0000, 0x34fc0000, 0x383c0000)
   the space 12288K,  14% used [0x343c0000, 0x345881e0, 0x34588200, 0x34fc0000)
    ro space 10240K,  45% used [0x383c0000, 0x38849b28, 0x38849c00, 0x38dc0000)
    rw space 12288K,  54% used [0x38dc0000, 0x3944d0e8, 0x3944d200, 0x399c0000)
Event: 6.125 GC heap after
Heap after GC invocations=24 (full 1):
 def new generation   total 4992K, used 234K [0x243c0000, 0x24920000, 0x29910000)
  eden space 4480K,   0% used [0x243c0000, 0x243c0000, 0x24820000)
  from space 512K,  45% used [0x24820000, 0x2485abe8, 0x248a0000)
  to   space 512K,   0% used [0x248a0000, 0x248a0000, 0x24920000)
 tenured generation   total 10944K, used 3141K [0x29910000, 0x2a3c0000, 0x343c0000)
   the space 10944K,  28% used [0x29910000, 0x29c217b8, 0x29c21800, 0x2a3c0000)
 compacting perm gen  total 12288K, used 1824K [0x343c0000, 0x34fc0000, 0x383c0000)
   the space 12288K,  14% used [0x343c0000, 0x345881e0, 0x34588200, 0x34fc0000)
    ro space 10240K,  45% used [0x383c0000, 0x38849b28, 0x38849c00, 0x38dc0000)
    rw space 12288K,  54% used [0x38dc0000, 0x3944d0e8, 0x3944d200, 0x399c0000)
}
Event: 6.501 GC heap before
{Heap before GC invocations=24 (full 1):
 def new generation   total 4992K, used 4565K [0x243c0000, 0x24920000, 0x29910000)
  eden space 4480K,  96% used [0x243c0000, 0x247fab08, 0x24820000)
  from space 512K,  45% used [0x24820000, 0x2485abe8, 0x248a0000)
  to   space 512K,   0% used [0x248a0000, 0x248a0000, 0x24920000)
 tenured generation   total 10944K, used 3141K [0x29910000, 0x2a3c0000, 0x343c0000)
   the space 10944K,  28% used [0x29910000, 0x29c217b8, 0x29c21800, 0x2a3c0000)
 compacting perm gen  total 12288K, used 1824K [0x343c0000, 0x34fc0000, 0x383c0000)
   the space 12288K,  14% used [0x343c0000, 0x345881e0, 0x34588200, 0x34fc0000)
    ro space 10240K,  45% used [0x383c0000, 0x38849b28, 0x38849c00, 0x38dc0000)
    rw space 12288K,  54% used [0x38dc0000, 0x3944d0e8, 0x3944d200, 0x399c0000)
Event: 6.501 GC heap after
Heap after GC invocations=25 (full 1):
 def new generation   total 4992K, used 235K [0x243c0000, 0x24920000, 0x29910000)
  eden space 4480K,   0% used [0x243c0000, 0x243c0000, 0x24820000)
  from space 512K,  45% used [0x248a0000, 0x248dad70, 0x24920000)
  to   space 512K,   0% used [0x24820000, 0x24820000, 0x248a0000)
 tenured generation   total 10944K, used 3141K [0x29910000, 0x2a3c0000, 0x343c0000)
   the space 10944K,  28% used [0x29910000, 0x29c217b8, 0x29c21800, 0x2a3c0000)
 compacting perm gen  total 12288K, used 1824K [0x343c0000, 0x34fc0000, 0x383c0000)
   the space 12288K,  14% used [0x343c0000, 0x345881e0, 0x34588200, 0x34fc0000)
    ro space 10240K,  45% used [0x383c0000, 0x38849b28, 0x38849c00, 0x38dc0000)
    rw space 12288K,  54% used [0x38dc0000, 0x3944d0e8, 0x3944d200, 0x399c0000)
}

Deoptimization events (0 events):
No events

Internal exceptions (10 events):
Event: 0.929 Thread 0x04b9ec00 Threw 0x2470fef0 at C:\jdk7u2_32P\jdk7u25\hotspot\src\share\vm\prims\jvm.cpp:1235
Event: 0.930 Thread 0x04b9ec00 Threw 0x24714680 at C:\jdk7u2_32P\jdk7u25\hotspot\src\share\vm\prims\jvm.cpp:1235
Event: 0.930 Thread 0x04b9ec00 Threw 0x24718df0 at C:\jdk7u2_32P\jdk7u25\hotspot\src\share\vm\prims\jvm.cpp:1235
Event: 0.931 Thread 0x04b9ec00 Threw 0x2471eb00 at C:\jdk7u2_32P\jdk7u25\hotspot\src\share\vm\prims\jvm.cpp:1235
Event: 0.931 Thread 0x04b9ec00 Threw 0x24723690 at C:\jdk7u2_32P\jdk7u25\hotspot\src\share\vm\prims\jvm.cpp:1235
Event: 0.931 Thread 0x04b9ec00 Threw 0x24726c18 at C:\jdk7u2_32P\jdk7u25\hotspot\src\share\vm\prims\jvm.cpp:1235
Event: 0.932 Thread 0x04b9ec00 Threw 0x2472a9d8 at C:\jdk7u2_32P\jdk7u25\hotspot\src\share\vm\prims\jvm.cpp:1235
Event: 0.932 Thread 0x04b9ec00 Threw 0x2472e590 at C:\jdk7u2_32P\jdk7u25\hotspot\src\share\vm\prims\jvm.cpp:1235
Event: 0.933 Thread 0x04b9ec00 Threw 0x24731a28 at C:\jdk7u2_32P\jdk7u25\hotspot\src\share\vm\prims\jvm.cpp:1235
Event: 0.958 Thread 0x04b9ec00 Threw 0x2473ad60 at C:\jdk7u2_32P\jdk7u25\hotspot\src\share\vm\prims\jvm.cpp:1235

Events (10 events):
Event: 5.198 Executing VM operation: GenCollectForAllocation
Event: 5.199 Executing VM operation: GenCollectForAllocation done
Event: 5.349 Executing VM operation: GenCollectForAllocation
Event: 5.363 Executing VM operation: GenCollectForAllocation done
Event: 5.744 Executing VM operation: GenCollectForAllocation
Event: 5.744 Executing VM operation: GenCollectForAllocation done
Event: 6.125 Executing VM operation: GenCollectForAllocation
Event: 6.125 Executing VM operation: GenCollectForAllocation done
Event: 6.501 Executing VM operation: GenCollectForAllocation
Event: 6.501 Executing VM operation: GenCollectForAllocation done


Dynamic libraries:
0x003a0000 - 0x003cf000 	C:\Program Files (x86)\Java\jdk1.7.0_25\bin\java.exe
0x772a0000 - 0x77420000 	C:\Windows\SysWOW64\ntdll.dll
0x75fa0000 - 0x760b0000 	C:\Windows\syswow64\kernel32.dll
0x762b0000 - 0x762f6000 	C:\Windows\syswow64\KERNELBASE.dll
0x76b90000 - 0x76c30000 	C:\Windows\syswow64\ADVAPI32.dll
0x76a90000 - 0x76b3c000 	C:\Windows\syswow64\msvcrt.dll
0x76b70000 - 0x76b89000 	C:\Windows\SysWOW64\sechost.dll
0x75130000 - 0x75220000 	C:\Windows\syswow64\RPCRT4.dll
0x74e00000 - 0x74e60000 	C:\Windows\syswow64\SspiCli.dll
0x74df0000 - 0x74dfc000 	C:\Windows\syswow64\CRYPTBASE.dll
0x76990000 - 0x76a90000 	C:\Windows\syswow64\USER32.dll
0x76520000 - 0x765b0000 	C:\Windows\syswow64\GDI32.dll
0x75120000 - 0x7512a000 	C:\Windows\syswow64\LPK.dll
0x765b0000 - 0x7664d000 	C:\Windows\syswow64\USP10.dll
0x701c0000 - 0x7035e000 	C:\Windows\WinSxS\x86_microsoft.windows.common-controls_6595b64144ccf1df_6.0.7601.17514_none_41e6975e2bd6f2b2\COMCTL32.dll
0x76250000 - 0x762a7000 	C:\Windows\syswow64\SHLWAPI.dll
0x74ec0000 - 0x74f20000 	C:\Windows\system32\IMM32.DLL
0x76c30000 - 0x76cfc000 	C:\Windows\syswow64\MSCTF.dll
0x5d9f0000 - 0x5daae000 	C:\Program Files (x86)\Java\jdk1.7.0_25\jre\bin\msvcr100.dll
0x5d410000 - 0x5d752000 	C:\Program Files (x86)\Java\jdk1.7.0_25\jre\bin\client\jvm.dll
0x700a0000 - 0x700a7000 	C:\Windows\system32\WSOCK32.dll
0x76650000 - 0x76685000 	C:\Windows\syswow64\WS2_32.dll
0x74eb0000 - 0x74eb6000 	C:\Windows\syswow64\NSI.dll
0x69430000 - 0x69462000 	C:\Windows\system32\WINMM.dll
0x75220000 - 0x75225000 	C:\Windows\syswow64\PSAPI.DLL
0x74bc0000 - 0x74bcc000 	C:\Program Files (x86)\Java\jdk1.7.0_25\jre\bin\verify.dll
0x5d990000 - 0x5d9b0000 	C:\Program Files (x86)\Java\jdk1.7.0_25\jre\bin\java.dll
0x5d970000 - 0x5d983000 	C:\Program Files (x86)\Java\jdk1.7.0_25\jre\bin\zip.dll
0x610b0000 - 0x6116e000 	C:\Users\Dell\AppData\Local\Temp\javacpp9297491284771\msvcr100.dll
0x61040000 - 0x610a9000 	C:\Users\Dell\AppData\Local\Temp\javacpp9297491284771\msvcp100.dll
0x70fc0000 - 0x71d59000 	C:\Users\Dell\AppData\Local\Temp\javacpp9297491284771\opencv_ffmpeg246.dll
0x60e30000 - 0x61034000 	C:\Users\Dell\AppData\Local\Temp\javacpp9297491284771\opencv_core246.dll
0x60bc0000 - 0x60e2a000 	C:\Users\Dell\AppData\Local\Temp\javacpp9297491284771\opencv_imgproc246.dll
0x605a0000 - 0x607aa000 	C:\Users\Dell\AppData\Local\Temp\javacpp9297491284771\opencv_highgui246.dll
0x76300000 - 0x7645c000 	C:\Windows\syswow64\ole32.dll
0x76130000 - 0x761bf000 	C:\Windows\syswow64\OLEAUT32.dll
0x63670000 - 0x63689000 	C:\Windows\system32\AVIFIL32.dll
0x661b0000 - 0x661c4000 	C:\Windows\system32\MSACM32.dll
0x60b90000 - 0x60bb1000 	C:\Windows\system32\MSVFW32.dll
0x75350000 - 0x75f9a000 	C:\Windows\syswow64\SHELL32.dll
0x60b70000 - 0x60b83000 	C:\Windows\system32\AVICAP32.dll
0x00430000 - 0x00439000 	C:\Windows\system32\VERSION.dll
0x60ac0000 - 0x60b66000 	C:\Users\Dell\AppData\Local\Temp\javacpp9297491284771\opencv_objdetect246.dll
0x60560000 - 0x6059b000 	C:\Users\Dell\AppData\Local\Temp\javacpp9297491284771\jniopencv_objdetect.dll
0x5f780000 - 0x5f7f5000 	C:\Users\Dell\AppData\Local\Temp\javacpp9297491284771\jniopencv_core.dll
0x5d800000 - 0x5d944000 	C:\Program Files (x86)\Java\jdk1.7.0_25\jre\bin\awt.dll
0x692d0000 - 0x692e3000 	C:\Windows\system32\DWMAPI.DLL
0x6f020000 - 0x6f0a0000 	C:\Windows\system32\uxtheme.dll
0x5d7c0000 - 0x5d7f1000 	C:\Program Files (x86)\Java\jdk1.7.0_25\jre\bin\fontmanager.dll
0x6eeb0000 - 0x6eee6000 	C:\Program Files\WIDCOMM\Bluetooth Software\SysWOW64\BtMmHook.dll
0x76690000 - 0x76713000 	C:\Windows\syswow64\CLBCatQ.DLL
0x66070000 - 0x6607f000 	C:\Users\Dell\AppData\Local\Temp\javacpp9297491284771\jniopencv_highgui.dll
0x60520000 - 0x60559000 	C:\Users\Dell\AppData\Local\Temp\javacpp9297491284771\jniopencv_imgproc.dll

VM Arguments:
jvm_args: -Dfile.encoding=UTF-8 
java_command: facedetection.Vehicledetection
Launcher Type: SUN_STANDARD

Environment Variables:
CLASSPATH=.;C:\Program Files (x86)\QuickTime\QTSystem\QTJava.zip
PATH=C:\Windows\System32\Wbem;C:\Program Files (x86)\Java\jdk1.7.0_25\bin
USERNAME=Dell
OS=Windows_NT
PROCESSOR_IDENTIFIER=Intel64 Family 6 Model 58 Stepping 9, GenuineIntel



---------------  S Y S T E M  ---------------

OS: Windows 7 , 64 bit Build 7601 Service Pack 1

CPU:total 4 (2 cores per cpu, 2 threads per core) family 6 model 58 stepping 9, cmov, cx8, fxsr, mmx, sse, sse2, sse3, ssse3, sse4.1, sse4.2, popcnt, avx, ht, tsc, tscinvbit, tscinv

Memory: 4k page, physical 4066668k(710264k free), swap 8131492k(2023572k free)

vm_info: Java HotSpot(TM) Client VM (23.25-b01) for windows-x86 JRE (1.7.0_25-b16), built on Jun 12 2013 20:29:09 by "java_re" with unknown MS VC++:1600

time: Wed Jan 08 10:07:38 2014
elapsed time: 6 seconds

