#
# A fatal error has been detected by the Java Runtime Environment:
#
#  EXCEPTION_ACCESS_VIOLATION (0xc0000005) at pc=0x71092ffb, pid=11052, tid=11124
#
# JRE version: 7.0_25-b16
# Java VM: Java HotSpot(TM) Client VM (23.25-b01 mixed mode, sharing windows-x86 )
# Problematic frame:
# C  [opencv_ffmpeg246.dll+0xd2ffb]
#
# Failed to write core dump. Minidumps are not enabled by default on client versions of Windows
#
# If you would like to submit a bug report, please visit:
#   http://bugreport.sun.com/bugreport/crash.jsp
# The crash happened outside the Java Virtual Machine in native code.
# See problematic frame for where to report the bug.
#

---------------  T H R E A D  ---------------

Current thread (0x04d2bc00):  JavaThread "Thread-0" [_thread_in_native, id=11124, stack(0x04b60000,0x04bb0000)]

siginfo: ExceptionCode=0xc0000005, reading address 0x00000044

Registers:
EAX=0x00000000, EBX=0x78454480, ECX=0x00000000, EDX=0x00000000
ESP=0x04baf580, EBP=0x04baf5cc, ESI=0x00000000, EDI=0x716577c0
EIP=0x71092ffb, EFLAGS=0x00210246

Top of Stack: (sp=0x04baf580)
0x04baf580:   78454480 00000030 7167f638 00000001
0x04baf590:   00010001 00000000 00026161 00001000
0x04baf5a0:   000f835b fffffff4 000000f0 04baf5bc
0x04baf5b0:   00010000 7ffeffff 0000000f 00000000
0x04baf5c0:   00000000 78454480 676de9c0 00000000
0x04baf5d0:   70fc18f0 78454480 716577c0 00000000
0x04baf5e0:   00000000 0000000b 38f529a0 00000000
0x04baf5f0:   04baf5fc 04baf620 04baf64c 00000140 

Instructions: (pc=0x71092ffb)
0x71092fdb:   00 00 01 0f 84 f6 00 00 00 8b 83 54 02 00 00 85
0x71092feb:   c0 0f 84 a2 02 00 00 8b 4b 78 8b 93 78 02 00 00
0x71092ffb:   0f b6 41 44 39 d0 0f 8c ad 00 00 00 85 d2 0f 88
0x7109300b:   a5 00 00 00 8b 41 14 85 c0 0f 84 9e 02 00 00 8b 


Register to memory mapping:

EAX=0x00000000 is an unknown value
EBX=0x78454480 is an unknown value
ECX=0x00000000 is an unknown value
EDX=0x00000000 is an unknown value
ESP=0x04baf580 is pointing into the stack for thread: 0x04d2bc00
EBP=0x04baf5cc is pointing into the stack for thread: 0x04d2bc00
ESI=0x00000000 is an unknown value
EDI=0x716577c0 is an unknown value


Stack: [0x04b60000,0x04bb0000],  sp=0x04baf580,  free space=317k
Native frames: (J=compiled Java code, j=interpreted, Vv=VM code, C=native code)
C  [opencv_ffmpeg246.dll+0xd2ffb]

Java frames: (J=compiled Java code, j=interpreted, Vv=VM code)
j  com.googlecode.javacv.cpp.opencv_highgui.cvCreateFileCapture(Ljava/lang/String;)Lcom/googlecode/javacv/cpp/opencv_highgui$CvCapture;+0
j  com.googlecode.javacv.OpenCVFrameGrabber.start()V+22
j  facedetection.Vehicledetection$1.run()V+105
j  java.lang.Thread.run()V+11
v  ~StubRoutines::call_stub

---------------  P R O C E S S  ---------------

Java Threads: ( => current thread )
  0x04e15400 JavaThread "AWT-EventQueue-0" [_thread_blocked, id=11140, stack(0x05a90000,0x05ae0000)]
  0x04e09000 JavaThread "AWT-Windows" daemon [_thread_in_native, id=11136, stack(0x059d0000,0x05a20000)]
  0x04e08400 JavaThread "AWT-Shutdown" [_thread_blocked, id=11132, stack(0x058a0000,0x058f0000)]
  0x04e07c00 JavaThread "Java2D Disposer" daemon [_thread_blocked, id=11128, stack(0x05850000,0x058a0000)]
  0x0019b000 JavaThread "DestroyJavaVM" [_thread_blocked, id=11084, stack(0x02330000,0x02380000)]
=>0x04d2bc00 JavaThread "Thread-0" [_thread_in_native, id=11124, stack(0x04b60000,0x04bb0000)]
  0x02459400 JavaThread "Service Thread" daemon [_thread_blocked, id=11112, stack(0x04a90000,0x04ae0000)]
  0x02454800 JavaThread "C1 CompilerThread0" daemon [_thread_blocked, id=11108, stack(0x048d0000,0x04920000)]
  0x02453c00 JavaThread "Attach Listener" daemon [_thread_blocked, id=11104, stack(0x049f0000,0x04a40000)]
  0x02451000 JavaThread "Signal Dispatcher" daemon [_thread_blocked, id=11100, stack(0x04870000,0x048c0000)]
  0x02435400 JavaThread "Finalizer" daemon [_thread_blocked, id=11096, stack(0x047f0000,0x04840000)]
  0x02433c00 JavaThread "Reference Handler" daemon [_thread_blocked, id=11092, stack(0x04680000,0x046d0000)]

Other Threads:
  0x02431400 VMThread [stack: 0x04530000,0x04580000] [id=11088]
  0x0246c800 WatcherThread [stack: 0x04c50000,0x04ca0000] [id=11116]

VM state:not at safepoint (normal execution)

VM Mutex/Monitor currently owned by a thread: None

Heap
 def new generation   total 5824K, used 1395K [0x243c0000, 0x24a10000, 0x29910000)
  eden space 5184K,  21% used [0x243c0000, 0x244dcf90, 0x248d0000)
  from space 640K,  39% used [0x248d0000, 0x2490fcb8, 0x24970000)
  to   space 640K,   0% used [0x24970000, 0x24970000, 0x24a10000)
 tenured generation   total 12812K, used 11286K [0x29910000, 0x2a593000, 0x343c0000)
   the space 12812K,  88% used [0x29910000, 0x2a415848, 0x2a415a00, 0x2a593000)
 compacting perm gen  total 12288K, used 1825K [0x343c0000, 0x34fc0000, 0x383c0000)
   the space 12288K,  14% used [0x343c0000, 0x34588580, 0x34588600, 0x34fc0000)
    ro space 10240K,  45% used [0x383c0000, 0x38849b28, 0x38849c00, 0x38dc0000)
    rw space 12288K,  54% used [0x38dc0000, 0x3944d0e8, 0x3944d200, 0x399c0000)

Card table byte_map: [0x04480000,0x04530000] byte_map_base: 0x0435e200

Polling page: 0x00150000

Code Cache  [0x02480000, 0x02580000, 0x04480000)
 total_blobs=531 nmethods=294 adapters=172 free_code_cache=31775Kb largest_free_block=32537920

Compilation events (10 events):
Event: 6.202 Thread 0x02454800  291             java.awt.EventQueue::eventToCacheIndex (69 bytes)
Event: 6.202 Thread 0x02454800 nmethod 291 0x02576e08 code [0x02576f00, 0x02577020]
Event: 6.248 Thread 0x02454800  292             com.googlecode.javacpp.Pointer$NativeDeallocator::<init> (25 bytes)
Event: 6.248 Thread 0x02454800 nmethod 292 0x02577088 code [0x02577180, 0x02577280]
Event: 6.386 Thread 0x02454800  293             java.awt.geom.Point2D::<init> (5 bytes)
Event: 6.386 Thread 0x02454800 nmethod 293 0x02577308 code [0x02577400, 0x02577480]
Event: 6.433 Thread 0x02454800  294             com.googlecode.javacpp.Pointer$NativeDeallocator::deallocate (41 bytes)
Event: 6.433 Thread 0x02454800 nmethod 294 0x02577748 code [0x02577840, 0x0257796c]
Event: 6.664 Thread 0x02454800  296             com.googlecode.javacpp.Pointer::deallocator (71 bytes)
Event: 6.665 Thread 0x02454800 nmethod 296 0x025779c8 code [0x02577b40, 0x02577fb8]

GC Heap History (10 events):
Event: 5.118 GC heap before
{Heap before GC invocations=29 (full 2):
 def new generation   total 5824K, used 5250K [0x243c0000, 0x24a10000, 0x29910000)
  eden space 5184K,  96% used [0x243c0000, 0x248a5b30, 0x248d0000)
  from space 640K,  36% used [0x24970000, 0x249ab008, 0x24a10000)
  to   space 640K,   0% used [0x248d0000, 0x248d0000, 0x24970000)
 tenured generation   total 12812K, used 11286K [0x29910000, 0x2a593000, 0x343c0000)
   the space 12812K,  88% used [0x29910000, 0x2a415848, 0x2a415a00, 0x2a593000)
 compacting perm gen  total 12288K, used 1824K [0x343c0000, 0x34fc0000, 0x383c0000)
   the space 12288K,  14% used [0x343c0000, 0x34588040, 0x34588200, 0x34fc0000)
    ro space 10240K,  45% used [0x383c0000, 0x38849b28, 0x38849c00, 0x38dc0000)
    rw space 12288K,  54% used [0x38dc0000, 0x3944d0e8, 0x3944d200, 0x399c0000)
Event: 5.118 GC heap after
Heap after GC invocations=30 (full 2):
 def new generation   total 5824K, used 250K [0x243c0000, 0x24a10000, 0x29910000)
  eden space 5184K,   0% used [0x243c0000, 0x243c0000, 0x248d0000)
  from space 640K,  39% used [0x248d0000, 0x2490e920, 0x24970000)
  to   space 640K,   0% used [0x24970000, 0x24970000, 0x24a10000)
 tenured generation   total 12812K, used 11286K [0x29910000, 0x2a593000, 0x343c0000)
   the space 12812K,  88% used [0x29910000, 0x2a415848, 0x2a415a00, 0x2a593000)
 compacting perm gen  total 12288K, used 1824K [0x343c0000, 0x34fc0000, 0x383c0000)
   the space 12288K,  14% used [0x343c0000, 0x34588040, 0x34588200, 0x34fc0000)
    ro space 10240K,  45% used [0x383c0000, 0x38849b28, 0x38849c00, 0x38dc0000)
    rw space 12288K,  54% used [0x38dc0000, 0x3944d0e8, 0x3944d200, 0x399c0000)
}
Event: 5.556 GC heap before
{Heap before GC invocations=30 (full 2):
 def new generation   total 5824K, used 5285K [0x243c0000, 0x24a10000, 0x29910000)
  eden space 5184K,  97% used [0x243c0000, 0x248aadb0, 0x248d0000)
  from space 640K,  39% used [0x248d0000, 0x2490e920, 0x24970000)
  to   space 640K,   0% used [0x24970000, 0x24970000, 0x24a10000)
 tenured generation   total 12812K, used 11286K [0x29910000, 0x2a593000, 0x343c0000)
   the space 12812K,  88% used [0x29910000, 0x2a415848, 0x2a415a00, 0x2a593000)
 compacting perm gen  total 12288K, used 1825K [0x343c0000, 0x34fc0000, 0x383c0000)
   the space 12288K,  14% used [0x343c0000, 0x34588570, 0x34588600, 0x34fc0000)
    ro space 10240K,  45% used [0x383c0000, 0x38849b28, 0x38849c00, 0x38dc0000)
    rw space 12288K,  54% used [0x38dc0000, 0x3944d0e8, 0x3944d200, 0x399c0000)
Event: 5.557 GC heap after
Heap after GC invocations=31 (full 2):
 def new generation   total 5824K, used 255K [0x243c0000, 0x24a10000, 0x29910000)
  eden space 5184K,   0% used [0x243c0000, 0x243c0000, 0x248d0000)
  from space 640K,  39% used [0x24970000, 0x249afcb8, 0x24a10000)
  to   space 640K,   0% used [0x248d0000, 0x248d0000, 0x24970000)
 tenured generation   total 12812K, used 11286K [0x29910000, 0x2a593000, 0x343c0000)
   the space 12812K,  88% used [0x29910000, 0x2a415848, 0x2a415a00, 0x2a593000)
 compacting perm gen  total 12288K, used 1825K [0x343c0000, 0x34fc0000, 0x383c0000)
   the space 12288K,  14% used [0x343c0000, 0x34588570, 0x34588600, 0x34fc0000)
    ro space 10240K,  45% used [0x383c0000, 0x38849b28, 0x38849c00, 0x38dc0000)
    rw space 12288K,  54% used [0x38dc0000, 0x3944d0e8, 0x3944d200, 0x399c0000)
}
Event: 5.987 GC heap before
{Heap before GC invocations=31 (full 2):
 def new generation   total 5824K, used 5269K [0x243c0000, 0x24a10000, 0x29910000)
  eden space 5184K,  96% used [0x243c0000, 0x248a5b38, 0x248d0000)
  from space 640K,  39% used [0x24970000, 0x249afcb8, 0x24a10000)
  to   space 640K,   0% used [0x248d0000, 0x248d0000, 0x24970000)
 tenured generation   total 12812K, used 11286K [0x29910000, 0x2a593000, 0x343c0000)
   the space 12812K,  88% used [0x29910000, 0x2a415848, 0x2a415a00, 0x2a593000)
 compacting perm gen  total 12288K, used 1825K [0x343c0000, 0x34fc0000, 0x383c0000)
   the space 12288K,  14% used [0x343c0000, 0x34588570, 0x34588600, 0x34fc0000)
    ro space 10240K,  45% used [0x383c0000, 0x38849b28, 0x38849c00, 0x38dc0000)
    rw space 12288K,  54% used [0x38dc0000, 0x3944d0e8, 0x3944d200, 0x399c0000)
Event: 5.988 GC heap after
Heap after GC invocations=32 (full 2):
 def new generation   total 5824K, used 255K [0x243c0000, 0x24a10000, 0x29910000)
  eden space 5184K,   0% used [0x243c0000, 0x243c0000, 0x248d0000)
  from space 640K,  39% used [0x248d0000, 0x2490fcb8, 0x24970000)
  to   space 640K,   0% used [0x24970000, 0x24970000, 0x24a10000)
 tenured generation   total 12812K, used 11286K [0x29910000, 0x2a593000, 0x343c0000)
   the space 12812K,  88% used [0x29910000, 0x2a415848, 0x2a415a00, 0x2a593000)
 compacting perm gen  total 12288K, used 1825K [0x343c0000, 0x34fc0000, 0x383c0000)
   the space 12288K,  14% used [0x343c0000, 0x34588570, 0x34588600, 0x34fc0000)
    ro space 10240K,  45% used [0x383c0000, 0x38849b28, 0x38849c00, 0x38dc0000)
    rw space 12288K,  54% used [0x38dc0000, 0x3944d0e8, 0x3944d200, 0x399c0000)
}
Event: 6.426 GC heap before
{Heap before GC invocations=32 (full 2):
 def new generation   total 5824K, used 5286K [0x243c0000, 0x24a10000, 0x29910000)
  eden space 5184K,  97% used [0x243c0000, 0x248a9cc8, 0x248d0000)
  from space 640K,  39% used [0x248d0000, 0x2490fcb8, 0x24970000)
  to   space 640K,   0% used [0x24970000, 0x24970000, 0x24a10000)
 tenured generation   total 12812K, used 11286K [0x29910000, 0x2a593000, 0x343c0000)
   the space 12812K,  88% used [0x29910000, 0x2a415848, 0x2a415a00, 0x2a593000)
 compacting perm gen  total 12288K, used 1825K [0x343c0000, 0x34fc0000, 0x383c0000)
   the space 12288K,  14% used [0x343c0000, 0x34588570, 0x34588600, 0x34fc0000)
    ro space 10240K,  45% used [0x383c0000, 0x38849b28, 0x38849c00, 0x38dc0000)
    rw space 12288K,  54% used [0x38dc0000, 0x3944d0e8, 0x3944d200, 0x399c0000)
Event: 6.427 GC heap after
Heap after GC invocations=33 (full 2):
 def new generation   total 5824K, used 255K [0x243c0000, 0x24a10000, 0x29910000)
  eden space 5184K,   0% used [0x243c0000, 0x243c0000, 0x248d0000)
  from space 640K,  39% used [0x24970000, 0x249afcb8, 0x24a10000)
  to   space 640K,   0% used [0x248d0000, 0x248d0000, 0x24970000)
 tenured generation   total 12812K, used 11286K [0x29910000, 0x2a593000, 0x343c0000)
   the space 12812K,  88% used [0x29910000, 0x2a415848, 0x2a415a00, 0x2a593000)
 compacting perm gen  total 12288K, used 1825K [0x343c0000, 0x34fc0000, 0x383c0000)
   the space 12288K,  14% used [0x343c0000, 0x34588570, 0x34588600, 0x34fc0000)
    ro space 10240K,  45% used [0x383c0000, 0x38849b28, 0x38849c00, 0x38dc0000)
    rw space 12288K,  54% used [0x38dc0000, 0x3944d0e8, 0x3944d200, 0x399c0000)
}
Event: 6.867 GC heap before
{Heap before GC invocations=33 (full 2):
 def new generation   total 5824K, used 5269K [0x243c0000, 0x24a10000, 0x29910000)
  eden space 5184K,  96% used [0x243c0000, 0x248a5ad8, 0x248d0000)
  from space 640K,  39% used [0x24970000, 0x249afcb8, 0x24a10000)
  to   space 640K,   0% used [0x248d0000, 0x248d0000, 0x24970000)
 tenured generation   total 12812K, used 11286K [0x29910000, 0x2a593000, 0x343c0000)
   the space 12812K,  88% used [0x29910000, 0x2a415848, 0x2a415a00, 0x2a593000)
 compacting perm gen  total 12288K, used 1825K [0x343c0000, 0x34fc0000, 0x383c0000)
   the space 12288K,  14% used [0x343c0000, 0x34588570, 0x34588600, 0x34fc0000)
    ro space 10240K,  45% used [0x383c0000, 0x38849b28, 0x38849c00, 0x38dc0000)
    rw space 12288K,  54% used [0x38dc0000, 0x3944d0e8, 0x3944d200, 0x399c0000)
Event: 6.867 GC heap after
Heap after GC invocations=34 (full 2):
 def new generation   total 5824K, used 255K [0x243c0000, 0x24a10000, 0x29910000)
  eden space 5184K,   0% used [0x243c0000, 0x243c0000, 0x248d0000)
  from space 640K,  39% used [0x248d0000, 0x2490fcb8, 0x24970000)
  to   space 640K,   0% used [0x24970000, 0x24970000, 0x24a10000)
 tenured generation   total 12812K, used 11286K [0x29910000, 0x2a593000, 0x343c0000)
   the space 12812K,  88% used [0x29910000, 0x2a415848, 0x2a415a00, 0x2a593000)
 compacting perm gen  total 12288K, used 1825K [0x343c0000, 0x34fc0000, 0x383c0000)
   the space 12288K,  14% used [0x343c0000, 0x34588570, 0x34588600, 0x34fc0000)
    ro space 10240K,  45% used [0x383c0000, 0x38849b28, 0x38849c00, 0x38dc0000)
    rw space 12288K,  54% used [0x38dc0000, 0x3944d0e8, 0x3944d200, 0x399c0000)
}

Deoptimization events (0 events):
No events

Internal exceptions (10 events):
Event: 1.028 Thread 0x04d2bc00 Threw 0x24714680 at C:\jdk7u2_32P\jdk7u25\hotspot\src\share\vm\prims\jvm.cpp:1235
Event: 1.028 Thread 0x04d2bc00 Threw 0x24718df0 at C:\jdk7u2_32P\jdk7u25\hotspot\src\share\vm\prims\jvm.cpp:1235
Event: 1.028 Thread 0x04d2bc00 Threw 0x2471eb00 at C:\jdk7u2_32P\jdk7u25\hotspot\src\share\vm\prims\jvm.cpp:1235
Event: 1.029 Thread 0x04d2bc00 Threw 0x24723690 at C:\jdk7u2_32P\jdk7u25\hotspot\src\share\vm\prims\jvm.cpp:1235
Event: 1.029 Thread 0x04d2bc00 Threw 0x24726c18 at C:\jdk7u2_32P\jdk7u25\hotspot\src\share\vm\prims\jvm.cpp:1235
Event: 1.029 Thread 0x04d2bc00 Threw 0x2472a9d8 at C:\jdk7u2_32P\jdk7u25\hotspot\src\share\vm\prims\jvm.cpp:1235
Event: 1.030 Thread 0x04d2bc00 Threw 0x2472e590 at C:\jdk7u2_32P\jdk7u25\hotspot\src\share\vm\prims\jvm.cpp:1235
Event: 1.030 Thread 0x04d2bc00 Threw 0x24731a28 at C:\jdk7u2_32P\jdk7u25\hotspot\src\share\vm\prims\jvm.cpp:1235
Event: 1.058 Thread 0x04d2bc00 Threw 0x24742f58 at C:\jdk7u2_32P\jdk7u25\hotspot\src\share\vm\prims\jvm.cpp:1235
Event: 3.675 Thread 0x04d2bc00 Threw 0x247325f0 at C:\jdk7u2_32P\jdk7u25\hotspot\src\share\vm\prims\jni.cpp:742

Events (10 events):
Event: 5.370 loading class 0x39a34760
Event: 5.370 loading class 0x39a34760 done
Event: 5.556 Executing VM operation: GenCollectForAllocation
Event: 5.557 Executing VM operation: GenCollectForAllocation done
Event: 5.987 Executing VM operation: GenCollectForAllocation
Event: 5.988 Executing VM operation: GenCollectForAllocation done
Event: 6.426 Executing VM operation: GenCollectForAllocation
Event: 6.427 Executing VM operation: GenCollectForAllocation done
Event: 6.867 Executing VM operation: GenCollectForAllocation
Event: 6.868 Executing VM operation: GenCollectForAllocation done


Dynamic libraries:
0x003a0000 - 0x003cf000 	C:\Program Files (x86)\Java\jdk1.7.0_25\bin\java.exe
0x772a0000 - 0x77420000 	C:\Windows\SysWOW64\ntdll.dll
0x75fa0000 - 0x760b0000 	C:\Windows\syswow64\kernel32.dll
0x762b0000 - 0x762f6000 	C:\Windows\syswow64\KERNELBASE.dll
0x76b90000 - 0x76c30000 	C:\Windows\syswow64\ADVAPI32.dll
0x76a90000 - 0x76b3c000 	C:\Windows\syswow64\msvcrt.dll
0x76b70000 - 0x76b89000 	C:\Windows\SysWOW64\sechost.dll
0x75130000 - 0x75220000 	C:\Windows\syswow64\RPCRT4.dll
0x74e00000 - 0x74e60000 	C:\Windows\syswow64\SspiCli.dll
0x74df0000 - 0x74dfc000 	C:\Windows\syswow64\CRYPTBASE.dll
0x76990000 - 0x76a90000 	C:\Windows\syswow64\USER32.dll
0x76520000 - 0x765b0000 	C:\Windows\syswow64\GDI32.dll
0x75120000 - 0x7512a000 	C:\Windows\syswow64\LPK.dll
0x765b0000 - 0x7664d000 	C:\Windows\syswow64\USP10.dll
0x701c0000 - 0x7035e000 	C:\Windows\WinSxS\x86_microsoft.windows.common-controls_6595b64144ccf1df_6.0.7601.17514_none_41e6975e2bd6f2b2\COMCTL32.dll
0x76250000 - 0x762a7000 	C:\Windows\syswow64\SHLWAPI.dll
0x74ec0000 - 0x74f20000 	C:\Windows\system32\IMM32.DLL
0x76c30000 - 0x76cfc000 	C:\Windows\syswow64\MSCTF.dll
0x5d9f0000 - 0x5daae000 	C:\Program Files (x86)\Java\jdk1.7.0_25\jre\bin\msvcr100.dll
0x5d410000 - 0x5d752000 	C:\Program Files (x86)\Java\jdk1.7.0_25\jre\bin\client\jvm.dll
0x700a0000 - 0x700a7000 	C:\Windows\system32\WSOCK32.dll
0x76650000 - 0x76685000 	C:\Windows\syswow64\WS2_32.dll
0x74eb0000 - 0x74eb6000 	C:\Windows\syswow64\NSI.dll
0x69430000 - 0x69462000 	C:\Windows\system32\WINMM.dll
0x75220000 - 0x75225000 	C:\Windows\syswow64\PSAPI.DLL
0x74bc0000 - 0x74bcc000 	C:\Program Files (x86)\Java\jdk1.7.0_25\jre\bin\verify.dll
0x5d990000 - 0x5d9b0000 	C:\Program Files (x86)\Java\jdk1.7.0_25\jre\bin\java.dll
0x5d970000 - 0x5d983000 	C:\Program Files (x86)\Java\jdk1.7.0_25\jre\bin\zip.dll
0x610b0000 - 0x6116e000 	C:\Users\Dell\AppData\Local\Temp\javacpp9251135325369\msvcr100.dll
0x61040000 - 0x610a9000 	C:\Users\Dell\AppData\Local\Temp\javacpp9251135325369\msvcp100.dll
0x70fc0000 - 0x71d59000 	C:\Users\Dell\AppData\Local\Temp\javacpp9251135325369\opencv_ffmpeg246.dll
0x60e30000 - 0x61034000 	C:\Users\Dell\AppData\Local\Temp\javacpp9251135325369\opencv_core246.dll
0x60bc0000 - 0x60e2a000 	C:\Users\Dell\AppData\Local\Temp\javacpp9251135325369\opencv_imgproc246.dll
0x605a0000 - 0x607aa000 	C:\Users\Dell\AppData\Local\Temp\javacpp9251135325369\opencv_highgui246.dll
0x76300000 - 0x7645c000 	C:\Windows\syswow64\ole32.dll
0x76130000 - 0x761bf000 	C:\Windows\syswow64\OLEAUT32.dll
0x60ba0000 - 0x60bb9000 	C:\Windows\system32\AVIFIL32.dll
0x661b0000 - 0x661c4000 	C:\Windows\system32\MSACM32.dll
0x63660000 - 0x63681000 	C:\Windows\system32\MSVFW32.dll
0x75350000 - 0x75f9a000 	C:\Windows\syswow64\SHELL32.dll
0x60b80000 - 0x60b93000 	C:\Windows\system32\AVICAP32.dll
0x00300000 - 0x00309000 	C:\Windows\system32\VERSION.dll
0x60ad0000 - 0x60b76000 	C:\Users\Dell\AppData\Local\Temp\javacpp9251135325369\opencv_objdetect246.dll
0x60560000 - 0x6059b000 	C:\Users\Dell\AppData\Local\Temp\javacpp9251135325369\jniopencv_objdetect.dll
0x5f780000 - 0x5f7f5000 	C:\Users\Dell\AppData\Local\Temp\javacpp9251135325369\jniopencv_core.dll
0x5d800000 - 0x5d944000 	C:\Program Files (x86)\Java\jdk1.7.0_25\jre\bin\awt.dll
0x692d0000 - 0x692e3000 	C:\Windows\system32\DWMAPI.DLL
0x6f020000 - 0x6f0a0000 	C:\Windows\system32\uxtheme.dll
0x5d7c0000 - 0x5d7f1000 	C:\Program Files (x86)\Java\jdk1.7.0_25\jre\bin\fontmanager.dll
0x6eeb0000 - 0x6eee6000 	C:\Program Files\WIDCOMM\Bluetooth Software\SysWOW64\BtMmHook.dll
0x76690000 - 0x76713000 	C:\Windows\syswow64\CLBCatQ.DLL
0x66070000 - 0x6607f000 	C:\Users\Dell\AppData\Local\Temp\javacpp9251135325369\jniopencv_highgui.dll
0x60520000 - 0x60559000 	C:\Users\Dell\AppData\Local\Temp\javacpp9251135325369\jniopencv_imgproc.dll

VM Arguments:
jvm_args: -Dfile.encoding=UTF-8 
java_command: facedetection.Vehicledetection
Launcher Type: SUN_STANDARD

Environment Variables:
CLASSPATH=.;C:\Program Files (x86)\QuickTime\QTSystem\QTJava.zip
PATH=C:\Windows\System32\Wbem;C:\Program Files (x86)\Java\jdk1.7.0_25\bin
USERNAME=Dell
OS=Windows_NT
PROCESSOR_IDENTIFIER=Intel64 Family 6 Model 58 Stepping 9, GenuineIntel



---------------  S Y S T E M  ---------------

OS: Windows 7 , 64 bit Build 7601 Service Pack 1

CPU:total 4 (2 cores per cpu, 2 threads per core) family 6 model 58 stepping 9, cmov, cx8, fxsr, mmx, sse, sse2, sse3, ssse3, sse4.1, sse4.2, popcnt, avx, ht, tsc, tscinvbit, tscinv

Memory: 4k page, physical 4066668k(713804k free), swap 8131492k(2029972k free)

vm_info: Java HotSpot(TM) Client VM (23.25-b01) for windows-x86 JRE (1.7.0_25-b16), built on Jun 12 2013 20:29:09 by "java_re" with unknown MS VC++:1600

time: Wed Jan 08 10:06:52 2014
elapsed time: 6 seconds

