#
# A fatal error has been detected by the Java Runtime Environment:
#
#  EXCEPTION_ACCESS_VIOLATION (0xc0000005) at pc=0x71092ffb, pid=7964, tid=7164
#
# JRE version: 7.0_25-b16
# Java VM: Java HotSpot(TM) Client VM (23.25-b01 mixed mode, sharing windows-x86 )
# Problematic frame:
# C  [opencv_ffmpeg246.dll+0xd2ffb]
#
# Failed to write core dump. Minidumps are not enabled by default on client versions of Windows
#
# If you would like to submit a bug report, please visit:
#   http://bugreport.sun.com/bugreport/crash.jsp
# The crash happened outside the Java Virtual Machine in native code.
# See problematic frame for where to report the bug.
#

---------------  T H R E A D  ---------------

Current thread (0x04c2b800):  JavaThread "Thread-0" [_thread_in_native, id=7164, stack(0x049f0000,0x04a40000)]

siginfo: ExceptionCode=0xc0000005, reading address 0x00000044

Registers:
EAX=0x00000000, EBX=0x79ea3dc0, ECX=0x00000000, EDX=0x00000000
ESP=0x04a3f150, EBP=0x04a3f19c, ESI=0x00000000, EDI=0x716577c0
EIP=0x71092ffb, EFLAGS=0x00210246

Top of Stack: (sp=0x04a3f150)
0x04a3f150:   79ea3dc0 00000030 7167f638 00000001
0x04a3f160:   00010001 00000000 00026161 00001000
0x04a3f170:   000f835b fffffff4 000000f0 04a3f18c
0x04a3f180:   00010000 7ffeffff 0000000f 00000000
0x04a3f190:   00000000 79ea3dc0 7a897600 00000000
0x04a3f1a0:   70fc18f0 79ea3dc0 716577c0 00000000
0x04a3f1b0:   00000000 0000000b 04c2b800 d9f6d163
0x04a3f1c0:   4018785a 04a3f1d8 5d4dcf63 00000140 

Instructions: (pc=0x71092ffb)
0x71092fdb:   00 00 01 0f 84 f6 00 00 00 8b 83 54 02 00 00 85
0x71092feb:   c0 0f 84 a2 02 00 00 8b 4b 78 8b 93 78 02 00 00
0x71092ffb:   0f b6 41 44 39 d0 0f 8c ad 00 00 00 85 d2 0f 88
0x7109300b:   a5 00 00 00 8b 41 14 85 c0 0f 84 9e 02 00 00 8b 


Register to memory mapping:

EAX=0x00000000 is an unknown value
EBX=0x79ea3dc0 is an unknown value
ECX=0x00000000 is an unknown value
EDX=0x00000000 is an unknown value
ESP=0x04a3f150 is pointing into the stack for thread: 0x04c2b800
EBP=0x04a3f19c is pointing into the stack for thread: 0x04c2b800
ESI=0x00000000 is an unknown value
EDI=0x716577c0 is an unknown value


Stack: [0x049f0000,0x04a40000],  sp=0x04a3f150,  free space=316k
Native frames: (J=compiled Java code, j=interpreted, Vv=VM code, C=native code)
C  [opencv_ffmpeg246.dll+0xd2ffb]

Java frames: (J=compiled Java code, j=interpreted, Vv=VM code)
j  com.googlecode.javacv.cpp.opencv_highgui.cvCreateFileCapture(Ljava/lang/String;)Lcom/googlecode/javacv/cpp/opencv_highgui$CvCapture;+0
j  com.googlecode.javacv.OpenCVFrameGrabber.start()V+22
j  facedetection.Vehicledetection$1.run()V+105
j  java.lang.Thread.run()V+11
v  ~StubRoutines::call_stub

---------------  P R O C E S S  ---------------

Java Threads: ( => current thread )
  0x04d19c00 JavaThread "AWT-EventQueue-0" [_thread_blocked, id=7864, stack(0x05e10000,0x05e60000)]
  0x04d0dc00 JavaThread "AWT-Windows" daemon [_thread_in_native, id=7832, stack(0x04ad0000,0x04b20000)]
  0x04d09000 JavaThread "AWT-Shutdown" [_thread_blocked, id=7608, stack(0x056e0000,0x05730000)]
  0x04d08800 JavaThread "Java2D Disposer" daemon [_thread_blocked, id=6984, stack(0x05790000,0x057e0000)]
  0x0044b000 JavaThread "DestroyJavaVM" [_thread_blocked, id=12060, stack(0x00940000,0x00990000)]
=>0x04c2b800 JavaThread "Thread-0" [_thread_in_native, id=7164, stack(0x049f0000,0x04a40000)]
  0x00dc3800 JavaThread "Service Thread" daemon [_thread_blocked, id=11148, stack(0x04a80000,0x04ad0000)]
  0x00dbdc00 JavaThread "C1 CompilerThread0" daemon [_thread_blocked, id=7716, stack(0x048e0000,0x04930000)]
  0x00dbc800 JavaThread "Attach Listener" daemon [_thread_blocked, id=9896, stack(0x04810000,0x04860000)]
  0x00db9400 JavaThread "Signal Dispatcher" daemon [_thread_blocked, id=4236, stack(0x047a0000,0x047f0000)]
  0x00da5400 JavaThread "Finalizer" daemon [_thread_blocked, id=6716, stack(0x046f0000,0x04740000)]
  0x00da3c00 JavaThread "Reference Handler" daemon [_thread_blocked, id=11540, stack(0x044d0000,0x04520000)]

Other Threads:
  0x00da1400 VMThread [stack: 0x043d0000,0x04420000] [id=6036]
  0x00ddf000 WatcherThread [stack: 0x04b50000,0x04ba0000] [id=5860]

VM state:not at safepoint (normal execution)

VM Mutex/Monitor currently owned by a thread: None

Heap
 def new generation   total 4928K, used 4360K [0x243c0000, 0x24910000, 0x29910000)
  eden space 4416K,  93% used [0x243c0000, 0x247c4588, 0x24810000)
  from space 512K,  48% used [0x24810000, 0x2484dbb0, 0x24890000)
  to   space 512K,   0% used [0x24890000, 0x24890000, 0x24910000)
 tenured generation   total 10944K, used 2117K [0x29910000, 0x2a3c0000, 0x343c0000)
   the space 10944K,  19% used [0x29910000, 0x29b21450, 0x29b21600, 0x2a3c0000)
 compacting perm gen  total 12288K, used 1814K [0x343c0000, 0x34fc0000, 0x383c0000)
   the space 12288K,  14% used [0x343c0000, 0x34585930, 0x34585a00, 0x34fc0000)
    ro space 10240K,  45% used [0x383c0000, 0x38849b28, 0x38849c00, 0x38dc0000)
    rw space 12288K,  54% used [0x38dc0000, 0x3944d0e8, 0x3944d200, 0x399c0000)

Card table byte_map: [0x042d0000,0x04380000] byte_map_base: 0x041ae200

Polling page: 0x00260000

Code Cache  [0x022d0000, 0x023b8000, 0x042d0000)
 total_blobs=454 nmethods=217 adapters=172 free_code_cache=31840Kb largest_free_block=32604288

Compilation events (10 events):
Event: 4.447 Thread 0x00dbdc00  212   !         com.googlecode.javacpp.Pointer$DeallocatorReference::remove (92 bytes)
Event: 4.447 Thread 0x00dbdc00 nmethod 212 0x023b6e48 code [0x023b6f50, 0x023b7220]
Event: 4.507 Thread 0x00dbdc00  213             java.lang.Object::equals (11 bytes)
Event: 4.507 Thread 0x00dbdc00 nmethod 213 0x023b7348 code [0x023b7440, 0x023b74d0]
Event: 4.602 Thread 0x00dbdc00  214             java.awt.image.Raster::getNumDataElements (8 bytes)
Event: 4.602 Thread 0x00dbdc00 nmethod 214 0x023b7508 code [0x023b7610, 0x023b76ac]
Event: 5.475 Thread 0x00dbdc00  216             com.googlecode.javacpp.Pointer::<init> (30 bytes)
Event: 5.475 Thread 0x00dbdc00 nmethod 216 0x023b79c8 code [0x023b7ac0, 0x023b7b70]
Event: 5.475 Thread 0x00dbdc00  217             com.googlecode.javacpp.Pointer::init (36 bytes)
Event: 5.476 Thread 0x00dbdc00 nmethod 217 0x023b7bc8 code [0x023b7ce0, 0x023b7e68]

GC Heap History (10 events):
Event: 4.439 GC heap before
{Heap before GC invocations=11 (full 0):
 def new generation   total 4928K, used 4596K [0x243c0000, 0x24910000, 0x29910000)
  eden space 4416K,  98% used [0x243c0000, 0x247ff4d8, 0x24810000)
  from space 512K,  48% used [0x24890000, 0x248cdbb0, 0x24910000)
  to   space 512K,   0% used [0x24810000, 0x24810000, 0x24890000)
 tenured generation   total 10944K, used 2117K [0x29910000, 0x2a3c0000, 0x343c0000)
   the space 10944K,  19% used [0x29910000, 0x29b21450, 0x29b21600, 0x2a3c0000)
 compacting perm gen  total 12288K, used 1814K [0x343c0000, 0x34fc0000, 0x383c0000)
   the space 12288K,  14% used [0x343c0000, 0x34585920, 0x34585a00, 0x34fc0000)
    ro space 10240K,  45% used [0x383c0000, 0x38849b28, 0x38849c00, 0x38dc0000)
    rw space 12288K,  54% used [0x38dc0000, 0x3944d0e8, 0x3944d200, 0x399c0000)
Event: 4.440 GC heap after
Heap after GC invocations=12 (full 0):
 def new generation   total 4928K, used 246K [0x243c0000, 0x24910000, 0x29910000)
  eden space 4416K,   0% used [0x243c0000, 0x243c0000, 0x24810000)
  from space 512K,  48% used [0x24810000, 0x2484dbb0, 0x24890000)
  to   space 512K,   0% used [0x24890000, 0x24890000, 0x24910000)
 tenured generation   total 10944K, used 2117K [0x29910000, 0x2a3c0000, 0x343c0000)
   the space 10944K,  19% used [0x29910000, 0x29b21450, 0x29b21600, 0x2a3c0000)
 compacting perm gen  total 12288K, used 1814K [0x343c0000, 0x34fc0000, 0x383c0000)
   the space 12288K,  14% used [0x343c0000, 0x34585920, 0x34585a00, 0x34fc0000)
    ro space 10240K,  45% used [0x383c0000, 0x38849b28, 0x38849c00, 0x38dc0000)
    rw space 12288K,  54% used [0x38dc0000, 0x3944d0e8, 0x3944d200, 0x399c0000)
}
Event: 4.814 GC heap before
{Heap before GC invocations=12 (full 0):
 def new generation   total 4928K, used 4576K [0x243c0000, 0x24910000, 0x29910000)
  eden space 4416K,  98% used [0x243c0000, 0x247fa830, 0x24810000)
  from space 512K,  48% used [0x24810000, 0x2484dbb0, 0x24890000)
  to   space 512K,   0% used [0x24890000, 0x24890000, 0x24910000)
 tenured generation   total 10944K, used 2117K [0x29910000, 0x2a3c0000, 0x343c0000)
   the space 10944K,  19% used [0x29910000, 0x29b21450, 0x29b21600, 0x2a3c0000)
 compacting perm gen  total 12288K, used 1814K [0x343c0000, 0x34fc0000, 0x383c0000)
   the space 12288K,  14% used [0x343c0000, 0x34585930, 0x34585a00, 0x34fc0000)
    ro space 10240K,  45% used [0x383c0000, 0x38849b28, 0x38849c00, 0x38dc0000)
    rw space 12288K,  54% used [0x38dc0000, 0x3944d0e8, 0x3944d200, 0x399c0000)
Event: 4.814 GC heap after
Heap after GC invocations=13 (full 0):
 def new generation   total 4928K, used 246K [0x243c0000, 0x24910000, 0x29910000)
  eden space 4416K,   0% used [0x243c0000, 0x243c0000, 0x24810000)
  from space 512K,  48% used [0x24890000, 0x248cdbb0, 0x24910000)
  to   space 512K,   0% used [0x24810000, 0x24810000, 0x24890000)
 tenured generation   total 10944K, used 2117K [0x29910000, 0x2a3c0000, 0x343c0000)
   the space 10944K,  19% used [0x29910000, 0x29b21450, 0x29b21600, 0x2a3c0000)
 compacting perm gen  total 12288K, used 1814K [0x343c0000, 0x34fc0000, 0x383c0000)
   the space 12288K,  14% used [0x343c0000, 0x34585930, 0x34585a00, 0x34fc0000)
    ro space 10240K,  45% used [0x383c0000, 0x38849b28, 0x38849c00, 0x38dc0000)
    rw space 12288K,  54% used [0x38dc0000, 0x3944d0e8, 0x3944d200, 0x399c0000)
}
Event: 5.142 GC heap before
{Heap before GC invocations=13 (full 0):
 def new generation   total 4928K, used 4578K [0x243c0000, 0x24910000, 0x29910000)
  eden space 4416K,  98% used [0x243c0000, 0x247fad68, 0x24810000)
  from space 512K,  48% used [0x24890000, 0x248cdbb0, 0x24910000)
  to   space 512K,   0% used [0x24810000, 0x24810000, 0x24890000)
 tenured generation   total 10944K, used 2117K [0x29910000, 0x2a3c0000, 0x343c0000)
   the space 10944K,  19% used [0x29910000, 0x29b21450, 0x29b21600, 0x2a3c0000)
 compacting perm gen  total 12288K, used 1814K [0x343c0000, 0x34fc0000, 0x383c0000)
   the space 12288K,  14% used [0x343c0000, 0x34585930, 0x34585a00, 0x34fc0000)
    ro space 10240K,  45% used [0x383c0000, 0x38849b28, 0x38849c00, 0x38dc0000)
    rw space 12288K,  54% used [0x38dc0000, 0x3944d0e8, 0x3944d200, 0x399c0000)
Event: 5.143 GC heap after
Heap after GC invocations=14 (full 0):
 def new generation   total 4928K, used 246K [0x243c0000, 0x24910000, 0x29910000)
  eden space 4416K,   0% used [0x243c0000, 0x243c0000, 0x24810000)
  from space 512K,  48% used [0x24810000, 0x2484dbb0, 0x24890000)
  to   space 512K,   0% used [0x24890000, 0x24890000, 0x24910000)
 tenured generation   total 10944K, used 2117K [0x29910000, 0x2a3c0000, 0x343c0000)
   the space 10944K,  19% used [0x29910000, 0x29b21450, 0x29b21600, 0x2a3c0000)
 compacting perm gen  total 12288K, used 1814K [0x343c0000, 0x34fc0000, 0x383c0000)
   the space 12288K,  14% used [0x343c0000, 0x34585930, 0x34585a00, 0x34fc0000)
    ro space 10240K,  45% used [0x383c0000, 0x38849b28, 0x38849c00, 0x38dc0000)
    rw space 12288K,  54% used [0x38dc0000, 0x3944d0e8, 0x3944d200, 0x399c0000)
}
Event: 5.475 GC heap before
{Heap before GC invocations=14 (full 0):
 def new generation   total 4928K, used 4578K [0x243c0000, 0x24910000, 0x29910000)
  eden space 4416K,  98% used [0x243c0000, 0x247fad68, 0x24810000)
  from space 512K,  48% used [0x24810000, 0x2484dbb0, 0x24890000)
  to   space 512K,   0% used [0x24890000, 0x24890000, 0x24910000)
 tenured generation   total 10944K, used 2117K [0x29910000, 0x2a3c0000, 0x343c0000)
   the space 10944K,  19% used [0x29910000, 0x29b21450, 0x29b21600, 0x2a3c0000)
 compacting perm gen  total 12288K, used 1814K [0x343c0000, 0x34fc0000, 0x383c0000)
   the space 12288K,  14% used [0x343c0000, 0x34585930, 0x34585a00, 0x34fc0000)
    ro space 10240K,  45% used [0x383c0000, 0x38849b28, 0x38849c00, 0x38dc0000)
    rw space 12288K,  54% used [0x38dc0000, 0x3944d0e8, 0x3944d200, 0x399c0000)
Event: 5.476 GC heap after
Heap after GC invocations=15 (full 0):
 def new generation   total 4928K, used 246K [0x243c0000, 0x24910000, 0x29910000)
  eden space 4416K,   0% used [0x243c0000, 0x243c0000, 0x24810000)
  from space 512K,  48% used [0x24890000, 0x248cdbb0, 0x24910000)
  to   space 512K,   0% used [0x24810000, 0x24810000, 0x24890000)
 tenured generation   total 10944K, used 2117K [0x29910000, 0x2a3c0000, 0x343c0000)
   the space 10944K,  19% used [0x29910000, 0x29b21450, 0x29b21600, 0x2a3c0000)
 compacting perm gen  total 12288K, used 1814K [0x343c0000, 0x34fc0000, 0x383c0000)
   the space 12288K,  14% used [0x343c0000, 0x34585930, 0x34585a00, 0x34fc0000)
    ro space 10240K,  45% used [0x383c0000, 0x38849b28, 0x38849c00, 0x38dc0000)
    rw space 12288K,  54% used [0x38dc0000, 0x3944d0e8, 0x3944d200, 0x399c0000)
}
Event: 5.809 GC heap before
{Heap before GC invocations=15 (full 0):
 def new generation   total 4928K, used 4578K [0x243c0000, 0x24910000, 0x29910000)
  eden space 4416K,  98% used [0x243c0000, 0x247fad68, 0x24810000)
  from space 512K,  48% used [0x24890000, 0x248cdbb0, 0x24910000)
  to   space 512K,   0% used [0x24810000, 0x24810000, 0x24890000)
 tenured generation   total 10944K, used 2117K [0x29910000, 0x2a3c0000, 0x343c0000)
   the space 10944K,  19% used [0x29910000, 0x29b21450, 0x29b21600, 0x2a3c0000)
 compacting perm gen  total 12288K, used 1814K [0x343c0000, 0x34fc0000, 0x383c0000)
   the space 12288K,  14% used [0x343c0000, 0x34585930, 0x34585a00, 0x34fc0000)
    ro space 10240K,  45% used [0x383c0000, 0x38849b28, 0x38849c00, 0x38dc0000)
    rw space 12288K,  54% used [0x38dc0000, 0x3944d0e8, 0x3944d200, 0x399c0000)
Event: 5.809 GC heap after
Heap after GC invocations=16 (full 0):
 def new generation   total 4928K, used 246K [0x243c0000, 0x24910000, 0x29910000)
  eden space 4416K,   0% used [0x243c0000, 0x243c0000, 0x24810000)
  from space 512K,  48% used [0x24810000, 0x2484dbb0, 0x24890000)
  to   space 512K,   0% used [0x24890000, 0x24890000, 0x24910000)
 tenured generation   total 10944K, used 2117K [0x29910000, 0x2a3c0000, 0x343c0000)
   the space 10944K,  19% used [0x29910000, 0x29b21450, 0x29b21600, 0x2a3c0000)
 compacting perm gen  total 12288K, used 1814K [0x343c0000, 0x34fc0000, 0x383c0000)
   the space 12288K,  14% used [0x343c0000, 0x34585930, 0x34585a00, 0x34fc0000)
    ro space 10240K,  45% used [0x383c0000, 0x38849b28, 0x38849c00, 0x38dc0000)
    rw space 12288K,  54% used [0x38dc0000, 0x3944d0e8, 0x3944d200, 0x399c0000)
}

Deoptimization events (0 events):
No events

Internal exceptions (10 events):
Event: 1.053 Thread 0x04c2b800 Threw 0x247143d0 at C:\jdk7u2_32P\jdk7u25\hotspot\src\share\vm\prims\jvm.cpp:1235
Event: 1.053 Thread 0x04c2b800 Threw 0x24718b40 at C:\jdk7u2_32P\jdk7u25\hotspot\src\share\vm\prims\jvm.cpp:1235
Event: 1.054 Thread 0x04c2b800 Threw 0x2471e7e0 at C:\jdk7u2_32P\jdk7u25\hotspot\src\share\vm\prims\jvm.cpp:1235
Event: 1.054 Thread 0x04c2b800 Threw 0x247233b8 at C:\jdk7u2_32P\jdk7u25\hotspot\src\share\vm\prims\jvm.cpp:1235
Event: 1.054 Thread 0x04c2b800 Threw 0x24726940 at C:\jdk7u2_32P\jdk7u25\hotspot\src\share\vm\prims\jvm.cpp:1235
Event: 1.054 Thread 0x04c2b800 Threw 0x2472a700 at C:\jdk7u2_32P\jdk7u25\hotspot\src\share\vm\prims\jvm.cpp:1235
Event: 1.055 Thread 0x04c2b800 Threw 0x2472e258 at C:\jdk7u2_32P\jdk7u25\hotspot\src\share\vm\prims\jvm.cpp:1235
Event: 1.055 Thread 0x04c2b800 Threw 0x247317a8 at C:\jdk7u2_32P\jdk7u25\hotspot\src\share\vm\prims\jvm.cpp:1235
Event: 1.079 Thread 0x04c2b800 Threw 0x24742ce0 at C:\jdk7u2_32P\jdk7u25\hotspot\src\share\vm\prims\jvm.cpp:1235
Event: 6.118 Thread 0x04c2b800 Threw 0x247c4308 at C:\jdk7u2_32P\jdk7u25\hotspot\src\share\vm\prims\jni.cpp:716

Events (10 events):
Event: 4.520 Executing VM operation: EnableBiasedLocking
Event: 4.520 Executing VM operation: EnableBiasedLocking done
Event: 4.814 Executing VM operation: GenCollectForAllocation
Event: 4.814 Executing VM operation: GenCollectForAllocation done
Event: 5.142 Executing VM operation: GenCollectForAllocation
Event: 5.143 Executing VM operation: GenCollectForAllocation done
Event: 5.475 Executing VM operation: GenCollectForAllocation
Event: 5.476 Executing VM operation: GenCollectForAllocation done
Event: 5.809 Executing VM operation: GenCollectForAllocation
Event: 5.809 Executing VM operation: GenCollectForAllocation done


Dynamic libraries:
0x00ea0000 - 0x00ecf000 	C:\Program Files (x86)\Java\jdk1.7.0_25\bin\java.exe
0x772a0000 - 0x77420000 	C:\Windows\SysWOW64\ntdll.dll
0x75fa0000 - 0x760b0000 	C:\Windows\syswow64\kernel32.dll
0x762b0000 - 0x762f6000 	C:\Windows\syswow64\KERNELBASE.dll
0x76b90000 - 0x76c30000 	C:\Windows\syswow64\ADVAPI32.dll
0x76a90000 - 0x76b3c000 	C:\Windows\syswow64\msvcrt.dll
0x76b70000 - 0x76b89000 	C:\Windows\SysWOW64\sechost.dll
0x75130000 - 0x75220000 	C:\Windows\syswow64\RPCRT4.dll
0x74e00000 - 0x74e60000 	C:\Windows\syswow64\SspiCli.dll
0x74df0000 - 0x74dfc000 	C:\Windows\syswow64\CRYPTBASE.dll
0x76990000 - 0x76a90000 	C:\Windows\syswow64\USER32.dll
0x76520000 - 0x765b0000 	C:\Windows\syswow64\GDI32.dll
0x75120000 - 0x7512a000 	C:\Windows\syswow64\LPK.dll
0x765b0000 - 0x7664d000 	C:\Windows\syswow64\USP10.dll
0x701c0000 - 0x7035e000 	C:\Windows\WinSxS\x86_microsoft.windows.common-controls_6595b64144ccf1df_6.0.7601.17514_none_41e6975e2bd6f2b2\COMCTL32.dll
0x76250000 - 0x762a7000 	C:\Windows\syswow64\SHLWAPI.dll
0x74ec0000 - 0x74f20000 	C:\Windows\system32\IMM32.DLL
0x76c30000 - 0x76cfc000 	C:\Windows\syswow64\MSCTF.dll
0x5d9f0000 - 0x5daae000 	C:\Program Files (x86)\Java\jdk1.7.0_25\jre\bin\msvcr100.dll
0x5d410000 - 0x5d752000 	C:\Program Files (x86)\Java\jdk1.7.0_25\jre\bin\client\jvm.dll
0x700a0000 - 0x700a7000 	C:\Windows\system32\WSOCK32.dll
0x76650000 - 0x76685000 	C:\Windows\syswow64\WS2_32.dll
0x74eb0000 - 0x74eb6000 	C:\Windows\syswow64\NSI.dll
0x69430000 - 0x69462000 	C:\Windows\system32\WINMM.dll
0x75220000 - 0x75225000 	C:\Windows\syswow64\PSAPI.DLL
0x74bc0000 - 0x74bcc000 	C:\Program Files (x86)\Java\jdk1.7.0_25\jre\bin\verify.dll
0x5d990000 - 0x5d9b0000 	C:\Program Files (x86)\Java\jdk1.7.0_25\jre\bin\java.dll
0x5d970000 - 0x5d983000 	C:\Program Files (x86)\Java\jdk1.7.0_25\jre\bin\zip.dll
0x66dc0000 - 0x66e7e000 	C:\Users\Dell\AppData\Local\Temp\javacpp11121416430689\msvcr100.dll
0x66d50000 - 0x66db9000 	C:\Users\Dell\AppData\Local\Temp\javacpp11121416430689\msvcp100.dll
0x70fc0000 - 0x71d59000 	C:\Users\Dell\AppData\Local\Temp\javacpp11121416430689\opencv_ffmpeg246.dll
0x667b0000 - 0x669b4000 	C:\Users\Dell\AppData\Local\Temp\javacpp11121416430689\opencv_core246.dll
0x66540000 - 0x667aa000 	C:\Users\Dell\AppData\Local\Temp\javacpp11121416430689\opencv_imgproc246.dll
0x66330000 - 0x6653a000 	C:\Users\Dell\AppData\Local\Temp\javacpp11121416430689\opencv_highgui246.dll
0x76300000 - 0x7645c000 	C:\Windows\syswow64\ole32.dll
0x76130000 - 0x761bf000 	C:\Windows\syswow64\OLEAUT32.dll
0x6ef00000 - 0x6ef19000 	C:\Windows\system32\AVIFIL32.dll
0x661b0000 - 0x661c4000 	C:\Windows\system32\MSACM32.dll
0x66ec0000 - 0x66ee1000 	C:\Windows\system32\MSVFW32.dll
0x75350000 - 0x75f9a000 	C:\Windows\syswow64\SHELL32.dll
0x6ee90000 - 0x6eea3000 	C:\Windows\system32\AVICAP32.dll
0x00930000 - 0x00939000 	C:\Windows\system32\VERSION.dll
0x66280000 - 0x66326000 	C:\Users\Dell\AppData\Local\Temp\javacpp11121416430689\opencv_objdetect246.dll
0x66240000 - 0x6627b000 	C:\Users\Dell\AppData\Local\Temp\javacpp11121416430689\jniopencv_objdetect.dll
0x66110000 - 0x66185000 	C:\Users\Dell\AppData\Local\Temp\javacpp11121416430689\jniopencv_core.dll
0x5d800000 - 0x5d944000 	C:\Program Files (x86)\Java\jdk1.7.0_25\jre\bin\awt.dll
0x692d0000 - 0x692e3000 	C:\Windows\system32\DWMAPI.DLL
0x6f020000 - 0x6f0a0000 	C:\Windows\system32\uxtheme.dll
0x5d7c0000 - 0x5d7f1000 	C:\Program Files (x86)\Java\jdk1.7.0_25\jre\bin\fontmanager.dll
0x6eeb0000 - 0x6eee6000 	C:\Program Files\WIDCOMM\Bluetooth Software\SysWOW64\BtMmHook.dll
0x76690000 - 0x76713000 	C:\Windows\syswow64\CLBCatQ.DLL
0x692c0000 - 0x692cf000 	C:\Users\Dell\AppData\Local\Temp\javacpp11121416430689\jniopencv_highgui.dll
0x66200000 - 0x66239000 	C:\Users\Dell\AppData\Local\Temp\javacpp11121416430689\jniopencv_imgproc.dll

VM Arguments:
jvm_args: -Dfile.encoding=UTF-8 
java_command: facedetection.Vehicledetection
Launcher Type: SUN_STANDARD

Environment Variables:
CLASSPATH=.;C:\Program Files (x86)\QuickTime\QTSystem\QTJava.zip
PATH=C:\Windows\System32\Wbem;C:\Program Files (x86)\Java\jdk1.7.0_25\bin
USERNAME=Dell
OS=Windows_NT
PROCESSOR_IDENTIFIER=Intel64 Family 6 Model 58 Stepping 9, GenuineIntel



---------------  S Y S T E M  ---------------

OS: Windows 7 , 64 bit Build 7601 Service Pack 1

CPU:total 4 (2 cores per cpu, 2 threads per core) family 6 model 58 stepping 9, cmov, cx8, fxsr, mmx, sse, sse2, sse3, ssse3, sse4.1, sse4.2, popcnt, avx, ht, tsc, tscinvbit, tscinv

Memory: 4k page, physical 4066668k(942192k free), swap 8131492k(2946684k free)

vm_info: Java HotSpot(TM) Client VM (23.25-b01) for windows-x86 JRE (1.7.0_25-b16), built on Jun 12 2013 20:29:09 by "java_re" with unknown MS VC++:1600

time: Wed Jan 08 10:38:02 2014
elapsed time: 6 seconds

