#
# A fatal error has been detected by the Java Runtime Environment:
#
#  EXCEPTION_UNCAUGHT_CXX_EXCEPTION (0xe06d7363) at pc=0x76aab727, pid=6376, tid=7084
#
# JRE version: 7.0_25-b16
# Java VM: Java HotSpot(TM) Client VM (23.25-b01 mixed mode, sharing windows-x86 )
# Problematic frame:
# C  [KERNELBASE.dll+0xb727]  RaiseException+0x58
#
# Failed to write core dump. Minidumps are not enabled by default on client versions of Windows
#
# If you would like to submit a bug report, please visit:
#   http://bugreport.sun.com/bugreport/crash.jsp
# The crash happened outside the Java Virtual Machine in native code.
# See problematic frame for where to report the bug.
#

---------------  T H R E A D  ---------------

Current thread (0x0032bc00):  JavaThread "main" [_thread_in_native, id=7084, stack(0x00190000,0x001e0000)]

siginfo: ExceptionCode=0xe06d7363, ExceptionInformation=0x19930520 0x001cbfe0 0x5e2a4a88 

Registers:
EAX=0x001cbf3c, EBX=0x00000d4a, ECX=0x00000003, EDX=0x00000000
ESP=0x001cbf3c, EBP=0x001cbf8c, ESI=0x001dd63c, EDI=0x69ad1ec6
EIP=0x76aab727, EFLAGS=0x00000206

Top of Stack: (sp=0x001cbf3c)
0x001cbf3c:   e06d7363 00000001 00000000 76aab727
0x001cbf4c:   00000003 19930520 001cbfe0 5e2a4a88
0x001cbf5c:   00000000 04b9ab18 001cc044 001cbf50
0x001cbf6c:   001cc044 00000031 001cbf94 5e0d40fe
0x001cbf7c:   04b9ab18 04b9a458 00000031 001dd63c
0x001cbf8c:   001cbfc4 69ae7819 e06d7363 00000001
0x001cbf9c:   00000003 001cbfb8 e06d7363 00000001
0x001cbfac:   00000000 00000000 00000003 19930520 

Instructions: (pc=0x76aab727)
0x76aab707:   02 50 ff 75 14 8d 45 c4 50 e8 3d a9 02 00 83 c4
0x76aab717:   0c eb 03 89 45 c0 8d 45 b0 50 ff 15 6c 11 aa 76
0x76aab727:   c9 c2 10 00 cc cc cc cc cc 8b ff 55 8b ec 56 8b
0x76aab737:   75 08 83 fe f4 72 18 83 fe f6 77 13 8d 45 08 50 


Register to memory mapping:

EAX=0x001cbf3c is pointing into the stack for thread: 0x0032bc00
EBX=0x00000d4a is an unknown value
ECX=0x00000003 is an unknown value
EDX=0x00000000 is an unknown value
ESP=0x001cbf3c is pointing into the stack for thread: 0x0032bc00
EBP=0x001cbf8c is pointing into the stack for thread: 0x0032bc00
ESI=0x001dd63c is pointing into the stack for thread: 0x0032bc00
EDI=0x69ad1ec6 is an unknown value


Stack: [0x00190000,0x001e0000],  sp=0x001cbf3c,  free space=239k
Native frames: (J=compiled Java code, j=interpreted, Vv=VM code, C=native code)
C  [KERNELBASE.dll+0xb727]  RaiseException+0x58
C  [msvcr100.dll+0x27819]  CxxThrowException+0x45

Java frames: (J=compiled Java code, j=interpreted, Vv=VM code)
j  com.googlecode.javacv.cpp.opencv_imgproc.cvCvtColor(Lcom/googlecode/javacv/cpp/opencv_core$CvArr;Lcom/googlecode/javacv/cpp/opencv_core$CvArr;I)V+0
j  webcam.newdetect.main([Ljava/lang/String;)V+182
v  ~StubRoutines::call_stub

---------------  P R O C E S S  ---------------

Java Threads: ( => current thread )
  0x04b90c00 JavaThread "AWT-EventQueue-0" [_thread_blocked, id=4220, stack(0x08910000,0x08960000)]
  0x04b82400 JavaThread "AWT-Windows" daemon [_thread_in_native, id=2684, stack(0x086d0000,0x08720000)]
  0x04b81c00 JavaThread "AWT-Shutdown" [_thread_blocked, id=2740, stack(0x07cd0000,0x07d20000)]
  0x04b81800 JavaThread "Java2D Disposer" daemon [_thread_blocked, id=5380, stack(0x08610000,0x08660000)]
  0x02248000 JavaThread "Service Thread" daemon [_thread_blocked, id=5276, stack(0x046d0000,0x04720000)]
  0x02243000 JavaThread "C1 CompilerThread0" daemon [_thread_blocked, id=6740, stack(0x048a0000,0x048f0000)]
  0x02242000 JavaThread "Attach Listener" daemon [_thread_blocked, id=6572, stack(0x04680000,0x046d0000)]
  0x0223f000 JavaThread "Signal Dispatcher" daemon [_thread_blocked, id=3784, stack(0x04830000,0x04880000)]
  0x02225400 JavaThread "Finalizer" daemon [_thread_blocked, id=6212, stack(0x045b0000,0x04600000)]
  0x02223800 JavaThread "Reference Handler" daemon [_thread_blocked, id=6364, stack(0x04540000,0x04590000)]
=>0x0032bc00 JavaThread "main" [_thread_in_native, id=7084, stack(0x00190000,0x001e0000)]

Other Threads:
  0x02221c00 VMThread [stack: 0x04490000,0x044e0000] [id=3472]
  0x0225b000 WatcherThread [stack: 0x049e0000,0x04a30000] [id=3768]

VM state:not at safepoint (normal execution)

VM Mutex/Monitor currently owned by a thread: None

Heap
 def new generation   total 4928K, used 2697K [0x243c0000, 0x24910000, 0x29910000)
  eden space 4416K,  49% used [0x243c0000, 0x245e2410, 0x24810000)
  from space 512K, 100% used [0x24810000, 0x24890000, 0x24890000)
  to   space 512K,   0% used [0x24890000, 0x24890000, 0x24910000)
 tenured generation   total 10944K, used 2296K [0x29910000, 0x2a3c0000, 0x343c0000)
   the space 10944K,  20% used [0x29910000, 0x29b4e220, 0x29b4e400, 0x2a3c0000)
 compacting perm gen  total 12288K, used 1813K [0x343c0000, 0x34fc0000, 0x383c0000)
   the space 12288K,  14% used [0x343c0000, 0x345856c0, 0x34585800, 0x34fc0000)
    ro space 10240K,  45% used [0x383c0000, 0x38849b28, 0x38849c00, 0x38dc0000)
    rw space 12288K,  54% used [0x38dc0000, 0x3944d0e8, 0x3944d200, 0x399c0000)

Card table byte_map: [0x042d0000,0x04380000] byte_map_base: 0x041ae200

Polling page: 0x001e0000

Code Cache  [0x022d0000, 0x023b0000, 0x042d0000)
 total_blobs=423 nmethods=186 adapters=172 free_code_cache=31878Kb largest_free_block=32643904

Compilation events (10 events):
Event: 2.066 Thread 0x02243000  181             java.lang.String::lastIndexOf (13 bytes)
Event: 2.066 Thread 0x02243000 nmethod 181 0x023ada48 code [0x023adb50, 0x023adbec]
Event: 2.071 Thread 0x02243000  182             java.util.zip.ZipFile::access$400 (5 bytes)
Event: 2.071 Thread 0x02243000 nmethod 182 0x023adc88 code [0x023add80, 0x023ade00]
Event: 2.114 Thread 0x02243000  183             java.lang.Integer::valueOf (54 bytes)
Event: 2.114 Thread 0x02243000 nmethod 183 0x023ade88 code [0x023adf80, 0x023ae070]
Event: 2.114 Thread 0x02243000  184             java.util.WeakHashMap::indexFor (6 bytes)
Event: 2.115 Thread 0x02243000 nmethod 184 0x023ae148 code [0x023ae240, 0x023ae2b0]
Event: 2.119 Thread 0x02243000  185             java.net.URL::getRef (5 bytes)
Event: 2.119 Thread 0x02243000 nmethod 185 0x023ae308 code [0x023ae400, 0x023ae480]

GC Heap History (4 events):
Event: 1.646 GC heap before
{Heap before GC invocations=0 (full 0):
 def new generation   total 4928K, used 4416K [0x243c0000, 0x24910000, 0x29910000)
  eden space 4416K, 100% used [0x243c0000, 0x24810000, 0x24810000)
  from space 512K,   0% used [0x24810000, 0x24810000, 0x24890000)
  to   space 512K,   0% used [0x24890000, 0x24890000, 0x24910000)
 tenured generation   total 10944K, used 0K [0x29910000, 0x2a3c0000, 0x343c0000)
   the space 10944K,   0% used [0x29910000, 0x29910000, 0x29910200, 0x2a3c0000)
 compacting perm gen  total 12288K, used 971K [0x343c0000, 0x34fc0000, 0x383c0000)
   the space 12288K,   7% used [0x343c0000, 0x344b2e18, 0x344b3000, 0x34fc0000)
    ro space 10240K,  45% used [0x383c0000, 0x38849b28, 0x38849c00, 0x38dc0000)
    rw space 12288K,  54% used [0x38dc0000, 0x3944d0e8, 0x3944d200, 0x399c0000)
Event: 1.651 GC heap after
Heap after GC invocations=1 (full 0):
 def new generation   total 4928K, used 512K [0x243c0000, 0x24910000, 0x29910000)
  eden space 4416K,   0% used [0x243c0000, 0x243c0000, 0x24810000)
  from space 512K, 100% used [0x24890000, 0x24910000, 0x24910000)
  to   space 512K,   0% used [0x24810000, 0x24810000, 0x24890000)
 tenured generation   total 10944K, used 395K [0x29910000, 0x2a3c0000, 0x343c0000)
   the space 10944K,   3% used [0x29910000, 0x29972d28, 0x29972e00, 0x2a3c0000)
 compacting perm gen  total 12288K, used 971K [0x343c0000, 0x34fc0000, 0x383c0000)
   the space 12288K,   7% used [0x343c0000, 0x344b2e18, 0x344b3000, 0x34fc0000)
    ro space 10240K,  45% used [0x383c0000, 0x38849b28, 0x38849c00, 0x38dc0000)
    rw space 12288K,  54% used [0x38dc0000, 0x3944d0e8, 0x3944d200, 0x399c0000)
}
Event: 2.011 GC heap before
{Heap before GC invocations=1 (full 0):
 def new generation   total 4928K, used 4476K [0x243c0000, 0x24910000, 0x29910000)
  eden space 4416K,  89% used [0x243c0000, 0x2479f2d8, 0x24810000)
  from space 512K, 100% used [0x24890000, 0x24910000, 0x24910000)
  to   space 512K,   0% used [0x24810000, 0x24810000, 0x24890000)
 tenured generation   total 10944K, used 395K [0x29910000, 0x2a3c0000, 0x343c0000)
   the space 10944K,   3% used [0x29910000, 0x29972d28, 0x29972e00, 0x2a3c0000)
 compacting perm gen  total 12288K, used 1713K [0x343c0000, 0x34fc0000, 0x383c0000)
   the space 12288K,  13% used [0x343c0000, 0x3456c4c0, 0x3456c600, 0x34fc0000)
    ro space 10240K,  45% used [0x383c0000, 0x38849b28, 0x38849c00, 0x38dc0000)
    rw space 12288K,  54% used [0x38dc0000, 0x3944d0e8, 0x3944d200, 0x399c0000)
Event: 2.017 GC heap after
Heap after GC invocations=2 (full 0):
 def new generation   total 4928K, used 512K [0x243c0000, 0x24910000, 0x29910000)
  eden space 4416K,   0% used [0x243c0000, 0x243c0000, 0x24810000)
  from space 512K, 100% used [0x24810000, 0x24890000, 0x24890000)
  to   space 512K,   0% used [0x24890000, 0x24890000, 0x24910000)
 tenured generation   total 10944K, used 2296K [0x29910000, 0x2a3c0000, 0x343c0000)
   the space 10944K,  20% used [0x29910000, 0x29b4e220, 0x29b4e400, 0x2a3c0000)
 compacting perm gen  total 12288K, used 1713K [0x343c0000, 0x34fc0000, 0x383c0000)
   the space 12288K,  13% used [0x343c0000, 0x3456c4c0, 0x3456c600, 0x34fc0000)
    ro space 10240K,  45% used [0x383c0000, 0x38849b28, 0x38849c00, 0x38dc0000)
    rw space 12288K,  54% used [0x38dc0000, 0x3944d0e8, 0x3944d200, 0x399c0000)
}

Deoptimization events (0 events):
No events

Internal exceptions (10 events):
Event: 2.025 Thread 0x0032bc00 Threw 0x24550970 at C:\jdk7u2_32P\jdk7u25\hotspot\src\share\vm\prims\jvm.cpp:1235
Event: 2.027 Thread 0x0032bc00 Threw 0x24555490 at C:\jdk7u2_32P\jdk7u25\hotspot\src\share\vm\prims\jvm.cpp:1235
Event: 2.027 Thread 0x0032bc00 Threw 0x24559778 at C:\jdk7u2_32P\jdk7u25\hotspot\src\share\vm\prims\jvm.cpp:1235
Event: 2.027 Thread 0x0032bc00 Threw 0x2455dc78 at C:\jdk7u2_32P\jdk7u25\hotspot\src\share\vm\prims\jvm.cpp:1235
Event: 2.027 Thread 0x0032bc00 Threw 0x24562100 at C:\jdk7u2_32P\jdk7u25\hotspot\src\share\vm\prims\jvm.cpp:1235
Event: 2.028 Thread 0x0032bc00 Threw 0x24566040 at C:\jdk7u2_32P\jdk7u25\hotspot\src\share\vm\prims\jvm.cpp:1235
Event: 2.113 Thread 0x0032bc00 Threw 0x2459fe28 at C:\jdk7u2_32P\jdk7u25\hotspot\src\share\vm\prims\jvm.cpp:1235
Event: 2.114 Thread 0x0032bc00 Threw 0x245a7cf0 at C:\jdk7u2_32P\jdk7u25\hotspot\src\share\vm\prims\jvm.cpp:1235
Event: 2.115 Thread 0x0032bc00 Threw 0x245acc20 at C:\jdk7u2_32P\jdk7u25\hotspot\src\share\vm\prims\jvm.cpp:1235
Event: 2.116 Thread 0x0032bc00 Threw 0x245b1b08 at C:\jdk7u2_32P\jdk7u25\hotspot\src\share\vm\prims\jvm.cpp:1235

Events (10 events):
Event: 2.028 loading class 0x04b9a890
Event: 2.028 loading class 0x04b9a890 done
Event: 2.112 loading class 0x089ab860
Event: 2.113 loading class 0x089ab860 done
Event: 2.114 loading class 0x04ba0aa0
Event: 2.114 loading class 0x04ba0aa0 done
Event: 2.115 loading class 0x04ba00a8
Event: 2.115 loading class 0x04ba00a8 done
Event: 2.116 loading class 0x04ba00f8
Event: 2.116 loading class 0x04ba00f8 done


Dynamic libraries:
0x00370000 - 0x0039f000 	C:\Program Files (x86)\Java\jdk1.7.0_25\bin\java.exe
0x77240000 - 0x773c0000 	C:\Windows\SysWOW64\ntdll.dll
0x76990000 - 0x76aa0000 	C:\Windows\syswow64\kernel32.dll
0x76aa0000 - 0x76ae6000 	C:\Windows\syswow64\KERNELBASE.dll
0x768f0000 - 0x76990000 	C:\Windows\syswow64\ADVAPI32.dll
0x76d90000 - 0x76e3c000 	C:\Windows\syswow64\msvcrt.dll
0x75740000 - 0x75759000 	C:\Windows\SysWOW64\sechost.dll
0x751c0000 - 0x752b0000 	C:\Windows\syswow64\RPCRT4.dll
0x74da0000 - 0x74e00000 	C:\Windows\syswow64\SspiCli.dll
0x74d90000 - 0x74d9c000 	C:\Windows\syswow64\CRYPTBASE.dll
0x75040000 - 0x75140000 	C:\Windows\syswow64\USER32.dll
0x754b0000 - 0x75540000 	C:\Windows\syswow64\GDI32.dll
0x75900000 - 0x7590a000 	C:\Windows\syswow64\LPK.dll
0x75830000 - 0x758cd000 	C:\Windows\syswow64\USP10.dll
0x71160000 - 0x712fe000 	C:\Windows\WinSxS\x86_microsoft.windows.common-controls_6595b64144ccf1df_6.0.7601.17514_none_41e6975e2bd6f2b2\COMCTL32.dll
0x75150000 - 0x751a7000 	C:\Windows\syswow64\SHLWAPI.dll
0x75540000 - 0x755a0000 	C:\Windows\system32\IMM32.DLL
0x76af0000 - 0x76bbc000 	C:\Windows\syswow64\MSCTF.dll
0x69ac0000 - 0x69b7e000 	C:\Program Files (x86)\Java\jdk1.7.0_25\jre\bin\msvcr100.dll
0x67a00000 - 0x67d42000 	C:\Program Files (x86)\Java\jdk1.7.0_25\jre\bin\client\jvm.dll
0x71150000 - 0x71157000 	C:\Windows\system32\WSOCK32.dll
0x766e0000 - 0x76715000 	C:\Windows\syswow64\WS2_32.dll
0x75140000 - 0x75146000 	C:\Windows\syswow64\NSI.dll
0x6c8d0000 - 0x6c902000 	C:\Windows\system32\WINMM.dll
0x751b0000 - 0x751b5000 	C:\Windows\syswow64\PSAPI.DLL
0x69bf0000 - 0x69bfc000 	C:\Program Files (x86)\Java\jdk1.7.0_25\jre\bin\verify.dll
0x69bd0000 - 0x69bf0000 	C:\Program Files (x86)\Java\jdk1.7.0_25\jre\bin\java.dll
0x69bb0000 - 0x69bc3000 	C:\Program Files (x86)\Java\jdk1.7.0_25\jre\bin\zip.dll
0x5e350000 - 0x5e40e000 	C:\Users\Dell\AppData\Local\Temp\javacpp5960221372071\msvcr100.dll
0x5e2e0000 - 0x5e349000 	C:\Users\Dell\AppData\Local\Temp\javacpp5960221372071\msvcp100.dll
0x04c30000 - 0x059c9000 	C:\Users\Dell\AppData\Local\Temp\javacpp5960221372071\opencv_ffmpeg246.dll
0x5e0d0000 - 0x5e2d4000 	C:\Users\Dell\AppData\Local\Temp\javacpp5960221372071\opencv_core246.dll
0x5de60000 - 0x5e0ca000 	C:\Users\Dell\AppData\Local\Temp\javacpp5960221372071\opencv_imgproc246.dll
0x5dc50000 - 0x5de5a000 	C:\Users\Dell\AppData\Local\Temp\javacpp5960221372071\opencv_highgui246.dll
0x74e50000 - 0x74fac000 	C:\Windows\syswow64\ole32.dll
0x76720000 - 0x767af000 	C:\Windows\syswow64\OLEAUT32.dll
0x74b20000 - 0x74b39000 	C:\Windows\system32\AVIFIL32.dll
0x69d00000 - 0x69d14000 	C:\Windows\system32\MSACM32.dll
0x74af0000 - 0x74b11000 	C:\Windows\system32\MSVFW32.dll
0x75970000 - 0x765ba000 	C:\Windows\syswow64\SHELL32.dll
0x684d0000 - 0x684e3000 	C:\Windows\system32\AVICAP32.dll
0x73250000 - 0x73259000 	C:\Windows\system32\VERSION.dll
0x65750000 - 0x6575f000 	C:\Users\Dell\AppData\Local\Temp\javacpp5960221372071\jniopencv_highgui.dll
0x6a520000 - 0x6a5a0000 	C:\Windows\system32\uxtheme.dll
0x74fb0000 - 0x75033000 	C:\Windows\syswow64\CLBCatQ.DLL
0x687a0000 - 0x687b4000 	C:\Windows\SysWOW64\devenum.dll
0x755a0000 - 0x7573d000 	C:\Windows\syswow64\setupapi.dll
0x76d60000 - 0x76d87000 	C:\Windows\syswow64\CFGMGR32.dll
0x765c0000 - 0x765d2000 	C:\Windows\syswow64\DEVOBJ.dll
0x728f0000 - 0x72911000 	C:\Windows\system32\ntmarta.dll
0x74e00000 - 0x74e45000 	C:\Windows\syswow64\WLDAP32.dll
0x757f0000 - 0x7581d000 	C:\Windows\syswow64\WINTRUST.dll
0x76bc0000 - 0x76cdd000 	C:\Windows\syswow64\CRYPT32.dll
0x77210000 - 0x7721c000 	C:\Windows\syswow64\MSASN1.dll
0x68520000 - 0x6852b000 	C:\Windows\system32\msdmo.dll
0x68490000 - 0x684c2000 	C:\Windows\SysWOW64\qcap.dll
0x651f0000 - 0x65367000 	C:\Windows\SysWOW64\quartz.dll
0x6a360000 - 0x6a373000 	C:\Windows\system32\dwmapi.dll
0x67e40000 - 0x67e73000 	C:\Windows\SysWOW64\ksproxy.ax
0x68770000 - 0x68774000 	C:\Windows\SysWOW64\ksuser.dll
0x65370000 - 0x65533000 	C:\Windows\SysWOW64\d3d9.dll
0x683f0000 - 0x683f6000 	C:\Windows\SysWOW64\d3d8thk.dll
0x680e0000 - 0x680e9000 	C:\Windows\SysWOW64\vidcap.ax
0x67e00000 - 0x67e1d000 	C:\Windows\SysWOW64\kswdmcap.ax
0x66b20000 - 0x66c3c000 	C:\Windows\SysWOW64\MFC42.dll
0x72af0000 - 0x72b7c000 	C:\Windows\SysWOW64\ODBC32.dll
0x729b0000 - 0x729e8000 	C:\Windows\SysWOW64\odbcint.dll
0x68410000 - 0x68490000 	C:\Windows\SysWOW64\qedit.dll
0x76ce0000 - 0x76d5b000 	C:\Windows\syswow64\COMDLG32.dll
0x67f10000 - 0x680a0000 	C:\Windows\WinSxS\x86_microsoft.windows.gdiplus_6595b64144ccf1df_1.1.7601.17514_none_72d18a4386696c80\gdiplus.dll
0x67910000 - 0x679f7000 	C:\Windows\system32\DDRAW.dll
0x74b40000 - 0x74b46000 	C:\Windows\system32\DCIMAN32.dll
0x65120000 - 0x651ec000 	C:\Windows\system32\D3DIM700.DLL
0x74ae0000 - 0x74ae9000 	C:\Windows\system32\msyuv.dll
0x5dbd0000 - 0x5dc45000 	C:\Users\Dell\AppData\Local\Temp\javacpp5960221372071\jniopencv_core.dll
0x69970000 - 0x69ab4000 	C:\Program Files (x86)\Java\jdk1.7.0_25\jre\bin\awt.dll
0x68710000 - 0x68741000 	C:\Program Files (x86)\Java\jdk1.7.0_25\jre\bin\fontmanager.dll
0x747d0000 - 0x74806000 	C:\Program Files\WIDCOMM\Bluetooth Software\SysWOW64\BtMmHook.dll
0x5db90000 - 0x5dbc9000 	C:\Users\Dell\AppData\Local\Temp\javacpp5960221372071\jniopencv_imgproc.dll
0x5dae0000 - 0x5db86000 	C:\Users\Dell\AppData\Local\Temp\javacpp5960221372071\opencv_objdetect246.dll
0x5daa0000 - 0x5dadb000 	C:\Users\Dell\AppData\Local\Temp\javacpp5960221372071\jniopencv_objdetect.dll
0x6b990000 - 0x6ba7b000 	C:\Windows\system32\dbghelp.dll

VM Arguments:
jvm_args: -Dfile.encoding=UTF-8 
java_command: webcam.newdetect
Launcher Type: SUN_STANDARD

Environment Variables:
CLASSPATH=.;.;C:\PROGRA~2\JMF21~1.1E\lib\sound.jar;C:\PROGRA~2\JMF21~1.1E\lib\jmf.jar;C:\PROGRA~2\JMF21~1.1E\lib;
PATH=C:\Perl\site\bin;C:\Perl\bin;F:\oracle\product\10.2.0\db_1\bin;F:\OraHome_1\bin;F:\app\Dell\product\11.2.0\dbhome_2\bin;C:\Ruby200-x64\bin;F:\app\Dell\product\11.2.0\dbhome_1\bin;E:\app\Dell\product\11.2.0\dbhome_1\bin;C:\Program Files\Dell\DW WLAN Card;;C:\Program Files (x86)\Intel\iCLS Client\;C:\Program Files\Intel\iCLS Client\;C:\Windows\system32;C:\Windows;C:\Windows\System32\Wbem;C:\Windows\System32\WindowsPowerShell\v1.0\;C:\Program Files (x86)\Intel\OpenCL SDK\2.0\bin\x86;C:\Program Files (x86)\Intel\OpenCL SDK\2.0\bin\x64;C:\Program Files\Intel\Intel(R) Management Engine Components\DAL;C:\Program Files\Intel\Intel(R) Management Engine Components\IPT;C:\Program Files (x86)\Intel\Intel(R) Management Engine Components\DAL;C:\Program Files (x86)\Intel\Intel(R) Management Engine Components\IPT;C:\Program Files\WIDCOMM\Bluetooth Software\;C:\Program Files\WIDCOMM\Bluetooth Software\syswow64;C:\Program Files\Common Files\Autodesk Shared\;C:\Program Files (x86)\Microsoft SQL Server\100\Tools\Binn\;C:\Program Files\Microsoft SQL Server\100\Tools\Binn\;C:\Program Files\Microsoft SQL Server\100\DTS\Binn\;C:\FPC\2.6.2\bin\i386-Win32;C:\Program Files (x86)\Microsoft SQL Server\100\Tools\Binn\VSShell\Common7\IDE\;C:\Program Files (x86)\Microsoft SQL Server\100\DTS\Binn\;C:\Program Files (x86)\Microsoft Visual Studio 9.0\Common7\IDE\PrivateAssemblies\;C:\Program Files (x86)\GtkSharp\2.12\bin;C:\strawberry\c\bin;C:\strawberry\perl\site\bin;C:\strawberry\perl\bin;E:\Program files\Universal Extractor;E:\Program files\Universal Extractor\bin;E:\Program files\TASM GUI editor\BIN;C:\Program Files (x86)\QuickTime\QTSystem\;C:\Program Files\Java\jdk1.7.0_17\bin
USERNAME=Dell
OS=Windows_NT
PROCESSOR_IDENTIFIER=Intel64 Family 6 Model 58 Stepping 9, GenuineIntel



---------------  S Y S T E M  ---------------

OS: Windows 7 , 64 bit Build 7601 Service Pack 1

CPU:total 4 (2 cores per cpu, 2 threads per core) family 6 model 58 stepping 9, cmov, cx8, fxsr, mmx, sse, sse2, sse3, ssse3, sse4.1, sse4.2, popcnt, avx, ht, tsc, tscinvbit, tscinv

Memory: 4k page, physical 4066668k(1121756k free), swap 8131492k(4600620k free)

vm_info: Java HotSpot(TM) Client VM (23.25-b01) for windows-x86 JRE (1.7.0_25-b16), built on Jun 12 2013 20:29:09 by "java_re" with unknown MS VC++:1600

time: Tue Oct 08 08:35:30 2013
elapsed time: 2 seconds

