#
# A fatal error has been detected by the Java Runtime Environment:
#
#  EXCEPTION_UNCAUGHT_CXX_EXCEPTION (0xe06d7363) at pc=0x76aab727, pid=5720, tid=5976
#
# JRE version: 7.0_25-b16
# Java VM: Java HotSpot(TM) Client VM (23.25-b01 mixed mode, sharing windows-x86 )
# Problematic frame:
# C  [KERNELBASE.dll+0xb727]  RaiseException+0x58
#
# Failed to write core dump. Minidumps are not enabled by default on client versions of Windows
#
# If you would like to submit a bug report, please visit:
#   http://bugreport.sun.com/bugreport/crash.jsp
# The crash happened outside the Java Virtual Machine in native code.
# See problematic frame for where to report the bug.
#

---------------  T H R E A D  ---------------

Current thread (0x0090bc00):  JavaThread "main" [_thread_in_native, id=5976, stack(0x00d60000,0x00db0000)]

siginfo: ExceptionCode=0xe06d7363, ExceptionInformation=0x19930520 0x00d9faac 0x67084a88 

Registers:
EAX=0x00d9fa08, EBX=0x000000c2, ECX=0x00000003, EDX=0x00000000
ESP=0x00d9fa08, EBP=0x00d9fa58, ESI=0x00dafb50, EDI=0x69ad1ec6
EIP=0x76aab727, EFLAGS=0x00000212

Top of Stack: (sp=0x00d9fa08)
0x00d9fa08:   e06d7363 00000001 00000000 76aab727
0x00d9fa18:   00000003 19930520 00d9faac 67084a88
0x00d9fa28:   00000000 04cff190 00d9fb10 00d9fa1c
0x00d9fa38:   00d9fb10 00000034 00d9fa60 66eb40fe
0x00d9fa48:   04cff190 04cff148 00000034 00dafb50
0x00d9fa58:   00d9fa90 69ae7819 e06d7363 00000001
0x00d9fa68:   00000003 00d9fa84 e06d7363 00000001
0x00d9fa78:   00000000 00000000 00000003 19930520 

Instructions: (pc=0x76aab727)
0x76aab707:   02 50 ff 75 14 8d 45 c4 50 e8 3d a9 02 00 83 c4
0x76aab717:   0c eb 03 89 45 c0 8d 45 b0 50 ff 15 6c 11 aa 76
0x76aab727:   c9 c2 10 00 cc cc cc cc cc 8b ff 55 8b ec 56 8b
0x76aab737:   75 08 83 fe f4 72 18 83 fe f6 77 13 8d 45 08 50 


Register to memory mapping:

EAX=0x00d9fa08 is pointing into the stack for thread: 0x0090bc00
EBX=0x000000c2 is an unknown value
ECX=0x00000003 is an unknown value
EDX=0x00000000 is an unknown value
ESP=0x00d9fa08 is pointing into the stack for thread: 0x0090bc00
EBP=0x00d9fa58 is pointing into the stack for thread: 0x0090bc00
ESI=0x00dafb50 is pointing into the stack for thread: 0x0090bc00
EDI=0x69ad1ec6 is an unknown value


Stack: [0x00d60000,0x00db0000],  sp=0x00d9fa08,  free space=254k
Native frames: (J=compiled Java code, j=interpreted, Vv=VM code, C=native code)
C  [KERNELBASE.dll+0xb727]  RaiseException+0x58
C  [msvcr100.dll+0x27819]  CxxThrowException+0x45

Java frames: (J=compiled Java code, j=interpreted, Vv=VM code)
j  com.googlecode.javacv.cpp.opencv_core.cvClearMemStorage(Lcom/googlecode/javacv/cpp/opencv_core$CvMemStorage;)V+0
j  webcam.FaceDe.main([Ljava/lang/String;)V+38
v  ~StubRoutines::call_stub

---------------  P R O C E S S  ---------------

Java Threads: ( => current thread )
  0x00e88000 JavaThread "Service Thread" daemon [_thread_blocked, id=3852, stack(0x04a50000,0x04aa0000)]
  0x00e83000 JavaThread "C1 CompilerThread0" daemon [_thread_blocked, id=4412, stack(0x04920000,0x04970000)]
  0x00e82000 JavaThread "Attach Listener" daemon [_thread_blocked, id=1104, stack(0x04830000,0x04880000)]
  0x00e7f000 JavaThread "Signal Dispatcher" daemon [_thread_blocked, id=1212, stack(0x01160000,0x011b0000)]
  0x00e65400 JavaThread "Finalizer" daemon [_thread_blocked, id=1016, stack(0x047a0000,0x047f0000)]
  0x00e63800 JavaThread "Reference Handler" daemon [_thread_blocked, id=3400, stack(0x01100000,0x01150000)]
=>0x0090bc00 JavaThread "main" [_thread_in_native, id=5976, stack(0x00d60000,0x00db0000)]

Other Threads:
  0x00e61c00 VMThread [stack: 0x00ff0000,0x01040000] [id=5980]
  0x00ea4000 WatcherThread [stack: 0x04b90000,0x04be0000] [id=2612]

VM state:not at safepoint (normal execution)

VM Mutex/Monitor currently owned by a thread: None

Heap
 def new generation   total 4928K, used 1731K [0x243c0000, 0x24910000, 0x29910000)
  eden space 4416K,  27% used [0x243c0000, 0x244f0e20, 0x24810000)
  from space 512K, 100% used [0x24890000, 0x24910000, 0x24910000)
  to   space 512K,   0% used [0x24810000, 0x24810000, 0x24890000)
 tenured generation   total 10944K, used 458K [0x29910000, 0x2a3c0000, 0x343c0000)
   the space 10944K,   4% used [0x29910000, 0x29982a68, 0x29982c00, 0x2a3c0000)
 compacting perm gen  total 12288K, used 1139K [0x343c0000, 0x34fc0000, 0x383c0000)
   the space 12288K,   9% used [0x343c0000, 0x344dccd8, 0x344dce00, 0x34fc0000)
    ro space 10240K,  45% used [0x383c0000, 0x38849b28, 0x38849c00, 0x38dc0000)
    rw space 12288K,  54% used [0x38dc0000, 0x3944d0e8, 0x3944d200, 0x399c0000)

Card table byte_map: [0x00eb0000,0x00f60000] byte_map_base: 0x00d8e200

Polling page: 0x00210000

Code Cache  [0x02640000, 0x02708000, 0x04640000)
 total_blobs=298 nmethods=128 adapters=105 free_code_cache=31972Kb largest_free_block=32739328

Compilation events (10 events):
Event: 1.147 Thread 0x00e83000  122             java.lang.reflect.Method::getParameterTypes (14 bytes)
Event: 1.148 Thread 0x00e83000 nmethod 122 0x02705748 code [0x02705850, 0x0270590c]
Event: 1.148 Thread 0x00e83000  123             java.util.LinkedHashMap::get (25 bytes)
Event: 1.148 Thread 0x00e83000 nmethod 123 0x02705988 code [0x02705aa0, 0x02705c0c]
Event: 1.148 Thread 0x00e83000  125             java.util.Arrays$ArrayList::size (6 bytes)
Event: 1.148 Thread 0x00e83000 nmethod 125 0x02705e08 code [0x02705f00, 0x02705f90]
Event: 1.149 Thread 0x00e83000  126             sun.reflect.annotation.AnnotationInvocationHandler::invoke (194 bytes)
Event: 1.150 Thread 0x00e83000 nmethod 126 0x02706008 code [0x027061f0, 0x02706604]
Event: 1.150 Thread 0x00e83000  127             java.util.AbstractList$Itr::hasNext (20 bytes)
Event: 1.150 Thread 0x00e83000 nmethod 127 0x02706b08 code [0x02706c10, 0x02706ccc]

GC Heap History (2 events):
Event: 1.099 GC heap before
{Heap before GC invocations=0 (full 0):
 def new generation   total 4928K, used 4416K [0x243c0000, 0x24910000, 0x29910000)
  eden space 4416K, 100% used [0x243c0000, 0x24810000, 0x24810000)
  from space 512K,   0% used [0x24810000, 0x24810000, 0x24890000)
  to   space 512K,   0% used [0x24890000, 0x24890000, 0x24910000)
 tenured generation   total 10944K, used 0K [0x29910000, 0x2a3c0000, 0x343c0000)
   the space 10944K,   0% used [0x29910000, 0x29910000, 0x29910200, 0x2a3c0000)
 compacting perm gen  total 12288K, used 1031K [0x343c0000, 0x34fc0000, 0x383c0000)
   the space 12288K,   8% used [0x343c0000, 0x344c1df8, 0x344c1e00, 0x34fc0000)
    ro space 10240K,  45% used [0x383c0000, 0x38849b28, 0x38849c00, 0x38dc0000)
    rw space 12288K,  54% used [0x38dc0000, 0x3944d0e8, 0x3944d200, 0x399c0000)
Event: 1.103 GC heap after
Heap after GC invocations=1 (full 0):
 def new generation   total 4928K, used 512K [0x243c0000, 0x24910000, 0x29910000)
  eden space 4416K,   0% used [0x243c0000, 0x243c0000, 0x24810000)
  from space 512K, 100% used [0x24890000, 0x24910000, 0x24910000)
  to   space 512K,   0% used [0x24810000, 0x24810000, 0x24890000)
 tenured generation   total 10944K, used 458K [0x29910000, 0x2a3c0000, 0x343c0000)
   the space 10944K,   4% used [0x29910000, 0x29982a68, 0x29982c00, 0x2a3c0000)
 compacting perm gen  total 12288K, used 1031K [0x343c0000, 0x34fc0000, 0x383c0000)
   the space 12288K,   8% used [0x343c0000, 0x344c1df8, 0x344c1e00, 0x34fc0000)
    ro space 10240K,  45% used [0x383c0000, 0x38849b28, 0x38849c00, 0x38dc0000)
    rw space 12288K,  54% used [0x38dc0000, 0x3944d0e8, 0x3944d200, 0x399c0000)
}

Deoptimization events (0 events):
No events

Internal exceptions (10 events):
Event: 1.129 Thread 0x0090bc00 Threw 0x2446d678 at C:\jdk7u2_32P\jdk7u25\hotspot\src\share\vm\prims\jvm.cpp:1235
Event: 1.129 Thread 0x0090bc00 Threw 0x24471058 at C:\jdk7u2_32P\jdk7u25\hotspot\src\share\vm\prims\jvm.cpp:1235
Event: 1.130 Thread 0x0090bc00 Threw 0x24474878 at C:\jdk7u2_32P\jdk7u25\hotspot\src\share\vm\prims\jvm.cpp:1235
Event: 1.130 Thread 0x0090bc00 Threw 0x24477b70 at C:\jdk7u2_32P\jdk7u25\hotspot\src\share\vm\prims\jvm.cpp:1235
Event: 1.130 Thread 0x0090bc00 Threw 0x2447b048 at C:\jdk7u2_32P\jdk7u25\hotspot\src\share\vm\prims\jvm.cpp:1235
Event: 1.131 Thread 0x0090bc00 Threw 0x2447e378 at C:\jdk7u2_32P\jdk7u25\hotspot\src\share\vm\prims\jvm.cpp:1235
Event: 1.131 Thread 0x0090bc00 Threw 0x24482390 at C:\jdk7u2_32P\jdk7u25\hotspot\src\share\vm\prims\jvm.cpp:1235
Event: 1.131 Thread 0x0090bc00 Threw 0x24485d88 at C:\jdk7u2_32P\jdk7u25\hotspot\src\share\vm\prims\jvm.cpp:1235
Event: 1.154 Thread 0x0090bc00 Threw 0x244e1490 at C:\jdk7u2_32P\jdk7u25\hotspot\src\share\vm\prims\jvm.cpp:1235
Event: 1.154 Thread 0x0090bc00 Threw 0x244e3fb8 at C:\jdk7u2_32P\jdk7u25\hotspot\src\share\vm\prims\jvm.cpp:1235

Events (10 events):
Event: 1.131 loading class 0x04c47500
Event: 1.131 loading class 0x04c47500 done
Event: 1.131 loading class 0x04cf2b70
Event: 1.131 loading class 0x04cf2b70 done
Event: 1.134 loading class 0x399e12a8
Event: 1.134 loading class 0x399e12a8 done
Event: 1.154 loading class 0x04c47080
Event: 1.154 loading class 0x04c47080 done
Event: 1.154 loading class 0x04c47110
Event: 1.154 loading class 0x04c47110 done


Dynamic libraries:
0x01210000 - 0x0123f000 	C:\Program Files (x86)\Java\jdk1.7.0_25\bin\java.exe
0x77240000 - 0x773c0000 	C:\Windows\SysWOW64\ntdll.dll
0x76990000 - 0x76aa0000 	C:\Windows\syswow64\kernel32.dll
0x76aa0000 - 0x76ae6000 	C:\Windows\syswow64\KERNELBASE.dll
0x768f0000 - 0x76990000 	C:\Windows\syswow64\ADVAPI32.dll
0x76d90000 - 0x76e3c000 	C:\Windows\syswow64\msvcrt.dll
0x75740000 - 0x75759000 	C:\Windows\SysWOW64\sechost.dll
0x751c0000 - 0x752b0000 	C:\Windows\syswow64\RPCRT4.dll
0x74da0000 - 0x74e00000 	C:\Windows\syswow64\SspiCli.dll
0x74d90000 - 0x74d9c000 	C:\Windows\syswow64\CRYPTBASE.dll
0x75040000 - 0x75140000 	C:\Windows\syswow64\USER32.dll
0x754b0000 - 0x75540000 	C:\Windows\syswow64\GDI32.dll
0x75900000 - 0x7590a000 	C:\Windows\syswow64\LPK.dll
0x75830000 - 0x758cd000 	C:\Windows\syswow64\USP10.dll
0x71160000 - 0x712fe000 	C:\Windows\WinSxS\x86_microsoft.windows.common-controls_6595b64144ccf1df_6.0.7601.17514_none_41e6975e2bd6f2b2\COMCTL32.dll
0x75150000 - 0x751a7000 	C:\Windows\syswow64\SHLWAPI.dll
0x75540000 - 0x755a0000 	C:\Windows\system32\IMM32.DLL
0x76af0000 - 0x76bbc000 	C:\Windows\syswow64\MSCTF.dll
0x69ac0000 - 0x69b7e000 	C:\Program Files (x86)\Java\jdk1.7.0_25\jre\bin\msvcr100.dll
0x67a00000 - 0x67d42000 	C:\Program Files (x86)\Java\jdk1.7.0_25\jre\bin\client\jvm.dll
0x71150000 - 0x71157000 	C:\Windows\system32\WSOCK32.dll
0x766e0000 - 0x76715000 	C:\Windows\syswow64\WS2_32.dll
0x75140000 - 0x75146000 	C:\Windows\syswow64\NSI.dll
0x6c8d0000 - 0x6c902000 	C:\Windows\system32\WINMM.dll
0x751b0000 - 0x751b5000 	C:\Windows\syswow64\PSAPI.DLL
0x69bf0000 - 0x69bfc000 	C:\Program Files (x86)\Java\jdk1.7.0_25\jre\bin\verify.dll
0x69bd0000 - 0x69bf0000 	C:\Program Files (x86)\Java\jdk1.7.0_25\jre\bin\java.dll
0x69bb0000 - 0x69bc3000 	C:\Program Files (x86)\Java\jdk1.7.0_25\jre\bin\zip.dll
0x69970000 - 0x69ab4000 	C:\Program Files (x86)\Java\jdk1.7.0_25\jre\bin\awt.dll
0x76720000 - 0x767af000 	C:\Windows\syswow64\OLEAUT32.dll
0x74e50000 - 0x74fac000 	C:\Windows\syswow64\ole32.dll
0x68430000 - 0x684ee000 	C:\Users\Dell\AppData\Local\Temp\javacpp3131981648321\msvcr100.dll
0x680f0000 - 0x68159000 	C:\Users\Dell\AppData\Local\Temp\javacpp3131981648321\msvcp100.dll
0x05020000 - 0x05db9000 	C:\Users\Dell\AppData\Local\Temp\javacpp3131981648321\opencv_ffmpeg246.dll
0x66eb0000 - 0x670b4000 	C:\Users\Dell\AppData\Local\Temp\javacpp3131981648321\opencv_core246.dll
0x66c40000 - 0x66eaa000 	C:\Users\Dell\AppData\Local\Temp\javacpp3131981648321\opencv_imgproc246.dll
0x65540000 - 0x6574a000 	C:\Users\Dell\AppData\Local\Temp\javacpp3131981648321\opencv_highgui246.dll
0x67ef0000 - 0x67f09000 	C:\Windows\system32\AVIFIL32.dll
0x69d00000 - 0x69d14000 	C:\Windows\system32\MSACM32.dll
0x68400000 - 0x68421000 	C:\Windows\system32\MSVFW32.dll
0x75970000 - 0x765ba000 	C:\Windows\syswow64\SHELL32.dll
0x67ed0000 - 0x67ee3000 	C:\Windows\system32\AVICAP32.dll
0x73250000 - 0x73259000 	C:\Windows\system32\VERSION.dll
0x67d50000 - 0x67df6000 	C:\Users\Dell\AppData\Local\Temp\javacpp3131981648321\opencv_objdetect246.dll
0x67e90000 - 0x67ecb000 	C:\Users\Dell\AppData\Local\Temp\javacpp3131981648321\jniopencv_objdetect.dll
0x67980000 - 0x679f5000 	C:\Users\Dell\AppData\Local\Temp\javacpp3131981648321\jniopencv_core.dll
0x6b990000 - 0x6ba7b000 	C:\Windows\system32\dbghelp.dll

VM Arguments:
jvm_args: -Dfile.encoding=UTF-8 
java_command: webcam.FaceDe
Launcher Type: SUN_STANDARD

Environment Variables:
CLASSPATH=.;.;C:\PROGRA~2\JMF21~1.1E\lib\sound.jar;C:\PROGRA~2\JMF21~1.1E\lib\jmf.jar;C:\PROGRA~2\JMF21~1.1E\lib;
PATH=C:\Perl\site\bin;C:\Perl\bin;F:\oracle\product\10.2.0\db_1\bin;F:\OraHome_1\bin;F:\app\Dell\product\11.2.0\dbhome_2\bin;C:\Ruby200-x64\bin;F:\app\Dell\product\11.2.0\dbhome_1\bin;E:\app\Dell\product\11.2.0\dbhome_1\bin;C:\Program Files\Dell\DW WLAN Card;;C:\Program Files (x86)\Intel\iCLS Client\;C:\Program Files\Intel\iCLS Client\;C:\Windows\system32;C:\Windows;C:\Windows\System32\Wbem;C:\Windows\System32\WindowsPowerShell\v1.0\;C:\Program Files (x86)\Intel\OpenCL SDK\2.0\bin\x86;C:\Program Files (x86)\Intel\OpenCL SDK\2.0\bin\x64;C:\Program Files\Intel\Intel(R) Management Engine Components\DAL;C:\Program Files\Intel\Intel(R) Management Engine Components\IPT;C:\Program Files (x86)\Intel\Intel(R) Management Engine Components\DAL;C:\Program Files (x86)\Intel\Intel(R) Management Engine Components\IPT;C:\Program Files\WIDCOMM\Bluetooth Software\;C:\Program Files\WIDCOMM\Bluetooth Software\syswow64;C:\Program Files\Common Files\Autodesk Shared\;C:\Program Files (x86)\Microsoft SQL Server\100\Tools\Binn\;C:\Program Files\Microsoft SQL Server\100\Tools\Binn\;C:\Program Files\Microsoft SQL Server\100\DTS\Binn\;C:\FPC\2.6.2\bin\i386-Win32;C:\Program Files (x86)\Microsoft SQL Server\100\Tools\Binn\VSShell\Common7\IDE\;C:\Program Files (x86)\Microsoft SQL Server\100\DTS\Binn\;C:\Program Files (x86)\Microsoft Visual Studio 9.0\Common7\IDE\PrivateAssemblies\;C:\Program Files (x86)\GtkSharp\2.12\bin;C:\strawberry\c\bin;C:\strawberry\perl\site\bin;C:\strawberry\perl\bin;E:\Program files\Universal Extractor;E:\Program files\Universal Extractor\bin;E:\Program files\TASM GUI editor\BIN;C:\Program Files (x86)\QuickTime\QTSystem\;C:\Program Files\Java\jdk1.7.0_17\bin
USERNAME=Dell
OS=Windows_NT
PROCESSOR_IDENTIFIER=Intel64 Family 6 Model 58 Stepping 9, GenuineIntel



---------------  S Y S T E M  ---------------

OS: Windows 7 , 64 bit Build 7601 Service Pack 1

CPU:total 4 (2 cores per cpu, 2 threads per core) family 6 model 58 stepping 9, cmov, cx8, fxsr, mmx, sse, sse2, sse3, ssse3, sse4.1, sse4.2, popcnt, avx, ht, tsc, tscinvbit, tscinv

Memory: 4k page, physical 4066668k(1712552k free), swap 8131492k(5442876k free)

vm_info: Java HotSpot(TM) Client VM (23.25-b01) for windows-x86 JRE (1.7.0_25-b16), built on Jun 12 2013 20:29:09 by "java_re" with unknown MS VC++:1600

time: Tue Oct 08 07:48:21 2013
elapsed time: 1 seconds

