#
# A fatal error has been detected by the Java Runtime Environment:
#
#  EXCEPTION_UNCAUGHT_CXX_EXCEPTION (0xe06d7363) at pc=0x76bcb727, pid=3376, tid=448
#
# JRE version: 7.0_25-b16
# Java VM: Java HotSpot(TM) Client VM (23.25-b01 mixed mode, sharing windows-x86 )
# Problematic frame:
# C  [KERNELBASE.dll+0xb727]  RaiseException+0x58
#
# Failed to write core dump. Minidumps are not enabled by default on client versions of Windows
#
# If you would like to submit a bug report, please visit:
#   http://bugreport.sun.com/bugreport/crash.jsp
# The crash happened outside the Java Virtual Machine in native code.
# See problematic frame for where to report the bug.
#

---------------  T H R E A D  ---------------

Current thread (0x0208bc00):  JavaThread "main" [_thread_in_native, id=448, stack(0x021b0000,0x02200000)]

siginfo: ExceptionCode=0xe06d7363, ExceptionInformation=0x19930520 0x021ef96c 0x60f24a88 

Registers:
EAX=0x021ef8c8, EBX=0x00000f48, ECX=0x00000003, EDX=0x00000000
ESP=0x021ef8c8, EBP=0x021ef918, ESI=0x021ffa80, EDI=0x69db1ec6
EIP=0x76bcb727, EFLAGS=0x00000212

Top of Stack: (sp=0x021ef8c8)
0x021ef8c8:   e06d7363 00000001 00000000 76bcb727
0x021ef8d8:   00000003 19930520 021ef96c 60f24a88
0x021ef8e8:   00000000 04d1fff8 021ef9d0 021ef8dc
0x021ef8f8:   021ef9d0 00000031 021ef920 60d540fe
0x021ef908:   04d1fff8 04d1ffb0 00000031 021ffa80
0x021ef918:   021ef950 69dc7819 e06d7363 00000001
0x021ef928:   00000003 021ef944 e06d7363 00000001
0x021ef938:   00000000 00000000 00000003 19930520 

Instructions: (pc=0x76bcb727)
0x76bcb707:   02 50 ff 75 14 8d 45 c4 50 e8 3d a9 02 00 83 c4
0x76bcb717:   0c eb 03 89 45 c0 8d 45 b0 50 ff 15 6c 11 bc 76
0x76bcb727:   c9 c2 10 00 cc cc cc cc cc 8b ff 55 8b ec 56 8b
0x76bcb737:   75 08 83 fe f4 72 18 83 fe f6 77 13 8d 45 08 50 


Register to memory mapping:

EAX=0x021ef8c8 is pointing into the stack for thread: 0x0208bc00
EBX=0x00000f48 is an unknown value
ECX=0x00000003 is an unknown value
EDX=0x00000000 is an unknown value
ESP=0x021ef8c8 is pointing into the stack for thread: 0x0208bc00
EBP=0x021ef918 is pointing into the stack for thread: 0x0208bc00
ESI=0x021ffa80 is pointing into the stack for thread: 0x0208bc00
EDI=0x69db1ec6 is an unknown value


Stack: [0x021b0000,0x02200000],  sp=0x021ef8c8,  free space=254k
Native frames: (J=compiled Java code, j=interpreted, Vv=VM code, C=native code)
C  [KERNELBASE.dll+0xb727]  RaiseException+0x58
C  [msvcr100.dll+0x27819]  CxxThrowException+0x45

Java frames: (J=compiled Java code, j=interpreted, Vv=VM code)
j  com.googlecode.javacv.cpp.opencv_imgproc.cvCvtColor(Lcom/googlecode/javacv/cpp/opencv_core$CvArr;Lcom/googlecode/javacv/cpp/opencv_core$CvArr;I)V+0
j  webcam.newdetect.main([Ljava/lang/String;)V+70
v  ~StubRoutines::call_stub

---------------  P R O C E S S  ---------------

Java Threads: ( => current thread )
  0x04cfd400 JavaThread "AWT-EventQueue-0" [_thread_blocked, id=7076, stack(0x086e0000,0x08730000)]
  0x04cfd000 JavaThread "AWT-Windows" daemon [_thread_in_native, id=6420, stack(0x08870000,0x088c0000)]
  0x04cfc800 JavaThread "AWT-Shutdown" [_thread_blocked, id=3800, stack(0x08620000,0x08670000)]
  0x04cfc000 JavaThread "Java2D Disposer" daemon [_thread_blocked, id=7532, stack(0x08740000,0x08790000)]
  0x02165000 JavaThread "Service Thread" daemon [_thread_blocked, id=5456, stack(0x04920000,0x04970000)]
  0x0215f800 JavaThread "C1 CompilerThread0" daemon [_thread_blocked, id=4704, stack(0x04980000,0x049d0000)]
  0x0215e400 JavaThread "Attach Listener" daemon [_thread_blocked, id=6108, stack(0x044c0000,0x04510000)]
  0x0215b000 JavaThread "Signal Dispatcher" daemon [_thread_blocked, id=7032, stack(0x04700000,0x04750000)]
  0x02148800 JavaThread "Finalizer" daemon [_thread_blocked, id=5100, stack(0x04670000,0x046c0000)]
  0x02143800 JavaThread "Reference Handler" daemon [_thread_blocked, id=6860, stack(0x04610000,0x04660000)]
=>0x0208bc00 JavaThread "main" [_thread_in_native, id=448, stack(0x021b0000,0x02200000)]

Other Threads:
  0x02141c00 VMThread [stack: 0x04370000,0x043c0000] [id=7436]
  0x02178800 WatcherThread [stack: 0x04b60000,0x04bb0000] [id=5048]

VM state:not at safepoint (normal execution)

VM Mutex/Monitor currently owned by a thread: None

Heap
 def new generation   total 4928K, used 2922K [0x243c0000, 0x24910000, 0x29910000)
  eden space 4416K,  54% used [0x243c0000, 0x2461a9e8, 0x24810000)
  from space 512K,  99% used [0x24890000, 0x2490fff8, 0x24910000)
  to   space 512K,   0% used [0x24810000, 0x24810000, 0x24890000)
 tenured generation   total 10944K, used 395K [0x29910000, 0x2a3c0000, 0x343c0000)
   the space 10944K,   3% used [0x29910000, 0x29972d70, 0x29972e00, 0x2a3c0000)
 compacting perm gen  total 12288K, used 1685K [0x343c0000, 0x34fc0000, 0x383c0000)
   the space 12288K,  13% used [0x343c0000, 0x345654f8, 0x34565600, 0x34fc0000)
    ro space 10240K,  45% used [0x383c0000, 0x38849b28, 0x38849c00, 0x38dc0000)
    rw space 12288K,  54% used [0x38dc0000, 0x3944d0e8, 0x3944d200, 0x399c0000)

Card table byte_map: [0x042c0000,0x04370000] byte_map_base: 0x0419e200

Polling page: 0x002f0000

Code Cache  [0x022c0000, 0x02398000, 0x042c0000)
 total_blobs=390 nmethods=160 adapters=165 free_code_cache=31916Kb largest_free_block=32682624

Compilation events (10 events):
Event: 3.360 Thread 0x0215f800  156             java.io.Win32FileSystem::prefixLength (91 bytes)
Event: 3.360 Thread 0x0215f800 nmethod 156 0x02393508 code [0x02393650, 0x023939e4]
Event: 3.416 Thread 0x0215f800  157             java.util.jar.JarFile::getEntry (22 bytes)
Event: 3.417 Thread 0x0215f800 nmethod 157 0x02393e88 code [0x02393fa0, 0x023940c8]
Event: 3.417 Thread 0x0215f800  158   !         java.util.zip.ZipFile::getEntry (86 bytes)
Event: 3.418 Thread 0x0215f800 nmethod 158 0x02394188 code [0x023942d0, 0x02394678]
Event: 3.427 Thread 0x0215f800  159             java.lang.String::indexOf (25 bytes)
Event: 3.427 Thread 0x0215f800 nmethod 159 0x02394908 code [0x02394a10, 0x02394adc]
Event: 3.429 Thread 0x0215f800  160             java.lang.ref.Reference::get (5 bytes)
Event: 3.429 Thread 0x0215f800 nmethod 160 0x02394bc8 code [0x02394cc0, 0x02394d40]

GC Heap History (2 events):
Event: 3.023 GC heap before
{Heap before GC invocations=0 (full 0):
 def new generation   total 4928K, used 4416K [0x243c0000, 0x24910000, 0x29910000)
  eden space 4416K, 100% used [0x243c0000, 0x24810000, 0x24810000)
  from space 512K,   0% used [0x24810000, 0x24810000, 0x24890000)
  to   space 512K,   0% used [0x24890000, 0x24890000, 0x24910000)
 tenured generation   total 10944K, used 0K [0x29910000, 0x2a3c0000, 0x343c0000)
   the space 10944K,   0% used [0x29910000, 0x29910000, 0x29910200, 0x2a3c0000)
 compacting perm gen  total 12288K, used 971K [0x343c0000, 0x34fc0000, 0x383c0000)
   the space 12288K,   7% used [0x343c0000, 0x344b2da0, 0x344b2e00, 0x34fc0000)
    ro space 10240K,  45% used [0x383c0000, 0x38849b28, 0x38849c00, 0x38dc0000)
    rw space 12288K,  54% used [0x38dc0000, 0x3944d0e8, 0x3944d200, 0x399c0000)
Event: 3.026 GC heap after
Heap after GC invocations=1 (full 0):
 def new generation   total 4928K, used 511K [0x243c0000, 0x24910000, 0x29910000)
  eden space 4416K,   0% used [0x243c0000, 0x243c0000, 0x24810000)
  from space 512K,  99% used [0x24890000, 0x2490fff8, 0x24910000)
  to   space 512K,   0% used [0x24810000, 0x24810000, 0x24890000)
 tenured generation   total 10944K, used 395K [0x29910000, 0x2a3c0000, 0x343c0000)
   the space 10944K,   3% used [0x29910000, 0x29972d70, 0x29972e00, 0x2a3c0000)
 compacting perm gen  total 12288K, used 971K [0x343c0000, 0x34fc0000, 0x383c0000)
   the space 12288K,   7% used [0x343c0000, 0x344b2da0, 0x344b2e00, 0x34fc0000)
    ro space 10240K,  45% used [0x383c0000, 0x38849b28, 0x38849c00, 0x38dc0000)
    rw space 12288K,  54% used [0x38dc0000, 0x3944d0e8, 0x3944d200, 0x399c0000)
}

Deoptimization events (0 events):
No events

Internal exceptions (10 events):
Event: 3.424 Thread 0x0208bc00 Threw 0x245e6470 at C:\jdk7u2_32P\jdk7u25\hotspot\src\share\vm\prims\jvm.cpp:1235
Event: 3.425 Thread 0x0208bc00 Threw 0x245eb308 at C:\jdk7u2_32P\jdk7u25\hotspot\src\share\vm\prims\jvm.cpp:1235
Event: 3.425 Thread 0x0208bc00 Threw 0x245efaf0 at C:\jdk7u2_32P\jdk7u25\hotspot\src\share\vm\prims\jvm.cpp:1235
Event: 3.426 Thread 0x0208bc00 Threw 0x245f4288 at C:\jdk7u2_32P\jdk7u25\hotspot\src\share\vm\prims\jvm.cpp:1235
Event: 3.427 Thread 0x0208bc00 Threw 0x245f9ec8 at C:\jdk7u2_32P\jdk7u25\hotspot\src\share\vm\prims\jvm.cpp:1235
Event: 3.428 Thread 0x0208bc00 Threw 0x245fea68 at C:\jdk7u2_32P\jdk7u25\hotspot\src\share\vm\prims\jvm.cpp:1235
Event: 3.428 Thread 0x0208bc00 Threw 0x246020c0 at C:\jdk7u2_32P\jdk7u25\hotspot\src\share\vm\prims\jvm.cpp:1235
Event: 3.429 Thread 0x0208bc00 Threw 0x246067d0 at C:\jdk7u2_32P\jdk7u25\hotspot\src\share\vm\prims\jvm.cpp:1235
Event: 3.430 Thread 0x0208bc00 Threw 0x2460a3a8 at C:\jdk7u2_32P\jdk7u25\hotspot\src\share\vm\prims\jvm.cpp:1235
Event: 3.430 Thread 0x0208bc00 Threw 0x2460d7f0 at C:\jdk7u2_32P\jdk7u25\hotspot\src\share\vm\prims\jvm.cpp:1235

Events (10 events):
Event: 3.428 loading class 0x04c61c68
Event: 3.428 loading class 0x04c61c68 done
Event: 3.429 loading class 0x04c7f740
Event: 3.429 loading class 0x04c7f740 done
Event: 3.430 loading class 0x04c37660
Event: 3.430 loading class 0x04c37660 done
Event: 3.430 loading class 0x04c7f6f0
Event: 3.430 loading class 0x04c7f6f0 done
Event: 3.432 loading class 0x399f56d8
Event: 3.432 loading class 0x399f56d8 done


Dynamic libraries:
0x00b30000 - 0x00b5f000 	C:\Program Files (x86)\Java\jdk1.7.0_25\bin\java.exe
0x77650000 - 0x777d0000 	C:\Windows\SysWOW64\ntdll.dll
0x76c40000 - 0x76d50000 	C:\Windows\syswow64\kernel32.dll
0x76bc0000 - 0x76c06000 	C:\Windows\syswow64\KERNELBASE.dll
0x75350000 - 0x753f0000 	C:\Windows\syswow64\ADVAPI32.dll
0x77120000 - 0x771cc000 	C:\Windows\syswow64\msvcrt.dll
0x756f0000 - 0x75709000 	C:\Windows\SysWOW64\sechost.dll
0x767a0000 - 0x76890000 	C:\Windows\syswow64\RPCRT4.dll
0x751b0000 - 0x75210000 	C:\Windows\syswow64\SspiCli.dll
0x751a0000 - 0x751ac000 	C:\Windows\syswow64\CRYPTBASE.dll
0x76a30000 - 0x76b30000 	C:\Windows\syswow64\USER32.dll
0x76ef0000 - 0x76f80000 	C:\Windows\syswow64\GDI32.dll
0x76bb0000 - 0x76bba000 	C:\Windows\syswow64\LPK.dll
0x766c0000 - 0x7675d000 	C:\Windows\syswow64\USP10.dll
0x71d60000 - 0x71efe000 	C:\Windows\WinSxS\x86_microsoft.windows.common-controls_6595b64144ccf1df_6.0.7601.17514_none_41e6975e2bd6f2b2\COMCTL32.dll
0x76890000 - 0x768e7000 	C:\Windows\syswow64\SHLWAPI.dll
0x76660000 - 0x766c0000 	C:\Windows\system32\IMM32.DLL
0x753f0000 - 0x754bc000 	C:\Windows\syswow64\MSCTF.dll
0x69da0000 - 0x69e5e000 	C:\Program Files (x86)\Java\jdk1.7.0_25\jre\bin\msvcr100.dll
0x686e0000 - 0x68a22000 	C:\Program Files (x86)\Java\jdk1.7.0_25\jre\bin\client\jvm.dll
0x71d50000 - 0x71d57000 	C:\Windows\system32\WSOCK32.dll
0x75620000 - 0x75655000 	C:\Windows\syswow64\WS2_32.dll
0x76790000 - 0x76796000 	C:\Windows\syswow64\NSI.dll
0x6d520000 - 0x6d552000 	C:\Windows\system32\WINMM.dll
0x752b0000 - 0x752b5000 	C:\Windows\syswow64\PSAPI.DLL
0x74570000 - 0x7457c000 	C:\Program Files (x86)\Java\jdk1.7.0_25\jre\bin\verify.dll
0x74550000 - 0x74570000 	C:\Program Files (x86)\Java\jdk1.7.0_25\jre\bin\java.dll
0x73e20000 - 0x73e33000 	C:\Program Files (x86)\Java\jdk1.7.0_25\jre\bin\zip.dll
0x60fd0000 - 0x6108e000 	C:\Users\Dell\AppData\Local\Temp\javacpp52763160279452\msvcr100.dll
0x60f60000 - 0x60fc9000 	C:\Users\Dell\AppData\Local\Temp\javacpp52763160279452\msvcp100.dll
0x04ef0000 - 0x05c89000 	C:\Users\Dell\AppData\Local\Temp\javacpp52763160279452\opencv_ffmpeg246.dll
0x60d50000 - 0x60f54000 	C:\Users\Dell\AppData\Local\Temp\javacpp52763160279452\opencv_core246.dll
0x60ae0000 - 0x60d4a000 	C:\Users\Dell\AppData\Local\Temp\javacpp52763160279452\opencv_imgproc246.dll
0x608d0000 - 0x60ada000 	C:\Users\Dell\AppData\Local\Temp\javacpp52763160279452\opencv_highgui246.dll
0x754c0000 - 0x7561c000 	C:\Windows\syswow64\ole32.dll
0x75220000 - 0x752af000 	C:\Windows\syswow64\OLEAUT32.dll
0x63ca0000 - 0x63cb9000 	C:\Windows\system32\AVIFIL32.dll
0x69e80000 - 0x69e94000 	C:\Windows\system32\MSACM32.dll
0x63940000 - 0x63961000 	C:\Windows\system32\MSVFW32.dll
0x75710000 - 0x7635a000 	C:\Windows\syswow64\SHELL32.dll
0x61b00000 - 0x61b13000 	C:\Windows\system32\AVICAP32.dll
0x73670000 - 0x73679000 	C:\Windows\system32\VERSION.dll
0x61430000 - 0x6143f000 	C:\Users\Dell\AppData\Local\Temp\javacpp52763160279452\jniopencv_highgui.dll
0x6a930000 - 0x6a9b0000 	C:\Windows\system32\uxtheme.dll
0x75660000 - 0x756e3000 	C:\Windows\syswow64\CLBCatQ.DLL
0x61ae0000 - 0x61af4000 	C:\Windows\SysWOW64\devenum.dll
0x76d50000 - 0x76eed000 	C:\Windows\syswow64\setupapi.dll
0x76760000 - 0x76787000 	C:\Windows\syswow64\CFGMGR32.dll
0x76f80000 - 0x76f92000 	C:\Windows\syswow64\DEVOBJ.dll
0x70230000 - 0x70251000 	C:\Windows\system32\ntmarta.dll
0x76b30000 - 0x76b75000 	C:\Windows\syswow64\WLDAP32.dll
0x76b80000 - 0x76bad000 	C:\Windows\syswow64\WINTRUST.dll
0x77000000 - 0x7711d000 	C:\Windows\syswow64\CRYPT32.dll
0x75210000 - 0x7521c000 	C:\Windows\syswow64\MSASN1.dll
0x69f90000 - 0x69f9b000 	C:\Windows\system32\msdmo.dll
0x61aa0000 - 0x61ad2000 	C:\Windows\SysWOW64\qcap.dll
0x61920000 - 0x61a97000 	C:\Windows\SysWOW64\quartz.dll
0x6a3a0000 - 0x6a3b3000 	C:\Windows\system32\dwmapi.dll
0x618e0000 - 0x61913000 	C:\Windows\SysWOW64\ksproxy.ax
0x74af0000 - 0x74af4000 	C:\Windows\SysWOW64\ksuser.dll
0x61710000 - 0x618d3000 	C:\Windows\SysWOW64\d3d9.dll
0x63930000 - 0x63936000 	C:\Windows\SysWOW64\d3d8thk.dll
0x638a0000 - 0x638a9000 	C:\Windows\SysWOW64\vidcap.ax
0x616f0000 - 0x6170d000 	C:\Windows\SysWOW64\kswdmcap.ax
0x615d0000 - 0x616ec000 	C:\Windows\SysWOW64\MFC42.dll
0x732d0000 - 0x7335c000 	C:\Windows\SysWOW64\ODBC32.dll
0x73290000 - 0x732c8000 	C:\Windows\SysWOW64\odbcint.dll
0x61550000 - 0x615d0000 	C:\Windows\SysWOW64\qedit.dll
0x771d0000 - 0x7724b000 	C:\Windows\syswow64\COMDLG32.dll
0x61220000 - 0x613b0000 	C:\Windows\WinSxS\x86_microsoft.windows.gdiplus_6595b64144ccf1df_1.1.7601.17514_none_72d18a4386696c80\gdiplus.dll
0x61460000 - 0x61547000 	C:\Windows\system32\DDRAW.dll
0x61450000 - 0x61456000 	C:\Windows\system32\DCIMAN32.dll
0x61150000 - 0x6121c000 	C:\Windows\system32\D3DIM700.DLL
0x61440000 - 0x61449000 	C:\Windows\system32\msyuv.dll
0x60850000 - 0x608c5000 	C:\Users\Dell\AppData\Local\Temp\javacpp52763160279452\jniopencv_core.dll
0x691a0000 - 0x692e4000 	C:\Program Files (x86)\Java\jdk1.7.0_25\jre\bin\awt.dll
0x69fa0000 - 0x69fd1000 	C:\Program Files (x86)\Java\jdk1.7.0_25\jre\bin\fontmanager.dll
0x60810000 - 0x60849000 	C:\Users\Dell\AppData\Local\Temp\javacpp52763160279452\jniopencv_imgproc.dll
0x6be80000 - 0x6bf6b000 	C:\Windows\system32\dbghelp.dll

VM Arguments:
jvm_args: -Dfile.encoding=UTF-8 
java_command: webcam.newdetect
Launcher Type: SUN_STANDARD

Environment Variables:
CLASSPATH=.;.;C:\PROGRA~2\JMF21~1.1E\lib\sound.jar;C:\PROGRA~2\JMF21~1.1E\lib\jmf.jar;C:\PROGRA~2\JMF21~1.1E\lib;
PATH=C:\Perl\site\bin;C:\Perl\bin;F:\oracle\product\10.2.0\db_1\bin;F:\OraHome_1\bin;F:\app\Dell\product\11.2.0\dbhome_2\bin;C:\Ruby200-x64\bin;F:\app\Dell\product\11.2.0\dbhome_1\bin;E:\app\Dell\product\11.2.0\dbhome_1\bin;C:\Program Files\Dell\DW WLAN Card;;C:\Program Files (x86)\Intel\iCLS Client\;C:\Program Files\Intel\iCLS Client\;C:\Windows\system32;C:\Windows;C:\Windows\System32\Wbem;C:\Windows\System32\WindowsPowerShell\v1.0\;C:\Program Files (x86)\Intel\OpenCL SDK\2.0\bin\x86;C:\Program Files (x86)\Intel\OpenCL SDK\2.0\bin\x64;C:\Program Files\Intel\Intel(R) Management Engine Components\DAL;C:\Program Files\Intel\Intel(R) Management Engine Components\IPT;C:\Program Files (x86)\Intel\Intel(R) Management Engine Components\DAL;C:\Program Files (x86)\Intel\Intel(R) Management Engine Components\IPT;C:\Program Files\WIDCOMM\Bluetooth Software\;C:\Program Files\WIDCOMM\Bluetooth Software\syswow64;C:\Program Files\Common Files\Autodesk Shared\;C:\Program Files (x86)\Microsoft SQL Server\100\Tools\Binn\;C:\Program Files\Microsoft SQL Server\100\Tools\Binn\;C:\Program Files\Microsoft SQL Server\100\DTS\Binn\;C:\FPC\2.6.2\bin\i386-Win32;C:\Program Files (x86)\Microsoft SQL Server\100\Tools\Binn\VSShell\Common7\IDE\;C:\Program Files (x86)\Microsoft SQL Server\100\DTS\Binn\;C:\Program Files (x86)\Microsoft Visual Studio 9.0\Common7\IDE\PrivateAssemblies\;C:\Program Files (x86)\GtkSharp\2.12\bin;C:\strawberry\c\bin;C:\strawberry\perl\site\bin;C:\strawberry\perl\bin;E:\Program files\Universal Extractor;E:\Program files\Universal Extractor\bin;E:\Program files\TASM GUI editor\BIN;C:\Program Files (x86)\QuickTime\QTSystem\;C:\Program Files\Java\jdk1.7.0_17\bin
USERNAME=Dell
OS=Windows_NT
PROCESSOR_IDENTIFIER=Intel64 Family 6 Model 58 Stepping 9, GenuineIntel



---------------  S Y S T E M  ---------------

OS: Windows 7 , 64 bit Build 7601 Service Pack 1

CPU:total 4 (2 cores per cpu, 2 threads per core) family 6 model 58 stepping 9, cmov, cx8, fxsr, mmx, sse, sse2, sse3, ssse3, sse4.1, sse4.2, popcnt, avx, ht, tsc, tscinvbit, tscinv

Memory: 4k page, physical 4066668k(1887200k free), swap 8131492k(5203340k free)

vm_info: Java HotSpot(TM) Client VM (23.25-b01) for windows-x86 JRE (1.7.0_25-b16), built on Jun 12 2013 20:29:09 by "java_re" with unknown MS VC++:1600

time: Mon Oct 07 22:10:59 2013
elapsed time: 3 seconds

