#
# A fatal error has been detected by the Java Runtime Environment:
#
#  EXCEPTION_ACCESS_VIOLATION (0xc0000005) at pc=0x10001fc3, pid=5800, tid=6712
#
# JRE version: 7.0_25-b16
# Java VM: Java HotSpot(TM) Client VM (23.25-b01 mixed mode, sharing windows-x86 )
# Problematic frame:
# C  [JMyron.dll+0x1fc3]  Java_JMyron_JMyron_native_1stop+0x763
#
# Failed to write core dump. Minidumps are not enabled by default on client versions of Windows
#
# If you would like to submit a bug report, please visit:
#   http://bugreport.sun.com/bugreport/crash.jsp
# The crash happened outside the Java Virtual Machine in native code.
# See problematic frame for where to report the bug.
#

---------------  T H R E A D  ---------------

Current thread (0x04c98400):  JavaThread "Thread-2" [_thread_in_native, id=6712, stack(0x0f020000,0x0f070000)]

siginfo: ExceptionCode=0xc0000005, reading address 0x00000004

Registers:
EAX=0x10001770, EBX=0x34519230, ECX=0x00000000, EDX=0x3451aef0
ESP=0x0f06f2b4, EBP=0x0f06f2f8, ESI=0x00000000, EDI=0x04c98400
EIP=0x10001fc3, EFLAGS=0x00010246

Top of Stack: (sp=0x0f06f2b4)
0x0f06f2b4:   34519230 1000177b 027ca717 04c98528
0x0f06f2c4:   0f06f308 247448a8 247448a8 0f06f2d0
0x0f06f2d4:   3849d6c1 0f06f2d8 00000000 0f06f308
0x0f06f2e4:   3451aef0 00000000 34519230 00000000
0x0f06f2f4:   0f06f308 0f06f32c 027c32c7 00000000
0x0f06f304:   027c8989 2a112a80 0f06f30c 3451a8c9
0x0f06f314:   0f06f334 3451aef0 00000000 3451a8d8
0x0f06f324:   0f06f308 0f06f334 0f06f358 027c32c7 

Instructions: (pc=0x10001fc3)
0x10001fa3:   c3 cc cc cc cc cc cc cc cc cc cc cc cc d9 44 24
0x10001fb3:   04 d9 59 74 c2 04 00 cc cc cc cc cc cc 56 33 f6
0x10001fc3:   39 71 04 7e 68 8b 01 53 57 8d 64 24 00 33 d2 85
0x10001fd3:   c0 7e 50 8b 59 14 0f af c6 03 c2 8d 3c 40 8b 41 


Register to memory mapping:

EAX=0x10001770 is an unknown value
EBX=0x34519230 is an oop
{method} 
 - klass: {other class}
ECX=0x00000000 is an unknown value
EDX=0x3451aef0 is an oop
{constant pool cache} 
 - klass: {other class}
ESP=0x0f06f2b4 is pointing into the stack for thread: 0x04c98400
EBP=0x0f06f2f8 is pointing into the stack for thread: 0x04c98400
ESI=0x00000000 is an unknown value
EDI=0x04c98400 is a thread


Stack: [0x0f020000,0x0f070000],  sp=0x0f06f2b4,  free space=316k
Native frames: (J=compiled Java code, j=interpreted, Vv=VM code, C=native code)
C  [JMyron.dll+0x1fc3]  Java_JMyron_JMyron_native_1stop+0x763
j  JMyron.JMyron.adapt()V+1
j  webcam.Cam2$1.run()V+65
j  java.lang.Thread.run()V+11
v  ~StubRoutines::call_stub
V  [jvm.dll+0x124afa]
V  [jvm.dll+0x1d224e]
V  [jvm.dll+0x124caf]
V  [jvm.dll+0x124d17]
V  [jvm.dll+0xcf06f]
V  [jvm.dll+0x144447]
V  [jvm.dll+0x1445b0]
V  [jvm.dll+0x177bb9]
C  [msvcr100.dll+0x5c6de]  endthreadex+0x3a
C  [msvcr100.dll+0x5c788]  endthreadex+0xe4
C  [kernel32.dll+0x133ca]  BaseThreadInitThunk+0x12
C  [ntdll.dll+0x39ed2]  RtlInitializeExceptionChain+0x63
C  [ntdll.dll+0x39ea5]  RtlInitializeExceptionChain+0x36

Java frames: (J=compiled Java code, j=interpreted, Vv=VM code)
j  JMyron.JMyron.native_adapt()V+0
j  JMyron.JMyron.adapt()V+1
j  webcam.Cam2$1.run()V+65
j  java.lang.Thread.run()V+11
v  ~StubRoutines::call_stub

---------------  P R O C E S S  ---------------

Java Threads: ( => current thread )
=>0x04c98400 JavaThread "Thread-2" [_thread_in_native, id=6712, stack(0x0f020000,0x0f070000)]
  0x00e1b000 JavaThread "DestroyJavaVM" [_thread_blocked, id=6464, stack(0x001d0000,0x00220000)]
  0x04bfc800 JavaThread "AWT-EventQueue-0" [_thread_blocked, id=6536, stack(0x055c0000,0x05610000)]
  0x04bc0400 JavaThread "AWT-Windows" daemon [_thread_in_native, id=4476, stack(0x05040000,0x05090000)]
  0x04bbfc00 JavaThread "AWT-Shutdown" [_thread_blocked, id=6964, stack(0x04a60000,0x04ab0000)]
  0x04bbd400 JavaThread "Java2D Disposer" daemon [_thread_blocked, id=6476, stack(0x04990000,0x049e0000)]
  0x00dbe000 JavaThread "Service Thread" daemon [_thread_blocked, id=6816, stack(0x04ab0000,0x04b00000)]
  0x00d9e000 JavaThread "C1 CompilerThread0" daemon [_thread_blocked, id=5416, stack(0x04880000,0x048d0000)]
  0x00d9cc00 JavaThread "Attach Listener" daemon [_thread_blocked, id=7048, stack(0x04830000,0x04880000)]
  0x00d99800 JavaThread "Signal Dispatcher" daemon [_thread_blocked, id=5380, stack(0x012d0000,0x01320000)]
  0x00d88c00 JavaThread "Finalizer" daemon [_thread_blocked, id=6488, stack(0x047c0000,0x04810000)]
  0x00d84000 JavaThread "Reference Handler" daemon [_thread_blocked, id=4428, stack(0x00f90000,0x00fe0000)]

Other Threads:
  0x00d81000 VMThread [stack: 0x01120000,0x01170000] [id=6492]
  0x04b01400 WatcherThread [stack: 0x01340000,0x01390000] [id=6376]

VM state:not at safepoint (normal execution)

VM Mutex/Monitor currently owned by a thread: None

Heap
 def new generation   total 14592K, used 3612K [0x243c0000, 0x25390000, 0x29910000)
  eden space 12992K,  27% used [0x243c0000, 0x247471a0, 0x25070000)
  from space 1600K,   0% used [0x25070000, 0x25070000, 0x25200000)
  to   space 1600K,   0% used [0x25200000, 0x25200000, 0x25390000)
 tenured generation   total 32228K, used 19227K [0x29910000, 0x2b889000, 0x343c0000)
   the space 32228K,  59% used [0x29910000, 0x2abd6d38, 0x2abd6e00, 0x2b889000)
 compacting perm gen  total 12288K, used 1402K [0x343c0000, 0x34fc0000, 0x383c0000)
   the space 12288K,  11% used [0x343c0000, 0x3451eaf8, 0x3451ec00, 0x34fc0000)
    ro space 10240K,  45% used [0x383c0000, 0x38849b28, 0x38849c00, 0x38dc0000)
    rw space 12288K,  54% used [0x38dc0000, 0x3944d0e8, 0x3944d200, 0x399c0000)

Card table byte_map: [0x00e20000,0x00ed0000] byte_map_base: 0x00cfe200

Polling page: 0x001a0000

Code Cache  [0x027c0000, 0x02890000, 0x047c0000)
 total_blobs=379 nmethods=159 adapters=155 free_code_cache=31945Kb largest_free_block=32711936

Compilation events (10 events):
Event: 21.457 Thread 0x00d9e000  154   !         sun.awt.AWTAutoShutdown::setToolkitBusy (124 bytes)
Event: 21.459 Thread 0x00d9e000 nmethod 154 0x0288c588 code [0x0288c6e0, 0x0288cc0c]
Event: 22.357 Thread 0x00d9e000  155             java.awt.geom.RectangularShape::<init> (5 bytes)
Event: 22.357 Thread 0x00d9e000 nmethod 155 0x0288d148 code [0x0288d240, 0x0288d2c0]
Event: 22.832 Thread 0x00d9e000  156             java.awt.geom.Rectangle2D::<init> (5 bytes)
Event: 22.832 Thread 0x00d9e000 nmethod 156 0x0288d308 code [0x0288d400, 0x0288d480]
Event: 23.831 Thread 0x00d9e000  157             java.awt.Component::getX (5 bytes)
Event: 23.832 Thread 0x00d9e000 nmethod 157 0x0288d4c8 code [0x0288d5c0, 0x0288d640]
Event: 23.832 Thread 0x00d9e000  158             java.awt.Component::getY (5 bytes)
Event: 23.832 Thread 0x00d9e000 nmethod 158 0x0288d688 code [0x0288d780, 0x0288d800]

GC Heap History (10 events):
Event: 24.652 GC heap before
{Heap before GC invocations=148 (full 72):
 def new generation   total 14592K, used 10804K [0x243c0000, 0x25390000, 0x29910000)
  eden space 12992K,  83% used [0x243c0000, 0x24e4d080, 0x25070000)
  from space 1600K,   0% used [0x25200000, 0x25200190, 0x25390000)
  to   space 1600K,   0% used [0x25070000, 0x25070000, 0x25200000)
 tenured generation   total 32228K, used 30026K [0x29910000, 0x2b889000, 0x343c0000)
   the space 32228K,  93% used [0x29910000, 0x2b662bd8, 0x2b662c00, 0x2b889000)
 compacting perm gen  total 12288K, used 1402K [0x343c0000, 0x34fc0000, 0x383c0000)
   the space 12288K,  11% used [0x343c0000, 0x3451eaf8, 0x3451ec00, 0x34fc0000)
    ro space 10240K,  45% used [0x383c0000, 0x38849b28, 0x38849c00, 0x38dc0000)
    rw space 12288K,  54% used [0x38dc0000, 0x3944d0e8, 0x3944d200, 0x399c0000)
Event: 24.673 GC heap after
Heap after GC invocations=149 (full 73):
 def new generation   total 14592K, used 0K [0x243c0000, 0x25390000, 0x29910000)
  eden space 12992K,   0% used [0x243c0000, 0x243c0000, 0x25070000)
  from space 1600K,   0% used [0x25070000, 0x25070000, 0x25200000)
  to   space 1600K,   0% used [0x25200000, 0x25200000, 0x25390000)
 tenured generation   total 32228K, used 19226K [0x29910000, 0x2b889000, 0x343c0000)
   the space 32228K,  59% used [0x29910000, 0x2abd6ba8, 0x2abd6c00, 0x2b889000)
 compacting perm gen  total 12288K, used 1402K [0x343c0000, 0x34fc0000, 0x383c0000)
   the space 12288K,  11% used [0x343c0000, 0x3451eaf8, 0x3451ec00, 0x34fc0000)
    ro space 10240K,  45% used [0x383c0000, 0x38849b28, 0x38849c00, 0x38dc0000)
    rw space 12288K,  54% used [0x38dc0000, 0x3944d0e8, 0x3944d200, 0x399c0000)
}
Event: 24.821 GC heap before
{Heap before GC invocations=149 (full 73):
 def new generation   total 14592K, used 10809K [0x243c0000, 0x25390000, 0x29910000)
  eden space 12992K,  83% used [0x243c0000, 0x24e4e530, 0x25070000)
  from space 1600K,   0% used [0x25070000, 0x25070000, 0x25200000)
  to   space 1600K,   0% used [0x25200000, 0x25200000, 0x25390000)
 tenured generation   total 32228K, used 19226K [0x29910000, 0x2b889000, 0x343c0000)
   the space 32228K,  59% used [0x29910000, 0x2abd6ba8, 0x2abd6c00, 0x2b889000)
 compacting perm gen  total 12288K, used 1402K [0x343c0000, 0x34fc0000, 0x383c0000)
   the space 12288K,  11% used [0x343c0000, 0x3451eaf8, 0x3451ec00, 0x34fc0000)
    ro space 10240K,  45% used [0x383c0000, 0x38849b28, 0x38849c00, 0x38dc0000)
    rw space 12288K,  54% used [0x38dc0000, 0x3944d0e8, 0x3944d200, 0x399c0000)
Event: 24.825 GC heap after
Heap after GC invocations=150 (full 73):
 def new generation   total 14592K, used 0K [0x243c0000, 0x25390000, 0x29910000)
  eden space 12992K,   0% used [0x243c0000, 0x243c0000, 0x25070000)
  from space 1600K,   0% used [0x25200000, 0x25200328, 0x25390000)
  to   space 1600K,   0% used [0x25070000, 0x25070000, 0x25200000)
 tenured generation   total 32228K, used 30026K [0x29910000, 0x2b889000, 0x343c0000)
   the space 32228K,  93% used [0x29910000, 0x2b662bd8, 0x2b662c00, 0x2b889000)
 compacting perm gen  total 12288K, used 1402K [0x343c0000, 0x34fc0000, 0x383c0000)
   the space 12288K,  11% used [0x343c0000, 0x3451eaf8, 0x3451ec00, 0x34fc0000)
    ro space 10240K,  45% used [0x383c0000, 0x38849b28, 0x38849c00, 0x38dc0000)
    rw space 12288K,  54% used [0x38dc0000, 0x3944d0e8, 0x3944d200, 0x399c0000)
}
Event: 24.961 GC heap before
{Heap before GC invocations=150 (full 73):
 def new generation   total 14592K, used 10802K [0x243c0000, 0x25390000, 0x29910000)
  eden space 12992K,  83% used [0x243c0000, 0x24e4c830, 0x25070000)
  from space 1600K,   0% used [0x25200000, 0x25200328, 0x25390000)
  to   space 1600K,   0% used [0x25070000, 0x25070000, 0x25200000)
 tenured generation   total 32228K, used 30026K [0x29910000, 0x2b889000, 0x343c0000)
   the space 32228K,  93% used [0x29910000, 0x2b662bd8, 0x2b662c00, 0x2b889000)
 compacting perm gen  total 12288K, used 1402K [0x343c0000, 0x34fc0000, 0x383c0000)
   the space 12288K,  11% used [0x343c0000, 0x3451eaf8, 0x3451ec00, 0x34fc0000)
    ro space 10240K,  45% used [0x383c0000, 0x38849b28, 0x38849c00, 0x38dc0000)
    rw space 12288K,  54% used [0x38dc0000, 0x3944d0e8, 0x3944d200, 0x399c0000)
Event: 24.980 GC heap after
Heap after GC invocations=151 (full 74):
 def new generation   total 14592K, used 0K [0x243c0000, 0x25390000, 0x29910000)
  eden space 12992K,   0% used [0x243c0000, 0x243c0000, 0x25070000)
  from space 1600K,   0% used [0x25070000, 0x25070000, 0x25200000)
  to   space 1600K,   0% used [0x25200000, 0x25200000, 0x25390000)
 tenured generation   total 32228K, used 19227K [0x29910000, 0x2b889000, 0x343c0000)
   the space 32228K,  59% used [0x29910000, 0x2abd6d38, 0x2abd6e00, 0x2b889000)
 compacting perm gen  total 12288K, used 1402K [0x343c0000, 0x34fc0000, 0x383c0000)
   the space 12288K,  11% used [0x343c0000, 0x3451eaf8, 0x3451ec00, 0x34fc0000)
    ro space 10240K,  45% used [0x383c0000, 0x38849b28, 0x38849c00, 0x38dc0000)
    rw space 12288K,  54% used [0x38dc0000, 0x3944d0e8, 0x3944d200, 0x399c0000)
}
Event: 25.109 GC heap before
{Heap before GC invocations=151 (full 74):
 def new generation   total 14592K, used 10802K [0x243c0000, 0x25390000, 0x29910000)
  eden space 12992K,  83% used [0x243c0000, 0x24e4c830, 0x25070000)
  from space 1600K,   0% used [0x25070000, 0x25070000, 0x25200000)
  to   space 1600K,   0% used [0x25200000, 0x25200000, 0x25390000)
 tenured generation   total 32228K, used 19227K [0x29910000, 0x2b889000, 0x343c0000)
   the space 32228K,  59% used [0x29910000, 0x2abd6d38, 0x2abd6e00, 0x2b889000)
 compacting perm gen  total 12288K, used 1402K [0x343c0000, 0x34fc0000, 0x383c0000)
   the space 12288K,  11% used [0x343c0000, 0x3451eaf8, 0x3451ec00, 0x34fc0000)
    ro space 10240K,  45% used [0x383c0000, 0x38849b28, 0x38849c00, 0x38dc0000)
    rw space 12288K,  54% used [0x38dc0000, 0x3944d0e8, 0x3944d200, 0x399c0000)
Event: 25.112 GC heap after
Heap after GC invocations=152 (full 74):
 def new generation   total 14592K, used 0K [0x243c0000, 0x25390000, 0x29910000)
  eden space 12992K,   0% used [0x243c0000, 0x243c0000, 0x25070000)
  from space 1600K,   0% used [0x25200000, 0x25200158, 0x25390000)
  to   space 1600K,   0% used [0x25070000, 0x25070000, 0x25200000)
 tenured generation   total 32228K, used 30027K [0x29910000, 0x2b889000, 0x343c0000)
   the space 32228K,  93% used [0x29910000, 0x2b662d68, 0x2b662e00, 0x2b889000)
 compacting perm gen  total 12288K, used 1402K [0x343c0000, 0x34fc0000, 0x383c0000)
   the space 12288K,  11% used [0x343c0000, 0x3451eaf8, 0x3451ec00, 0x34fc0000)
    ro space 10240K,  45% used [0x383c0000, 0x38849b28, 0x38849c00, 0x38dc0000)
    rw space 12288K,  54% used [0x38dc0000, 0x3944d0e8, 0x3944d200, 0x399c0000)
}
Event: 25.240 GC heap before
{Heap before GC invocations=152 (full 74):
 def new generation   total 14592K, used 10802K [0x243c0000, 0x25390000, 0x29910000)
  eden space 12992K,  83% used [0x243c0000, 0x24e4c830, 0x25070000)
  from space 1600K,   0% used [0x25200000, 0x25200158, 0x25390000)
  to   space 1600K,   0% used [0x25070000, 0x25070000, 0x25200000)
 tenured generation   total 32228K, used 30027K [0x29910000, 0x2b889000, 0x343c0000)
   the space 32228K,  93% used [0x29910000, 0x2b662d68, 0x2b662e00, 0x2b889000)
 compacting perm gen  total 12288K, used 1402K [0x343c0000, 0x34fc0000, 0x383c0000)
   the space 12288K,  11% used [0x343c0000, 0x3451eaf8, 0x3451ec00, 0x34fc0000)
    ro space 10240K,  45% used [0x383c0000, 0x38849b28, 0x38849c00, 0x38dc0000)
    rw space 12288K,  54% used [0x38dc0000, 0x3944d0e8, 0x3944d200, 0x399c0000)
Event: 25.262 GC heap after
Heap after GC invocations=153 (full 75):
 def new generation   total 14592K, used 0K [0x243c0000, 0x25390000, 0x29910000)
  eden space 12992K,   0% used [0x243c0000, 0x243c0000, 0x25070000)
  from space 1600K,   0% used [0x25070000, 0x25070000, 0x25200000)
  to   space 1600K,   0% used [0x25200000, 0x25200000, 0x25390000)
 tenured generation   total 32228K, used 19227K [0x29910000, 0x2b889000, 0x343c0000)
   the space 32228K,  59% used [0x29910000, 0x2abd6d38, 0x2abd6e00, 0x2b889000)
 compacting perm gen  total 12288K, used 1402K [0x343c0000, 0x34fc0000, 0x383c0000)
   the space 12288K,  11% used [0x343c0000, 0x3451eaf8, 0x3451ec00, 0x34fc0000)
    ro space 10240K,  45% used [0x383c0000, 0x38849b28, 0x38849c00, 0x38dc0000)
    rw space 12288K,  54% used [0x38dc0000, 0x3944d0e8, 0x3944d200, 0x399c0000)
}

Deoptimization events (0 events):
No events

Internal exceptions (10 events):
Event: 0.157 Thread 0x00e1b000 Threw 0x24541518 at C:\jdk7u2_32P\jdk7u25\hotspot\src\share\vm\classfile\systemDictionary.cpp:179
Event: 0.169 Thread 0x00e1b000 Threw 0x2459f920 at C:\jdk7u2_32P\jdk7u25\hotspot\src\share\vm\prims\jvm.cpp:1235
Event: 0.202 Thread 0x04bfc800 Threw 0x2476e7f8 at C:\jdk7u2_32P\jdk7u25\hotspot\src\share\vm\prims\jvm.cpp:1235
Event: 0.204 Thread 0x04bfc800 Threw 0x24771520 at C:\jdk7u2_32P\jdk7u25\hotspot\src\share\vm\prims\jvm.cpp:1235
Event: 0.238 Thread 0x04bfc800 Threw 0x2479a800 at C:\jdk7u2_32P\jdk7u25\hotspot\src\share\vm\prims\jvm.cpp:1235
Event: 0.238 Thread 0x04bfc800 Threw 0x2479aa10 at C:\jdk7u2_32P\jdk7u25\hotspot\src\share\vm\prims\jvm.cpp:1235
Event: 0.239 Thread 0x04bfc800 Threw 0x2479ec00 at C:\jdk7u2_32P\jdk7u25\hotspot\src\share\vm\prims\jvm.cpp:1235
Event: 0.239 Thread 0x04bfc800 Threw 0x2479ee10 at C:\jdk7u2_32P\jdk7u25\hotspot\src\share\vm\prims\jvm.cpp:1235
Event: 0.341 Thread 0x04bfc800 Threw 0x247c7938 at C:\jdk7u2_32P\jdk7u25\hotspot\src\share\vm\prims\jvm.cpp:1235
Event: 0.596 Thread 0x04bfc800 Threw 0x247d18c8 at C:\jdk7u2_32P\jdk7u25\hotspot\src\share\vm\prims\jvm.cpp:1235

Events (10 events):
Event: 24.652 Executing VM operation: GenCollectForAllocation
Event: 24.673 Executing VM operation: GenCollectForAllocation done
Event: 24.821 Executing VM operation: GenCollectForAllocation
Event: 24.825 Executing VM operation: GenCollectForAllocation done
Event: 24.961 Executing VM operation: GenCollectForAllocation
Event: 24.980 Executing VM operation: GenCollectForAllocation done
Event: 25.109 Executing VM operation: GenCollectForAllocation
Event: 25.112 Executing VM operation: GenCollectForAllocation done
Event: 25.240 Executing VM operation: GenCollectForAllocation
Event: 25.262 Executing VM operation: GenCollectForAllocation done


Dynamic libraries:
0x01390000 - 0x013bf000 	C:\Program Files (x86)\Java\jdk1.7.0_25\bin\java.exe
0x77c20000 - 0x77da0000 	C:\Windows\SysWOW64\ntdll.dll
0x762a0000 - 0x763b0000 	C:\Windows\syswow64\kernel32.dll
0x774d0000 - 0x77516000 	C:\Windows\syswow64\KERNELBASE.dll
0x77150000 - 0x771f0000 	C:\Windows\syswow64\ADVAPI32.dll
0x77540000 - 0x775ec000 	C:\Windows\syswow64\msvcrt.dll
0x77520000 - 0x77539000 	C:\Windows\SysWOW64\sechost.dll
0x75830000 - 0x75920000 	C:\Windows\syswow64\RPCRT4.dll
0x75780000 - 0x757e0000 	C:\Windows\syswow64\SspiCli.dll
0x75770000 - 0x7577c000 	C:\Windows\syswow64\CRYPTBASE.dll
0x75980000 - 0x75a80000 	C:\Windows\syswow64\USER32.dll
0x76210000 - 0x762a0000 	C:\Windows\syswow64\GDI32.dll
0x757e0000 - 0x757ea000 	C:\Windows\syswow64\LPK.dll
0x775f0000 - 0x7768d000 	C:\Windows\syswow64\USP10.dll
0x709c0000 - 0x70b5e000 	C:\Windows\WinSxS\x86_microsoft.windows.common-controls_6595b64144ccf1df_6.0.7601.17514_none_41e6975e2bd6f2b2\COMCTL32.dll
0x763e0000 - 0x76437000 	C:\Windows\syswow64\SHLWAPI.dll
0x75920000 - 0x75980000 	C:\Windows\system32\IMM32.DLL
0x75c20000 - 0x75cec000 	C:\Windows\syswow64\MSCTF.dll
0x67030000 - 0x670ee000 	C:\Program Files (x86)\Java\jdk1.7.0_25\jre\bin\msvcr100.dll
0x670f0000 - 0x67432000 	C:\Program Files (x86)\Java\jdk1.7.0_25\jre\bin\client\jvm.dll
0x709b0000 - 0x709b7000 	C:\Windows\system32\WSOCK32.dll
0x757f0000 - 0x75825000 	C:\Windows\syswow64\WS2_32.dll
0x77bf0000 - 0x77bf6000 	C:\Windows\syswow64\NSI.dll
0x6a3a0000 - 0x6a3d2000 	C:\Windows\system32\WINMM.dll
0x76200000 - 0x76205000 	C:\Windows\syswow64\PSAPI.DLL
0x674b0000 - 0x674bc000 	C:\Program Files (x86)\Java\jdk1.7.0_25\jre\bin\verify.dll
0x67490000 - 0x674b0000 	C:\Program Files (x86)\Java\jdk1.7.0_25\jre\bin\java.dll
0x66fd0000 - 0x66fe3000 	C:\Program Files (x86)\Java\jdk1.7.0_25\jre\bin\zip.dll
0x66d10000 - 0x66e54000 	C:\Program Files (x86)\Java\jdk1.7.0_25\jre\bin\awt.dll
0x77690000 - 0x7771f000 	C:\Windows\syswow64\OLEAUT32.dll
0x760a0000 - 0x761fc000 	C:\Windows\syswow64\ole32.dll
0x6fca0000 - 0x6fd20000 	C:\Windows\system32\uxtheme.dll
0x6afa0000 - 0x6afb3000 	C:\Windows\system32\dwmapi.dll
0x764d0000 - 0x7711a000 	C:\Windows\syswow64\SHELL32.dll
0x66f70000 - 0x66fa1000 	C:\Program Files (x86)\Java\jdk1.7.0_25\jre\bin\fontmanager.dll
0x67440000 - 0x67476000 	C:\Program Files\WIDCOMM\Bluetooth Software\SysWOW64\BtMmHook.dll
0x75d80000 - 0x75e03000 	C:\Windows\syswow64\CLBCatQ.DLL
0x75540000 - 0x75564000 	C:\Program Files (x86)\Java\jdk1.7.0_25\jre\bin\dcpr.dll
0x66fb0000 - 0x66fc4000 	C:\Program Files (x86)\Java\jdk1.7.0_25\jre\bin\net.dll
0x752d0000 - 0x7530c000 	C:\Windows\system32\mswsock.dll
0x750e0000 - 0x750e6000 	C:\Windows\System32\wship6.dll
0x67480000 - 0x6748f000 	C:\Program Files (x86)\Java\jdk1.7.0_25\jre\bin\nio.dll
0x66f40000 - 0x66f70000 	C:\Program Files (x86)\Java\jdk1.7.0_25\jre\bin\t2k.dll
0x10000000 - 0x1001b000 	C:\Windows\System32\JMyron.dll
0x00dd0000 - 0x00de4000 	C:\Windows\system\myron_ezcam.dll
0x00df0000 - 0x00e03000 	C:\Windows\system\DSVL.dll
0x5b970000 - 0x5bae7000 	C:\Windows\system32\QUARTZ.dll
0x7c3c0000 - 0x7c43c000 	C:\Windows\system32\MSVCP71.dll
0x7c360000 - 0x7c3b6000 	C:\Windows\system32\MSVCR71.dll
0x5be10000 - 0x5be42000 	C:\Windows\SysWOW64\qcap.dll
0x66ae0000 - 0x66b01000 	C:\Windows\SysWOW64\MSVFW32.dll
0x71780000 - 0x71789000 	C:\Windows\SysWOW64\VERSION.dll
0x5bd90000 - 0x5be10000 	C:\Windows\SysWOW64\qedit.dll
0x76440000 - 0x764bb000 	C:\Windows\syswow64\COMDLG32.dll
0x657a0000 - 0x65930000 	C:\Windows\WinSxS\x86_microsoft.windows.gdiplus_6595b64144ccf1df_1.1.7601.17514_none_72d18a4386696c80\gdiplus.dll
0x6afc0000 - 0x6afd4000 	C:\Windows\SysWOW64\devenum.dll
0x75a80000 - 0x75c1d000 	C:\Windows\syswow64\setupapi.dll
0x75cf0000 - 0x75d17000 	C:\Windows\syswow64\CFGMGR32.dll
0x75e10000 - 0x75e22000 	C:\Windows\syswow64\DEVOBJ.dll
0x70470000 - 0x70491000 	C:\Windows\system32\ntmarta.dll
0x77480000 - 0x774c5000 	C:\Windows\syswow64\WLDAP32.dll
0x763b0000 - 0x763dd000 	C:\Windows\syswow64\WINTRUST.dll
0x75f80000 - 0x7609d000 	C:\Windows\syswow64\CRYPT32.dll
0x764c0000 - 0x764cc000 	C:\Windows\syswow64\MSASN1.dll
0x67830000 - 0x6783b000 	C:\Windows\system32\msdmo.dll
0x5bd00000 - 0x5bd33000 	C:\Windows\SysWOW64\ksproxy.ax
0x754d0000 - 0x754d4000 	C:\Windows\SysWOW64\ksuser.dll
0x67840000 - 0x67a03000 	C:\Windows\SysWOW64\d3d9.dll
0x6a3e0000 - 0x6a3e6000 	C:\Windows\SysWOW64\d3d8thk.dll
0x5beb0000 - 0x5beb9000 	C:\Windows\SysWOW64\vidcap.ax
0x5bd70000 - 0x5bd8d000 	C:\Windows\SysWOW64\kswdmcap.ax
0x5b850000 - 0x5b96c000 	C:\Windows\SysWOW64\MFC42.dll
0x73200000 - 0x7328c000 	C:\Windows\SysWOW64\ODBC32.dll
0x6e620000 - 0x6e658000 	C:\Windows\SysWOW64\odbcint.dll
0x6adb0000 - 0x6ae9b000 	C:\Windows\system32\dbghelp.dll

VM Arguments:
jvm_args: -Dfile.encoding=UTF-8 
java_command: webcam.Cam2
Launcher Type: SUN_STANDARD

Environment Variables:
CLASSPATH=.;C:\Program Files (x86)\QuickTime\QTSystem\QTJava.zip
PATH=C:\Windows\System32\Wbem;C:\Program Files (x86)\Java\jdk1.7.0_25\bin
USERNAME=Dell
OS=Windows_NT
PROCESSOR_IDENTIFIER=Intel64 Family 6 Model 58 Stepping 9, GenuineIntel



---------------  S Y S T E M  ---------------

OS: Windows 7 , 64 bit Build 7601 Service Pack 1

CPU:total 4 (2 cores per cpu, 2 threads per core) family 6 model 58 stepping 9, cmov, cx8, fxsr, mmx, sse, sse2, sse3, ssse3, sse4.1, sse4.2, popcnt, avx, ht, tsc, tscinvbit, tscinv

Memory: 4k page, physical 4066668k(1113056k free), swap 8131492k(4115516k free)

vm_info: Java HotSpot(TM) Client VM (23.25-b01) for windows-x86 JRE (1.7.0_25-b16), built on Jun 12 2013 20:29:09 by "java_re" with unknown MS VC++:1600

time: Thu Jan 09 09:31:05 2014
elapsed time: 25 seconds

