#
# A fatal error has been detected by the Java Runtime Environment:
#
#  EXCEPTION_ACCESS_VIOLATION (0xc0000005) at pc=0x100021f2, pid=2608, tid=3860
#
# JRE version: 7.0_25-b16
# Java VM: Java HotSpot(TM) Client VM (23.25-b01 mixed mode, sharing windows-x86 )
# Problematic frame:
# C  [JMyron.dll+0x21f2]  Java_JMyron_JMyron_native_1stop+0x992
#
# Failed to write core dump. Minidumps are not enabled by default on client versions of Windows
#
# If you would like to submit a bug report, please visit:
#   http://bugreport.sun.com/bugreport/crash.jsp
# The crash happened outside the Java Virtual Machine in native code.
# See problematic frame for where to report the bug.
#

---------------  T H R E A D  ---------------

Current thread (0x04c31c00):  JavaThread "Thread-2" [_thread_in_native, id=3860, stack(0x0f010000,0x0f060000)]

siginfo: ExceptionCode=0xc0000005, reading address 0x05a37000

Registers:
EAX=0x05a36fff, EBX=0x05a365ff, ECX=0x000000ff, EDX=0x000000ff
ESP=0x0f05f5ac, EBP=0x000003df, ESI=0x000003df, EDI=0x05a36aff
EIP=0x100021f2, EFLAGS=0x00010246

Top of Stack: (sp=0x0f05f5ac)
0x0f05f5ac:   0000007b 05bc2970 00000001 1000249a
0x0f05f5bc:   000003df 0000007c 0f05f620 34518488
0x0f05f5cc:   04c31c00 34518488 0000007b 000004ff
0x0f05f5dc:   000003df 00000001 00000000 1000121b
0x0f05f5ec:   027ca717 04c31d28 0f05f630 fffffffe
0x0f05f5fc:   0f05f630 0f05f600 00000000 0f05f630
0x0f05f60c:   3451afa0 00000000 34518488 00000000
0x0f05f61c:   0f05f630 0f05f654 027c32c7 00000000 

Instructions: (pc=0x100021f2)
0x100021d2:   0f b6 57 01 3b ca 75 28 0f b6 53 ff 3b ca 75 20
0x100021e2:   0f b6 53 01 3b ca 75 18 0f b6 50 ff 3b ca 75 10
0x100021f2:   0f b6 40 01 3b c8 75 08 5f 5e 33 c0 5b c2 08 00
0x10002202:   5f 5e b8 01 00 00 00 5b c2 08 00 cc cc cc 8b 44 


Register to memory mapping:

EAX=0x05a36fff is an unknown value
EBX=0x05a365ff is an unknown value
ECX=0x000000ff is an unknown value
EDX=0x000000ff is an unknown value
ESP=0x0f05f5ac is pointing into the stack for thread: 0x04c31c00
EBP=0x000003df is an unknown value
ESI=0x000003df is an unknown value
EDI=0x05a36aff is an unknown value


Stack: [0x0f010000,0x0f060000],  sp=0x0f05f5ac,  free space=317k
Native frames: (J=compiled Java code, j=interpreted, Vv=VM code, C=native code)
C  [JMyron.dll+0x21f2]  Java_JMyron_JMyron_native_1stop+0x992

Java frames: (J=compiled Java code, j=interpreted, Vv=VM code)
j  JMyron.JMyron.native_update()V+0
j  JMyron.JMyron.update()V+1
j  webcam.Cam2.getCameraImage()V+4
j  webcam.Cam2.access$000(Lwebcam/Cam2;)V+1
j  webcam.Cam2$1.run()V+14
j  java.lang.Thread.run()V+11
v  ~StubRoutines::call_stub

---------------  P R O C E S S  ---------------

Java Threads: ( => current thread )
=>0x04c31c00 JavaThread "Thread-2" [_thread_in_native, id=3860, stack(0x0f010000,0x0f060000)]
  0x0029b000 JavaThread "DestroyJavaVM" [_thread_blocked, id=4580, stack(0x00df0000,0x00e40000)]
  0x04b9dc00 JavaThread "AWT-EventQueue-0" [_thread_blocked, id=1084, stack(0x04fe0000,0x05030000)]
  0x04b5f000 JavaThread "AWT-Windows" daemon [_thread_in_native, id=1092, stack(0x04e60000,0x04eb0000)]
  0x04b5e800 JavaThread "AWT-Shutdown" [_thread_blocked, id=6988, stack(0x04dc0000,0x04e10000)]
  0x04b5c000 JavaThread "Java2D Disposer" daemon [_thread_blocked, id=7012, stack(0x00fc0000,0x01010000)]
  0x00d5ec00 JavaThread "Service Thread" daemon [_thread_blocked, id=6820, stack(0x047d0000,0x04820000)]
  0x00d4e000 JavaThread "C1 CompilerThread0" daemon [_thread_blocked, id=7036, stack(0x049c0000,0x04a10000)]
  0x00d4cc00 JavaThread "Attach Listener" daemon [_thread_blocked, id=1524, stack(0x048b0000,0x04900000)]
  0x00d49800 JavaThread "Signal Dispatcher" daemon [_thread_blocked, id=6084, stack(0x01310000,0x01360000)]
  0x00d38c00 JavaThread "Finalizer" daemon [_thread_blocked, id=5188, stack(0x01070000,0x010c0000)]
  0x00d34000 JavaThread "Reference Handler" daemon [_thread_blocked, id=6908, stack(0x012a0000,0x012f0000)]

Other Threads:
  0x00d31000 VMThread [stack: 0x01140000,0x01190000] [id=516]
  0x00d72000 WatcherThread [stack: 0x04a60000,0x04ab0000] [id=5488]

VM state:not at safepoint (normal execution)

VM Mutex/Monitor currently owned by a thread: None

Heap
 def new generation   total 16192K, used 10818K [0x243c0000, 0x25550000, 0x29910000)
  eden space 14400K,  75% used [0x243c0000, 0x24e509a0, 0x251d0000)
  from space 1792K,   0% used [0x25390000, 0x25390158, 0x25550000)
  to   space 1792K,   0% used [0x251d0000, 0x251d0000, 0x25390000)
 tenured generation   total 35832K, used 29958K [0x29910000, 0x2bc0e000, 0x343c0000)
   the space 35832K,  83% used [0x29910000, 0x2b651908, 0x2b651a00, 0x2bc0e000)
 compacting perm gen  total 12288K, used 1402K [0x343c0000, 0x34fc0000, 0x383c0000)
   the space 12288K,  11% used [0x343c0000, 0x3451eb78, 0x3451ec00, 0x34fc0000)
    ro space 10240K,  45% used [0x383c0000, 0x38849b28, 0x38849c00, 0x38dc0000)
    rw space 12288K,  54% used [0x38dc0000, 0x3944d0e8, 0x3944d200, 0x399c0000)

Card table byte_map: [0x00ec0000,0x00f70000] byte_map_base: 0x00d9e200

Polling page: 0x000e0000

Code Cache  [0x027c0000, 0x028a8000, 0x047c0000)
 total_blobs=414 nmethods=194 adapters=155 free_code_cache=31869Kb largest_free_block=32633792

Compilation events (10 events):
Event: 73.076 Thread 0x00d4e000  191             java.awt.AWTEvent::getID (5 bytes)
Event: 73.077 Thread 0x00d4e000 nmethod 191 0x0289e808 code [0x0289e900, 0x0289e980]
Event: 73.088 Thread 0x00d4e000  192             java.util.IdentityHashMap::isEmpty (13 bytes)
Event: 73.088 Thread 0x00d4e000 nmethod 192 0x0289e9c8 code [0x0289eac0, 0x0289eb50]
Event: 73.379 Thread 0x00d4e000  193             java.util.EventObject::getSource (5 bytes)
Event: 73.380 Thread 0x00d4e000 nmethod 193 0x0289eb88 code [0x0289ec80, 0x0289ed00]
Event: 73.687 Thread 0x00d4e000  194             java.util.AbstractCollection::<init> (5 bytes)
Event: 73.687 Thread 0x00d4e000 nmethod 194 0x0289ed48 code [0x0289ee40, 0x0289eec0]
Event: 74.000 Thread 0x00d4e000  195   !         sun.font.FontDesignMetrics::getMetrics (266 bytes)
Event: 74.003 Thread 0x00d4e000 nmethod 195 0x0289ef08 code [0x0289f170, 0x0289ff40]

GC Heap History (10 events):
Event: 73.810 GC heap before
{Heap before GC invocations=462 (full 230):
 def new generation   total 16192K, used 10804K [0x243c0000, 0x25550000, 0x29910000)
  eden space 14400K,  75% used [0x243c0000, 0x24e4d080, 0x251d0000)
  from space 1792K,   0% used [0x251d0000, 0x251d0000, 0x25390000)
  to   space 1792K,   0% used [0x25390000, 0x25390000, 0x25550000)
 tenured generation   total 35832K, used 19158K [0x29910000, 0x2bc0e000, 0x343c0000)
   the space 35832K,  53% used [0x29910000, 0x2abc5a38, 0x2abc5c00, 0x2bc0e000)
 compacting perm gen  total 12288K, used 1402K [0x343c0000, 0x34fc0000, 0x383c0000)
   the space 12288K,  11% used [0x343c0000, 0x3451eb98, 0x3451ec00, 0x34fc0000)
    ro space 10240K,  45% used [0x383c0000, 0x38849b28, 0x38849c00, 0x38dc0000)
    rw space 12288K,  54% used [0x38dc0000, 0x3944d0e8, 0x3944d200, 0x399c0000)
Event: 73.813 GC heap after
Heap after GC invocations=463 (full 230):
 def new generation   total 16192K, used 0K [0x243c0000, 0x25550000, 0x29910000)
  eden space 14400K,   0% used [0x243c0000, 0x243c0000, 0x251d0000)
  from space 1792K,   0% used [0x25390000, 0x25390190, 0x25550000)
  to   space 1792K,   0% used [0x251d0000, 0x251d0000, 0x25390000)
 tenured generation   total 35832K, used 29958K [0x29910000, 0x2bc0e000, 0x343c0000)
   the space 35832K,  83% used [0x29910000, 0x2b651a68, 0x2b651c00, 0x2bc0e000)
 compacting perm gen  total 12288K, used 1402K [0x343c0000, 0x34fc0000, 0x383c0000)
   the space 12288K,  11% used [0x343c0000, 0x3451eb98, 0x3451ec00, 0x34fc0000)
    ro space 10240K,  45% used [0x383c0000, 0x38849b28, 0x38849c00, 0x38dc0000)
    rw space 12288K,  54% used [0x38dc0000, 0x3944d0e8, 0x3944d200, 0x399c0000)
}
Event: 73.955 GC heap before
{Heap before GC invocations=463 (full 230):
 def new generation   total 16192K, used 10804K [0x243c0000, 0x25550000, 0x29910000)
  eden space 14400K,  75% used [0x243c0000, 0x24e4d080, 0x251d0000)
  from space 1792K,   0% used [0x25390000, 0x25390190, 0x25550000)
  to   space 1792K,   0% used [0x251d0000, 0x251d0000, 0x25390000)
 tenured generation   total 35832K, used 29958K [0x29910000, 0x2bc0e000, 0x343c0000)
   the space 35832K,  83% used [0x29910000, 0x2b651a68, 0x2b651c00, 0x2bc0e000)
 compacting perm gen  total 12288K, used 1402K [0x343c0000, 0x34fc0000, 0x383c0000)
   the space 12288K,  11% used [0x343c0000, 0x3451eb98, 0x3451ec00, 0x34fc0000)
    ro space 10240K,  45% used [0x383c0000, 0x38849b28, 0x38849c00, 0x38dc0000)
    rw space 12288K,  54% used [0x38dc0000, 0x3944d0e8, 0x3944d200, 0x399c0000)
Event: 73.975 GC heap after
Heap after GC invocations=464 (full 231):
 def new generation   total 16192K, used 0K [0x243c0000, 0x25550000, 0x29910000)
  eden space 14400K,   0% used [0x243c0000, 0x243c0000, 0x251d0000)
  from space 1792K,   0% used [0x251d0000, 0x251d0000, 0x25390000)
  to   space 1792K,   0% used [0x25390000, 0x25390000, 0x25550000)
 tenured generation   total 35832K, used 19158K [0x29910000, 0x2bc0e000, 0x343c0000)
   the space 35832K,  53% used [0x29910000, 0x2abc5a38, 0x2abc5c00, 0x2bc0e000)
 compacting perm gen  total 12288K, used 1402K [0x343c0000, 0x34fc0000, 0x383c0000)
   the space 12288K,  11% used [0x343c0000, 0x3451eb98, 0x3451ec00, 0x34fc0000)
    ro space 10240K,  45% used [0x383c0000, 0x38849b28, 0x38849c00, 0x38dc0000)
    rw space 12288K,  54% used [0x38dc0000, 0x3944d0e8, 0x3944d200, 0x399c0000)
}
Event: 74.117 GC heap before
{Heap before GC invocations=464 (full 231):
 def new generation   total 16192K, used 10804K [0x243c0000, 0x25550000, 0x29910000)
  eden space 14400K,  75% used [0x243c0000, 0x24e4d080, 0x251d0000)
  from space 1792K,   0% used [0x251d0000, 0x251d0000, 0x25390000)
  to   space 1792K,   0% used [0x25390000, 0x25390000, 0x25550000)
 tenured generation   total 35832K, used 19158K [0x29910000, 0x2bc0e000, 0x343c0000)
   the space 35832K,  53% used [0x29910000, 0x2abc5a38, 0x2abc5c00, 0x2bc0e000)
 compacting perm gen  total 12288K, used 1402K [0x343c0000, 0x34fc0000, 0x383c0000)
   the space 12288K,  11% used [0x343c0000, 0x3451eb98, 0x3451ec00, 0x34fc0000)
    ro space 10240K,  45% used [0x383c0000, 0x38849b28, 0x38849c00, 0x38dc0000)
    rw space 12288K,  54% used [0x38dc0000, 0x3944d0e8, 0x3944d200, 0x399c0000)
Event: 74.120 GC heap after
Heap after GC invocations=465 (full 231):
 def new generation   total 16192K, used 0K [0x243c0000, 0x25550000, 0x29910000)
  eden space 14400K,   0% used [0x243c0000, 0x243c0000, 0x251d0000)
  from space 1792K,   0% used [0x25390000, 0x25390190, 0x25550000)
  to   space 1792K,   0% used [0x251d0000, 0x251d0000, 0x25390000)
 tenured generation   total 35832K, used 29958K [0x29910000, 0x2bc0e000, 0x343c0000)
   the space 35832K,  83% used [0x29910000, 0x2b651a68, 0x2b651c00, 0x2bc0e000)
 compacting perm gen  total 12288K, used 1402K [0x343c0000, 0x34fc0000, 0x383c0000)
   the space 12288K,  11% used [0x343c0000, 0x3451eb98, 0x3451ec00, 0x34fc0000)
    ro space 10240K,  45% used [0x383c0000, 0x38849b28, 0x38849c00, 0x38dc0000)
    rw space 12288K,  54% used [0x38dc0000, 0x3944d0e8, 0x3944d200, 0x399c0000)
}
Event: 74.264 GC heap before
{Heap before GC invocations=465 (full 231):
 def new generation   total 16192K, used 10816K [0x243c0000, 0x25550000, 0x29910000)
  eden space 14400K,  75% used [0x243c0000, 0x24e50160, 0x251d0000)
  from space 1792K,   0% used [0x25390000, 0x25390190, 0x25550000)
  to   space 1792K,   0% used [0x251d0000, 0x251d0000, 0x25390000)
 tenured generation   total 35832K, used 29958K [0x29910000, 0x2bc0e000, 0x343c0000)
   the space 35832K,  83% used [0x29910000, 0x2b651a68, 0x2b651c00, 0x2bc0e000)
 compacting perm gen  total 12288K, used 1402K [0x343c0000, 0x34fc0000, 0x383c0000)
   the space 12288K,  11% used [0x343c0000, 0x3451eb98, 0x3451ec00, 0x34fc0000)
    ro space 10240K,  45% used [0x383c0000, 0x38849b28, 0x38849c00, 0x38dc0000)
    rw space 12288K,  54% used [0x38dc0000, 0x3944d0e8, 0x3944d200, 0x399c0000)
Event: 74.283 GC heap after
Heap after GC invocations=466 (full 232):
 def new generation   total 16192K, used 0K [0x243c0000, 0x25550000, 0x29910000)
  eden space 14400K,   0% used [0x243c0000, 0x243c0000, 0x251d0000)
  from space 1792K,   0% used [0x251d0000, 0x251d0000, 0x25390000)
  to   space 1792K,   0% used [0x25390000, 0x25390000, 0x25550000)
 tenured generation   total 35832K, used 19158K [0x29910000, 0x2bc0e000, 0x343c0000)
   the space 35832K,  53% used [0x29910000, 0x2abc58d8, 0x2abc5a00, 0x2bc0e000)
 compacting perm gen  total 12288K, used 1402K [0x343c0000, 0x34fc0000, 0x383c0000)
   the space 12288K,  11% used [0x343c0000, 0x3451eb78, 0x3451ec00, 0x34fc0000)
    ro space 10240K,  45% used [0x383c0000, 0x38849b28, 0x38849c00, 0x38dc0000)
    rw space 12288K,  54% used [0x38dc0000, 0x3944d0e8, 0x3944d200, 0x399c0000)
}
Event: 74.443 GC heap before
{Heap before GC invocations=466 (full 232):
 def new generation   total 16192K, used 10802K [0x243c0000, 0x25550000, 0x29910000)
  eden space 14400K,  75% used [0x243c0000, 0x24e4c830, 0x251d0000)
  from space 1792K,   0% used [0x251d0000, 0x251d0000, 0x25390000)
  to   space 1792K,   0% used [0x25390000, 0x25390000, 0x25550000)
 tenured generation   total 35832K, used 19158K [0x29910000, 0x2bc0e000, 0x343c0000)
   the space 35832K,  53% used [0x29910000, 0x2abc58d8, 0x2abc5a00, 0x2bc0e000)
 compacting perm gen  total 12288K, used 1402K [0x343c0000, 0x34fc0000, 0x383c0000)
   the space 12288K,  11% used [0x343c0000, 0x3451eb78, 0x3451ec00, 0x34fc0000)
    ro space 10240K,  45% used [0x383c0000, 0x38849b28, 0x38849c00, 0x38dc0000)
    rw space 12288K,  54% used [0x38dc0000, 0x3944d0e8, 0x3944d200, 0x399c0000)
Event: 74.446 GC heap after
Heap after GC invocations=467 (full 232):
 def new generation   total 16192K, used 0K [0x243c0000, 0x25550000, 0x29910000)
  eden space 14400K,   0% used [0x243c0000, 0x243c0000, 0x251d0000)
  from space 1792K,   0% used [0x25390000, 0x25390158, 0x25550000)
  to   space 1792K,   0% used [0x251d0000, 0x251d0000, 0x25390000)
 tenured generation   total 35832K, used 29958K [0x29910000, 0x2bc0e000, 0x343c0000)
   the space 35832K,  83% used [0x29910000, 0x2b651908, 0x2b651a00, 0x2bc0e000)
 compacting perm gen  total 12288K, used 1402K [0x343c0000, 0x34fc0000, 0x383c0000)
   the space 12288K,  11% used [0x343c0000, 0x3451eb78, 0x3451ec00, 0x34fc0000)
    ro space 10240K,  45% used [0x383c0000, 0x38849b28, 0x38849c00, 0x38dc0000)
    rw space 12288K,  54% used [0x38dc0000, 0x3944d0e8, 0x3944d200, 0x399c0000)
}

Deoptimization events (0 events):
No events

Internal exceptions (10 events):
Event: 0.142 Thread 0x0029b000 Threw 0x24541560 at C:\jdk7u2_32P\jdk7u25\hotspot\src\share\vm\classfile\systemDictionary.cpp:179
Event: 0.152 Thread 0x0029b000 Threw 0x2459f968 at C:\jdk7u2_32P\jdk7u25\hotspot\src\share\vm\prims\jvm.cpp:1235
Event: 0.182 Thread 0x04b9dc00 Threw 0x2476e7f8 at C:\jdk7u2_32P\jdk7u25\hotspot\src\share\vm\prims\jvm.cpp:1235
Event: 0.183 Thread 0x04b9dc00 Threw 0x24771520 at C:\jdk7u2_32P\jdk7u25\hotspot\src\share\vm\prims\jvm.cpp:1235
Event: 0.216 Thread 0x04b9dc00 Threw 0x2479a800 at C:\jdk7u2_32P\jdk7u25\hotspot\src\share\vm\prims\jvm.cpp:1235
Event: 0.216 Thread 0x04b9dc00 Threw 0x2479aa10 at C:\jdk7u2_32P\jdk7u25\hotspot\src\share\vm\prims\jvm.cpp:1235
Event: 0.216 Thread 0x04b9dc00 Threw 0x2479ec00 at C:\jdk7u2_32P\jdk7u25\hotspot\src\share\vm\prims\jvm.cpp:1235
Event: 0.216 Thread 0x04b9dc00 Threw 0x2479ee10 at C:\jdk7u2_32P\jdk7u25\hotspot\src\share\vm\prims\jvm.cpp:1235
Event: 0.309 Thread 0x04b9dc00 Threw 0x247c7938 at C:\jdk7u2_32P\jdk7u25\hotspot\src\share\vm\prims\jvm.cpp:1235
Event: 1.570 Thread 0x04b9dc00 Threw 0x247d18c8 at C:\jdk7u2_32P\jdk7u25\hotspot\src\share\vm\prims\jvm.cpp:1235

Events (10 events):
Event: 73.810 Executing VM operation: GenCollectForAllocation
Event: 73.813 Executing VM operation: GenCollectForAllocation done
Event: 73.955 Executing VM operation: GenCollectForAllocation
Event: 73.975 Executing VM operation: GenCollectForAllocation done
Event: 74.117 Executing VM operation: GenCollectForAllocation
Event: 74.120 Executing VM operation: GenCollectForAllocation done
Event: 74.264 Executing VM operation: GenCollectForAllocation
Event: 74.283 Executing VM operation: GenCollectForAllocation done
Event: 74.443 Executing VM operation: GenCollectForAllocation
Event: 74.446 Executing VM operation: GenCollectForAllocation done


Dynamic libraries:
0x01390000 - 0x013bf000 	C:\Program Files (x86)\Java\jdk1.7.0_25\bin\java.exe
0x77c20000 - 0x77da0000 	C:\Windows\SysWOW64\ntdll.dll
0x762a0000 - 0x763b0000 	C:\Windows\syswow64\kernel32.dll
0x774d0000 - 0x77516000 	C:\Windows\syswow64\KERNELBASE.dll
0x77150000 - 0x771f0000 	C:\Windows\syswow64\ADVAPI32.dll
0x77540000 - 0x775ec000 	C:\Windows\syswow64\msvcrt.dll
0x77520000 - 0x77539000 	C:\Windows\SysWOW64\sechost.dll
0x75830000 - 0x75920000 	C:\Windows\syswow64\RPCRT4.dll
0x75780000 - 0x757e0000 	C:\Windows\syswow64\SspiCli.dll
0x75770000 - 0x7577c000 	C:\Windows\syswow64\CRYPTBASE.dll
0x75980000 - 0x75a80000 	C:\Windows\syswow64\USER32.dll
0x76210000 - 0x762a0000 	C:\Windows\syswow64\GDI32.dll
0x757e0000 - 0x757ea000 	C:\Windows\syswow64\LPK.dll
0x775f0000 - 0x7768d000 	C:\Windows\syswow64\USP10.dll
0x709c0000 - 0x70b5e000 	C:\Windows\WinSxS\x86_microsoft.windows.common-controls_6595b64144ccf1df_6.0.7601.17514_none_41e6975e2bd6f2b2\COMCTL32.dll
0x763e0000 - 0x76437000 	C:\Windows\syswow64\SHLWAPI.dll
0x75920000 - 0x75980000 	C:\Windows\system32\IMM32.DLL
0x75c20000 - 0x75cec000 	C:\Windows\syswow64\MSCTF.dll
0x67030000 - 0x670ee000 	C:\Program Files (x86)\Java\jdk1.7.0_25\jre\bin\msvcr100.dll
0x670f0000 - 0x67432000 	C:\Program Files (x86)\Java\jdk1.7.0_25\jre\bin\client\jvm.dll
0x709b0000 - 0x709b7000 	C:\Windows\system32\WSOCK32.dll
0x757f0000 - 0x75825000 	C:\Windows\syswow64\WS2_32.dll
0x77bf0000 - 0x77bf6000 	C:\Windows\syswow64\NSI.dll
0x6a3a0000 - 0x6a3d2000 	C:\Windows\system32\WINMM.dll
0x76200000 - 0x76205000 	C:\Windows\syswow64\PSAPI.DLL
0x674b0000 - 0x674bc000 	C:\Program Files (x86)\Java\jdk1.7.0_25\jre\bin\verify.dll
0x67490000 - 0x674b0000 	C:\Program Files (x86)\Java\jdk1.7.0_25\jre\bin\java.dll
0x66fd0000 - 0x66fe3000 	C:\Program Files (x86)\Java\jdk1.7.0_25\jre\bin\zip.dll
0x66d10000 - 0x66e54000 	C:\Program Files (x86)\Java\jdk1.7.0_25\jre\bin\awt.dll
0x77690000 - 0x7771f000 	C:\Windows\syswow64\OLEAUT32.dll
0x760a0000 - 0x761fc000 	C:\Windows\syswow64\ole32.dll
0x6fca0000 - 0x6fd20000 	C:\Windows\system32\uxtheme.dll
0x6afa0000 - 0x6afb3000 	C:\Windows\system32\dwmapi.dll
0x764d0000 - 0x7711a000 	C:\Windows\syswow64\SHELL32.dll
0x66f70000 - 0x66fa1000 	C:\Program Files (x86)\Java\jdk1.7.0_25\jre\bin\fontmanager.dll
0x67440000 - 0x67476000 	C:\Program Files\WIDCOMM\Bluetooth Software\SysWOW64\BtMmHook.dll
0x75d80000 - 0x75e03000 	C:\Windows\syswow64\CLBCatQ.DLL
0x75540000 - 0x75564000 	C:\Program Files (x86)\Java\jdk1.7.0_25\jre\bin\dcpr.dll
0x66fb0000 - 0x66fc4000 	C:\Program Files (x86)\Java\jdk1.7.0_25\jre\bin\net.dll
0x752d0000 - 0x7530c000 	C:\Windows\system32\mswsock.dll
0x750e0000 - 0x750e6000 	C:\Windows\System32\wship6.dll
0x67480000 - 0x6748f000 	C:\Program Files (x86)\Java\jdk1.7.0_25\jre\bin\nio.dll
0x66f40000 - 0x66f70000 	C:\Program Files (x86)\Java\jdk1.7.0_25\jre\bin\t2k.dll
0x10000000 - 0x1001b000 	C:\Windows\System32\JMyron.dll
0x00d80000 - 0x00d94000 	C:\Windows\system\myron_ezcam.dll
0x00da0000 - 0x00db3000 	C:\Windows\system\DSVL.dll
0x5b7f0000 - 0x5b967000 	C:\Windows\system32\QUARTZ.dll
0x7c3c0000 - 0x7c43c000 	C:\Windows\system32\MSVCP71.dll
0x7c360000 - 0x7c3b6000 	C:\Windows\system32\MSVCR71.dll
0x5bdd0000 - 0x5be02000 	C:\Windows\SysWOW64\qcap.dll
0x66ae0000 - 0x66b01000 	C:\Windows\SysWOW64\MSVFW32.dll
0x71780000 - 0x71789000 	C:\Windows\SysWOW64\VERSION.dll
0x5ba70000 - 0x5baf0000 	C:\Windows\SysWOW64\qedit.dll
0x76440000 - 0x764bb000 	C:\Windows\syswow64\COMDLG32.dll
0x657a0000 - 0x65930000 	C:\Windows\WinSxS\x86_microsoft.windows.gdiplus_6595b64144ccf1df_1.1.7601.17514_none_72d18a4386696c80\gdiplus.dll
0x6afc0000 - 0x6afd4000 	C:\Windows\SysWOW64\devenum.dll
0x75a80000 - 0x75c1d000 	C:\Windows\syswow64\setupapi.dll
0x75cf0000 - 0x75d17000 	C:\Windows\syswow64\CFGMGR32.dll
0x75e10000 - 0x75e22000 	C:\Windows\syswow64\DEVOBJ.dll
0x70470000 - 0x70491000 	C:\Windows\system32\ntmarta.dll
0x77480000 - 0x774c5000 	C:\Windows\syswow64\WLDAP32.dll
0x763b0000 - 0x763dd000 	C:\Windows\syswow64\WINTRUST.dll
0x75f80000 - 0x7609d000 	C:\Windows\syswow64\CRYPT32.dll
0x764c0000 - 0x764cc000 	C:\Windows\syswow64\MSASN1.dll
0x67830000 - 0x6783b000 	C:\Windows\system32\msdmo.dll
0x5be10000 - 0x5be43000 	C:\Windows\SysWOW64\ksproxy.ax
0x754d0000 - 0x754d4000 	C:\Windows\SysWOW64\ksuser.dll
0x67840000 - 0x67a03000 	C:\Windows\SysWOW64\d3d9.dll
0x6a3e0000 - 0x6a3e6000 	C:\Windows\SysWOW64\d3d8thk.dll
0x5be60000 - 0x5be69000 	C:\Windows\SysWOW64\vidcap.ax
0x5bdb0000 - 0x5bdcd000 	C:\Windows\SysWOW64\kswdmcap.ax
0x5b6d0000 - 0x5b7ec000 	C:\Windows\SysWOW64\MFC42.dll
0x73200000 - 0x7328c000 	C:\Windows\SysWOW64\ODBC32.dll
0x6e620000 - 0x6e658000 	C:\Windows\SysWOW64\odbcint.dll
0x6adb0000 - 0x6ae9b000 	C:\Windows\system32\dbghelp.dll

VM Arguments:
jvm_args: -Dfile.encoding=UTF-8 
java_command: webcam.Cam2
Launcher Type: SUN_STANDARD

Environment Variables:
CLASSPATH=.;C:\Program Files (x86)\QuickTime\QTSystem\QTJava.zip
PATH=C:\Windows\System32\Wbem;C:\Program Files (x86)\Java\jdk1.7.0_25\bin
USERNAME=Dell
OS=Windows_NT
PROCESSOR_IDENTIFIER=Intel64 Family 6 Model 58 Stepping 9, GenuineIntel



---------------  S Y S T E M  ---------------

OS: Windows 7 , 64 bit Build 7601 Service Pack 1

CPU:total 4 (2 cores per cpu, 2 threads per core) family 6 model 58 stepping 9, cmov, cx8, fxsr, mmx, sse, sse2, sse3, ssse3, sse4.1, sse4.2, popcnt, avx, ht, tsc, tscinvbit, tscinv

Memory: 4k page, physical 4066668k(1201420k free), swap 8131492k(4227696k free)

vm_info: Java HotSpot(TM) Client VM (23.25-b01) for windows-x86 JRE (1.7.0_25-b16), built on Jun 12 2013 20:29:09 by "java_re" with unknown MS VC++:1600

time: Thu Jan 09 09:27:29 2014
elapsed time: 74 seconds

