#
# A fatal error has been detected by the Java Runtime Environment:
#
#  EXCEPTION_ACCESS_VIOLATION (0xc0000005) at pc=0x100027cb, pid=6888, tid=888
#
# JRE version: 7.0_25-b16
# Java VM: Java HotSpot(TM) Client VM (23.25-b01 mixed mode, sharing windows-x86 )
# Problematic frame:
# C  [JMyron.dll+0x27cb]  Java_JMyron_JMyron_native_1stop+0xf6b
#
# Failed to write core dump. Minidumps are not enabled by default on client versions of Windows
#
# If you would like to submit a bug report, please visit:
#   http://bugreport.sun.com/bugreport/crash.jsp
# The crash happened outside the Java Virtual Machine in native code.
# See problematic frame for where to report the bug.
#

---------------  T H R E A D  ---------------

Current thread (0x04d1d000):  JavaThread "Thread-2" [_thread_in_native, id=888, stack(0x0f100000,0x0f150000)]

siginfo: ExceptionCode=0xc0000005, reading address 0x00000078

Registers:
EAX=0x10001210, EBX=0x34518488, ECX=0x00000000, EDX=0x3451afa0
ESP=0x0f14f4c4, EBP=0x0f14f520, ESI=0x00000000, EDI=0x00000000
EIP=0x100027cb, EFLAGS=0x00010246

Top of Stack: (sp=0x0f14f4c4)
0x0f14f4c4:   04d1d000 34518488 0f14f520 34518488
0x0f14f4d4:   b80a0d62 04d0f288 04d1d000 fffffffd
0x0f14f4e4:   0f14f4d4 1000121b 027ca717 04d1d128
0x0f14f4f4:   0f14f530 fffffffe 0f14f530 0f14f500
0x0f14f504:   00000000 0f14f530 3451afa0 00000000
0x0f14f514:   34518488 00000000 0f14f530 0f14f554
0x0f14f524:   027c32c7 00000000 027c8989 2a106540
0x0f14f534:   0f14f534 34519cd1 0f14f55c 3451afa0 

Instructions: (pc=0x100027cb)
0x100027ab:   cc cc cc cc cc e9 ab 0a 00 00 cc cc cc cc cc cc
0x100027bb:   cc cc cc cc cc 83 ec 14 53 55 56 57 8b f1 33 ff
0x100027cb:   39 7e 78 75 09 e8 91 0a 00 00 8b d8 eb 04 8b 5c
0x100027db:   24 20 39 7e 78 74 0e 8b 46 1c 89 7e 78 89 46 10 


Register to memory mapping:

EAX=0x10001210 is an unknown value
EBX=0x34518488 is an oop
{method} 
 - klass: {other class}
ECX=0x00000000 is an unknown value
EDX=0x3451afa0 is an oop
{constant pool cache} 
 - klass: {other class}
ESP=0x0f14f4c4 is pointing into the stack for thread: 0x04d1d000
EBP=0x0f14f520 is pointing into the stack for thread: 0x04d1d000
ESI=0x00000000 is an unknown value
EDI=0x00000000 is an unknown value


Stack: [0x0f100000,0x0f150000],  sp=0x0f14f4c4,  free space=317k
Native frames: (J=compiled Java code, j=interpreted, Vv=VM code, C=native code)
C  [JMyron.dll+0x27cb]  Java_JMyron_JMyron_native_1stop+0xf6b
j  JMyron.JMyron.update()V+1
j  webcam.Cam2.getCameraImage()V+4
j  webcam.Cam2.access$000(Lwebcam/Cam2;)V+1
j  webcam.Cam2$1.run()V+14
j  java.lang.Thread.run()V+11
v  ~StubRoutines::call_stub
V  [jvm.dll+0x124afa]
V  [jvm.dll+0x1d224e]
V  [jvm.dll+0x124caf]
V  [jvm.dll+0x124d17]
V  [jvm.dll+0xcf06f]
V  [jvm.dll+0x144447]
V  [jvm.dll+0x1445b0]
V  [jvm.dll+0x177bb9]
C  [msvcr100.dll+0x5c6de]  endthreadex+0x3a
C  [msvcr100.dll+0x5c788]  endthreadex+0xe4
C  [kernel32.dll+0x133ca]  BaseThreadInitThunk+0x12
C  [ntdll.dll+0x39ed2]  RtlInitializeExceptionChain+0x63
C  [ntdll.dll+0x39ea5]  RtlInitializeExceptionChain+0x36

Java frames: (J=compiled Java code, j=interpreted, Vv=VM code)
j  JMyron.JMyron.native_update()V+0
j  JMyron.JMyron.update()V+1
j  webcam.Cam2.getCameraImage()V+4
j  webcam.Cam2.access$000(Lwebcam/Cam2;)V+1
j  webcam.Cam2$1.run()V+14
j  java.lang.Thread.run()V+11
v  ~StubRoutines::call_stub

---------------  P R O C E S S  ---------------

Java Threads: ( => current thread )
=>0x04d1d000 JavaThread "Thread-2" [_thread_in_native, id=888, stack(0x0f100000,0x0f150000)]
  0x0103b000 JavaThread "DestroyJavaVM" [_thread_blocked, id=4048, stack(0x002d0000,0x00320000)]
  0x04c7b800 JavaThread "AWT-EventQueue-0" [_thread_blocked, id=6432, stack(0x05600000,0x05650000)]
  0x04c41800 JavaThread "AWT-Windows" daemon [_thread_in_native, id=5248, stack(0x05060000,0x050b0000)]
  0x04c41000 JavaThread "AWT-Shutdown" [_thread_blocked, id=3012, stack(0x04fa0000,0x04ff0000)]
  0x04c3e400 JavaThread "Java2D Disposer" daemon [_thread_blocked, id=6288, stack(0x04a30000,0x04a80000)]
  0x00f43400 JavaThread "Service Thread" daemon [_thread_blocked, id=6220, stack(0x049b0000,0x04a00000)]
  0x00f3e000 JavaThread "C1 CompilerThread0" daemon [_thread_blocked, id=6636, stack(0x04930000,0x04980000)]
  0x00f3cc00 JavaThread "Attach Listener" daemon [_thread_blocked, id=6468, stack(0x04880000,0x048d0000)]
  0x00f39800 JavaThread "Signal Dispatcher" daemon [_thread_blocked, id=6600, stack(0x01330000,0x01380000)]
  0x00f25400 JavaThread "Finalizer" daemon [_thread_blocked, id=5256, stack(0x04830000,0x04880000)]
  0x00f24000 JavaThread "Reference Handler" daemon [_thread_blocked, id=6948, stack(0x011c0000,0x01210000)]

Other Threads:
  0x00f21000 VMThread [stack: 0x01160000,0x011b0000] [id=6700]
  0x00f56000 WatcherThread [stack: 0x04b40000,0x04b90000] [id=1376]

VM state:not at safepoint (normal execution)

VM Mutex/Monitor currently owned by a thread: None

Heap
 def new generation   total 16192K, used 10832K [0x243c0000, 0x25550000, 0x29910000)
  eden space 14400K,  75% used [0x243c0000, 0x24e53398, 0x251d0000)
  from space 1792K,   0% used [0x25390000, 0x25390cd8, 0x25550000)
  to   space 1792K,   0% used [0x251d0000, 0x251d0000, 0x25390000)
 tenured generation   total 35832K, used 29928K [0x29910000, 0x2bc0e000, 0x343c0000)
   the space 35832K,  83% used [0x29910000, 0x2b64a398, 0x2b64a400, 0x2bc0e000)
 compacting perm gen  total 12288K, used 1402K [0x343c0000, 0x34fc0000, 0x383c0000)
   the space 12288K,  11% used [0x343c0000, 0x3451eb88, 0x3451ec00, 0x34fc0000)
    ro space 10240K,  45% used [0x383c0000, 0x38849b28, 0x38849c00, 0x38dc0000)
    rw space 12288K,  54% used [0x38dc0000, 0x3944d0e8, 0x3944d200, 0x399c0000)

Card table byte_map: [0x00a80000,0x00b30000] byte_map_base: 0x0095e200

Polling page: 0x00190000

Code Cache  [0x027c0000, 0x028a8000, 0x047c0000)
 total_blobs=415 nmethods=195 adapters=155 free_code_cache=31869Kb largest_free_block=32634304

Compilation events (10 events):
Event: 81.050 Thread 0x00f3e000  192  s!         java.awt.Toolkit::getDefaultToolkit (39 bytes)
Event: 81.051 Thread 0x00f3e000 nmethod 192 0x0289fc08 code [0x0289fd40, 0x0289ffdc]
Event: 81.070 Thread 0x00f3e000  193             java.util.ArrayList::get (11 bytes)
Event: 81.070 Thread 0x00f3e000 nmethod 193 0x028a0148 code [0x028a0260, 0x028a0398]
Event: 81.095 Thread 0x00f3e000  194             java.awt.AWTEvent::getID (5 bytes)
Event: 81.095 Thread 0x00f3e000 nmethod 194 0x028a0508 code [0x028a0600, 0x028a0680]
Event: 81.847 Thread 0x00f3e000  195             java.awt.Component::getTreeLock (4 bytes)
Event: 81.847 Thread 0x00f3e000 nmethod 195 0x028a06c8 code [0x028a07c0, 0x028a0840]
Event: 83.145 Thread 0x00f3e000  196             java.util.EventObject::getSource (5 bytes)
Event: 83.145 Thread 0x00f3e000 nmethod 196 0x028a0888 code [0x028a0980, 0x028a0a00]

GC Heap History (10 events):
Event: 82.433 GC heap before
{Heap before GC invocations=512 (full 255):
 def new generation   total 16192K, used 10804K [0x243c0000, 0x25550000, 0x29910000)
  eden space 14400K,  75% used [0x243c0000, 0x24e4d080, 0x251d0000)
  from space 1792K,   0% used [0x251d0000, 0x251d0000, 0x25390000)
  to   space 1792K,   0% used [0x25390000, 0x25390000, 0x25550000)
 tenured generation   total 35832K, used 19128K [0x29910000, 0x2bc0e000, 0x343c0000)
   the space 35832K,  53% used [0x29910000, 0x2abbe268, 0x2abbe400, 0x2bc0e000)
 compacting perm gen  total 12288K, used 1402K [0x343c0000, 0x34fc0000, 0x383c0000)
   the space 12288K,  11% used [0x343c0000, 0x3451eb88, 0x3451ec00, 0x34fc0000)
    ro space 10240K,  45% used [0x383c0000, 0x38849b28, 0x38849c00, 0x38dc0000)
    rw space 12288K,  54% used [0x38dc0000, 0x3944d0e8, 0x3944d200, 0x399c0000)
Event: 82.436 GC heap after
Heap after GC invocations=513 (full 255):
 def new generation   total 16192K, used 0K [0x243c0000, 0x25550000, 0x29910000)
  eden space 14400K,   0% used [0x243c0000, 0x243c0000, 0x251d0000)
  from space 1792K,   0% used [0x25390000, 0x25390190, 0x25550000)
  to   space 1792K,   0% used [0x251d0000, 0x251d0000, 0x25390000)
 tenured generation   total 35832K, used 29928K [0x29910000, 0x2bc0e000, 0x343c0000)
   the space 35832K,  83% used [0x29910000, 0x2b64a298, 0x2b64a400, 0x2bc0e000)
 compacting perm gen  total 12288K, used 1402K [0x343c0000, 0x34fc0000, 0x383c0000)
   the space 12288K,  11% used [0x343c0000, 0x3451eb88, 0x3451ec00, 0x34fc0000)
    ro space 10240K,  45% used [0x383c0000, 0x38849b28, 0x38849c00, 0x38dc0000)
    rw space 12288K,  54% used [0x38dc0000, 0x3944d0e8, 0x3944d200, 0x399c0000)
}
Event: 82.580 GC heap before
{Heap before GC invocations=513 (full 255):
 def new generation   total 16192K, used 10804K [0x243c0000, 0x25550000, 0x29910000)
  eden space 14400K,  75% used [0x243c0000, 0x24e4d080, 0x251d0000)
  from space 1792K,   0% used [0x25390000, 0x25390190, 0x25550000)
  to   space 1792K,   0% used [0x251d0000, 0x251d0000, 0x25390000)
 tenured generation   total 35832K, used 29928K [0x29910000, 0x2bc0e000, 0x343c0000)
   the space 35832K,  83% used [0x29910000, 0x2b64a298, 0x2b64a400, 0x2bc0e000)
 compacting perm gen  total 12288K, used 1402K [0x343c0000, 0x34fc0000, 0x383c0000)
   the space 12288K,  11% used [0x343c0000, 0x3451eb88, 0x3451ec00, 0x34fc0000)
    ro space 10240K,  45% used [0x383c0000, 0x38849b28, 0x38849c00, 0x38dc0000)
    rw space 12288K,  54% used [0x38dc0000, 0x3944d0e8, 0x3944d200, 0x399c0000)
Event: 82.599 GC heap after
Heap after GC invocations=514 (full 256):
 def new generation   total 16192K, used 0K [0x243c0000, 0x25550000, 0x29910000)
  eden space 14400K,   0% used [0x243c0000, 0x243c0000, 0x251d0000)
  from space 1792K,   0% used [0x251d0000, 0x251d0000, 0x25390000)
  to   space 1792K,   0% used [0x25390000, 0x25390000, 0x25550000)
 tenured generation   total 35832K, used 19128K [0x29910000, 0x2bc0e000, 0x343c0000)
   the space 35832K,  53% used [0x29910000, 0x2abbe268, 0x2abbe400, 0x2bc0e000)
 compacting perm gen  total 12288K, used 1402K [0x343c0000, 0x34fc0000, 0x383c0000)
   the space 12288K,  11% used [0x343c0000, 0x3451eb88, 0x3451ec00, 0x34fc0000)
    ro space 10240K,  45% used [0x383c0000, 0x38849b28, 0x38849c00, 0x38dc0000)
    rw space 12288K,  54% used [0x38dc0000, 0x3944d0e8, 0x3944d200, 0x399c0000)
}
Event: 82.784 GC heap before
{Heap before GC invocations=514 (full 256):
 def new generation   total 16192K, used 10848K [0x243c0000, 0x25550000, 0x29910000)
  eden space 14400K,  75% used [0x243c0000, 0x24e58368, 0x251d0000)
  from space 1792K,   0% used [0x251d0000, 0x251d0000, 0x25390000)
  to   space 1792K,   0% used [0x25390000, 0x25390000, 0x25550000)
 tenured generation   total 35832K, used 19128K [0x29910000, 0x2bc0e000, 0x343c0000)
   the space 35832K,  53% used [0x29910000, 0x2abbe268, 0x2abbe400, 0x2bc0e000)
 compacting perm gen  total 12288K, used 1402K [0x343c0000, 0x34fc0000, 0x383c0000)
   the space 12288K,  11% used [0x343c0000, 0x3451eb88, 0x3451ec00, 0x34fc0000)
    ro space 10240K,  45% used [0x383c0000, 0x38849b28, 0x38849c00, 0x38dc0000)
    rw space 12288K,  54% used [0x38dc0000, 0x3944d0e8, 0x3944d200, 0x399c0000)
Event: 82.787 GC heap after
Heap after GC invocations=515 (full 256):
 def new generation   total 16192K, used 0K [0x243c0000, 0x25550000, 0x29910000)
  eden space 14400K,   0% used [0x243c0000, 0x243c0000, 0x251d0000)
  from space 1792K,   0% used [0x25390000, 0x25390250, 0x25550000)
  to   space 1792K,   0% used [0x251d0000, 0x251d0000, 0x25390000)
 tenured generation   total 35832K, used 29928K [0x29910000, 0x2bc0e000, 0x343c0000)
   the space 35832K,  83% used [0x29910000, 0x2b64a298, 0x2b64a400, 0x2bc0e000)
 compacting perm gen  total 12288K, used 1402K [0x343c0000, 0x34fc0000, 0x383c0000)
   the space 12288K,  11% used [0x343c0000, 0x3451eb88, 0x3451ec00, 0x34fc0000)
    ro space 10240K,  45% used [0x383c0000, 0x38849b28, 0x38849c00, 0x38dc0000)
    rw space 12288K,  54% used [0x38dc0000, 0x3944d0e8, 0x3944d200, 0x399c0000)
}
Event: 82.926 GC heap before
{Heap before GC invocations=515 (full 256):
 def new generation   total 16192K, used 10802K [0x243c0000, 0x25550000, 0x29910000)
  eden space 14400K,  75% used [0x243c0000, 0x24e4c830, 0x251d0000)
  from space 1792K,   0% used [0x25390000, 0x25390250, 0x25550000)
  to   space 1792K,   0% used [0x251d0000, 0x251d0000, 0x25390000)
 tenured generation   total 35832K, used 29928K [0x29910000, 0x2bc0e000, 0x343c0000)
   the space 35832K,  83% used [0x29910000, 0x2b64a298, 0x2b64a400, 0x2bc0e000)
 compacting perm gen  total 12288K, used 1402K [0x343c0000, 0x34fc0000, 0x383c0000)
   the space 12288K,  11% used [0x343c0000, 0x3451eb88, 0x3451ec00, 0x34fc0000)
    ro space 10240K,  45% used [0x383c0000, 0x38849b28, 0x38849c00, 0x38dc0000)
    rw space 12288K,  54% used [0x38dc0000, 0x3944d0e8, 0x3944d200, 0x399c0000)
Event: 82.946 GC heap after
Heap after GC invocations=516 (full 257):
 def new generation   total 16192K, used 0K [0x243c0000, 0x25550000, 0x29910000)
  eden space 14400K,   0% used [0x243c0000, 0x243c0000, 0x251d0000)
  from space 1792K,   0% used [0x251d0000, 0x251d0000, 0x25390000)
  to   space 1792K,   0% used [0x25390000, 0x25390000, 0x25550000)
 tenured generation   total 35832K, used 19128K [0x29910000, 0x2bc0e000, 0x343c0000)
   the space 35832K,  53% used [0x29910000, 0x2abbe368, 0x2abbe400, 0x2bc0e000)
 compacting perm gen  total 12288K, used 1402K [0x343c0000, 0x34fc0000, 0x383c0000)
   the space 12288K,  11% used [0x343c0000, 0x3451eb88, 0x3451ec00, 0x34fc0000)
    ro space 10240K,  45% used [0x383c0000, 0x38849b28, 0x38849c00, 0x38dc0000)
    rw space 12288K,  54% used [0x38dc0000, 0x3944d0e8, 0x3944d200, 0x399c0000)
}
Event: 83.100 GC heap before
{Heap before GC invocations=516 (full 257):
 def new generation   total 16192K, used 10830K [0x243c0000, 0x25550000, 0x29910000)
  eden space 14400K,  75% used [0x243c0000, 0x24e53910, 0x251d0000)
  from space 1792K,   0% used [0x251d0000, 0x251d0000, 0x25390000)
  to   space 1792K,   0% used [0x25390000, 0x25390000, 0x25550000)
 tenured generation   total 35832K, used 19128K [0x29910000, 0x2bc0e000, 0x343c0000)
   the space 35832K,  53% used [0x29910000, 0x2abbe368, 0x2abbe400, 0x2bc0e000)
 compacting perm gen  total 12288K, used 1402K [0x343c0000, 0x34fc0000, 0x383c0000)
   the space 12288K,  11% used [0x343c0000, 0x3451eb88, 0x3451ec00, 0x34fc0000)
    ro space 10240K,  45% used [0x383c0000, 0x38849b28, 0x38849c00, 0x38dc0000)
    rw space 12288K,  54% used [0x38dc0000, 0x3944d0e8, 0x3944d200, 0x399c0000)
Event: 83.103 GC heap after
Heap after GC invocations=517 (full 257):
 def new generation   total 16192K, used 3K [0x243c0000, 0x25550000, 0x29910000)
  eden space 14400K,   0% used [0x243c0000, 0x243c0000, 0x251d0000)
  from space 1792K,   0% used [0x25390000, 0x25390cd8, 0x25550000)
  to   space 1792K,   0% used [0x251d0000, 0x251d0000, 0x25390000)
 tenured generation   total 35832K, used 29928K [0x29910000, 0x2bc0e000, 0x343c0000)
   the space 35832K,  83% used [0x29910000, 0x2b64a398, 0x2b64a400, 0x2bc0e000)
 compacting perm gen  total 12288K, used 1402K [0x343c0000, 0x34fc0000, 0x383c0000)
   the space 12288K,  11% used [0x343c0000, 0x3451eb88, 0x3451ec00, 0x34fc0000)
    ro space 10240K,  45% used [0x383c0000, 0x38849b28, 0x38849c00, 0x38dc0000)
    rw space 12288K,  54% used [0x38dc0000, 0x3944d0e8, 0x3944d200, 0x399c0000)
}

Deoptimization events (0 events):
No events

Internal exceptions (10 events):
Event: 0.142 Thread 0x0103b000 Threw 0x24541678 at C:\jdk7u2_32P\jdk7u25\hotspot\src\share\vm\classfile\systemDictionary.cpp:179
Event: 0.153 Thread 0x0103b000 Threw 0x2459fa80 at C:\jdk7u2_32P\jdk7u25\hotspot\src\share\vm\prims\jvm.cpp:1235
Event: 0.182 Thread 0x04c7b800 Threw 0x2476e7f8 at C:\jdk7u2_32P\jdk7u25\hotspot\src\share\vm\prims\jvm.cpp:1235
Event: 0.183 Thread 0x04c7b800 Threw 0x24771520 at C:\jdk7u2_32P\jdk7u25\hotspot\src\share\vm\prims\jvm.cpp:1235
Event: 0.215 Thread 0x04c7b800 Threw 0x2479a800 at C:\jdk7u2_32P\jdk7u25\hotspot\src\share\vm\prims\jvm.cpp:1235
Event: 0.215 Thread 0x04c7b800 Threw 0x2479aa10 at C:\jdk7u2_32P\jdk7u25\hotspot\src\share\vm\prims\jvm.cpp:1235
Event: 0.215 Thread 0x04c7b800 Threw 0x2479ec00 at C:\jdk7u2_32P\jdk7u25\hotspot\src\share\vm\prims\jvm.cpp:1235
Event: 0.215 Thread 0x04c7b800 Threw 0x2479ee10 at C:\jdk7u2_32P\jdk7u25\hotspot\src\share\vm\prims\jvm.cpp:1235
Event: 0.301 Thread 0x04c7b800 Threw 0x247c7970 at C:\jdk7u2_32P\jdk7u25\hotspot\src\share\vm\prims\jvm.cpp:1235
Event: 1.572 Thread 0x04c7b800 Threw 0x247d18f8 at C:\jdk7u2_32P\jdk7u25\hotspot\src\share\vm\prims\jvm.cpp:1235

Events (10 events):
Event: 82.433 Executing VM operation: GenCollectForAllocation
Event: 82.436 Executing VM operation: GenCollectForAllocation done
Event: 82.580 Executing VM operation: GenCollectForAllocation
Event: 82.599 Executing VM operation: GenCollectForAllocation done
Event: 82.784 Executing VM operation: GenCollectForAllocation
Event: 82.787 Executing VM operation: GenCollectForAllocation done
Event: 82.926 Executing VM operation: GenCollectForAllocation
Event: 82.946 Executing VM operation: GenCollectForAllocation done
Event: 83.100 Executing VM operation: GenCollectForAllocation
Event: 83.103 Executing VM operation: GenCollectForAllocation done


Dynamic libraries:
0x01390000 - 0x013bf000 	C:\Program Files (x86)\Java\jdk1.7.0_25\bin\java.exe
0x77c20000 - 0x77da0000 	C:\Windows\SysWOW64\ntdll.dll
0x762a0000 - 0x763b0000 	C:\Windows\syswow64\kernel32.dll
0x774d0000 - 0x77516000 	C:\Windows\syswow64\KERNELBASE.dll
0x77150000 - 0x771f0000 	C:\Windows\syswow64\ADVAPI32.dll
0x77540000 - 0x775ec000 	C:\Windows\syswow64\msvcrt.dll
0x77520000 - 0x77539000 	C:\Windows\SysWOW64\sechost.dll
0x75830000 - 0x75920000 	C:\Windows\syswow64\RPCRT4.dll
0x75780000 - 0x757e0000 	C:\Windows\syswow64\SspiCli.dll
0x75770000 - 0x7577c000 	C:\Windows\syswow64\CRYPTBASE.dll
0x75980000 - 0x75a80000 	C:\Windows\syswow64\USER32.dll
0x76210000 - 0x762a0000 	C:\Windows\syswow64\GDI32.dll
0x757e0000 - 0x757ea000 	C:\Windows\syswow64\LPK.dll
0x775f0000 - 0x7768d000 	C:\Windows\syswow64\USP10.dll
0x709c0000 - 0x70b5e000 	C:\Windows\WinSxS\x86_microsoft.windows.common-controls_6595b64144ccf1df_6.0.7601.17514_none_41e6975e2bd6f2b2\COMCTL32.dll
0x763e0000 - 0x76437000 	C:\Windows\syswow64\SHLWAPI.dll
0x75920000 - 0x75980000 	C:\Windows\system32\IMM32.DLL
0x75c20000 - 0x75cec000 	C:\Windows\syswow64\MSCTF.dll
0x67030000 - 0x670ee000 	C:\Program Files (x86)\Java\jdk1.7.0_25\jre\bin\msvcr100.dll
0x670f0000 - 0x67432000 	C:\Program Files (x86)\Java\jdk1.7.0_25\jre\bin\client\jvm.dll
0x709b0000 - 0x709b7000 	C:\Windows\system32\WSOCK32.dll
0x757f0000 - 0x75825000 	C:\Windows\syswow64\WS2_32.dll
0x77bf0000 - 0x77bf6000 	C:\Windows\syswow64\NSI.dll
0x6a3a0000 - 0x6a3d2000 	C:\Windows\system32\WINMM.dll
0x76200000 - 0x76205000 	C:\Windows\syswow64\PSAPI.DLL
0x674b0000 - 0x674bc000 	C:\Program Files (x86)\Java\jdk1.7.0_25\jre\bin\verify.dll
0x67490000 - 0x674b0000 	C:\Program Files (x86)\Java\jdk1.7.0_25\jre\bin\java.dll
0x66fd0000 - 0x66fe3000 	C:\Program Files (x86)\Java\jdk1.7.0_25\jre\bin\zip.dll
0x66d10000 - 0x66e54000 	C:\Program Files (x86)\Java\jdk1.7.0_25\jre\bin\awt.dll
0x77690000 - 0x7771f000 	C:\Windows\syswow64\OLEAUT32.dll
0x760a0000 - 0x761fc000 	C:\Windows\syswow64\ole32.dll
0x6fca0000 - 0x6fd20000 	C:\Windows\system32\uxtheme.dll
0x6afa0000 - 0x6afb3000 	C:\Windows\system32\dwmapi.dll
0x764d0000 - 0x7711a000 	C:\Windows\syswow64\SHELL32.dll
0x66f70000 - 0x66fa1000 	C:\Program Files (x86)\Java\jdk1.7.0_25\jre\bin\fontmanager.dll
0x67440000 - 0x67476000 	C:\Program Files\WIDCOMM\Bluetooth Software\SysWOW64\BtMmHook.dll
0x75d80000 - 0x75e03000 	C:\Windows\syswow64\CLBCatQ.DLL
0x75540000 - 0x75564000 	C:\Program Files (x86)\Java\jdk1.7.0_25\jre\bin\dcpr.dll
0x66fb0000 - 0x66fc4000 	C:\Program Files (x86)\Java\jdk1.7.0_25\jre\bin\net.dll
0x752d0000 - 0x7530c000 	C:\Windows\system32\mswsock.dll
0x750e0000 - 0x750e6000 	C:\Windows\System32\wship6.dll
0x67480000 - 0x6748f000 	C:\Program Files (x86)\Java\jdk1.7.0_25\jre\bin\nio.dll
0x66f40000 - 0x66f70000 	C:\Program Files (x86)\Java\jdk1.7.0_25\jre\bin\t2k.dll
0x10000000 - 0x1001b000 	C:\Windows\System32\JMyron.dll
0x00b30000 - 0x00b44000 	C:\Windows\system\myron_ezcam.dll
0x00fc0000 - 0x00fd3000 	C:\Windows\system\DSVL.dll
0x5b7f0000 - 0x5b967000 	C:\Windows\system32\QUARTZ.dll
0x7c3c0000 - 0x7c43c000 	C:\Windows\system32\MSVCP71.dll
0x7c360000 - 0x7c3b6000 	C:\Windows\system32\MSVCR71.dll
0x5bdd0000 - 0x5be02000 	C:\Windows\SysWOW64\qcap.dll
0x66ae0000 - 0x66b01000 	C:\Windows\SysWOW64\MSVFW32.dll
0x71780000 - 0x71789000 	C:\Windows\SysWOW64\VERSION.dll
0x5ba70000 - 0x5baf0000 	C:\Windows\SysWOW64\qedit.dll
0x76440000 - 0x764bb000 	C:\Windows\syswow64\COMDLG32.dll
0x657a0000 - 0x65930000 	C:\Windows\WinSxS\x86_microsoft.windows.gdiplus_6595b64144ccf1df_1.1.7601.17514_none_72d18a4386696c80\gdiplus.dll
0x6afc0000 - 0x6afd4000 	C:\Windows\SysWOW64\devenum.dll
0x75a80000 - 0x75c1d000 	C:\Windows\syswow64\setupapi.dll
0x75cf0000 - 0x75d17000 	C:\Windows\syswow64\CFGMGR32.dll
0x75e10000 - 0x75e22000 	C:\Windows\syswow64\DEVOBJ.dll
0x70470000 - 0x70491000 	C:\Windows\system32\ntmarta.dll
0x77480000 - 0x774c5000 	C:\Windows\syswow64\WLDAP32.dll
0x763b0000 - 0x763dd000 	C:\Windows\syswow64\WINTRUST.dll
0x75f80000 - 0x7609d000 	C:\Windows\syswow64\CRYPT32.dll
0x764c0000 - 0x764cc000 	C:\Windows\syswow64\MSASN1.dll
0x67830000 - 0x6783b000 	C:\Windows\system32\msdmo.dll
0x5be10000 - 0x5be43000 	C:\Windows\SysWOW64\ksproxy.ax
0x754d0000 - 0x754d4000 	C:\Windows\SysWOW64\ksuser.dll
0x67840000 - 0x67a03000 	C:\Windows\SysWOW64\d3d9.dll
0x6a3e0000 - 0x6a3e6000 	C:\Windows\SysWOW64\d3d8thk.dll
0x5be60000 - 0x5be69000 	C:\Windows\SysWOW64\vidcap.ax
0x5bdb0000 - 0x5bdcd000 	C:\Windows\SysWOW64\kswdmcap.ax
0x5b6d0000 - 0x5b7ec000 	C:\Windows\SysWOW64\MFC42.dll
0x73200000 - 0x7328c000 	C:\Windows\SysWOW64\ODBC32.dll
0x6e620000 - 0x6e658000 	C:\Windows\SysWOW64\odbcint.dll
0x6adb0000 - 0x6ae9b000 	C:\Windows\system32\dbghelp.dll

VM Arguments:
jvm_args: -Dfile.encoding=UTF-8 
java_command: webcam.Cam2
Launcher Type: SUN_STANDARD

Environment Variables:
CLASSPATH=.;C:\Program Files (x86)\QuickTime\QTSystem\QTJava.zip
PATH=C:\Windows\System32\Wbem;C:\Program Files (x86)\Java\jdk1.7.0_25\bin
USERNAME=Dell
OS=Windows_NT
PROCESSOR_IDENTIFIER=Intel64 Family 6 Model 58 Stepping 9, GenuineIntel



---------------  S Y S T E M  ---------------

OS: Windows 7 , 64 bit Build 7601 Service Pack 1

CPU:total 4 (2 cores per cpu, 2 threads per core) family 6 model 58 stepping 9, cmov, cx8, fxsr, mmx, sse, sse2, sse3, ssse3, sse4.1, sse4.2, popcnt, avx, ht, tsc, tscinvbit, tscinv

Memory: 4k page, physical 4066668k(1199600k free), swap 8131492k(4224488k free)

vm_info: Java HotSpot(TM) Client VM (23.25-b01) for windows-x86 JRE (1.7.0_25-b16), built on Jun 12 2013 20:29:09 by "java_re" with unknown MS VC++:1600

time: Thu Jan 09 09:25:53 2014
elapsed time: 83 seconds

