#
# A fatal error has been detected by the Java Runtime Environment:
#
#  EXCEPTION_UNCAUGHT_CXX_EXCEPTION (0xe06d7363) at pc=0x76aab727, pid=3688, tid=3400
#
# JRE version: 7.0_25-b16
# Java VM: Java HotSpot(TM) Client VM (23.25-b01 mixed mode, sharing windows-x86 )
# Problematic frame:
# C  [KERNELBASE.dll+0xb727]  RaiseException+0x58
#
# Failed to write core dump. Minidumps are not enabled by default on client versions of Windows
#
# If you would like to submit a bug report, please visit:
#   http://bugreport.sun.com/bugreport/crash.jsp
# The crash happened outside the Java Virtual Machine in native code.
# See problematic frame for where to report the bug.
#

---------------  T H R E A D  ---------------

Current thread (0x006dbc00):  JavaThread "main" [_thread_in_native, id=3400, stack(0x00640000,0x00690000)]

siginfo: ExceptionCode=0xe06d7363, ExceptionInformation=0x19930520 0x0067bcb0 0x5c8b4a88 

Registers:
EAX=0x0067bc0c, EBX=0x00000d67, ECX=0x00000003, EDX=0x00000000
ESP=0x0067bc0c, EBP=0x0067bc5c, ESI=0x0068cacc, EDI=0x69ad1ec6
EIP=0x76aab727, EFLAGS=0x00000206

Top of Stack: (sp=0x0067bc0c)
0x0067bc0c:   e06d7363 00000001 00000000 76aab727
0x0067bc1c:   00000003 19930520 0067bcb0 5c8b4a88
0x0067bc2c:   00000000 04d14188 0067bd14 0067bc20
0x0067bc3c:   0067bd14 00000031 0067bc64 5c6e40fe
0x0067bc4c:   04d14188 04d14140 00000031 0068cacc
0x0067bc5c:   0067bc94 69ae7819 e06d7363 00000001
0x0067bc6c:   00000003 0067bc88 e06d7363 00000001
0x0067bc7c:   00000000 00000000 00000003 19930520 

Instructions: (pc=0x76aab727)
0x76aab707:   02 50 ff 75 14 8d 45 c4 50 e8 3d a9 02 00 83 c4
0x76aab717:   0c eb 03 89 45 c0 8d 45 b0 50 ff 15 6c 11 aa 76
0x76aab727:   c9 c2 10 00 cc cc cc cc cc 8b ff 55 8b ec 56 8b
0x76aab737:   75 08 83 fe f4 72 18 83 fe f6 77 13 8d 45 08 50 


Register to memory mapping:

EAX=0x0067bc0c is pointing into the stack for thread: 0x006dbc00
EBX=0x00000d67 is an unknown value
ECX=0x00000003 is an unknown value
EDX=0x00000000 is an unknown value
ESP=0x0067bc0c is pointing into the stack for thread: 0x006dbc00
EBP=0x0067bc5c is pointing into the stack for thread: 0x006dbc00
ESI=0x0068cacc is pointing into the stack for thread: 0x006dbc00
EDI=0x69ad1ec6 is an unknown value


Stack: [0x00640000,0x00690000],  sp=0x0067bc0c,  free space=239k
Native frames: (J=compiled Java code, j=interpreted, Vv=VM code, C=native code)
C  [KERNELBASE.dll+0xb727]  RaiseException+0x58
C  [msvcr100.dll+0x27819]  CxxThrowException+0x45

Java frames: (J=compiled Java code, j=interpreted, Vv=VM code)
j  com.googlecode.javacv.cpp.opencv_imgproc.cvCvtColor(Lcom/googlecode/javacv/cpp/opencv_core$CvArr;Lcom/googlecode/javacv/cpp/opencv_core$CvArr;I)V+0
j  webcam.newdetect.main([Ljava/lang/String;)V+71
v  ~StubRoutines::call_stub

---------------  P R O C E S S  ---------------

Java Threads: ( => current thread )
  0x04cab400 JavaThread "AWT-EventQueue-0" [_thread_blocked, id=6540, stack(0x085e0000,0x08630000)]
  0x04c9c800 JavaThread "AWT-Windows" daemon [_thread_in_native, id=6776, stack(0x088a0000,0x088f0000)]
  0x04c9c000 JavaThread "AWT-Shutdown" [_thread_blocked, id=6712, stack(0x08750000,0x087a0000)]
  0x04c99800 JavaThread "Java2D Disposer" daemon [_thread_blocked, id=6624, stack(0x08680000,0x086d0000)]
  0x02314c00 JavaThread "Service Thread" daemon [_thread_blocked, id=4464, stack(0x048b0000,0x04900000)]
  0x0230f800 JavaThread "C1 CompilerThread0" daemon [_thread_blocked, id=7100, stack(0x044f0000,0x04540000)]
  0x0230e400 JavaThread "Attach Listener" daemon [_thread_blocked, id=3640, stack(0x005d0000,0x00620000)]
  0x0230b000 JavaThread "Signal Dispatcher" daemon [_thread_blocked, id=7120, stack(0x04710000,0x04760000)]
  0x022f8800 JavaThread "Finalizer" daemon [_thread_blocked, id=4632, stack(0x02360000,0x023b0000)]
  0x022f3800 JavaThread "Reference Handler" daemon [_thread_blocked, id=6356, stack(0x045f0000,0x04640000)]
=>0x006dbc00 JavaThread "main" [_thread_in_native, id=3400, stack(0x00640000,0x00690000)]

Other Threads:
  0x022f1c00 VMThread [stack: 0x04670000,0x046c0000] [id=6380]
  0x02327800 WatcherThread [stack: 0x04b00000,0x04b50000] [id=5764]

VM state:not at safepoint (normal execution)

VM Mutex/Monitor currently owned by a thread: None

Heap
 def new generation   total 4928K, used 2937K [0x243c0000, 0x24910000, 0x29910000)
  eden space 4416K,  54% used [0x243c0000, 0x2461e400, 0x24810000)
  from space 512K, 100% used [0x24890000, 0x24910000, 0x24910000)
  to   space 512K,   0% used [0x24810000, 0x24810000, 0x24890000)
 tenured generation   total 10944K, used 395K [0x29910000, 0x2a3c0000, 0x343c0000)
   the space 10944K,   3% used [0x29910000, 0x29972d28, 0x29972e00, 0x2a3c0000)
 compacting perm gen  total 12288K, used 1685K [0x343c0000, 0x34fc0000, 0x383c0000)
   the space 12288K,  13% used [0x343c0000, 0x34565598, 0x34565600, 0x34fc0000)
    ro space 10240K,  45% used [0x383c0000, 0x38849b28, 0x38849c00, 0x38dc0000)
    rw space 12288K,  54% used [0x38dc0000, 0x3944d0e8, 0x3944d200, 0x399c0000)

Card table byte_map: [0x04400000,0x044b0000] byte_map_base: 0x042de200

Polling page: 0x001f0000

Code Cache  [0x02400000, 0x024d8000, 0x04400000)
 total_blobs=390 nmethods=160 adapters=165 free_code_cache=31916Kb largest_free_block=32682624

Compilation events (10 events):
Event: 1.756 Thread 0x0230f800  156             java.io.Win32FileSystem::prefixLength (91 bytes)
Event: 1.756 Thread 0x0230f800 nmethod 156 0x024d3508 code [0x024d3650, 0x024d39e4]
Event: 1.822 Thread 0x0230f800  157             java.util.jar.JarFile::getEntry (22 bytes)
Event: 1.823 Thread 0x0230f800 nmethod 157 0x024d3e88 code [0x024d3fa0, 0x024d40c8]
Event: 1.823 Thread 0x0230f800  158   !         java.util.zip.ZipFile::getEntry (86 bytes)
Event: 1.823 Thread 0x0230f800 nmethod 158 0x024d4188 code [0x024d42d0, 0x024d4678]
Event: 1.832 Thread 0x0230f800  159             java.lang.String::indexOf (25 bytes)
Event: 1.833 Thread 0x0230f800 nmethod 159 0x024d4908 code [0x024d4a10, 0x024d4adc]
Event: 1.834 Thread 0x0230f800  160             java.lang.ref.Reference::get (5 bytes)
Event: 1.834 Thread 0x0230f800 nmethod 160 0x024d4bc8 code [0x024d4cc0, 0x024d4d40]

GC Heap History (2 events):
Event: 1.502 GC heap before
{Heap before GC invocations=0 (full 0):
 def new generation   total 4928K, used 4416K [0x243c0000, 0x24910000, 0x29910000)
  eden space 4416K, 100% used [0x243c0000, 0x24810000, 0x24810000)
  from space 512K,   0% used [0x24810000, 0x24810000, 0x24890000)
  to   space 512K,   0% used [0x24890000, 0x24890000, 0x24910000)
 tenured generation   total 10944K, used 0K [0x29910000, 0x2a3c0000, 0x343c0000)
   the space 10944K,   0% used [0x29910000, 0x29910000, 0x29910200, 0x2a3c0000)
 compacting perm gen  total 12288K, used 971K [0x343c0000, 0x34fc0000, 0x383c0000)
   the space 12288K,   7% used [0x343c0000, 0x344b2e40, 0x344b3000, 0x34fc0000)
    ro space 10240K,  45% used [0x383c0000, 0x38849b28, 0x38849c00, 0x38dc0000)
    rw space 12288K,  54% used [0x38dc0000, 0x3944d0e8, 0x3944d200, 0x399c0000)
Event: 1.507 GC heap after
Heap after GC invocations=1 (full 0):
 def new generation   total 4928K, used 512K [0x243c0000, 0x24910000, 0x29910000)
  eden space 4416K,   0% used [0x243c0000, 0x243c0000, 0x24810000)
  from space 512K, 100% used [0x24890000, 0x24910000, 0x24910000)
  to   space 512K,   0% used [0x24810000, 0x24810000, 0x24890000)
 tenured generation   total 10944K, used 395K [0x29910000, 0x2a3c0000, 0x343c0000)
   the space 10944K,   3% used [0x29910000, 0x29972d28, 0x29972e00, 0x2a3c0000)
 compacting perm gen  total 12288K, used 971K [0x343c0000, 0x34fc0000, 0x383c0000)
   the space 12288K,   7% used [0x343c0000, 0x344b2e40, 0x344b3000, 0x34fc0000)
    ro space 10240K,  45% used [0x383c0000, 0x38849b28, 0x38849c00, 0x38dc0000)
    rw space 12288K,  54% used [0x38dc0000, 0x3944d0e8, 0x3944d200, 0x399c0000)
}

Deoptimization events (0 events):
No events

Internal exceptions (10 events):
Event: 1.829 Thread 0x006dbc00 Threw 0x245e61f8 at C:\jdk7u2_32P\jdk7u25\hotspot\src\share\vm\prims\jvm.cpp:1235
Event: 1.830 Thread 0x006dbc00 Threw 0x245eb090 at C:\jdk7u2_32P\jdk7u25\hotspot\src\share\vm\prims\jvm.cpp:1235
Event: 1.831 Thread 0x006dbc00 Threw 0x245ef878 at C:\jdk7u2_32P\jdk7u25\hotspot\src\share\vm\prims\jvm.cpp:1235
Event: 1.831 Thread 0x006dbc00 Threw 0x245f3ff8 at C:\jdk7u2_32P\jdk7u25\hotspot\src\share\vm\prims\jvm.cpp:1235
Event: 1.832 Thread 0x006dbc00 Threw 0x245f9c78 at C:\jdk7u2_32P\jdk7u25\hotspot\src\share\vm\prims\jvm.cpp:1235
Event: 1.833 Thread 0x006dbc00 Threw 0x245fe818 at C:\jdk7u2_32P\jdk7u25\hotspot\src\share\vm\prims\jvm.cpp:1235
Event: 1.834 Thread 0x006dbc00 Threw 0x24601e70 at C:\jdk7u2_32P\jdk7u25\hotspot\src\share\vm\prims\jvm.cpp:1235
Event: 1.834 Thread 0x006dbc00 Threw 0x24606438 at C:\jdk7u2_32P\jdk7u25\hotspot\src\share\vm\prims\jvm.cpp:1235
Event: 1.835 Thread 0x006dbc00 Threw 0x2460a308 at C:\jdk7u2_32P\jdk7u25\hotspot\src\share\vm\prims\jvm.cpp:1235
Event: 1.836 Thread 0x006dbc00 Threw 0x2460d750 at C:\jdk7u2_32P\jdk7u25\hotspot\src\share\vm\prims\jvm.cpp:1235

Events (10 events):
Event: 1.834 loading class 0x04c04118
Event: 1.834 loading class 0x04c04118 done
Event: 1.834 loading class 0x04c1ed78
Event: 1.834 loading class 0x04c1ed78 done
Event: 1.835 loading class 0x04bdbe20
Event: 1.835 loading class 0x04bdbe20 done
Event: 1.836 loading class 0x04c1ed28
Event: 1.836 loading class 0x04c1ed28 done
Event: 1.839 loading class 0x399f56d8
Event: 1.839 loading class 0x399f56d8 done


Dynamic libraries:
0x00370000 - 0x0039f000 	C:\Program Files (x86)\Java\jdk1.7.0_25\bin\java.exe
0x77240000 - 0x773c0000 	C:\Windows\SysWOW64\ntdll.dll
0x76990000 - 0x76aa0000 	C:\Windows\syswow64\kernel32.dll
0x76aa0000 - 0x76ae6000 	C:\Windows\syswow64\KERNELBASE.dll
0x768f0000 - 0x76990000 	C:\Windows\syswow64\ADVAPI32.dll
0x76d90000 - 0x76e3c000 	C:\Windows\syswow64\msvcrt.dll
0x75740000 - 0x75759000 	C:\Windows\SysWOW64\sechost.dll
0x751c0000 - 0x752b0000 	C:\Windows\syswow64\RPCRT4.dll
0x74da0000 - 0x74e00000 	C:\Windows\syswow64\SspiCli.dll
0x74d90000 - 0x74d9c000 	C:\Windows\syswow64\CRYPTBASE.dll
0x75040000 - 0x75140000 	C:\Windows\syswow64\USER32.dll
0x754b0000 - 0x75540000 	C:\Windows\syswow64\GDI32.dll
0x75900000 - 0x7590a000 	C:\Windows\syswow64\LPK.dll
0x75830000 - 0x758cd000 	C:\Windows\syswow64\USP10.dll
0x71160000 - 0x712fe000 	C:\Windows\WinSxS\x86_microsoft.windows.common-controls_6595b64144ccf1df_6.0.7601.17514_none_41e6975e2bd6f2b2\COMCTL32.dll
0x75150000 - 0x751a7000 	C:\Windows\syswow64\SHLWAPI.dll
0x75540000 - 0x755a0000 	C:\Windows\system32\IMM32.DLL
0x76af0000 - 0x76bbc000 	C:\Windows\syswow64\MSCTF.dll
0x69ac0000 - 0x69b7e000 	C:\Program Files (x86)\Java\jdk1.7.0_25\jre\bin\msvcr100.dll
0x67a00000 - 0x67d42000 	C:\Program Files (x86)\Java\jdk1.7.0_25\jre\bin\client\jvm.dll
0x71150000 - 0x71157000 	C:\Windows\system32\WSOCK32.dll
0x766e0000 - 0x76715000 	C:\Windows\syswow64\WS2_32.dll
0x75140000 - 0x75146000 	C:\Windows\syswow64\NSI.dll
0x6c8d0000 - 0x6c902000 	C:\Windows\system32\WINMM.dll
0x751b0000 - 0x751b5000 	C:\Windows\syswow64\PSAPI.DLL
0x69bf0000 - 0x69bfc000 	C:\Program Files (x86)\Java\jdk1.7.0_25\jre\bin\verify.dll
0x69bd0000 - 0x69bf0000 	C:\Program Files (x86)\Java\jdk1.7.0_25\jre\bin\java.dll
0x69bb0000 - 0x69bc3000 	C:\Program Files (x86)\Java\jdk1.7.0_25\jre\bin\zip.dll
0x5c960000 - 0x5ca1e000 	C:\Users\Dell\AppData\Local\Temp\javacpp6260758479384\msvcr100.dll
0x5c8f0000 - 0x5c959000 	C:\Users\Dell\AppData\Local\Temp\javacpp6260758479384\msvcp100.dll
0x04d50000 - 0x05ae9000 	C:\Users\Dell\AppData\Local\Temp\javacpp6260758479384\opencv_ffmpeg246.dll
0x5c6e0000 - 0x5c8e4000 	C:\Users\Dell\AppData\Local\Temp\javacpp6260758479384\opencv_core246.dll
0x5c470000 - 0x5c6da000 	C:\Users\Dell\AppData\Local\Temp\javacpp6260758479384\opencv_imgproc246.dll
0x5c260000 - 0x5c46a000 	C:\Users\Dell\AppData\Local\Temp\javacpp6260758479384\opencv_highgui246.dll
0x74e50000 - 0x74fac000 	C:\Windows\syswow64\ole32.dll
0x76720000 - 0x767af000 	C:\Windows\syswow64\OLEAUT32.dll
0x74b20000 - 0x74b39000 	C:\Windows\system32\AVIFIL32.dll
0x69d00000 - 0x69d14000 	C:\Windows\system32\MSACM32.dll
0x74af0000 - 0x74b11000 	C:\Windows\system32\MSVFW32.dll
0x75970000 - 0x765ba000 	C:\Windows\syswow64\SHELL32.dll
0x684d0000 - 0x684e3000 	C:\Windows\system32\AVICAP32.dll
0x73250000 - 0x73259000 	C:\Windows\system32\VERSION.dll
0x66570000 - 0x6657f000 	C:\Users\Dell\AppData\Local\Temp\javacpp6260758479384\jniopencv_highgui.dll
0x6a520000 - 0x6a5a0000 	C:\Windows\system32\uxtheme.dll
0x74fb0000 - 0x75033000 	C:\Windows\syswow64\CLBCatQ.DLL
0x687a0000 - 0x687b4000 	C:\Windows\SysWOW64\devenum.dll
0x755a0000 - 0x7573d000 	C:\Windows\syswow64\setupapi.dll
0x76d60000 - 0x76d87000 	C:\Windows\syswow64\CFGMGR32.dll
0x765c0000 - 0x765d2000 	C:\Windows\syswow64\DEVOBJ.dll
0x728f0000 - 0x72911000 	C:\Windows\system32\ntmarta.dll
0x74e00000 - 0x74e45000 	C:\Windows\syswow64\WLDAP32.dll
0x757f0000 - 0x7581d000 	C:\Windows\syswow64\WINTRUST.dll
0x76bc0000 - 0x76cdd000 	C:\Windows\syswow64\CRYPT32.dll
0x77210000 - 0x7721c000 	C:\Windows\syswow64\MSASN1.dll
0x68520000 - 0x6852b000 	C:\Windows\system32\msdmo.dll
0x68490000 - 0x684c2000 	C:\Windows\SysWOW64\qcap.dll
0x651f0000 - 0x65367000 	C:\Windows\SysWOW64\quartz.dll
0x6a360000 - 0x6a373000 	C:\Windows\system32\dwmapi.dll
0x67e40000 - 0x67e73000 	C:\Windows\SysWOW64\ksproxy.ax
0x68770000 - 0x68774000 	C:\Windows\SysWOW64\ksuser.dll
0x65370000 - 0x65533000 	C:\Windows\SysWOW64\d3d9.dll
0x683f0000 - 0x683f6000 	C:\Windows\SysWOW64\d3d8thk.dll
0x680e0000 - 0x680e9000 	C:\Windows\SysWOW64\vidcap.ax
0x67e00000 - 0x67e1d000 	C:\Windows\SysWOW64\kswdmcap.ax
0x66b20000 - 0x66c3c000 	C:\Windows\SysWOW64\MFC42.dll
0x72af0000 - 0x72b7c000 	C:\Windows\SysWOW64\ODBC32.dll
0x729b0000 - 0x729e8000 	C:\Windows\SysWOW64\odbcint.dll
0x68410000 - 0x68490000 	C:\Windows\SysWOW64\qedit.dll
0x76ce0000 - 0x76d5b000 	C:\Windows\syswow64\COMDLG32.dll
0x67f10000 - 0x680a0000 	C:\Windows\WinSxS\x86_microsoft.windows.gdiplus_6595b64144ccf1df_1.1.7601.17514_none_72d18a4386696c80\gdiplus.dll
0x67910000 - 0x679f7000 	C:\Windows\system32\DDRAW.dll
0x74b40000 - 0x74b46000 	C:\Windows\system32\DCIMAN32.dll
0x65120000 - 0x651ec000 	C:\Windows\system32\D3DIM700.DLL
0x74ae0000 - 0x74ae9000 	C:\Windows\system32\msyuv.dll
0x5c1e0000 - 0x5c255000 	C:\Users\Dell\AppData\Local\Temp\javacpp6260758479384\jniopencv_core.dll
0x69970000 - 0x69ab4000 	C:\Program Files (x86)\Java\jdk1.7.0_25\jre\bin\awt.dll
0x68710000 - 0x68741000 	C:\Program Files (x86)\Java\jdk1.7.0_25\jre\bin\fontmanager.dll
0x747d0000 - 0x74806000 	C:\Program Files\WIDCOMM\Bluetooth Software\SysWOW64\BtMmHook.dll
0x5c1a0000 - 0x5c1d9000 	C:\Users\Dell\AppData\Local\Temp\javacpp6260758479384\jniopencv_imgproc.dll
0x6b990000 - 0x6ba7b000 	C:\Windows\system32\dbghelp.dll

VM Arguments:
jvm_args: -Dfile.encoding=UTF-8 
java_command: webcam.newdetect
Launcher Type: SUN_STANDARD

Environment Variables:
CLASSPATH=.;.;C:\PROGRA~2\JMF21~1.1E\lib\sound.jar;C:\PROGRA~2\JMF21~1.1E\lib\jmf.jar;C:\PROGRA~2\JMF21~1.1E\lib;
PATH=C:\Perl\site\bin;C:\Perl\bin;F:\oracle\product\10.2.0\db_1\bin;F:\OraHome_1\bin;F:\app\Dell\product\11.2.0\dbhome_2\bin;C:\Ruby200-x64\bin;F:\app\Dell\product\11.2.0\dbhome_1\bin;E:\app\Dell\product\11.2.0\dbhome_1\bin;C:\Program Files\Dell\DW WLAN Card;;C:\Program Files (x86)\Intel\iCLS Client\;C:\Program Files\Intel\iCLS Client\;C:\Windows\system32;C:\Windows;C:\Windows\System32\Wbem;C:\Windows\System32\WindowsPowerShell\v1.0\;C:\Program Files (x86)\Intel\OpenCL SDK\2.0\bin\x86;C:\Program Files (x86)\Intel\OpenCL SDK\2.0\bin\x64;C:\Program Files\Intel\Intel(R) Management Engine Components\DAL;C:\Program Files\Intel\Intel(R) Management Engine Components\IPT;C:\Program Files (x86)\Intel\Intel(R) Management Engine Components\DAL;C:\Program Files (x86)\Intel\Intel(R) Management Engine Components\IPT;C:\Program Files\WIDCOMM\Bluetooth Software\;C:\Program Files\WIDCOMM\Bluetooth Software\syswow64;C:\Program Files\Common Files\Autodesk Shared\;C:\Program Files (x86)\Microsoft SQL Server\100\Tools\Binn\;C:\Program Files\Microsoft SQL Server\100\Tools\Binn\;C:\Program Files\Microsoft SQL Server\100\DTS\Binn\;C:\FPC\2.6.2\bin\i386-Win32;C:\Program Files (x86)\Microsoft SQL Server\100\Tools\Binn\VSShell\Common7\IDE\;C:\Program Files (x86)\Microsoft SQL Server\100\DTS\Binn\;C:\Program Files (x86)\Microsoft Visual Studio 9.0\Common7\IDE\PrivateAssemblies\;C:\Program Files (x86)\GtkSharp\2.12\bin;C:\strawberry\c\bin;C:\strawberry\perl\site\bin;C:\strawberry\perl\bin;E:\Program files\Universal Extractor;E:\Program files\Universal Extractor\bin;E:\Program files\TASM GUI editor\BIN;C:\Program Files (x86)\QuickTime\QTSystem\;C:\Program Files\Java\jdk1.7.0_17\bin
USERNAME=Dell
OS=Windows_NT
PROCESSOR_IDENTIFIER=Intel64 Family 6 Model 58 Stepping 9, GenuineIntel



---------------  S Y S T E M  ---------------

OS: Windows 7 , 64 bit Build 7601 Service Pack 1

CPU:total 4 (2 cores per cpu, 2 threads per core) family 6 model 58 stepping 9, cmov, cx8, fxsr, mmx, sse, sse2, sse3, ssse3, sse4.1, sse4.2, popcnt, avx, ht, tsc, tscinvbit, tscinv

Memory: 4k page, physical 4066668k(1040924k free), swap 8131492k(4446688k free)

vm_info: Java HotSpot(TM) Client VM (23.25-b01) for windows-x86 JRE (1.7.0_25-b16), built on Jun 12 2013 20:29:09 by "java_re" with unknown MS VC++:1600

time: Tue Oct 08 08:40:30 2013
elapsed time: 1 seconds

