#
# A fatal error has been detected by the Java Runtime Environment:
#
#  EXCEPTION_UNCAUGHT_CXX_EXCEPTION (0xe06d7363) at pc=0x76aab727, pid=4264, tid=6160
#
# JRE version: 7.0_25-b16
# Java VM: Java HotSpot(TM) Client VM (23.25-b01 mixed mode, sharing windows-x86 )
# Problematic frame:
# C  [KERNELBASE.dll+0xb727]  RaiseException+0x58
#
# Failed to write core dump. Minidumps are not enabled by default on client versions of Windows
#
# If you would like to submit a bug report, please visit:
#   http://bugreport.sun.com/bugreport/crash.jsp
# The crash happened outside the Java Virtual Machine in native code.
# See problematic frame for where to report the bug.
#

---------------  T H R E A D  ---------------

Current thread (0x0225bc00):  JavaThread "main" [_thread_in_native, id=6160, stack(0x02110000,0x02160000)]

siginfo: ExceptionCode=0xe06d7363, ExceptionInformation=0x19930520 0x0214bb90 0x5d934a88 

Registers:
EAX=0x0214baec, EBX=0x00000d12, ECX=0x00000003, EDX=0x00000000
ESP=0x0214baec, EBP=0x0214bb3c, ESI=0x0215e008, EDI=0x69ad1ec6
EIP=0x76aab727, EFLAGS=0x00000202

Top of Stack: (sp=0x0214baec)
0x0214baec:   e06d7363 00000001 00000000 76aab727
0x0214bafc:   00000003 19930520 0214bb90 5d934a88
0x0214bb0c:   00000000 04ce4fd0 0214bbf4 0214bb00
0x0214bb1c:   0214bbf4 00000031 0214bb44 5d7640fe
0x0214bb2c:   04ce4fd0 04ce4f88 00000031 0215e008
0x0214bb3c:   0214bb74 69ae7819 e06d7363 00000001
0x0214bb4c:   00000003 0214bb68 e06d7363 00000001
0x0214bb5c:   00000000 00000000 00000003 19930520 

Instructions: (pc=0x76aab727)
0x76aab707:   02 50 ff 75 14 8d 45 c4 50 e8 3d a9 02 00 83 c4
0x76aab717:   0c eb 03 89 45 c0 8d 45 b0 50 ff 15 6c 11 aa 76
0x76aab727:   c9 c2 10 00 cc cc cc cc cc 8b ff 55 8b ec 56 8b
0x76aab737:   75 08 83 fe f4 72 18 83 fe f6 77 13 8d 45 08 50 


Register to memory mapping:

EAX=0x0214baec is pointing into the stack for thread: 0x0225bc00
EBX=0x00000d12 is an unknown value
ECX=0x00000003 is an unknown value
EDX=0x00000000 is an unknown value
ESP=0x0214baec is pointing into the stack for thread: 0x0225bc00
EBP=0x0214bb3c is pointing into the stack for thread: 0x0225bc00
ESI=0x0215e008 is pointing into the stack for thread: 0x0225bc00
EDI=0x69ad1ec6 is an unknown value


Stack: [0x02110000,0x02160000],  sp=0x0214baec,  free space=238k
Native frames: (J=compiled Java code, j=interpreted, Vv=VM code, C=native code)
C  [KERNELBASE.dll+0xb727]  RaiseException+0x58
C  [msvcr100.dll+0x27819]  CxxThrowException+0x45

Java frames: (J=compiled Java code, j=interpreted, Vv=VM code)
j  com.googlecode.javacv.cpp.opencv_imgproc.cvCvtColor(Lcom/googlecode/javacv/cpp/opencv_core$CvArr;Lcom/googlecode/javacv/cpp/opencv_core$CvArr;I)V+0
j  webcam.newdetect.main([Ljava/lang/String;)V+167
v  ~StubRoutines::call_stub

---------------  P R O C E S S  ---------------

Java Threads: ( => current thread )
  0x04c98400 JavaThread "AWT-EventQueue-0" [_thread_blocked, id=6948, stack(0x08890000,0x088e0000)]
  0x04c8a000 JavaThread "AWT-Windows" daemon [_thread_in_native, id=6208, stack(0x08640000,0x08690000)]
  0x04c89800 JavaThread "AWT-Shutdown" [_thread_blocked, id=1256, stack(0x06710000,0x06760000)]
  0x04c87400 JavaThread "Java2D Disposer" daemon [_thread_blocked, id=3248, stack(0x086a0000,0x086f0000)]
  0x02334800 JavaThread "Service Thread" daemon [_thread_blocked, id=6176, stack(0x04ae0000,0x04b30000)]
  0x0232f400 JavaThread "C1 CompilerThread0" daemon [_thread_blocked, id=6152, stack(0x04a80000,0x04ad0000)]
  0x0232e000 JavaThread "Attach Listener" daemon [_thread_blocked, id=7056, stack(0x048a0000,0x048f0000)]
  0x0232d000 JavaThread "Signal Dispatcher" daemon [_thread_blocked, id=7128, stack(0x04790000,0x047e0000)]
  0x02315400 JavaThread "Finalizer" daemon [_thread_blocked, id=7124, stack(0x04800000,0x04850000)]
  0x02313800 JavaThread "Reference Handler" daemon [_thread_blocked, id=6576, stack(0x02370000,0x023c0000)]
=>0x0225bc00 JavaThread "main" [_thread_in_native, id=6160, stack(0x02110000,0x02160000)]

Other Threads:
  0x02311c00 VMThread [stack: 0x04530000,0x04580000] [id=5272]
  0x0235c000 WatcherThread [stack: 0x04690000,0x046e0000] [id=1060]

VM state:not at safepoint (normal execution)

VM Mutex/Monitor currently owned by a thread: None

Heap
 def new generation   total 4928K, used 1548K [0x243c0000, 0x24910000, 0x29910000)
  eden space 4416K,  23% used [0x243c0000, 0x244c31c0, 0x24810000)
  from space 512K, 100% used [0x24810000, 0x24890000, 0x24890000)
  to   space 512K,   0% used [0x24890000, 0x24890000, 0x24910000)
 tenured generation   total 10944K, used 3494K [0x29910000, 0x2a3c0000, 0x343c0000)
   the space 10944K,  31% used [0x29910000, 0x29c799a8, 0x29c79a00, 0x2a3c0000)
 compacting perm gen  total 12288K, used 1813K [0x343c0000, 0x34fc0000, 0x383c0000)
   the space 12288K,  14% used [0x343c0000, 0x345856a0, 0x34585800, 0x34fc0000)
    ro space 10240K,  45% used [0x383c0000, 0x38849b28, 0x38849c00, 0x38dc0000)
    rw space 12288K,  54% used [0x38dc0000, 0x3944d0e8, 0x3944d200, 0x399c0000)

Card table byte_map: [0x02160000,0x02210000] byte_map_base: 0x0203e200

Polling page: 0x001d0000

Code Cache  [0x02410000, 0x024f0000, 0x04410000)
 total_blobs=423 nmethods=186 adapters=172 free_code_cache=31878Kb largest_free_block=32643904

Compilation events (10 events):
Event: 2.127 Thread 0x0232f400  181             java.lang.String::lastIndexOf (13 bytes)
Event: 2.127 Thread 0x0232f400 nmethod 181 0x024eda48 code [0x024edb50, 0x024edbec]
Event: 2.131 Thread 0x0232f400  182             java.util.zip.ZipFile::access$400 (5 bytes)
Event: 2.131 Thread 0x0232f400 nmethod 182 0x024edc88 code [0x024edd80, 0x024ede00]
Event: 2.179 Thread 0x0232f400  183             java.lang.Integer::valueOf (54 bytes)
Event: 2.179 Thread 0x0232f400 nmethod 183 0x024ede88 code [0x024edf80, 0x024ee070]
Event: 2.179 Thread 0x0232f400  184             java.util.WeakHashMap::indexFor (6 bytes)
Event: 2.179 Thread 0x0232f400 nmethod 184 0x024ee148 code [0x024ee240, 0x024ee2b0]
Event: 2.181 Thread 0x0232f400  185             java.net.URL::getRef (5 bytes)
Event: 2.181 Thread 0x0232f400 nmethod 185 0x024ee308 code [0x024ee400, 0x024ee480]

GC Heap History (4 events):
Event: 1.746 GC heap before
{Heap before GC invocations=0 (full 0):
 def new generation   total 4928K, used 4416K [0x243c0000, 0x24910000, 0x29910000)
  eden space 4416K, 100% used [0x243c0000, 0x24810000, 0x24810000)
  from space 512K,   0% used [0x24810000, 0x24810000, 0x24890000)
  to   space 512K,   0% used [0x24890000, 0x24890000, 0x24910000)
 tenured generation   total 10944K, used 0K [0x29910000, 0x2a3c0000, 0x343c0000)
   the space 10944K,   0% used [0x29910000, 0x29910000, 0x29910200, 0x2a3c0000)
 compacting perm gen  total 12288K, used 971K [0x343c0000, 0x34fc0000, 0x383c0000)
   the space 12288K,   7% used [0x343c0000, 0x344b2df8, 0x344b2e00, 0x34fc0000)
    ro space 10240K,  45% used [0x383c0000, 0x38849b28, 0x38849c00, 0x38dc0000)
    rw space 12288K,  54% used [0x38dc0000, 0x3944d0e8, 0x3944d200, 0x399c0000)
Event: 1.751 GC heap after
Heap after GC invocations=1 (full 0):
 def new generation   total 4928K, used 512K [0x243c0000, 0x24910000, 0x29910000)
  eden space 4416K,   0% used [0x243c0000, 0x243c0000, 0x24810000)
  from space 512K, 100% used [0x24890000, 0x24910000, 0x24910000)
  to   space 512K,   0% used [0x24810000, 0x24810000, 0x24890000)
 tenured generation   total 10944K, used 395K [0x29910000, 0x2a3c0000, 0x343c0000)
   the space 10944K,   3% used [0x29910000, 0x29972d28, 0x29972e00, 0x2a3c0000)
 compacting perm gen  total 12288K, used 971K [0x343c0000, 0x34fc0000, 0x383c0000)
   the space 12288K,   7% used [0x343c0000, 0x344b2df8, 0x344b2e00, 0x34fc0000)
    ro space 10240K,  45% used [0x383c0000, 0x38849b28, 0x38849c00, 0x38dc0000)
    rw space 12288K,  54% used [0x38dc0000, 0x3944d0e8, 0x3944d200, 0x399c0000)
}
Event: 2.038 GC heap before
{Heap before GC invocations=1 (full 0):
 def new generation   total 4928K, used 4437K [0x243c0000, 0x24910000, 0x29910000)
  eden space 4416K,  88% used [0x243c0000, 0x24795420, 0x24810000)
  from space 512K, 100% used [0x24890000, 0x24910000, 0x24910000)
  to   space 512K,   0% used [0x24810000, 0x24810000, 0x24890000)
 tenured generation   total 10944K, used 1595K [0x29910000, 0x2a3c0000, 0x343c0000)
   the space 10944K,  14% used [0x29910000, 0x29a9ed38, 0x29a9ee00, 0x2a3c0000)
 compacting perm gen  total 12288K, used 1713K [0x343c0000, 0x34fc0000, 0x383c0000)
   the space 12288K,  13% used [0x343c0000, 0x3456c410, 0x3456c600, 0x34fc0000)
    ro space 10240K,  45% used [0x383c0000, 0x38849b28, 0x38849c00, 0x38dc0000)
    rw space 12288K,  54% used [0x38dc0000, 0x3944d0e8, 0x3944d200, 0x399c0000)
Event: 2.049 GC heap after
Heap after GC invocations=2 (full 0):
 def new generation   total 4928K, used 512K [0x243c0000, 0x24910000, 0x29910000)
  eden space 4416K,   0% used [0x243c0000, 0x243c0000, 0x24810000)
  from space 512K, 100% used [0x24810000, 0x24890000, 0x24890000)
  to   space 512K,   0% used [0x24890000, 0x24890000, 0x24910000)
 tenured generation   total 10944K, used 3494K [0x29910000, 0x2a3c0000, 0x343c0000)
   the space 10944K,  31% used [0x29910000, 0x29c799a8, 0x29c79a00, 0x2a3c0000)
 compacting perm gen  total 12288K, used 1713K [0x343c0000, 0x34fc0000, 0x383c0000)
   the space 12288K,  13% used [0x343c0000, 0x3456c410, 0x3456c600, 0x34fc0000)
    ro space 10240K,  45% used [0x383c0000, 0x38849b28, 0x38849c00, 0x38dc0000)
    rw space 12288K,  54% used [0x38dc0000, 0x3944d0e8, 0x3944d200, 0x399c0000)
}

Deoptimization events (0 events):
No events

Internal exceptions (10 events):
Event: 2.063 Thread 0x0225bc00 Threw 0x244247a8 at C:\jdk7u2_32P\jdk7u25\hotspot\src\share\vm\prims\jvm.cpp:1235
Event: 2.065 Thread 0x0225bc00 Threw 0x244293c8 at C:\jdk7u2_32P\jdk7u25\hotspot\src\share\vm\prims\jvm.cpp:1235
Event: 2.066 Thread 0x0225bc00 Threw 0x2442d658 at C:\jdk7u2_32P\jdk7u25\hotspot\src\share\vm\prims\jvm.cpp:1235
Event: 2.066 Thread 0x0225bc00 Threw 0x24431b58 at C:\jdk7u2_32P\jdk7u25\hotspot\src\share\vm\prims\jvm.cpp:1235
Event: 2.066 Thread 0x0225bc00 Threw 0x24435fe0 at C:\jdk7u2_32P\jdk7u25\hotspot\src\share\vm\prims\jvm.cpp:1235
Event: 2.067 Thread 0x0225bc00 Threw 0x2443a0c0 at C:\jdk7u2_32P\jdk7u25\hotspot\src\share\vm\prims\jvm.cpp:1235
Event: 2.179 Thread 0x0225bc00 Threw 0x24473da0 at C:\jdk7u2_32P\jdk7u25\hotspot\src\share\vm\prims\jvm.cpp:1235
Event: 2.179 Thread 0x0225bc00 Threw 0x2447bc68 at C:\jdk7u2_32P\jdk7u25\hotspot\src\share\vm\prims\jvm.cpp:1235
Event: 2.179 Thread 0x0225bc00 Threw 0x24480c98 at C:\jdk7u2_32P\jdk7u25\hotspot\src\share\vm\prims\jvm.cpp:1235
Event: 2.180 Thread 0x0225bc00 Threw 0x24485ab0 at C:\jdk7u2_32P\jdk7u25\hotspot\src\share\vm\prims\jvm.cpp:1235

Events (10 events):
Event: 2.067 loading class 0x04ce4d00
Event: 2.067 loading class 0x04ce4d00 done
Event: 2.178 loading class 0x08b0b860
Event: 2.179 loading class 0x08b0b860 done
Event: 2.179 loading class 0x04cef5d8
Event: 2.179 loading class 0x04cef5d8 done
Event: 2.179 loading class 0x04ceec30
Event: 2.179 loading class 0x04ceec30 done
Event: 2.180 loading class 0x04ceec80
Event: 2.180 loading class 0x04ceec80 done


Dynamic libraries:
0x00370000 - 0x0039f000 	C:\Program Files (x86)\Java\jdk1.7.0_25\bin\java.exe
0x77240000 - 0x773c0000 	C:\Windows\SysWOW64\ntdll.dll
0x76990000 - 0x76aa0000 	C:\Windows\syswow64\kernel32.dll
0x76aa0000 - 0x76ae6000 	C:\Windows\syswow64\KERNELBASE.dll
0x768f0000 - 0x76990000 	C:\Windows\syswow64\ADVAPI32.dll
0x76d90000 - 0x76e3c000 	C:\Windows\syswow64\msvcrt.dll
0x75740000 - 0x75759000 	C:\Windows\SysWOW64\sechost.dll
0x751c0000 - 0x752b0000 	C:\Windows\syswow64\RPCRT4.dll
0x74da0000 - 0x74e00000 	C:\Windows\syswow64\SspiCli.dll
0x74d90000 - 0x74d9c000 	C:\Windows\syswow64\CRYPTBASE.dll
0x75040000 - 0x75140000 	C:\Windows\syswow64\USER32.dll
0x754b0000 - 0x75540000 	C:\Windows\syswow64\GDI32.dll
0x75900000 - 0x7590a000 	C:\Windows\syswow64\LPK.dll
0x75830000 - 0x758cd000 	C:\Windows\syswow64\USP10.dll
0x71160000 - 0x712fe000 	C:\Windows\WinSxS\x86_microsoft.windows.common-controls_6595b64144ccf1df_6.0.7601.17514_none_41e6975e2bd6f2b2\COMCTL32.dll
0x75150000 - 0x751a7000 	C:\Windows\syswow64\SHLWAPI.dll
0x75540000 - 0x755a0000 	C:\Windows\system32\IMM32.DLL
0x76af0000 - 0x76bbc000 	C:\Windows\syswow64\MSCTF.dll
0x69ac0000 - 0x69b7e000 	C:\Program Files (x86)\Java\jdk1.7.0_25\jre\bin\msvcr100.dll
0x67a00000 - 0x67d42000 	C:\Program Files (x86)\Java\jdk1.7.0_25\jre\bin\client\jvm.dll
0x71150000 - 0x71157000 	C:\Windows\system32\WSOCK32.dll
0x766e0000 - 0x76715000 	C:\Windows\syswow64\WS2_32.dll
0x75140000 - 0x75146000 	C:\Windows\syswow64\NSI.dll
0x6c8d0000 - 0x6c902000 	C:\Windows\system32\WINMM.dll
0x751b0000 - 0x751b5000 	C:\Windows\syswow64\PSAPI.DLL
0x69bf0000 - 0x69bfc000 	C:\Program Files (x86)\Java\jdk1.7.0_25\jre\bin\verify.dll
0x69bd0000 - 0x69bf0000 	C:\Program Files (x86)\Java\jdk1.7.0_25\jre\bin\java.dll
0x69bb0000 - 0x69bc3000 	C:\Program Files (x86)\Java\jdk1.7.0_25\jre\bin\zip.dll
0x5d9e0000 - 0x5da9e000 	C:\Users\Dell\AppData\Local\Temp\javacpp6013825964281\msvcr100.dll
0x5d970000 - 0x5d9d9000 	C:\Users\Dell\AppData\Local\Temp\javacpp6013825964281\msvcp100.dll
0x04d30000 - 0x05ac9000 	C:\Users\Dell\AppData\Local\Temp\javacpp6013825964281\opencv_ffmpeg246.dll
0x5d760000 - 0x5d964000 	C:\Users\Dell\AppData\Local\Temp\javacpp6013825964281\opencv_core246.dll
0x5d4f0000 - 0x5d75a000 	C:\Users\Dell\AppData\Local\Temp\javacpp6013825964281\opencv_imgproc246.dll
0x5d2e0000 - 0x5d4ea000 	C:\Users\Dell\AppData\Local\Temp\javacpp6013825964281\opencv_highgui246.dll
0x74e50000 - 0x74fac000 	C:\Windows\syswow64\ole32.dll
0x76720000 - 0x767af000 	C:\Windows\syswow64\OLEAUT32.dll
0x74b20000 - 0x74b39000 	C:\Windows\system32\AVIFIL32.dll
0x69d00000 - 0x69d14000 	C:\Windows\system32\MSACM32.dll
0x74af0000 - 0x74b11000 	C:\Windows\system32\MSVFW32.dll
0x75970000 - 0x765ba000 	C:\Windows\syswow64\SHELL32.dll
0x684d0000 - 0x684e3000 	C:\Windows\system32\AVICAP32.dll
0x73250000 - 0x73259000 	C:\Windows\system32\VERSION.dll
0x649f0000 - 0x649ff000 	C:\Users\Dell\AppData\Local\Temp\javacpp6013825964281\jniopencv_highgui.dll
0x6a520000 - 0x6a5a0000 	C:\Windows\system32\uxtheme.dll
0x74fb0000 - 0x75033000 	C:\Windows\syswow64\CLBCatQ.DLL
0x687a0000 - 0x687b4000 	C:\Windows\SysWOW64\devenum.dll
0x755a0000 - 0x7573d000 	C:\Windows\syswow64\setupapi.dll
0x76d60000 - 0x76d87000 	C:\Windows\syswow64\CFGMGR32.dll
0x765c0000 - 0x765d2000 	C:\Windows\syswow64\DEVOBJ.dll
0x728f0000 - 0x72911000 	C:\Windows\system32\ntmarta.dll
0x74e00000 - 0x74e45000 	C:\Windows\syswow64\WLDAP32.dll
0x757f0000 - 0x7581d000 	C:\Windows\syswow64\WINTRUST.dll
0x76bc0000 - 0x76cdd000 	C:\Windows\syswow64\CRYPT32.dll
0x77210000 - 0x7721c000 	C:\Windows\syswow64\MSASN1.dll
0x68520000 - 0x6852b000 	C:\Windows\system32\msdmo.dll
0x68490000 - 0x684c2000 	C:\Windows\SysWOW64\qcap.dll
0x651f0000 - 0x65367000 	C:\Windows\SysWOW64\quartz.dll
0x6a360000 - 0x6a373000 	C:\Windows\system32\dwmapi.dll
0x67e40000 - 0x67e73000 	C:\Windows\SysWOW64\ksproxy.ax
0x68770000 - 0x68774000 	C:\Windows\SysWOW64\ksuser.dll
0x65370000 - 0x65533000 	C:\Windows\SysWOW64\d3d9.dll
0x683f0000 - 0x683f6000 	C:\Windows\SysWOW64\d3d8thk.dll
0x680e0000 - 0x680e9000 	C:\Windows\SysWOW64\vidcap.ax
0x67e00000 - 0x67e1d000 	C:\Windows\SysWOW64\kswdmcap.ax
0x66b20000 - 0x66c3c000 	C:\Windows\SysWOW64\MFC42.dll
0x72af0000 - 0x72b7c000 	C:\Windows\SysWOW64\ODBC32.dll
0x729b0000 - 0x729e8000 	C:\Windows\SysWOW64\odbcint.dll
0x68410000 - 0x68490000 	C:\Windows\SysWOW64\qedit.dll
0x76ce0000 - 0x76d5b000 	C:\Windows\syswow64\COMDLG32.dll
0x67f10000 - 0x680a0000 	C:\Windows\WinSxS\x86_microsoft.windows.gdiplus_6595b64144ccf1df_1.1.7601.17514_none_72d18a4386696c80\gdiplus.dll
0x67910000 - 0x679f7000 	C:\Windows\system32\DDRAW.dll
0x74b40000 - 0x74b46000 	C:\Windows\system32\DCIMAN32.dll
0x65120000 - 0x651ec000 	C:\Windows\system32\D3DIM700.DLL
0x74ae0000 - 0x74ae9000 	C:\Windows\system32\msyuv.dll
0x5d260000 - 0x5d2d5000 	C:\Users\Dell\AppData\Local\Temp\javacpp6013825964281\jniopencv_core.dll
0x69970000 - 0x69ab4000 	C:\Program Files (x86)\Java\jdk1.7.0_25\jre\bin\awt.dll
0x68710000 - 0x68741000 	C:\Program Files (x86)\Java\jdk1.7.0_25\jre\bin\fontmanager.dll
0x747d0000 - 0x74806000 	C:\Program Files\WIDCOMM\Bluetooth Software\SysWOW64\BtMmHook.dll
0x5d220000 - 0x5d259000 	C:\Users\Dell\AppData\Local\Temp\javacpp6013825964281\jniopencv_imgproc.dll
0x5d170000 - 0x5d216000 	C:\Users\Dell\AppData\Local\Temp\javacpp6013825964281\opencv_objdetect246.dll
0x5d130000 - 0x5d16b000 	C:\Users\Dell\AppData\Local\Temp\javacpp6013825964281\jniopencv_objdetect.dll
0x6b990000 - 0x6ba7b000 	C:\Windows\system32\dbghelp.dll

VM Arguments:
jvm_args: -Dfile.encoding=UTF-8 
java_command: webcam.newdetect
Launcher Type: SUN_STANDARD

Environment Variables:
CLASSPATH=.;.;C:\PROGRA~2\JMF21~1.1E\lib\sound.jar;C:\PROGRA~2\JMF21~1.1E\lib\jmf.jar;C:\PROGRA~2\JMF21~1.1E\lib;
PATH=C:\Perl\site\bin;C:\Perl\bin;F:\oracle\product\10.2.0\db_1\bin;F:\OraHome_1\bin;F:\app\Dell\product\11.2.0\dbhome_2\bin;C:\Ruby200-x64\bin;F:\app\Dell\product\11.2.0\dbhome_1\bin;E:\app\Dell\product\11.2.0\dbhome_1\bin;C:\Program Files\Dell\DW WLAN Card;;C:\Program Files (x86)\Intel\iCLS Client\;C:\Program Files\Intel\iCLS Client\;C:\Windows\system32;C:\Windows;C:\Windows\System32\Wbem;C:\Windows\System32\WindowsPowerShell\v1.0\;C:\Program Files (x86)\Intel\OpenCL SDK\2.0\bin\x86;C:\Program Files (x86)\Intel\OpenCL SDK\2.0\bin\x64;C:\Program Files\Intel\Intel(R) Management Engine Components\DAL;C:\Program Files\Intel\Intel(R) Management Engine Components\IPT;C:\Program Files (x86)\Intel\Intel(R) Management Engine Components\DAL;C:\Program Files (x86)\Intel\Intel(R) Management Engine Components\IPT;C:\Program Files\WIDCOMM\Bluetooth Software\;C:\Program Files\WIDCOMM\Bluetooth Software\syswow64;C:\Program Files\Common Files\Autodesk Shared\;C:\Program Files (x86)\Microsoft SQL Server\100\Tools\Binn\;C:\Program Files\Microsoft SQL Server\100\Tools\Binn\;C:\Program Files\Microsoft SQL Server\100\DTS\Binn\;C:\FPC\2.6.2\bin\i386-Win32;C:\Program Files (x86)\Microsoft SQL Server\100\Tools\Binn\VSShell\Common7\IDE\;C:\Program Files (x86)\Microsoft SQL Server\100\DTS\Binn\;C:\Program Files (x86)\Microsoft Visual Studio 9.0\Common7\IDE\PrivateAssemblies\;C:\Program Files (x86)\GtkSharp\2.12\bin;C:\strawberry\c\bin;C:\strawberry\perl\site\bin;C:\strawberry\perl\bin;E:\Program files\Universal Extractor;E:\Program files\Universal Extractor\bin;E:\Program files\TASM GUI editor\BIN;C:\Program Files (x86)\QuickTime\QTSystem\;C:\Program Files\Java\jdk1.7.0_17\bin
USERNAME=Dell
OS=Windows_NT
PROCESSOR_IDENTIFIER=Intel64 Family 6 Model 58 Stepping 9, GenuineIntel



---------------  S Y S T E M  ---------------

OS: Windows 7 , 64 bit Build 7601 Service Pack 1

CPU:total 4 (2 cores per cpu, 2 threads per core) family 6 model 58 stepping 9, cmov, cx8, fxsr, mmx, sse, sse2, sse3, ssse3, sse4.1, sse4.2, popcnt, avx, ht, tsc, tscinvbit, tscinv

Memory: 4k page, physical 4066668k(1066184k free), swap 8131492k(4525036k free)

vm_info: Java HotSpot(TM) Client VM (23.25-b01) for windows-x86 JRE (1.7.0_25-b16), built on Jun 12 2013 20:29:09 by "java_re" with unknown MS VC++:1600

time: Tue Oct 08 08:36:23 2013
elapsed time: 2 seconds

