#
# A fatal error has been detected by the Java Runtime Environment:
#
#  EXCEPTION_ACCESS_VIOLATION (0xc0000005) at pc=0x1000297c, pid=12644, tid=10644
#
# JRE version: 7.0_25-b16
# Java VM: Java HotSpot(TM) Client VM (23.25-b01 mixed mode, sharing windows-x86 )
# Problematic frame:
# C  [JMyron.dll+0x297c]  Java_JMyron_JMyron_native_1stop+0x111c
#
# Failed to write core dump. Minidumps are not enabled by default on client versions of Windows
#
# If you would like to submit a bug report, please visit:
#   http://bugreport.sun.com/bugreport/crash.jsp
# The crash happened outside the Java Virtual Machine in native code.
# See problematic frame for where to report the bug.
#

---------------  T H R E A D  ---------------

Current thread (0x04ca3800):  JavaThread "Thread-2" [_thread_in_native, id=10644, stack(0x05130000,0x05180000)]

siginfo: ExceptionCode=0xc0000005, reading address 0x05e0c000

Registers:
EAX=0x000e1096, EBX=0x0000009b, ECX=0x0004bfe0, EDX=0x05dc0020
ESP=0x0517f964, EBP=0x0517f9c0, ESI=0x05bf28e0, EDI=0x060bc000
EIP=0x1000297c, EFLAGS=0x00010283

Top of Stack: (sp=0x0517f964)
0x0517f964:   04ca3800 34518510 0517f9c0 34518510
0x0517f974:   c32f027f 04cb38e0 04ca3800 fffffffd
0x0517f984:   00000000 1000121b 0247a717 04ca3928
0x0517f994:   0517f9d0 fffffffe 0517f9d0 0517f9a0
0x0517f9a4:   00000000 0517f9d0 3451b028 00000000
0x0517f9b4:   34518510 00000000 0517f9d0 0517f9f4
0x0517f9c4:   024732c7 00000000 02478989 2a1109c8
0x0517f9d4:   0517f9d4 34519d59 0517f9fc 3451b028 

Instructions: (pc=0x1000297c)
0x1000295c:   8d 04 40 33 c9 85 c0 0f 8e b8 00 00 00 8d a4 24
0x1000296c:   00 00 00 00 8b 56 14 8a 04 0a 8d 3c 0a 8b 56 10
0x1000297c:   8a 1c 11 0f b6 c0 0f b6 d3 2b c2 99 33 c2 2b c2
0x1000298c:   89 44 24 20 db 44 24 20 d9 46 74 de d9 df e0 f6 


Register to memory mapping:

EAX=0x000e1096 is an unknown value
EBX=0x0000009b is an unknown value
ECX=0x0004bfe0 is an unknown value
EDX=0x05dc0020 is an unknown value
ESP=0x0517f964 is pointing into the stack for thread: 0x04ca3800
EBP=0x0517f9c0 is pointing into the stack for thread: 0x04ca3800
ESI=0x05bf28e0 is an unknown value
EDI=0x060bc000 is an unknown value


Stack: [0x05130000,0x05180000],  sp=0x0517f964,  free space=318k
Native frames: (J=compiled Java code, j=interpreted, Vv=VM code, C=native code)
C  [JMyron.dll+0x297c]  Java_JMyron_JMyron_native_1stop+0x111c
j  JMyron.JMyron.update()V+1
j  webcam.Cam2.getCameraImage()V+4
j  webcam.Cam2.access$000(Lwebcam/Cam2;)V+1
j  webcam.Cam2$1.run()V+14
j  java.lang.Thread.run()V+11
v  ~StubRoutines::call_stub
V  [jvm.dll+0x124afa]
V  [jvm.dll+0x1d224e]
V  [jvm.dll+0x124caf]
V  [jvm.dll+0x124d17]
V  [jvm.dll+0xcf06f]
V  [jvm.dll+0x144447]
V  [jvm.dll+0x1445b0]
V  [jvm.dll+0x177bb9]
C  [msvcr100.dll+0x5c6de]  endthreadex+0x3a
C  [msvcr100.dll+0x5c788]  endthreadex+0xe4
C  [kernel32.dll+0x133ca]  BaseThreadInitThunk+0x12
C  [ntdll.dll+0x39ed2]  RtlInitializeExceptionChain+0x63
C  [ntdll.dll+0x39ea5]  RtlInitializeExceptionChain+0x36

Java frames: (J=compiled Java code, j=interpreted, Vv=VM code)
j  JMyron.JMyron.native_update()V+0
j  JMyron.JMyron.update()V+1
j  webcam.Cam2.getCameraImage()V+4
j  webcam.Cam2.access$000(Lwebcam/Cam2;)V+1
j  webcam.Cam2$1.run()V+14
j  java.lang.Thread.run()V+11
v  ~StubRoutines::call_stub

---------------  P R O C E S S  ---------------

Java Threads: ( => current thread )
=>0x04ca3800 JavaThread "Thread-2" [_thread_in_native, id=10644, stack(0x05130000,0x05180000)]
  0x001eb000 JavaThread "DestroyJavaVM" [_thread_blocked, id=15252, stack(0x02320000,0x02370000)]
  0x04c10000 JavaThread "AWT-EventQueue-0" [_thread_blocked, id=3240, stack(0x049f0000,0x04a40000)]
  0x04bd4c00 JavaThread "AWT-Windows" daemon [_thread_in_native, id=7632, stack(0x04ff0000,0x05040000)]
  0x04bd4400 JavaThread "AWT-Shutdown" [_thread_blocked, id=6924, stack(0x04ef0000,0x04f40000)]
  0x04bd1c00 JavaThread "Java2D Disposer" daemon [_thread_blocked, id=14528, stack(0x04d90000,0x04de0000)]
  0x02450800 JavaThread "Service Thread" daemon [_thread_blocked, id=9652, stack(0x044e0000,0x04530000)]
  0x0243dc00 JavaThread "C1 CompilerThread0" daemon [_thread_blocked, id=6552, stack(0x049a0000,0x049f0000)]
  0x0243c800 JavaThread "Attach Listener" daemon [_thread_blocked, id=13280, stack(0x02290000,0x022e0000)]
  0x0243b400 JavaThread "Signal Dispatcher" daemon [_thread_blocked, id=8964, stack(0x046c0000,0x04710000)]
  0x02425800 JavaThread "Finalizer" daemon [_thread_blocked, id=9416, stack(0x04740000,0x04790000)]
  0x02423c00 JavaThread "Reference Handler" daemon [_thread_blocked, id=13948, stack(0x045e0000,0x04630000)]

Other Threads:
  0x02421000 VMThread [stack: 0x04530000,0x04580000] [id=1540]
  0x0246c800 WatcherThread [stack: 0x04ad0000,0x04b20000] [id=7316]

VM state:not at safepoint (normal execution)

VM Mutex/Monitor currently owned by a thread: None

Heap
 def new generation   total 27008K, used 21756K [0x243c0000, 0x26100000, 0x29910000)
  eden space 24064K,  90% used [0x243c0000, 0x258fee98, 0x25b40000)
  from space 2944K,   0% used [0x25b40000, 0x25b402b0, 0x25e20000)
  to   space 2944K,   0% used [0x25e20000, 0x25e20000, 0x26100000)
 tenured generation   total 59852K, used 40804K [0x29910000, 0x2d383000, 0x343c0000)
   the space 59852K,  68% used [0x29910000, 0x2c0e9220, 0x2c0e9400, 0x2d383000)
 compacting perm gen  total 12288K, used 1402K [0x343c0000, 0x34fc0000, 0x383c0000)
   the space 12288K,  11% used [0x343c0000, 0x3451eab8, 0x3451ec00, 0x34fc0000)
    ro space 10240K,  45% used [0x383c0000, 0x38849b28, 0x38849c00, 0x38dc0000)
    rw space 12288K,  54% used [0x38dc0000, 0x3944d0e8, 0x3944d200, 0x399c0000)

Card table byte_map: [0x003c0000,0x00470000] byte_map_base: 0x0029e200

Polling page: 0x00190000

Code Cache  [0x02470000, 0x02540000, 0x04470000)
 total_blobs=385 nmethods=165 adapters=155 free_code_cache=31953Kb largest_free_block=32710592

Compilation events (10 events):
Event: 20.398 Thread 0x0243dc00  160             java.util.concurrent.locks.ReentrantLock$NonfairSync::lock (25 bytes)
Event: 20.399 Thread 0x0243dc00 nmethod 160 0x0253ccc8 code [0x0253cdf0, 0x0253cf60]
Event: 20.460 Thread 0x0243dc00  161             java.awt.Component::inside (30 bytes)
Event: 20.460 Thread 0x0243dc00 nmethod 161 0x0253d088 code [0x0253d180, 0x0253d240]
Event: 20.473 Thread 0x0243dc00  162             java.util.IdentityHashMap::isEmpty (13 bytes)
Event: 20.473 Thread 0x0243dc00 nmethod 162 0x0253d288 code [0x0253d380, 0x0253d410]
Event: 20.498 Thread 0x0243dc00  163             javax.swing.JComponent::contains (27 bytes)
Event: 20.498 Thread 0x0243dc00 nmethod 163 0x0253d448 code [0x0253d540, 0x0253d670]
Event: 21.042 Thread 0x0243dc00  164             sun.awt.AWTAutoShutdown::isReadyToShutdown (35 bytes)
Event: 21.042 Thread 0x0243dc00 nmethod 164 0x0253d708 code [0x0253d810, 0x0253d8fc]

GC Heap History (10 events):
Event: 20.640 GC heap before
{Heap before GC invocations=95 (full 24):
 def new generation   total 27008K, used 21782K [0x243c0000, 0x26100000, 0x29910000)
  eden space 24064K,  90% used [0x243c0000, 0x25905a08, 0x25b40000)
  from space 2944K,   0% used [0x25e20000, 0x25e201b0, 0x26100000)
  to   space 2944K,   0% used [0x25b40000, 0x25b40000, 0x25e20000)
 tenured generation   total 59852K, used 30004K [0x29910000, 0x2d383000, 0x343c0000)
   the space 59852K,  50% used [0x29910000, 0x2b65d1f0, 0x2b65d200, 0x2d383000)
 compacting perm gen  total 12288K, used 1402K [0x343c0000, 0x34fc0000, 0x383c0000)
   the space 12288K,  11% used [0x343c0000, 0x3451eab8, 0x3451ec00, 0x34fc0000)
    ro space 10240K,  45% used [0x383c0000, 0x38849b28, 0x38849c00, 0x38dc0000)
    rw space 12288K,  54% used [0x38dc0000, 0x3944d0e8, 0x3944d200, 0x399c0000)
Event: 20.643 GC heap after
Heap after GC invocations=96 (full 24):
 def new generation   total 27008K, used 0K [0x243c0000, 0x26100000, 0x29910000)
  eden space 24064K,   0% used [0x243c0000, 0x243c0000, 0x25b40000)
  from space 2944K,   0% used [0x25b40000, 0x25b401b0, 0x25e20000)
  to   space 2944K,   0% used [0x25e20000, 0x25e20000, 0x26100000)
 tenured generation   total 59852K, used 40804K [0x29910000, 0x2d383000, 0x343c0000)
   the space 59852K,  68% used [0x29910000, 0x2c0e9220, 0x2c0e9400, 0x2d383000)
 compacting perm gen  total 12288K, used 1402K [0x343c0000, 0x34fc0000, 0x383c0000)
   the space 12288K,  11% used [0x343c0000, 0x3451eab8, 0x3451ec00, 0x34fc0000)
    ro space 10240K,  45% used [0x383c0000, 0x38849b28, 0x38849c00, 0x38dc0000)
    rw space 12288K,  54% used [0x38dc0000, 0x3944d0e8, 0x3944d200, 0x399c0000)
}
Event: 20.904 GC heap before
{Heap before GC invocations=96 (full 24):
 def new generation   total 27008K, used 21702K [0x243c0000, 0x26100000, 0x29910000)
  eden space 24064K,  90% used [0x243c0000, 0x258f1710, 0x25b40000)
  from space 2944K,   0% used [0x25b40000, 0x25b401b0, 0x25e20000)
  to   space 2944K,   0% used [0x25e20000, 0x25e20000, 0x26100000)
 tenured generation   total 59852K, used 40804K [0x29910000, 0x2d383000, 0x343c0000)
   the space 59852K,  68% used [0x29910000, 0x2c0e9220, 0x2c0e9400, 0x2d383000)
 compacting perm gen  total 12288K, used 1402K [0x343c0000, 0x34fc0000, 0x383c0000)
   the space 12288K,  11% used [0x343c0000, 0x3451eab8, 0x3451ec00, 0x34fc0000)
    ro space 10240K,  45% used [0x383c0000, 0x38849b28, 0x38849c00, 0x38dc0000)
    rw space 12288K,  54% used [0x38dc0000, 0x3944d0e8, 0x3944d200, 0x399c0000)
Event: 20.907 GC heap after
Heap after GC invocations=97 (full 24):
 def new generation   total 27008K, used 0K [0x243c0000, 0x26100000, 0x29910000)
  eden space 24064K,   0% used [0x243c0000, 0x243c0000, 0x25b40000)
  from space 2944K,   0% used [0x25e20000, 0x25e201b0, 0x26100000)
  to   space 2944K,   0% used [0x25b40000, 0x25b40000, 0x25e20000)
 tenured generation   total 59852K, used 51604K [0x29910000, 0x2d383000, 0x343c0000)
   the space 59852K,  86% used [0x29910000, 0x2cb75250, 0x2cb75400, 0x2d383000)
 compacting perm gen  total 12288K, used 1402K [0x343c0000, 0x34fc0000, 0x383c0000)
   the space 12288K,  11% used [0x343c0000, 0x3451eab8, 0x3451ec00, 0x34fc0000)
    ro space 10240K,  45% used [0x383c0000, 0x38849b28, 0x38849c00, 0x38dc0000)
    rw space 12288K,  54% used [0x38dc0000, 0x3944d0e8, 0x3944d200, 0x399c0000)
}
Event: 21.173 GC heap before
{Heap before GC invocations=97 (full 24):
 def new generation   total 27008K, used 21705K [0x243c0000, 0x26100000, 0x29910000)
  eden space 24064K,  90% used [0x243c0000, 0x258f2470, 0x25b40000)
  from space 2944K,   0% used [0x25e20000, 0x25e201b0, 0x26100000)
  to   space 2944K,   0% used [0x25b40000, 0x25b40000, 0x25e20000)
 tenured generation   total 59852K, used 51604K [0x29910000, 0x2d383000, 0x343c0000)
   the space 59852K,  86% used [0x29910000, 0x2cb75250, 0x2cb75400, 0x2d383000)
 compacting perm gen  total 12288K, used 1402K [0x343c0000, 0x34fc0000, 0x383c0000)
   the space 12288K,  11% used [0x343c0000, 0x3451eab8, 0x3451ec00, 0x34fc0000)
    ro space 10240K,  45% used [0x383c0000, 0x38849b28, 0x38849c00, 0x38dc0000)
    rw space 12288K,  54% used [0x38dc0000, 0x3944d0e8, 0x3944d200, 0x399c0000)
Event: 21.192 GC heap after
Heap after GC invocations=98 (full 25):
 def new generation   total 27008K, used 0K [0x243c0000, 0x26100000, 0x29910000)
  eden space 24064K,   0% used [0x243c0000, 0x243c0000, 0x25b40000)
  from space 2944K,   0% used [0x25b40000, 0x25b40000, 0x25e20000)
  to   space 2944K,   0% used [0x25e20000, 0x25e20000, 0x26100000)
 tenured generation   total 59852K, used 19204K [0x29910000, 0x2d383000, 0x343c0000)
   the space 59852K,  32% used [0x29910000, 0x2abd11c0, 0x2abd1200, 0x2d383000)
 compacting perm gen  total 12288K, used 1402K [0x343c0000, 0x34fc0000, 0x383c0000)
   the space 12288K,  11% used [0x343c0000, 0x3451eab8, 0x3451ec00, 0x34fc0000)
    ro space 10240K,  45% used [0x383c0000, 0x38849b28, 0x38849c00, 0x38dc0000)
    rw space 12288K,  54% used [0x38dc0000, 0x3944d0e8, 0x3944d200, 0x399c0000)
}
Event: 21.466 GC heap before
{Heap before GC invocations=98 (full 25):
 def new generation   total 27008K, used 21708K [0x243c0000, 0x26100000, 0x29910000)
  eden space 24064K,  90% used [0x243c0000, 0x258f31a8, 0x25b40000)
  from space 2944K,   0% used [0x25b40000, 0x25b40000, 0x25e20000)
  to   space 2944K,   0% used [0x25e20000, 0x25e20000, 0x26100000)
 tenured generation   total 59852K, used 19204K [0x29910000, 0x2d383000, 0x343c0000)
   the space 59852K,  32% used [0x29910000, 0x2abd11c0, 0x2abd1200, 0x2d383000)
 compacting perm gen  total 12288K, used 1402K [0x343c0000, 0x34fc0000, 0x383c0000)
   the space 12288K,  11% used [0x343c0000, 0x3451eab8, 0x3451ec00, 0x34fc0000)
    ro space 10240K,  45% used [0x383c0000, 0x38849b28, 0x38849c00, 0x38dc0000)
    rw space 12288K,  54% used [0x38dc0000, 0x3944d0e8, 0x3944d200, 0x399c0000)
Event: 21.469 GC heap after
Heap after GC invocations=99 (full 25):
 def new generation   total 27008K, used 0K [0x243c0000, 0x26100000, 0x29910000)
  eden space 24064K,   0% used [0x243c0000, 0x243c0000, 0x25b40000)
  from space 2944K,   0% used [0x25e20000, 0x25e201b0, 0x26100000)
  to   space 2944K,   0% used [0x25b40000, 0x25b40000, 0x25e20000)
 tenured generation   total 59852K, used 30004K [0x29910000, 0x2d383000, 0x343c0000)
   the space 59852K,  50% used [0x29910000, 0x2b65d1f0, 0x2b65d200, 0x2d383000)
 compacting perm gen  total 12288K, used 1402K [0x343c0000, 0x34fc0000, 0x383c0000)
   the space 12288K,  11% used [0x343c0000, 0x3451eab8, 0x3451ec00, 0x34fc0000)
    ro space 10240K,  45% used [0x383c0000, 0x38849b28, 0x38849c00, 0x38dc0000)
    rw space 12288K,  54% used [0x38dc0000, 0x3944d0e8, 0x3944d200, 0x399c0000)
}
Event: 21.754 GC heap before
{Heap before GC invocations=99 (full 25):
 def new generation   total 27008K, used 21755K [0x243c0000, 0x26100000, 0x29910000)
  eden space 24064K,  90% used [0x243c0000, 0x258fecd8, 0x25b40000)
  from space 2944K,   0% used [0x25e20000, 0x25e201b0, 0x26100000)
  to   space 2944K,   0% used [0x25b40000, 0x25b40000, 0x25e20000)
 tenured generation   total 59852K, used 30004K [0x29910000, 0x2d383000, 0x343c0000)
   the space 59852K,  50% used [0x29910000, 0x2b65d1f0, 0x2b65d200, 0x2d383000)
 compacting perm gen  total 12288K, used 1402K [0x343c0000, 0x34fc0000, 0x383c0000)
   the space 12288K,  11% used [0x343c0000, 0x3451eab8, 0x3451ec00, 0x34fc0000)
    ro space 10240K,  45% used [0x383c0000, 0x38849b28, 0x38849c00, 0x38dc0000)
    rw space 12288K,  54% used [0x38dc0000, 0x3944d0e8, 0x3944d200, 0x399c0000)
Event: 21.757 GC heap after
Heap after GC invocations=100 (full 25):
 def new generation   total 27008K, used 0K [0x243c0000, 0x26100000, 0x29910000)
  eden space 24064K,   0% used [0x243c0000, 0x243c0000, 0x25b40000)
  from space 2944K,   0% used [0x25b40000, 0x25b402b0, 0x25e20000)
  to   space 2944K,   0% used [0x25e20000, 0x25e20000, 0x26100000)
 tenured generation   total 59852K, used 40804K [0x29910000, 0x2d383000, 0x343c0000)
   the space 59852K,  68% used [0x29910000, 0x2c0e9220, 0x2c0e9400, 0x2d383000)
 compacting perm gen  total 12288K, used 1402K [0x343c0000, 0x34fc0000, 0x383c0000)
   the space 12288K,  11% used [0x343c0000, 0x3451eab8, 0x3451ec00, 0x34fc0000)
    ro space 10240K,  45% used [0x383c0000, 0x38849b28, 0x38849c00, 0x38dc0000)
    rw space 12288K,  54% used [0x38dc0000, 0x3944d0e8, 0x3944d200, 0x399c0000)
}

Deoptimization events (0 events):
No events

Internal exceptions (10 events):
Event: 0.179 Thread 0x001eb000 Threw 0x2452d600 at C:\jdk7u2_32P\jdk7u25\hotspot\src\share\vm\classfile\systemDictionary.cpp:179
Event: 0.189 Thread 0x001eb000 Threw 0x2458ba18 at C:\jdk7u2_32P\jdk7u25\hotspot\src\share\vm\prims\jvm.cpp:1235
Event: 0.216 Thread 0x04c10000 Threw 0x2476e768 at C:\jdk7u2_32P\jdk7u25\hotspot\src\share\vm\prims\jvm.cpp:1235
Event: 0.217 Thread 0x04c10000 Threw 0x24771130 at C:\jdk7u2_32P\jdk7u25\hotspot\src\share\vm\prims\jvm.cpp:1235
Event: 0.267 Thread 0x04c10000 Threw 0x2479a138 at C:\jdk7u2_32P\jdk7u25\hotspot\src\share\vm\prims\jvm.cpp:1235
Event: 0.267 Thread 0x04c10000 Threw 0x2479a348 at C:\jdk7u2_32P\jdk7u25\hotspot\src\share\vm\prims\jvm.cpp:1235
Event: 0.268 Thread 0x04c10000 Threw 0x2479e538 at C:\jdk7u2_32P\jdk7u25\hotspot\src\share\vm\prims\jvm.cpp:1235
Event: 0.268 Thread 0x04c10000 Threw 0x2479e748 at C:\jdk7u2_32P\jdk7u25\hotspot\src\share\vm\prims\jvm.cpp:1235
Event: 0.377 Thread 0x04c10000 Threw 0x247c7848 at C:\jdk7u2_32P\jdk7u25\hotspot\src\share\vm\prims\jvm.cpp:1235
Event: 0.666 Thread 0x04c10000 Threw 0x247d17d8 at C:\jdk7u2_32P\jdk7u25\hotspot\src\share\vm\prims\jvm.cpp:1235

Events (10 events):
Event: 20.640 Executing VM operation: GenCollectForAllocation
Event: 20.643 Executing VM operation: GenCollectForAllocation done
Event: 20.904 Executing VM operation: GenCollectForAllocation
Event: 20.907 Executing VM operation: GenCollectForAllocation done
Event: 21.173 Executing VM operation: GenCollectForAllocation
Event: 21.192 Executing VM operation: GenCollectForAllocation done
Event: 21.466 Executing VM operation: GenCollectForAllocation
Event: 21.469 Executing VM operation: GenCollectForAllocation done
Event: 21.754 Executing VM operation: GenCollectForAllocation
Event: 21.757 Executing VM operation: GenCollectForAllocation done


Dynamic libraries:
0x00850000 - 0x0087f000 	C:\Program Files (x86)\Java\jdk1.7.0_25\bin\java.exe
0x772a0000 - 0x77420000 	C:\Windows\SysWOW64\ntdll.dll
0x75fa0000 - 0x760b0000 	C:\Windows\syswow64\kernel32.dll
0x762b0000 - 0x762f6000 	C:\Windows\syswow64\KERNELBASE.dll
0x76b90000 - 0x76c30000 	C:\Windows\syswow64\ADVAPI32.dll
0x76a90000 - 0x76b3c000 	C:\Windows\syswow64\msvcrt.dll
0x76b70000 - 0x76b89000 	C:\Windows\SysWOW64\sechost.dll
0x75130000 - 0x75220000 	C:\Windows\syswow64\RPCRT4.dll
0x74e00000 - 0x74e60000 	C:\Windows\syswow64\SspiCli.dll
0x74df0000 - 0x74dfc000 	C:\Windows\syswow64\CRYPTBASE.dll
0x76990000 - 0x76a90000 	C:\Windows\syswow64\USER32.dll
0x76520000 - 0x765b0000 	C:\Windows\syswow64\GDI32.dll
0x75120000 - 0x7512a000 	C:\Windows\syswow64\LPK.dll
0x765b0000 - 0x7664d000 	C:\Windows\syswow64\USP10.dll
0x701c0000 - 0x7035e000 	C:\Windows\WinSxS\x86_microsoft.windows.common-controls_6595b64144ccf1df_6.0.7601.17514_none_41e6975e2bd6f2b2\COMCTL32.dll
0x76250000 - 0x762a7000 	C:\Windows\syswow64\SHLWAPI.dll
0x74ec0000 - 0x74f20000 	C:\Windows\system32\IMM32.DLL
0x76c30000 - 0x76cfc000 	C:\Windows\syswow64\MSCTF.dll
0x5ffe0000 - 0x6009e000 	C:\Program Files (x86)\Java\jdk1.7.0_25\jre\bin\msvcr100.dll
0x5e010000 - 0x5e352000 	C:\Program Files (x86)\Java\jdk1.7.0_25\jre\bin\client\jvm.dll
0x700a0000 - 0x700a7000 	C:\Windows\system32\WSOCK32.dll
0x76650000 - 0x76685000 	C:\Windows\syswow64\WS2_32.dll
0x74eb0000 - 0x74eb6000 	C:\Windows\syswow64\NSI.dll
0x69430000 - 0x69462000 	C:\Windows\system32\WINMM.dll
0x75220000 - 0x75225000 	C:\Windows\syswow64\PSAPI.DLL
0x6ef10000 - 0x6ef1c000 	C:\Program Files (x86)\Java\jdk1.7.0_25\jre\bin\verify.dll
0x64190000 - 0x641b0000 	C:\Program Files (x86)\Java\jdk1.7.0_25\jre\bin\java.dll
0x636d0000 - 0x636e3000 	C:\Program Files (x86)\Java\jdk1.7.0_25\jre\bin\zip.dll
0x5fcd0000 - 0x5fe14000 	C:\Program Files (x86)\Java\jdk1.7.0_25\jre\bin\awt.dll
0x76130000 - 0x761bf000 	C:\Windows\syswow64\OLEAUT32.dll
0x76300000 - 0x7645c000 	C:\Windows\syswow64\ole32.dll
0x6f020000 - 0x6f0a0000 	C:\Windows\system32\uxtheme.dll
0x692d0000 - 0x692e3000 	C:\Windows\system32\dwmapi.dll
0x75350000 - 0x75f9a000 	C:\Windows\syswow64\SHELL32.dll
0x60af0000 - 0x60b21000 	C:\Program Files (x86)\Java\jdk1.7.0_25\jre\bin\fontmanager.dll
0x6eeb0000 - 0x6eee6000 	C:\Program Files\WIDCOMM\Bluetooth Software\SysWOW64\BtMmHook.dll
0x76690000 - 0x76713000 	C:\Windows\syswow64\CLBCatQ.DLL
0x60580000 - 0x605a4000 	C:\Program Files (x86)\Java\jdk1.7.0_25\jre\bin\dcpr.dll
0x63670000 - 0x63684000 	C:\Program Files (x86)\Java\jdk1.7.0_25\jre\bin\net.dll
0x735f0000 - 0x7362c000 	C:\Windows\system32\mswsock.dll
0x73400000 - 0x73406000 	C:\Windows\System32\wship6.dll
0x658a0000 - 0x658af000 	C:\Program Files (x86)\Java\jdk1.7.0_25\jre\bin\nio.dll
0x60ac0000 - 0x60af0000 	C:\Program Files (x86)\Java\jdk1.7.0_25\jre\bin\t2k.dll
0x10000000 - 0x1001b000 	C:\Windows\System32\JMyron.dll
0x00810000 - 0x00824000 	C:\Windows\system\myron_ezcam.dll
0x00830000 - 0x00843000 	C:\Windows\system\DSVL.dll
0x65ee0000 - 0x66057000 	C:\Windows\system32\QUARTZ.dll
0x7c3c0000 - 0x7c43c000 	C:\Windows\system32\MSVCP71.dll
0x7c360000 - 0x7c3b6000 	C:\Windows\system32\MSVCR71.dll
0x661d0000 - 0x66202000 	C:\Windows\SysWOW64\qcap.dll
0x66ed0000 - 0x66ef1000 	C:\Windows\SysWOW64\MSVFW32.dll
0x715c0000 - 0x715c9000 	C:\Windows\SysWOW64\VERSION.dll
0x65b10000 - 0x65b90000 	C:\Windows\SysWOW64\qedit.dll
0x760b0000 - 0x7612b000 	C:\Windows\syswow64\COMDLG32.dll
0x63be0000 - 0x63d70000 	C:\Windows\WinSxS\x86_microsoft.windows.gdiplus_6595b64144ccf1df_1.1.7601.17514_none_72d18a4386696c80\gdiplus.dll
0x66210000 - 0x66224000 	C:\Windows\SysWOW64\devenum.dll
0x76d00000 - 0x76e9d000 	C:\Windows\syswow64\setupapi.dll
0x76b40000 - 0x76b67000 	C:\Windows\syswow64\CFGMGR32.dll
0x75330000 - 0x75342000 	C:\Windows\syswow64\DEVOBJ.dll
0x6f920000 - 0x6f941000 	C:\Windows\system32\ntmarta.dll
0x74e60000 - 0x74ea5000 	C:\Windows\syswow64\WLDAP32.dll
0x76220000 - 0x7624d000 	C:\Windows\syswow64\WINTRUST.dll
0x76870000 - 0x7698d000 	C:\Windows\syswow64\CRYPT32.dll
0x76720000 - 0x7672c000 	C:\Windows\syswow64\MSASN1.dll
0x673c0000 - 0x673cb000 	C:\Windows\system32\msdmo.dll
0x65ea0000 - 0x65ed3000 	C:\Windows\SysWOW64\ksproxy.ax
0x69d30000 - 0x69d34000 	C:\Windows\SysWOW64\ksuser.dll
0x65cd0000 - 0x65e93000 	C:\Windows\SysWOW64\d3d9.dll
0x692c0000 - 0x692c6000 	C:\Windows\SysWOW64\d3d8thk.dll
0x66ec0000 - 0x66ec9000 	C:\Windows\SysWOW64\vidcap.ax
0x65cb0000 - 0x65ccd000 	C:\Windows\SysWOW64\kswdmcap.ax
0x65b90000 - 0x65cac000 	C:\Windows\SysWOW64\MFC42.dll
0x71350000 - 0x713dc000 	C:\Windows\SysWOW64\ODBC32.dll
0x71210000 - 0x71248000 	C:\Windows\SysWOW64\odbcint.dll
0x6a4a0000 - 0x6a58b000 	C:\Windows\system32\dbghelp.dll

VM Arguments:
jvm_args: -Dfile.encoding=UTF-8 
java_command: webcam.Cam2
Launcher Type: SUN_STANDARD

Environment Variables:
CLASSPATH=.;C:\Program Files (x86)\QuickTime\QTSystem\QTJava.zip
PATH=C:\Windows\System32\Wbem;C:\Program Files (x86)\Java\jdk1.7.0_25\bin
USERNAME=Dell
OS=Windows_NT
PROCESSOR_IDENTIFIER=Intel64 Family 6 Model 58 Stepping 9, GenuineIntel



---------------  S Y S T E M  ---------------

OS: Windows 7 , 64 bit Build 7601 Service Pack 1

CPU:total 4 (2 cores per cpu, 2 threads per core) family 6 model 58 stepping 9, cmov, cx8, fxsr, mmx, sse, sse2, sse3, ssse3, sse4.1, sse4.2, popcnt, avx, ht, tsc, tscinvbit, tscinv

Memory: 4k page, physical 4066668k(1052968k free), swap 8131492k(4062960k free)

vm_info: Java HotSpot(TM) Client VM (23.25-b01) for windows-x86 JRE (1.7.0_25-b16), built on Jun 12 2013 20:29:09 by "java_re" with unknown MS VC++:1600

time: Wed Jan 08 22:27:51 2014
elapsed time: 22 seconds

