#
# A fatal error has been detected by the Java Runtime Environment:
#
#  EXCEPTION_ACCESS_VIOLATION (0xc0000005) at pc=0x10002973, pid=6180, tid=7504
#
# JRE version: 7.0_25-b16
# Java VM: Java HotSpot(TM) Client VM (23.25-b01 mixed mode, sharing windows-x86 )
# Problematic frame:
# C  [JMyron.dll+0x2973]  Java_JMyron_JMyron_native_1stop+0x1113
#
# Failed to write core dump. Minidumps are not enabled by default on client versions of Windows
#
# If you would like to submit a bug report, please visit:
#   http://bugreport.sun.com/bugreport/crash.jsp
# The crash happened outside the Java Virtual Machine in native code.
# See problematic frame for where to report the bug.
#

---------------  T H R E A D  ---------------

Current thread (0x04ce4000):  JavaThread "Thread-2" [_thread_in_native, id=7504, stack(0x0f8f0000,0x0f940000)]

siginfo: ExceptionCode=0xc0000005, reading address 0x06590020

Registers:
EAX=0x277b3ac0, EBX=0x00000000, ECX=0x00000000, EDX=0x06590020
ESP=0x0f93f7c4, EBP=0x0f93f820, ESI=0x062d3eb0, EDI=0x00000000
EIP=0x10002973, EFLAGS=0x00010206

Top of Stack: (sp=0x0f93f7c4)
0x0f93f7c4:   04ce4000 345185f8 0f93f820 345185f8
0x0f93f7d4:   8ffb0ab4 04cd56b8 04ce4000 fffffffd
0x0f93f7e4:   0f93f7d4 1000121b 0245a717 04ce4128
0x0f93f7f4:   0f93f830 fffffffe 0f93f830 0f93f800
0x0f93f804:   00000000 0f93f830 3451b110 00000000
0x0f93f814:   345185f8 00000000 0f93f830 0f93f854
0x0f93f824:   024532c7 00000000 02458989 2a1137e0
0x0f93f834:   0f93f834 34519e41 0f93f85c 3451b110 

Instructions: (pc=0x10002973)
0x10002953:   00 00 00 8b 46 04 0f af 06 8d 04 40 33 c9 85 c0
0x10002963:   0f 8e b8 00 00 00 8d a4 24 00 00 00 00 8b 56 14
0x10002973:   8a 04 0a 8d 3c 0a 8b 56 10 8a 1c 11 0f b6 c0 0f
0x10002983:   b6 d3 2b c2 99 33 c2 2b c2 89 44 24 20 db 44 24 


Register to memory mapping:

EAX=0x277b3ac0 is an unallocated location in the heap
EBX=0x00000000 is an unknown value
ECX=0x00000000 is an unknown value
EDX=0x06590020 is an unknown value
ESP=0x0f93f7c4 is pointing into the stack for thread: 0x04ce4000
EBP=0x0f93f820 is pointing into the stack for thread: 0x04ce4000
ESI=0x062d3eb0 is an unknown value
EDI=0x00000000 is an unknown value


Stack: [0x0f8f0000,0x0f940000],  sp=0x0f93f7c4,  free space=317k
Native frames: (J=compiled Java code, j=interpreted, Vv=VM code, C=native code)
C  [JMyron.dll+0x2973]  Java_JMyron_JMyron_native_1stop+0x1113
j  JMyron.JMyron.update()V+1
j  webcam.Cam2.getCameraImage()V+4
j  webcam.Cam2.access$000(Lwebcam/Cam2;)V+1
j  webcam.Cam2$1.run()V+14
j  java.lang.Thread.run()V+11
v  ~StubRoutines::call_stub
V  [jvm.dll+0x124afa]
V  [jvm.dll+0x1d224e]
V  [jvm.dll+0x124caf]
V  [jvm.dll+0x124d17]
V  [jvm.dll+0xcf06f]
V  [jvm.dll+0x144447]
V  [jvm.dll+0x1445b0]
V  [jvm.dll+0x177bb9]
C  [msvcr100.dll+0x5c6de]  endthreadex+0x3a
C  [msvcr100.dll+0x5c788]  endthreadex+0xe4
C  [kernel32.dll+0x133ca]  BaseThreadInitThunk+0x12
C  [ntdll.dll+0x39ed2]  RtlInitializeExceptionChain+0x63
C  [ntdll.dll+0x39ea5]  RtlInitializeExceptionChain+0x36

Java frames: (J=compiled Java code, j=interpreted, Vv=VM code)
j  JMyron.JMyron.native_update()V+0
j  JMyron.JMyron.update()V+1
j  webcam.Cam2.getCameraImage()V+4
j  webcam.Cam2.access$000(Lwebcam/Cam2;)V+1
j  webcam.Cam2$1.run()V+14
j  java.lang.Thread.run()V+11
v  ~StubRoutines::call_stub

---------------  P R O C E S S  ---------------

Java Threads: ( => current thread )
=>0x04ce4000 JavaThread "Thread-2" [_thread_in_native, id=7504, stack(0x0f8f0000,0x0f940000)]
  0x01d1bc00 JavaThread "DestroyJavaVM" [_thread_blocked, id=7076, stack(0x02300000,0x02350000)]
  0x04c42c00 JavaThread "AWT-EventQueue-0" [_thread_blocked, id=6576, stack(0x04e20000,0x04e70000)]
  0x04c07c00 JavaThread "AWT-Windows" daemon [_thread_in_native, id=5656, stack(0x04d60000,0x04db0000)]
  0x04c07000 JavaThread "AWT-Shutdown" [_thread_blocked, id=7920, stack(0x047d0000,0x04820000)]
  0x04c04400 JavaThread "Java2D Disposer" daemon [_thread_blocked, id=7388, stack(0x04dc0000,0x04e10000)]
  0x02424c00 JavaThread "Service Thread" daemon [_thread_blocked, id=7300, stack(0x04490000,0x044e0000)]
  0x0241fc00 JavaThread "C1 CompilerThread0" daemon [_thread_blocked, id=6792, stack(0x04730000,0x04780000)]
  0x0241e800 JavaThread "Attach Listener" daemon [_thread_blocked, id=5452, stack(0x048d0000,0x04920000)]
  0x0241b400 JavaThread "Signal Dispatcher" daemon [_thread_blocked, id=4992, stack(0x046d0000,0x04720000)]
  0x02408800 JavaThread "Finalizer" daemon [_thread_blocked, id=7480, stack(0x04780000,0x047d0000)]
  0x02403c00 JavaThread "Reference Handler" daemon [_thread_blocked, id=5932, stack(0x04680000,0x046d0000)]

Other Threads:
  0x02401c00 VMThread [stack: 0x04620000,0x04670000] [id=7612]
  0x02437800 WatcherThread [stack: 0x04b10000,0x04b60000] [id=2688]

VM state:not at safepoint (normal execution)

VM Mutex/Monitor currently owned by a thread: None

Heap
 def new generation   total 19968K, used 11318K [0x243c0000, 0x25960000, 0x29910000)
  eden space 17792K,  63% used [0x243c0000, 0x24ecda58, 0x25520000)
  from space 2176K,   0% used [0x25740000, 0x25740170, 0x25960000)
  to   space 2176K,   0% used [0x25520000, 0x25520000, 0x25740000)
 tenured generation   total 44248K, used 22815K [0x29910000, 0x2c446000, 0x343c0000)
   the space 44248K,  51% used [0x29910000, 0x2af57f60, 0x2af58000, 0x2c446000)
 compacting perm gen  total 12288K, used 1402K [0x343c0000, 0x34fc0000, 0x383c0000)
   the space 12288K,  11% used [0x343c0000, 0x3451eb80, 0x3451ec00, 0x34fc0000)
    ro space 10240K,  45% used [0x383c0000, 0x38849b28, 0x38849c00, 0x38dc0000)
    rw space 12288K,  54% used [0x38dc0000, 0x3944d0e8, 0x3944d200, 0x399c0000)

Card table byte_map: [0x02190000,0x02240000] byte_map_base: 0x0206e200

Polling page: 0x001d0000

Code Cache  [0x02450000, 0x02520000, 0x04450000)
 total_blobs=360 nmethods=140 adapters=155 free_code_cache=31943Kb largest_free_block=32710272

Compilation events (10 events):
Event: 2.319 Thread 0x0241fc00  132             sun.awt.AWTAutoShutdown::getInstance (4 bytes)
Event: 2.319 Thread 0x0241fc00 nmethod 132 0x0251a188 code [0x0251a280, 0x0251a2f0]
Event: 2.944 Thread 0x0241fc00  134             java.awt.image.DirectColorModel::isCompatibleRaster (93 bytes)
Event: 2.944 Thread 0x0241fc00 nmethod 134 0x0251a5c8 code [0x0251a6f0, 0x0251a8dc]
Event: 3.044 Thread 0x0241fc00  135             java.lang.Class::getClassLoader (28 bytes)
Event: 3.045 Thread 0x0241fc00 nmethod 135 0x0251ab88 code [0x0251acd0, 0x0251af00]
Event: 3.267 Thread 0x0241fc00  137             sun.awt.image.IntegerComponentRaster::verify (387 bytes)
Event: 3.268 Thread 0x0241fc00 nmethod 137 0x0251b488 code [0x0251b740, 0x0251c4b0]
Event: 3.268 Thread 0x0241fc00  138             sun.awt.image.IntegerComponentRaster::<init> (271 bytes)
Event: 3.269 Thread 0x0241fc00 nmethod 138 0x0251d248 code [0x0251d3e0, 0x0251d968]

GC Heap History (10 events):
Event: 3.349 GC heap before
{Heap before GC invocations=35 (full 11):
 def new generation   total 19968K, used 15036K [0x243c0000, 0x25960000, 0x29910000)
  eden space 17792K,  84% used [0x243c0000, 0x2526f048, 0x25520000)
  from space 2176K,   0% used [0x25520000, 0x25520000, 0x25740000)
  to   space 2176K,   0% used [0x25740000, 0x25740000, 0x25960000)
 tenured generation   total 44248K, used 15615K [0x29910000, 0x2c446000, 0x343c0000)
   the space 44248K,  35% used [0x29910000, 0x2a84ff98, 0x2a850000, 0x2c446000)
 compacting perm gen  total 12288K, used 1402K [0x343c0000, 0x34fc0000, 0x383c0000)
   the space 12288K,  11% used [0x343c0000, 0x3451eb90, 0x3451ec00, 0x34fc0000)
    ro space 10240K,  45% used [0x383c0000, 0x38849b28, 0x38849c00, 0x38dc0000)
    rw space 12288K,  54% used [0x38dc0000, 0x3944d0e8, 0x3944d200, 0x399c0000)
Event: 3.351 GC heap after
Heap after GC invocations=36 (full 11):
 def new generation   total 19968K, used 0K [0x243c0000, 0x25960000, 0x29910000)
  eden space 17792K,   0% used [0x243c0000, 0x243c0000, 0x25520000)
  from space 2176K,   0% used [0x25740000, 0x25740208, 0x25960000)
  to   space 2176K,   0% used [0x25520000, 0x25520000, 0x25740000)
 tenured generation   total 44248K, used 22815K [0x29910000, 0x2c446000, 0x343c0000)
   the space 44248K,  51% used [0x29910000, 0x2af57fb8, 0x2af58000, 0x2c446000)
 compacting perm gen  total 12288K, used 1402K [0x343c0000, 0x34fc0000, 0x383c0000)
   the space 12288K,  11% used [0x343c0000, 0x3451eb90, 0x3451ec00, 0x34fc0000)
    ro space 10240K,  45% used [0x383c0000, 0x38849b28, 0x38849c00, 0x38dc0000)
    rw space 12288K,  54% used [0x38dc0000, 0x3944d0e8, 0x3944d200, 0x399c0000)
}
Event: 3.446 GC heap before
{Heap before GC invocations=36 (full 11):
 def new generation   total 19968K, used 14924K [0x243c0000, 0x25960000, 0x29910000)
  eden space 17792K,  83% used [0x243c0000, 0x252530d8, 0x25520000)
  from space 2176K,   0% used [0x25740000, 0x25740208, 0x25960000)
  to   space 2176K,   0% used [0x25520000, 0x25520000, 0x25740000)
 tenured generation   total 44248K, used 22815K [0x29910000, 0x2c446000, 0x343c0000)
   the space 44248K,  51% used [0x29910000, 0x2af57fb8, 0x2af58000, 0x2c446000)
 compacting perm gen  total 12288K, used 1402K [0x343c0000, 0x34fc0000, 0x383c0000)
   the space 12288K,  11% used [0x343c0000, 0x3451eba0, 0x3451ec00, 0x34fc0000)
    ro space 10240K,  45% used [0x383c0000, 0x38849b28, 0x38849c00, 0x38dc0000)
    rw space 12288K,  54% used [0x38dc0000, 0x3944d0e8, 0x3944d200, 0x399c0000)
Event: 3.449 GC heap after
Heap after GC invocations=37 (full 11):
 def new generation   total 19968K, used 0K [0x243c0000, 0x25960000, 0x29910000)
  eden space 17792K,   0% used [0x243c0000, 0x243c0000, 0x25520000)
  from space 2176K,   0% used [0x25520000, 0x25520220, 0x25740000)
  to   space 2176K,   0% used [0x25740000, 0x25740000, 0x25960000)
 tenured generation   total 44248K, used 30015K [0x29910000, 0x2c446000, 0x343c0000)
   the space 44248K,  67% used [0x29910000, 0x2b65ffd8, 0x2b660000, 0x2c446000)
 compacting perm gen  total 12288K, used 1402K [0x343c0000, 0x34fc0000, 0x383c0000)
   the space 12288K,  11% used [0x343c0000, 0x3451eba0, 0x3451ec00, 0x34fc0000)
    ro space 10240K,  45% used [0x383c0000, 0x38849b28, 0x38849c00, 0x38dc0000)
    rw space 12288K,  54% used [0x38dc0000, 0x3944d0e8, 0x3944d200, 0x399c0000)
}
Event: 3.546 GC heap before
{Heap before GC invocations=37 (full 11):
 def new generation   total 19968K, used 15044K [0x243c0000, 0x25960000, 0x29910000)
  eden space 17792K,  84% used [0x243c0000, 0x25271140, 0x25520000)
  from space 2176K,   0% used [0x25520000, 0x25520220, 0x25740000)
  to   space 2176K,   0% used [0x25740000, 0x25740000, 0x25960000)
 tenured generation   total 44248K, used 30015K [0x29910000, 0x2c446000, 0x343c0000)
   the space 44248K,  67% used [0x29910000, 0x2b65ffd8, 0x2b660000, 0x2c446000)
 compacting perm gen  total 12288K, used 1402K [0x343c0000, 0x34fc0000, 0x383c0000)
   the space 12288K,  11% used [0x343c0000, 0x3451eba0, 0x3451ec00, 0x34fc0000)
    ro space 10240K,  45% used [0x383c0000, 0x38849b28, 0x38849c00, 0x38dc0000)
    rw space 12288K,  54% used [0x38dc0000, 0x3944d0e8, 0x3944d200, 0x399c0000)
Event: 3.548 GC heap after
Heap after GC invocations=38 (full 11):
 def new generation   total 19968K, used 0K [0x243c0000, 0x25960000, 0x29910000)
  eden space 17792K,   0% used [0x243c0000, 0x243c0000, 0x25520000)
  from space 2176K,   0% used [0x25740000, 0x257402c8, 0x25960000)
  to   space 2176K,   0% used [0x25520000, 0x25520000, 0x25740000)
 tenured generation   total 44248K, used 37215K [0x29910000, 0x2c446000, 0x343c0000)
   the space 44248K,  84% used [0x29910000, 0x2bd67ff8, 0x2bd68000, 0x2c446000)
 compacting perm gen  total 12288K, used 1402K [0x343c0000, 0x34fc0000, 0x383c0000)
   the space 12288K,  11% used [0x343c0000, 0x3451eba0, 0x3451ec00, 0x34fc0000)
    ro space 10240K,  45% used [0x383c0000, 0x38849b28, 0x38849c00, 0x38dc0000)
    rw space 12288K,  54% used [0x38dc0000, 0x3944d0e8, 0x3944d200, 0x399c0000)
}
Event: 3.691 GC heap before
{Heap before GC invocations=38 (full 11):
 def new generation   total 19968K, used 15000K [0x243c0000, 0x25960000, 0x29910000)
  eden space 17792K,  84% used [0x243c0000, 0x25266058, 0x25520000)
  from space 2176K,   0% used [0x25740000, 0x257402c8, 0x25960000)
  to   space 2176K,   0% used [0x25520000, 0x25520000, 0x25740000)
 tenured generation   total 44248K, used 37215K [0x29910000, 0x2c446000, 0x343c0000)
   the space 44248K,  84% used [0x29910000, 0x2bd67ff8, 0x2bd68000, 0x2c446000)
 compacting perm gen  total 12288K, used 1402K [0x343c0000, 0x34fc0000, 0x383c0000)
   the space 12288K,  11% used [0x343c0000, 0x3451eba0, 0x3451ec00, 0x34fc0000)
    ro space 10240K,  45% used [0x383c0000, 0x38849b28, 0x38849c00, 0x38dc0000)
    rw space 12288K,  54% used [0x38dc0000, 0x3944d0e8, 0x3944d200, 0x399c0000)
Event: 3.706 GC heap after
Heap after GC invocations=39 (full 12):
 def new generation   total 19968K, used 0K [0x243c0000, 0x25960000, 0x29910000)
  eden space 17792K,   0% used [0x243c0000, 0x243c0000, 0x25520000)
  from space 2176K,   0% used [0x25520000, 0x25520000, 0x25740000)
  to   space 2176K,   0% used [0x25740000, 0x25740000, 0x25960000)
 tenured generation   total 44248K, used 15615K [0x29910000, 0x2c446000, 0x343c0000)
   the space 44248K,  35% used [0x29910000, 0x2a84ff40, 0x2a850000, 0x2c446000)
 compacting perm gen  total 12288K, used 1402K [0x343c0000, 0x34fc0000, 0x383c0000)
   the space 12288K,  11% used [0x343c0000, 0x3451eb80, 0x3451ec00, 0x34fc0000)
    ro space 10240K,  45% used [0x383c0000, 0x38849b28, 0x38849c00, 0x38dc0000)
    rw space 12288K,  54% used [0x38dc0000, 0x3944d0e8, 0x3944d200, 0x399c0000)
}
Event: 3.845 GC heap before
{Heap before GC invocations=39 (full 12):
 def new generation   total 19968K, used 14907K [0x243c0000, 0x25960000, 0x29910000)
  eden space 17792K,  83% used [0x243c0000, 0x2524ecf0, 0x25520000)
  from space 2176K,   0% used [0x25520000, 0x25520000, 0x25740000)
  to   space 2176K,   0% used [0x25740000, 0x25740000, 0x25960000)
 tenured generation   total 44248K, used 15615K [0x29910000, 0x2c446000, 0x343c0000)
   the space 44248K,  35% used [0x29910000, 0x2a84ff40, 0x2a850000, 0x2c446000)
 compacting perm gen  total 12288K, used 1402K [0x343c0000, 0x34fc0000, 0x383c0000)
   the space 12288K,  11% used [0x343c0000, 0x3451eb80, 0x3451ec00, 0x34fc0000)
    ro space 10240K,  45% used [0x383c0000, 0x38849b28, 0x38849c00, 0x38dc0000)
    rw space 12288K,  54% used [0x38dc0000, 0x3944d0e8, 0x3944d200, 0x399c0000)
Event: 3.848 GC heap after
Heap after GC invocations=40 (full 12):
 def new generation   total 19968K, used 0K [0x243c0000, 0x25960000, 0x29910000)
  eden space 17792K,   0% used [0x243c0000, 0x243c0000, 0x25520000)
  from space 2176K,   0% used [0x25740000, 0x25740170, 0x25960000)
  to   space 2176K,   0% used [0x25520000, 0x25520000, 0x25740000)
 tenured generation   total 44248K, used 22815K [0x29910000, 0x2c446000, 0x343c0000)
   the space 44248K,  51% used [0x29910000, 0x2af57f60, 0x2af58000, 0x2c446000)
 compacting perm gen  total 12288K, used 1402K [0x343c0000, 0x34fc0000, 0x383c0000)
   the space 12288K,  11% used [0x343c0000, 0x3451eb80, 0x3451ec00, 0x34fc0000)
    ro space 10240K,  45% used [0x383c0000, 0x38849b28, 0x38849c00, 0x38dc0000)
    rw space 12288K,  54% used [0x38dc0000, 0x3944d0e8, 0x3944d200, 0x399c0000)
}

Deoptimization events (0 events):
No events

Internal exceptions (10 events):
Event: 0.110 Thread 0x01d1bc00 Threw 0x24531160 at C:\jdk7u2_32P\jdk7u25\hotspot\src\share\vm\classfile\systemDictionary.cpp:179
Event: 0.119 Thread 0x01d1bc00 Threw 0x2458f570 at C:\jdk7u2_32P\jdk7u25\hotspot\src\share\vm\prims\jvm.cpp:1235
Event: 0.145 Thread 0x04c42c00 Threw 0x2476e768 at C:\jdk7u2_32P\jdk7u25\hotspot\src\share\vm\prims\jvm.cpp:1235
Event: 0.146 Thread 0x04c42c00 Threw 0x24771130 at C:\jdk7u2_32P\jdk7u25\hotspot\src\share\vm\prims\jvm.cpp:1235
Event: 0.166 Thread 0x04c42c00 Threw 0x2479a168 at C:\jdk7u2_32P\jdk7u25\hotspot\src\share\vm\prims\jvm.cpp:1235
Event: 0.166 Thread 0x04c42c00 Threw 0x2479a378 at C:\jdk7u2_32P\jdk7u25\hotspot\src\share\vm\prims\jvm.cpp:1235
Event: 0.167 Thread 0x04c42c00 Threw 0x2479e568 at C:\jdk7u2_32P\jdk7u25\hotspot\src\share\vm\prims\jvm.cpp:1235
Event: 0.167 Thread 0x04c42c00 Threw 0x2479e778 at C:\jdk7u2_32P\jdk7u25\hotspot\src\share\vm\prims\jvm.cpp:1235
Event: 0.233 Thread 0x04c42c00 Threw 0x247c77d0 at C:\jdk7u2_32P\jdk7u25\hotspot\src\share\vm\prims\jvm.cpp:1235
Event: 0.455 Thread 0x04c42c00 Threw 0x247d1760 at C:\jdk7u2_32P\jdk7u25\hotspot\src\share\vm\prims\jvm.cpp:1235

Events (10 events):
Event: 3.349 Executing VM operation: GenCollectForAllocation
Event: 3.351 Executing VM operation: GenCollectForAllocation done
Event: 3.446 Executing VM operation: GenCollectForAllocation
Event: 3.449 Executing VM operation: GenCollectForAllocation done
Event: 3.546 Executing VM operation: GenCollectForAllocation
Event: 3.548 Executing VM operation: GenCollectForAllocation done
Event: 3.691 Executing VM operation: GenCollectForAllocation
Event: 3.706 Executing VM operation: GenCollectForAllocation done
Event: 3.845 Executing VM operation: GenCollectForAllocation
Event: 3.848 Executing VM operation: GenCollectForAllocation done


Dynamic libraries:
0x003e0000 - 0x0040f000 	C:\Program Files (x86)\Java\jdk1.7.0_25\bin\java.exe
0x77bb0000 - 0x77d30000 	C:\Windows\SysWOW64\ntdll.dll
0x763c0000 - 0x764d0000 	C:\Windows\syswow64\kernel32.dll
0x77310000 - 0x77356000 	C:\Windows\syswow64\KERNELBASE.dll
0x75a20000 - 0x75ac0000 	C:\Windows\syswow64\ADVAPI32.dll
0x75b90000 - 0x75c3c000 	C:\Windows\syswow64\msvcrt.dll
0x75ad0000 - 0x75ae9000 	C:\Windows\SysWOW64\sechost.dll
0x75830000 - 0x75920000 	C:\Windows\syswow64\RPCRT4.dll
0x75710000 - 0x75770000 	C:\Windows\syswow64\SspiCli.dll
0x75700000 - 0x7570c000 	C:\Windows\syswow64\CRYPTBASE.dll
0x77500000 - 0x77600000 	C:\Windows\syswow64\USER32.dll
0x76290000 - 0x76320000 	C:\Windows\syswow64\GDI32.dll
0x76630000 - 0x7663a000 	C:\Windows\syswow64\LPK.dll
0x76320000 - 0x763bd000 	C:\Windows\syswow64\USP10.dll
0x71b90000 - 0x71d2e000 	C:\Windows\WinSxS\x86_microsoft.windows.common-controls_6595b64144ccf1df_6.0.7601.17514_none_41e6975e2bd6f2b2\COMCTL32.dll
0x757d0000 - 0x75827000 	C:\Windows\syswow64\SHLWAPI.dll
0x75c50000 - 0x75cb0000 	C:\Windows\system32\IMM32.DLL
0x75cb0000 - 0x75d7c000 	C:\Windows\syswow64\MSCTF.dll
0x669a0000 - 0x66a5e000 	C:\Program Files (x86)\Java\jdk1.7.0_25\jre\bin\msvcr100.dll
0x66a60000 - 0x66da2000 	C:\Program Files (x86)\Java\jdk1.7.0_25\jre\bin\client\jvm.dll
0x71b80000 - 0x71b87000 	C:\Windows\system32\WSOCK32.dll
0x75b50000 - 0x75b85000 	C:\Windows\syswow64\WS2_32.dll
0x77b80000 - 0x77b86000 	C:\Windows\syswow64\NSI.dll
0x71100000 - 0x71132000 	C:\Windows\system32\WINMM.dll
0x757c0000 - 0x757c5000 	C:\Windows\syswow64\PSAPI.DLL
0x6dd60000 - 0x6dd6c000 	C:\Program Files (x86)\Java\jdk1.7.0_25\jre\bin\verify.dll
0x66980000 - 0x669a0000 	C:\Program Files (x86)\Java\jdk1.7.0_25\jre\bin\java.dll
0x66960000 - 0x66973000 	C:\Program Files (x86)\Java\jdk1.7.0_25\jre\bin\zip.dll
0x66790000 - 0x668d4000 	C:\Program Files (x86)\Java\jdk1.7.0_25\jre\bin\awt.dll
0x776c0000 - 0x7774f000 	C:\Windows\syswow64\OLEAUT32.dll
0x75f80000 - 0x760dc000 	C:\Windows\syswow64\ole32.dll
0x74ab0000 - 0x74b30000 	C:\Windows\system32\uxtheme.dll
0x748f0000 - 0x74903000 	C:\Windows\system32\dwmapi.dll
0x76640000 - 0x7728a000 	C:\Windows\syswow64\SHELL32.dll
0x66750000 - 0x66781000 	C:\Program Files (x86)\Java\jdk1.7.0_25\jre\bin\fontmanager.dll
0x6c130000 - 0x6c166000 	C:\Program Files\WIDCOMM\Bluetooth Software\SysWOW64\BtMmHook.dll
0x77600000 - 0x77683000 	C:\Windows\syswow64\CLBCatQ.DLL
0x6d8f0000 - 0x6d914000 	C:\Program Files (x86)\Java\jdk1.7.0_25\jre\bin\dcpr.dll
0x668e0000 - 0x668f4000 	C:\Program Files (x86)\Java\jdk1.7.0_25\jre\bin\net.dll
0x73f00000 - 0x73f3c000 	C:\Windows\system32\mswsock.dll
0x73d10000 - 0x73d16000 	C:\Windows\System32\wship6.dll
0x6def0000 - 0x6deff000 	C:\Program Files (x86)\Java\jdk1.7.0_25\jre\bin\nio.dll
0x66720000 - 0x66750000 	C:\Program Files (x86)\Java\jdk1.7.0_25\jre\bin\t2k.dll
0x10000000 - 0x1001b000 	C:\Windows\System32\JMyron.dll
0x01d20000 - 0x01d34000 	C:\Windows\system\myron_ezcam.dll
0x04450000 - 0x04463000 	C:\Windows\system\DSVL.dll
0x694c0000 - 0x69637000 	C:\Windows\system32\QUARTZ.dll
0x7c3c0000 - 0x7c43c000 	C:\Windows\system32\MSVCP71.dll
0x7c360000 - 0x7c3b6000 	C:\Windows\system32\MSVCR71.dll
0x6c6c0000 - 0x6c6f2000 	C:\Windows\SysWOW64\qcap.dll
0x6c740000 - 0x6c761000 	C:\Windows\SysWOW64\MSVFW32.dll
0x732f0000 - 0x732f9000 	C:\Windows\SysWOW64\VERSION.dll
0x6c640000 - 0x6c6c0000 	C:\Windows\SysWOW64\qedit.dll
0x77290000 - 0x7730b000 	C:\Windows\syswow64\COMDLG32.dll
0x6a170000 - 0x6a300000 	C:\Windows\WinSxS\x86_microsoft.windows.gdiplus_6595b64144ccf1df_1.1.7601.17514_none_72d18a4386696c80\gdiplus.dll
0x6d8c0000 - 0x6d8d4000 	C:\Windows\SysWOW64\devenum.dll
0x77360000 - 0x774fd000 	C:\Windows\syswow64\setupapi.dll
0x77780000 - 0x777a7000 	C:\Windows\syswow64\CFGMGR32.dll
0x76610000 - 0x76622000 	C:\Windows\syswow64\DEVOBJ.dll
0x71630000 - 0x71651000 	C:\Windows\system32\ntmarta.dll
0x75770000 - 0x757b5000 	C:\Windows\syswow64\WLDAP32.dll
0x77750000 - 0x7777d000 	C:\Windows\syswow64\WINTRUST.dll
0x76170000 - 0x7628d000 	C:\Windows\syswow64\CRYPT32.dll
0x75ac0000 - 0x75acc000 	C:\Windows\syswow64\MSASN1.dll
0x6c810000 - 0x6c81b000 	C:\Windows\system32\msdmo.dll
0x6c790000 - 0x6c7c3000 	C:\Windows\SysWOW64\ksproxy.ax
0x6c950000 - 0x6c954000 	C:\Windows\SysWOW64\ksuser.dll
0x69df0000 - 0x69fb3000 	C:\Windows\SysWOW64\d3d9.dll
0x6c940000 - 0x6c946000 	C:\Windows\SysWOW64\d3d8thk.dll
0x6c780000 - 0x6c789000 	C:\Windows\SysWOW64\vidcap.ax
0x6c490000 - 0x6c4ad000 	C:\Windows\SysWOW64\kswdmcap.ax
0x6bf00000 - 0x6c01c000 	C:\Windows\SysWOW64\MFC42.dll
0x73840000 - 0x738cc000 	C:\Windows\SysWOW64\ODBC32.dll
0x73700000 - 0x73738000 	C:\Windows\SysWOW64\odbcint.dll
0x6e8b0000 - 0x6e99b000 	C:\Windows\system32\dbghelp.dll

VM Arguments:
jvm_args: -Dfile.encoding=UTF-8 
java_command: webcam.Cam2
Launcher Type: SUN_STANDARD

Environment Variables:
CLASSPATH=.;.;C:\PROGRA~2\JMF21~1.1E\lib\sound.jar;C:\PROGRA~2\JMF21~1.1E\lib\jmf.jar;C:\PROGRA~2\JMF21~1.1E\lib;
PATH=C:\Perl\site\bin;C:\Perl\bin;F:\oracle\product\10.2.0\db_1\bin;F:\OraHome_1\bin;F:\app\Dell\product\11.2.0\dbhome_2\bin;C:\Ruby200-x64\bin;F:\app\Dell\product\11.2.0\dbhome_1\bin;E:\app\Dell\product\11.2.0\dbhome_1\bin;C:\Program Files\Dell\DW WLAN Card;;C:\Program Files (x86)\Intel\iCLS Client\;C:\Program Files\Intel\iCLS Client\;C:\Windows\system32;C:\Windows;C:\Windows\System32\Wbem;C:\Windows\System32\WindowsPowerShell\v1.0\;C:\Program Files (x86)\Intel\OpenCL SDK\2.0\bin\x86;C:\Program Files (x86)\Intel\OpenCL SDK\2.0\bin\x64;C:\Program Files\Intel\Intel(R) Management Engine Components\DAL;C:\Program Files\Intel\Intel(R) Management Engine Components\IPT;C:\Program Files (x86)\Intel\Intel(R) Management Engine Components\DAL;C:\Program Files (x86)\Intel\Intel(R) Management Engine Components\IPT;C:\Program Files\WIDCOMM\Bluetooth Software\;C:\Program Files\WIDCOMM\Bluetooth Software\syswow64;C:\Program Files\Common Files\Autodesk Shared\;C:\Program Files (x86)\Microsoft SQL Server\100\Tools\Binn\;C:\Program Files\Microsoft SQL Server\100\Tools\Binn\;C:\Program Files\Microsoft SQL Server\100\DTS\Binn\;C:\FPC\2.6.2\bin\i386-Win32;C:\Program Files (x86)\Microsoft SQL Server\100\Tools\Binn\VSShell\Common7\IDE\;C:\Program Files (x86)\Microsoft SQL Server\100\DTS\Binn\;C:\Program Files (x86)\Microsoft Visual Studio 9.0\Common7\IDE\PrivateAssemblies\;C:\Program Files (x86)\GtkSharp\2.12\bin;C:\strawberry\c\bin;C:\strawberry\perl\site\bin;C:\strawberry\perl\bin;E:\Program files\Universal Extractor;E:\Program files\Universal Extractor\bin;E:\Program files\TASM GUI editor\BIN;C:\Program Files (x86)\QuickTime\QTSystem\;C:\Program Files\Java\jdk1.7.0_17\bin
USERNAME=Dell
OS=Windows_NT
PROCESSOR_IDENTIFIER=Intel64 Family 6 Model 58 Stepping 9, GenuineIntel



---------------  S Y S T E M  ---------------

OS: Windows 7 , 64 bit Build 7601 Service Pack 1

CPU:total 4 (2 cores per cpu, 2 threads per core) family 6 model 58 stepping 9, cmov, cx8, fxsr, mmx, sse, sse2, sse3, ssse3, sse4.1, sse4.2, popcnt, avx, ht, tsc, tscinvbit, tscinv

Memory: 4k page, physical 4066668k(1699876k free), swap 8131492k(5500584k free)

vm_info: Java HotSpot(TM) Client VM (23.25-b01) for windows-x86 JRE (1.7.0_25-b16), built on Jun 12 2013 20:29:09 by "java_re" with unknown MS VC++:1600

time: Fri Nov 01 09:40:04 2013
elapsed time: 3 seconds

