#
# A fatal error has been detected by the Java Runtime Environment:
#
#  EXCEPTION_ACCESS_VIOLATION (0xc0000005) at pc=0x10002a3a, pid=6356, tid=5280
#
# JRE version: 7.0_25-b16
# Java VM: Java HotSpot(TM) Client VM (23.25-b01 mixed mode, sharing windows-x86 )
# Problematic frame:
# C  [JMyron.dll+0x2a3a]  Java_JMyron_JMyron_native_1stop+0x11da
#
# Failed to write core dump. Minidumps are not enabled by default on client versions of Windows
#
# If you would like to submit a bug report, please visit:
#   http://bugreport.sun.com/bugreport/crash.jsp
# The crash happened outside the Java Virtual Machine in native code.
# See problematic frame for where to report the bug.
#

---------------  T H R E A D  ---------------

Current thread (0x00eccc00):  JavaThread "Thread-2" [_thread_in_native, id=5280, stack(0x0f020000,0x0f070000)]

siginfo: ExceptionCode=0xc0000005, reading address 0x05e67000

Registers:
EAX=0x05e10020, EBX=0x00000000, ECX=0x00056fe0, EDX=0x00000022
ESP=0x0f06f764, EBP=0x0f06f7c0, ESI=0x05e02970, EDI=0x0636301f
EIP=0x10002a3a, EFLAGS=0x00010283

Top of Stack: (sp=0x0f06f764)
0x0f06f764:   00eccc00 34518430 0f06f7c0 34518430
0x0f06f774:   e6233c97 04cef8b8 00eccc00 fffffffd
0x0f06f784:   00000000 1000121b 027ca717 00eccd28
0x0f06f794:   0f06f7d0 fffffffe 0f06f7d0 0f06f7a0
0x0f06f7a4:   00000000 0f06f7d0 3451af48 00000000
0x0f06f7b4:   34518430 00000000 0f06f7d0 0f06f7f4
0x0f06f7c4:   027c32c7 00000000 027c8989 2a106688
0x0f06f7d4:   0f06f7d4 34519c79 0f06f7fc 3451af48 

Instructions: (pc=0x10002a3a)
0x10002a1a:   ca 0f 8c 4f ff ff ff 8b 46 04 0f af 06 8d 04 40
0x10002a2a:   33 c9 85 c0 7e 2b 8b 56 14 0f b6 14 0a 8b 46 10
0x10002a3a:   0f b6 04 08 2b c2 99 33 c2 2b c2 8b 56 18 88 04
0x10002a4a:   11 8b 46 04 0f af 06 83 c1 01 8d 04 40 3b c8 7c 


Register to memory mapping:

EAX=0x05e10020 is an unknown value
EBX=0x00000000 is an unknown value
ECX=0x00056fe0 is an unknown value
EDX=0x00000022 is an unknown value
ESP=0x0f06f764 is pointing into the stack for thread: 0x00eccc00
EBP=0x0f06f7c0 is pointing into the stack for thread: 0x00eccc00
ESI=0x05e02970 is an unknown value
EDI=0x0636301f is an unknown value


Stack: [0x0f020000,0x0f070000],  sp=0x0f06f764,  free space=317k
Native frames: (J=compiled Java code, j=interpreted, Vv=VM code, C=native code)
C  [JMyron.dll+0x2a3a]  Java_JMyron_JMyron_native_1stop+0x11da
j  JMyron.JMyron.update()V+1
j  webcam.Cam2.getCameraImage()V+4
j  webcam.Cam2.access$000(Lwebcam/Cam2;)V+1
j  webcam.Cam2$1.run()V+14
j  java.lang.Thread.run()V+11
v  ~StubRoutines::call_stub
V  [jvm.dll+0x124afa]
V  [jvm.dll+0x1d224e]
V  [jvm.dll+0x124caf]
V  [jvm.dll+0x124d17]
V  [jvm.dll+0xcf06f]
V  [jvm.dll+0x144447]
V  [jvm.dll+0x1445b0]
V  [jvm.dll+0x177bb9]
C  [msvcr100.dll+0x5c6de]  endthreadex+0x3a
C  [msvcr100.dll+0x5c788]  endthreadex+0xe4
C  [kernel32.dll+0x133ca]  BaseThreadInitThunk+0x12
C  [ntdll.dll+0x39ed2]  RtlInitializeExceptionChain+0x63
C  [ntdll.dll+0x39ea5]  RtlInitializeExceptionChain+0x36

Java frames: (J=compiled Java code, j=interpreted, Vv=VM code)
j  JMyron.JMyron.native_update()V+0
j  JMyron.JMyron.update()V+1
j  webcam.Cam2.getCameraImage()V+4
j  webcam.Cam2.access$000(Lwebcam/Cam2;)V+1
j  webcam.Cam2$1.run()V+14
j  java.lang.Thread.run()V+11
v  ~StubRoutines::call_stub

---------------  P R O C E S S  ---------------

Java Threads: ( => current thread )
=>0x00eccc00 JavaThread "Thread-2" [_thread_in_native, id=5280, stack(0x0f020000,0x0f070000)]
  0x00ecc400 JavaThread "DestroyJavaVM" [_thread_blocked, id=4432, stack(0x00260000,0x002b0000)]
  0x00ecc000 JavaThread "AWT-EventQueue-0" [_thread_blocked, id=5760, stack(0x04f70000,0x04fc0000)]
  0x00ecb800 JavaThread "AWT-Windows" daemon [_thread_in_native, id=4876, stack(0x012e0000,0x01330000)]
  0x00ecb400 JavaThread "AWT-Shutdown" [_thread_blocked, id=5440, stack(0x05020000,0x05070000)]
  0x00ecac00 JavaThread "Java2D Disposer" daemon [_thread_blocked, id=6836, stack(0x04e30000,0x04e80000)]
  0x00eca400 JavaThread "Service Thread" daemon [_thread_blocked, id=3236, stack(0x04af0000,0x04b40000)]
  0x00ed5400 JavaThread "C1 CompilerThread0" daemon [_thread_blocked, id=6368, stack(0x04a60000,0x04ab0000)]
  0x00eca000 JavaThread "Attach Listener" daemon [_thread_blocked, id=5604, stack(0x04870000,0x048c0000)]
  0x00ec9800 JavaThread "Signal Dispatcher" daemon [_thread_blocked, id=3952, stack(0x04810000,0x04860000)]
  0x00eb8c00 JavaThread "Finalizer" daemon [_thread_blocked, id=6896, stack(0x01290000,0x012e0000)]
  0x00eb4000 JavaThread "Reference Handler" daemon [_thread_blocked, id=6420, stack(0x010f0000,0x01140000)]

Other Threads:
  0x00eb1000 VMThread [stack: 0x01010000,0x01060000] [id=6804]
  0x00ef6000 WatcherThread [stack: 0x04a00000,0x04a50000] [id=5844]

VM state:not at safepoint (normal execution)

VM Mutex/Monitor currently owned by a thread: None

Heap
 def new generation   total 16192K, used 10812K [0x243c0000, 0x25550000, 0x29910000)
  eden space 14400K,  75% used [0x243c0000, 0x24e4f180, 0x251d0000)
  from space 1792K,   0% used [0x251d0000, 0x251d0000, 0x25390000)
  to   space 1792K,   0% used [0x25390000, 0x25390000, 0x25550000)
 tenured generation   total 35832K, used 19158K [0x29910000, 0x2bc0e000, 0x343c0000)
   the space 35832K,  53% used [0x29910000, 0x2abc5a58, 0x2abc5c00, 0x2bc0e000)
 compacting perm gen  total 12288K, used 1404K [0x343c0000, 0x34fc0000, 0x383c0000)
   the space 12288K,  11% used [0x343c0000, 0x3451f028, 0x3451f200, 0x34fc0000)
    ro space 10240K,  45% used [0x383c0000, 0x38849b28, 0x38849c00, 0x38dc0000)
    rw space 12288K,  54% used [0x38dc0000, 0x3944d0e8, 0x3944d200, 0x399c0000)

Card table byte_map: [0x00f00000,0x00fb0000] byte_map_base: 0x00dde200

Polling page: 0x00190000

Code Cache  [0x027c0000, 0x028a8000, 0x047c0000)
 total_blobs=417 nmethods=197 adapters=155 free_code_cache=31868Kb largest_free_block=32633024

Compilation events (10 events):
Event: 49.724 Thread 0x00ed5400  193             java.awt.Component::getCursor_NoClientCode (30 bytes)
Event: 49.725 Thread 0x00ed5400 nmethod 193 0x0289f508 code [0x0289f630, 0x0289f764]
Event: 49.800 Thread 0x00ed5400  194   !         sun.awt.SunToolkit::flushPendingEvents (73 bytes)
Event: 49.800 Thread 0x00ed5400 nmethod 194 0x0289f888 code [0x0289f9e0, 0x0289fbac]
Event: 51.283 Thread 0x00ed5400  196             javax.swing.plaf.nimbus.NimbusStyle::getValues (9 bytes)
Event: 51.283 Thread 0x00ed5400 nmethod 196 0x028a0088 code [0x028a0180, 0x028a021c]
Event: 51.286 Thread 0x00ed5400  197             javax.swing.plaf.nimbus.NimbusStyle::getExtendedState (247 bytes)
Event: 51.287 Thread 0x00ed5400 nmethod 197 0x028a0288 code [0x028a0400, 0x028a0768]
Event: 53.813 Thread 0x00ed5400  198             sun.util.logging.PlatformLogger::isLoggable (9 bytes)
Event: 53.813 Thread 0x00ed5400 nmethod 198 0x028a0d08 code [0x028a0e00, 0x028a0ec0]

GC Heap History (10 events):
Event: 52.974 GC heap before
{Heap before GC invocations=357 (full 177):
 def new generation   total 16192K, used 10804K [0x243c0000, 0x25550000, 0x29910000)
  eden space 14400K,  75% used [0x243c0000, 0x24e4d080, 0x251d0000)
  from space 1792K,   0% used [0x25390000, 0x25390190, 0x25550000)
  to   space 1792K,   0% used [0x251d0000, 0x251d0000, 0x25390000)
 tenured generation   total 35832K, used 29958K [0x29910000, 0x2bc0e000, 0x343c0000)
   the space 35832K,  83% used [0x29910000, 0x2b6518f8, 0x2b651a00, 0x2bc0e000)
 compacting perm gen  total 12288K, used 1404K [0x343c0000, 0x34fc0000, 0x383c0000)
   the space 12288K,  11% used [0x343c0000, 0x3451f028, 0x3451f200, 0x34fc0000)
    ro space 10240K,  45% used [0x383c0000, 0x38849b28, 0x38849c00, 0x38dc0000)
    rw space 12288K,  54% used [0x38dc0000, 0x3944d0e8, 0x3944d200, 0x399c0000)
Event: 52.993 GC heap after
Heap after GC invocations=358 (full 178):
 def new generation   total 16192K, used 0K [0x243c0000, 0x25550000, 0x29910000)
  eden space 14400K,   0% used [0x243c0000, 0x243c0000, 0x251d0000)
  from space 1792K,   0% used [0x251d0000, 0x251d0000, 0x25390000)
  to   space 1792K,   0% used [0x25390000, 0x25390000, 0x25550000)
 tenured generation   total 35832K, used 19158K [0x29910000, 0x2bc0e000, 0x343c0000)
   the space 35832K,  53% used [0x29910000, 0x2abc58c8, 0x2abc5a00, 0x2bc0e000)
 compacting perm gen  total 12288K, used 1404K [0x343c0000, 0x34fc0000, 0x383c0000)
   the space 12288K,  11% used [0x343c0000, 0x3451f028, 0x3451f200, 0x34fc0000)
    ro space 10240K,  45% used [0x383c0000, 0x38849b28, 0x38849c00, 0x38dc0000)
    rw space 12288K,  54% used [0x38dc0000, 0x3944d0e8, 0x3944d200, 0x399c0000)
}
Event: 53.125 GC heap before
{Heap before GC invocations=358 (full 178):
 def new generation   total 16192K, used 10804K [0x243c0000, 0x25550000, 0x29910000)
  eden space 14400K,  75% used [0x243c0000, 0x24e4d080, 0x251d0000)
  from space 1792K,   0% used [0x251d0000, 0x251d0000, 0x25390000)
  to   space 1792K,   0% used [0x25390000, 0x25390000, 0x25550000)
 tenured generation   total 35832K, used 19158K [0x29910000, 0x2bc0e000, 0x343c0000)
   the space 35832K,  53% used [0x29910000, 0x2abc58c8, 0x2abc5a00, 0x2bc0e000)
 compacting perm gen  total 12288K, used 1404K [0x343c0000, 0x34fc0000, 0x383c0000)
   the space 12288K,  11% used [0x343c0000, 0x3451f028, 0x3451f200, 0x34fc0000)
    ro space 10240K,  45% used [0x383c0000, 0x38849b28, 0x38849c00, 0x38dc0000)
    rw space 12288K,  54% used [0x38dc0000, 0x3944d0e8, 0x3944d200, 0x399c0000)
Event: 53.128 GC heap after
Heap after GC invocations=359 (full 178):
 def new generation   total 16192K, used 0K [0x243c0000, 0x25550000, 0x29910000)
  eden space 14400K,   0% used [0x243c0000, 0x243c0000, 0x251d0000)
  from space 1792K,   0% used [0x25390000, 0x25390190, 0x25550000)
  to   space 1792K,   0% used [0x251d0000, 0x251d0000, 0x25390000)
 tenured generation   total 35832K, used 29958K [0x29910000, 0x2bc0e000, 0x343c0000)
   the space 35832K,  83% used [0x29910000, 0x2b6518f8, 0x2b651a00, 0x2bc0e000)
 compacting perm gen  total 12288K, used 1404K [0x343c0000, 0x34fc0000, 0x383c0000)
   the space 12288K,  11% used [0x343c0000, 0x3451f028, 0x3451f200, 0x34fc0000)
    ro space 10240K,  45% used [0x383c0000, 0x38849b28, 0x38849c00, 0x38dc0000)
    rw space 12288K,  54% used [0x38dc0000, 0x3944d0e8, 0x3944d200, 0x399c0000)
}
Event: 53.312 GC heap before
{Heap before GC invocations=359 (full 178):
 def new generation   total 16192K, used 10804K [0x243c0000, 0x25550000, 0x29910000)
  eden space 14400K,  75% used [0x243c0000, 0x24e4d080, 0x251d0000)
  from space 1792K,   0% used [0x25390000, 0x25390190, 0x25550000)
  to   space 1792K,   0% used [0x251d0000, 0x251d0000, 0x25390000)
 tenured generation   total 35832K, used 29958K [0x29910000, 0x2bc0e000, 0x343c0000)
   the space 35832K,  83% used [0x29910000, 0x2b6518f8, 0x2b651a00, 0x2bc0e000)
 compacting perm gen  total 12288K, used 1404K [0x343c0000, 0x34fc0000, 0x383c0000)
   the space 12288K,  11% used [0x343c0000, 0x3451f028, 0x3451f200, 0x34fc0000)
    ro space 10240K,  45% used [0x383c0000, 0x38849b28, 0x38849c00, 0x38dc0000)
    rw space 12288K,  54% used [0x38dc0000, 0x3944d0e8, 0x3944d200, 0x399c0000)
Event: 53.331 GC heap after
Heap after GC invocations=360 (full 179):
 def new generation   total 16192K, used 0K [0x243c0000, 0x25550000, 0x29910000)
  eden space 14400K,   0% used [0x243c0000, 0x243c0000, 0x251d0000)
  from space 1792K,   0% used [0x251d0000, 0x251d0000, 0x25390000)
  to   space 1792K,   0% used [0x25390000, 0x25390000, 0x25550000)
 tenured generation   total 35832K, used 19158K [0x29910000, 0x2bc0e000, 0x343c0000)
   the space 35832K,  53% used [0x29910000, 0x2abc58c8, 0x2abc5a00, 0x2bc0e000)
 compacting perm gen  total 12288K, used 1404K [0x343c0000, 0x34fc0000, 0x383c0000)
   the space 12288K,  11% used [0x343c0000, 0x3451f028, 0x3451f200, 0x34fc0000)
    ro space 10240K,  45% used [0x383c0000, 0x38849b28, 0x38849c00, 0x38dc0000)
    rw space 12288K,  54% used [0x38dc0000, 0x3944d0e8, 0x3944d200, 0x399c0000)
}
Event: 53.491 GC heap before
{Heap before GC invocations=360 (full 179):
 def new generation   total 16192K, used 10808K [0x243c0000, 0x25550000, 0x29910000)
  eden space 14400K,  75% used [0x243c0000, 0x24e4e210, 0x251d0000)
  from space 1792K,   0% used [0x251d0000, 0x251d0000, 0x25390000)
  to   space 1792K,   0% used [0x25390000, 0x25390000, 0x25550000)
 tenured generation   total 35832K, used 19158K [0x29910000, 0x2bc0e000, 0x343c0000)
   the space 35832K,  53% used [0x29910000, 0x2abc58c8, 0x2abc5a00, 0x2bc0e000)
 compacting perm gen  total 12288K, used 1404K [0x343c0000, 0x34fc0000, 0x383c0000)
   the space 12288K,  11% used [0x343c0000, 0x3451f028, 0x3451f200, 0x34fc0000)
    ro space 10240K,  45% used [0x383c0000, 0x38849b28, 0x38849c00, 0x38dc0000)
    rw space 12288K,  54% used [0x38dc0000, 0x3944d0e8, 0x3944d200, 0x399c0000)
Event: 53.494 GC heap after
Heap after GC invocations=361 (full 179):
 def new generation   total 16192K, used 0K [0x243c0000, 0x25550000, 0x29910000)
  eden space 14400K,   0% used [0x243c0000, 0x243c0000, 0x251d0000)
  from space 1792K,   0% used [0x25390000, 0x25390328, 0x25550000)
  to   space 1792K,   0% used [0x251d0000, 0x251d0000, 0x25390000)
 tenured generation   total 35832K, used 29958K [0x29910000, 0x2bc0e000, 0x343c0000)
   the space 35832K,  83% used [0x29910000, 0x2b6518f8, 0x2b651a00, 0x2bc0e000)
 compacting perm gen  total 12288K, used 1404K [0x343c0000, 0x34fc0000, 0x383c0000)
   the space 12288K,  11% used [0x343c0000, 0x3451f028, 0x3451f200, 0x34fc0000)
    ro space 10240K,  45% used [0x383c0000, 0x38849b28, 0x38849c00, 0x38dc0000)
    rw space 12288K,  54% used [0x38dc0000, 0x3944d0e8, 0x3944d200, 0x399c0000)
}
Event: 53.653 GC heap before
{Heap before GC invocations=361 (full 179):
 def new generation   total 16192K, used 10802K [0x243c0000, 0x25550000, 0x29910000)
  eden space 14400K,  75% used [0x243c0000, 0x24e4c830, 0x251d0000)
  from space 1792K,   0% used [0x25390000, 0x25390328, 0x25550000)
  to   space 1792K,   0% used [0x251d0000, 0x251d0000, 0x25390000)
 tenured generation   total 35832K, used 29958K [0x29910000, 0x2bc0e000, 0x343c0000)
   the space 35832K,  83% used [0x29910000, 0x2b6518f8, 0x2b651a00, 0x2bc0e000)
 compacting perm gen  total 12288K, used 1404K [0x343c0000, 0x34fc0000, 0x383c0000)
   the space 12288K,  11% used [0x343c0000, 0x3451f028, 0x3451f200, 0x34fc0000)
    ro space 10240K,  45% used [0x383c0000, 0x38849b28, 0x38849c00, 0x38dc0000)
    rw space 12288K,  54% used [0x38dc0000, 0x3944d0e8, 0x3944d200, 0x399c0000)
Event: 53.675 GC heap after
Heap after GC invocations=362 (full 180):
 def new generation   total 16192K, used 0K [0x243c0000, 0x25550000, 0x29910000)
  eden space 14400K,   0% used [0x243c0000, 0x243c0000, 0x251d0000)
  from space 1792K,   0% used [0x251d0000, 0x251d0000, 0x25390000)
  to   space 1792K,   0% used [0x25390000, 0x25390000, 0x25550000)
 tenured generation   total 35832K, used 19158K [0x29910000, 0x2bc0e000, 0x343c0000)
   the space 35832K,  53% used [0x29910000, 0x2abc5a58, 0x2abc5c00, 0x2bc0e000)
 compacting perm gen  total 12288K, used 1404K [0x343c0000, 0x34fc0000, 0x383c0000)
   the space 12288K,  11% used [0x343c0000, 0x3451f028, 0x3451f200, 0x34fc0000)
    ro space 10240K,  45% used [0x383c0000, 0x38849b28, 0x38849c00, 0x38dc0000)
    rw space 12288K,  54% used [0x38dc0000, 0x3944d0e8, 0x3944d200, 0x399c0000)
}

Deoptimization events (0 events):
No events

Internal exceptions (10 events):
Event: 0.153 Thread 0x001bb000 Threw 0x2459f920 at C:\jdk7u2_32P\jdk7u25\hotspot\src\share\vm\prims\jvm.cpp:1235
Event: 0.185 Thread 0x00ecc000 Threw 0x2476e710 at C:\jdk7u2_32P\jdk7u25\hotspot\src\share\vm\prims\jvm.cpp:1235
Event: 0.186 Thread 0x00ecc000 Threw 0x247714c8 at C:\jdk7u2_32P\jdk7u25\hotspot\src\share\vm\prims\jvm.cpp:1235
Event: 0.219 Thread 0x00ecc000 Threw 0x2479a870 at C:\jdk7u2_32P\jdk7u25\hotspot\src\share\vm\prims\jvm.cpp:1235
Event: 0.219 Thread 0x00ecc000 Threw 0x2479aa80 at C:\jdk7u2_32P\jdk7u25\hotspot\src\share\vm\prims\jvm.cpp:1235
Event: 0.220 Thread 0x00ecc000 Threw 0x2479ec70 at C:\jdk7u2_32P\jdk7u25\hotspot\src\share\vm\prims\jvm.cpp:1235
Event: 0.220 Thread 0x00ecc000 Threw 0x2479ee80 at C:\jdk7u2_32P\jdk7u25\hotspot\src\share\vm\prims\jvm.cpp:1235
Event: 0.314 Thread 0x00ecc000 Threw 0x247c7938 at C:\jdk7u2_32P\jdk7u25\hotspot\src\share\vm\prims\jvm.cpp:1235
Event: 0.566 Thread 0x00ecc000 Threw 0x247d1838 at C:\jdk7u2_32P\jdk7u25\hotspot\src\share\vm\prims\jvm.cpp:1235
Event: 0.710 Thread 0x00eccc00 Threw 0x2474bdf8 at C:\jdk7u2_32P\jdk7u25\hotspot\src\share\vm\prims\jvm.cpp:1235

Events (10 events):
Event: 53.367 Thread 0x00ecd000 Thread added: 0x00ecd000
Event: 53.367 Thread 0x00ecd000 Thread exited: 0x00ecd000
Event: 53.491 Executing VM operation: GenCollectForAllocation
Event: 53.494 Executing VM operation: GenCollectForAllocation done
Event: 53.526 Thread 0x00ecd000 Thread added: 0x00ecd000
Event: 53.526 Thread 0x00ecd000 Thread exited: 0x00ecd000
Event: 53.653 Executing VM operation: GenCollectForAllocation
Event: 53.675 Executing VM operation: GenCollectForAllocation done
Event: 53.716 Thread 0x00ecd000 Thread added: 0x00ecd000
Event: 53.716 Thread 0x00ecd000 Thread exited: 0x00ecd000


Dynamic libraries:
0x01390000 - 0x013bf000 	C:\Program Files (x86)\Java\jdk1.7.0_25\bin\java.exe
0x77c20000 - 0x77da0000 	C:\Windows\SysWOW64\ntdll.dll
0x762a0000 - 0x763b0000 	C:\Windows\syswow64\kernel32.dll
0x774d0000 - 0x77516000 	C:\Windows\syswow64\KERNELBASE.dll
0x77150000 - 0x771f0000 	C:\Windows\syswow64\ADVAPI32.dll
0x77540000 - 0x775ec000 	C:\Windows\syswow64\msvcrt.dll
0x77520000 - 0x77539000 	C:\Windows\SysWOW64\sechost.dll
0x75830000 - 0x75920000 	C:\Windows\syswow64\RPCRT4.dll
0x75780000 - 0x757e0000 	C:\Windows\syswow64\SspiCli.dll
0x75770000 - 0x7577c000 	C:\Windows\syswow64\CRYPTBASE.dll
0x75980000 - 0x75a80000 	C:\Windows\syswow64\USER32.dll
0x76210000 - 0x762a0000 	C:\Windows\syswow64\GDI32.dll
0x757e0000 - 0x757ea000 	C:\Windows\syswow64\LPK.dll
0x775f0000 - 0x7768d000 	C:\Windows\syswow64\USP10.dll
0x709c0000 - 0x70b5e000 	C:\Windows\WinSxS\x86_microsoft.windows.common-controls_6595b64144ccf1df_6.0.7601.17514_none_41e6975e2bd6f2b2\COMCTL32.dll
0x763e0000 - 0x76437000 	C:\Windows\syswow64\SHLWAPI.dll
0x75920000 - 0x75980000 	C:\Windows\system32\IMM32.DLL
0x75c20000 - 0x75cec000 	C:\Windows\syswow64\MSCTF.dll
0x67030000 - 0x670ee000 	C:\Program Files (x86)\Java\jdk1.7.0_25\jre\bin\msvcr100.dll
0x670f0000 - 0x67432000 	C:\Program Files (x86)\Java\jdk1.7.0_25\jre\bin\client\jvm.dll
0x709b0000 - 0x709b7000 	C:\Windows\system32\WSOCK32.dll
0x757f0000 - 0x75825000 	C:\Windows\syswow64\WS2_32.dll
0x77bf0000 - 0x77bf6000 	C:\Windows\syswow64\NSI.dll
0x6a3a0000 - 0x6a3d2000 	C:\Windows\system32\WINMM.dll
0x76200000 - 0x76205000 	C:\Windows\syswow64\PSAPI.DLL
0x674b0000 - 0x674bc000 	C:\Program Files (x86)\Java\jdk1.7.0_25\jre\bin\verify.dll
0x67490000 - 0x674b0000 	C:\Program Files (x86)\Java\jdk1.7.0_25\jre\bin\java.dll
0x66fd0000 - 0x66fe3000 	C:\Program Files (x86)\Java\jdk1.7.0_25\jre\bin\zip.dll
0x66d10000 - 0x66e54000 	C:\Program Files (x86)\Java\jdk1.7.0_25\jre\bin\awt.dll
0x77690000 - 0x7771f000 	C:\Windows\syswow64\OLEAUT32.dll
0x760a0000 - 0x761fc000 	C:\Windows\syswow64\ole32.dll
0x6fca0000 - 0x6fd20000 	C:\Windows\system32\uxtheme.dll
0x6afa0000 - 0x6afb3000 	C:\Windows\system32\dwmapi.dll
0x764d0000 - 0x7711a000 	C:\Windows\syswow64\SHELL32.dll
0x66f70000 - 0x66fa1000 	C:\Program Files (x86)\Java\jdk1.7.0_25\jre\bin\fontmanager.dll
0x67440000 - 0x67476000 	C:\Program Files\WIDCOMM\Bluetooth Software\SysWOW64\BtMmHook.dll
0x75d80000 - 0x75e03000 	C:\Windows\syswow64\CLBCatQ.DLL
0x75540000 - 0x75564000 	C:\Program Files (x86)\Java\jdk1.7.0_25\jre\bin\dcpr.dll
0x66fb0000 - 0x66fc4000 	C:\Program Files (x86)\Java\jdk1.7.0_25\jre\bin\net.dll
0x752d0000 - 0x7530c000 	C:\Windows\system32\mswsock.dll
0x750e0000 - 0x750e6000 	C:\Windows\System32\wship6.dll
0x67480000 - 0x6748f000 	C:\Program Files (x86)\Java\jdk1.7.0_25\jre\bin\nio.dll
0x66f40000 - 0x66f70000 	C:\Program Files (x86)\Java\jdk1.7.0_25\jre\bin\t2k.dll
0x10000000 - 0x1001b000 	C:\Windows\System32\JMyron.dll
0x00630000 - 0x00644000 	C:\Windows\system\myron_ezcam.dll
0x00c20000 - 0x00c33000 	C:\Windows\system\DSVL.dll
0x5b970000 - 0x5bae7000 	C:\Windows\system32\QUARTZ.dll
0x7c3c0000 - 0x7c43c000 	C:\Windows\system32\MSVCP71.dll
0x7c360000 - 0x7c3b6000 	C:\Windows\system32\MSVCR71.dll
0x5be10000 - 0x5be42000 	C:\Windows\SysWOW64\qcap.dll
0x66ae0000 - 0x66b01000 	C:\Windows\SysWOW64\MSVFW32.dll
0x71780000 - 0x71789000 	C:\Windows\SysWOW64\VERSION.dll
0x5bd90000 - 0x5be10000 	C:\Windows\SysWOW64\qedit.dll
0x76440000 - 0x764bb000 	C:\Windows\syswow64\COMDLG32.dll
0x657a0000 - 0x65930000 	C:\Windows\WinSxS\x86_microsoft.windows.gdiplus_6595b64144ccf1df_1.1.7601.17514_none_72d18a4386696c80\gdiplus.dll
0x6afc0000 - 0x6afd4000 	C:\Windows\SysWOW64\devenum.dll
0x75a80000 - 0x75c1d000 	C:\Windows\syswow64\setupapi.dll
0x75cf0000 - 0x75d17000 	C:\Windows\syswow64\CFGMGR32.dll
0x75e10000 - 0x75e22000 	C:\Windows\syswow64\DEVOBJ.dll
0x70470000 - 0x70491000 	C:\Windows\system32\ntmarta.dll
0x77480000 - 0x774c5000 	C:\Windows\syswow64\WLDAP32.dll
0x763b0000 - 0x763dd000 	C:\Windows\syswow64\WINTRUST.dll
0x75f80000 - 0x7609d000 	C:\Windows\syswow64\CRYPT32.dll
0x764c0000 - 0x764cc000 	C:\Windows\syswow64\MSASN1.dll
0x67830000 - 0x6783b000 	C:\Windows\system32\msdmo.dll
0x5bd00000 - 0x5bd33000 	C:\Windows\SysWOW64\ksproxy.ax
0x754d0000 - 0x754d4000 	C:\Windows\SysWOW64\ksuser.dll
0x67840000 - 0x67a03000 	C:\Windows\SysWOW64\d3d9.dll
0x6a3e0000 - 0x6a3e6000 	C:\Windows\SysWOW64\d3d8thk.dll
0x5beb0000 - 0x5beb9000 	C:\Windows\SysWOW64\vidcap.ax
0x5bd70000 - 0x5bd8d000 	C:\Windows\SysWOW64\kswdmcap.ax
0x5b850000 - 0x5b96c000 	C:\Windows\SysWOW64\MFC42.dll
0x73200000 - 0x7328c000 	C:\Windows\SysWOW64\ODBC32.dll
0x6e620000 - 0x6e658000 	C:\Windows\SysWOW64\odbcint.dll
0x6adb0000 - 0x6ae9b000 	C:\Windows\system32\dbghelp.dll

VM Arguments:
jvm_args: -Dfile.encoding=UTF-8 
java_command: webcam.Cam2
Launcher Type: SUN_STANDARD

Environment Variables:
CLASSPATH=.;C:\Program Files (x86)\QuickTime\QTSystem\QTJava.zip
PATH=C:\Windows\System32\Wbem;C:\Program Files (x86)\Java\jdk1.7.0_25\bin
USERNAME=Dell
OS=Windows_NT
PROCESSOR_IDENTIFIER=Intel64 Family 6 Model 58 Stepping 9, GenuineIntel



---------------  S Y S T E M  ---------------

OS: Windows 7 , 64 bit Build 7601 Service Pack 1

CPU:total 4 (2 cores per cpu, 2 threads per core) family 6 model 58 stepping 9, cmov, cx8, fxsr, mmx, sse, sse2, sse3, ssse3, sse4.1, sse4.2, popcnt, avx, ht, tsc, tscinvbit, tscinv

Memory: 4k page, physical 4066668k(1206588k free), swap 8131492k(4230388k free)

vm_info: Java HotSpot(TM) Client VM (23.25-b01) for windows-x86 JRE (1.7.0_25-b16), built on Jun 12 2013 20:29:09 by "java_re" with unknown MS VC++:1600

time: Thu Jan 09 09:24:14 2014
elapsed time: 54 seconds

