#
# A fatal error has been detected by the Java Runtime Environment:
#
#  EXCEPTION_ACCESS_VIOLATION (0xc0000005) at pc=0x100021ab, pid=7396, tid=11360
#
# JRE version: 7.0_25-b16
# Java VM: Java HotSpot(TM) Client VM (23.25-b01 mixed mode, sharing windows-x86 )
# Problematic frame:
# C  [JMyron.dll+0x21ab]  Java_JMyron_JMyron_native_1stop+0x94b
#
# Failed to write core dump. Minidumps are not enabled by default on client versions of Windows
#
# If you would like to submit a bug report, please visit:
#   http://bugreport.sun.com/bugreport/crash.jsp
# The crash happened outside the Java Virtual Machine in native code.
# See problematic frame for where to report the bug.
#

---------------  T H R E A D  ---------------

Current thread (0x04ca7400):  JavaThread "Thread-2" [_thread_in_native, id=11360, stack(0x0f140000,0x0f190000)]

siginfo: ExceptionCode=0xc0000005, reading address 0x05b2bb4a

Registers:
EAX=0x00000500, EBX=0x05b2bb4a, ECX=0x05b2c020, EDX=0x05af0020
ESP=0x0f18f7b8, EBP=0x05b2bb20, ESI=0x0000002a, EDI=0x000000c0
EIP=0x100021ab, EFLAGS=0x00010202

Top of Stack: (sp=0x0f18f7b8)
0x0f18f7b8:   0000002a 000000c0 05c228e0 00000001
0x0f18f7c8:   1000249a 0000002a 000000c1 0f18f830
0x0f18f7d8:   345185f8 04ca7400 345185f8 000000c0
0x0f18f7e8:   000004ff 0000002a 00000001 00000000
0x0f18f7f8:   1000121b 0278a717 04ca7528 0f18f840
0x0f18f808:   fffffffe 0f18f840 0f18f810 00000000
0x0f18f818:   0f18f840 3451b110 00000000 345185f8
0x0f18f828:   00000000 0f18f840 0f18f864 027832c7 

Instructions: (pc=0x100021ab)
0x1000218b:   7c 75 8b 01 8d 56 01 3b d0 7d 6c 8b 51 0c 55 8b
0x1000219b:   c8 0f af cf 8b e8 0f af eb 03 ea 03 ca 8d 1c 2e
0x100021ab:   0f b6 2b 8d 3c 31 0f b6 0f 3b cd 5d 75 49 0f af
0x100021bb:   44 24 14 03 c2 0f b6 14 30 03 c6 3b ca 75 38 0f 


Register to memory mapping:

EAX=0x00000500 is an unknown value
EBX=0x05b2bb4a is an unknown value
ECX=0x05b2c020 is an unknown value
EDX=0x05af0020 is an unknown value
ESP=0x0f18f7b8 is pointing into the stack for thread: 0x04ca7400
EBP=0x05b2bb20 is an unknown value
ESI=0x0000002a is an unknown value
EDI=0x000000c0 is an unknown value


Stack: [0x0f140000,0x0f190000],  sp=0x0f18f7b8,  free space=317k
Native frames: (J=compiled Java code, j=interpreted, Vv=VM code, C=native code)
C  [JMyron.dll+0x21ab]  Java_JMyron_JMyron_native_1stop+0x94b

Java frames: (J=compiled Java code, j=interpreted, Vv=VM code)
j  JMyron.JMyron.native_update()V+0
j  JMyron.JMyron.update()V+1
j  webcam.Cam2.getCameraImage()V+4
j  webcam.Cam2.access$000(Lwebcam/Cam2;)V+1
j  webcam.Cam2$1.run()V+14
j  java.lang.Thread.run()V+11
v  ~StubRoutines::call_stub

---------------  P R O C E S S  ---------------

Java Threads: ( => current thread )
=>0x04ca7400 JavaThread "Thread-2" [_thread_in_native, id=11360, stack(0x0f140000,0x0f190000)]
  0x00a5b000 JavaThread "DestroyJavaVM" [_thread_blocked, id=11760, stack(0x00900000,0x00950000)]
  0x04c04c00 JavaThread "AWT-EventQueue-0" [_thread_blocked, id=5576, stack(0x05630000,0x05680000)]
  0x04bc7000 JavaThread "AWT-Windows" daemon [_thread_in_native, id=10196, stack(0x04fe0000,0x05030000)]
  0x04bc6800 JavaThread "AWT-Shutdown" [_thread_blocked, id=6168, stack(0x012f0000,0x01340000)]
  0x04bc4400 JavaThread "Java2D Disposer" daemon [_thread_blocked, id=11140, stack(0x01040000,0x01090000)]
  0x00a3d000 JavaThread "Service Thread" daemon [_thread_blocked, id=11260, stack(0x04ac0000,0x04b10000)]
  0x00a1e000 JavaThread "C1 CompilerThread0" daemon [_thread_blocked, id=14844, stack(0x04960000,0x049b0000)]
  0x00a1cc00 JavaThread "Attach Listener" daemon [_thread_blocked, id=14652, stack(0x048b0000,0x04900000)]
  0x00a19800 JavaThread "Signal Dispatcher" daemon [_thread_blocked, id=1428, stack(0x04850000,0x048a0000)]
  0x00a08c00 JavaThread "Finalizer" daemon [_thread_blocked, id=5132, stack(0x01150000,0x011a0000)]
  0x00a03c00 JavaThread "Reference Handler" daemon [_thread_blocked, id=8696, stack(0x012a0000,0x012f0000)]

Other Threads:
  0x00a01000 VMThread [stack: 0x011a0000,0x011f0000] [id=7472]
  0x04b18400 WatcherThread [stack: 0x04d30000,0x04d80000] [id=9872]

VM state:not at safepoint (normal execution)

VM Mutex/Monitor currently owned by a thread: None

Heap
 def new generation   total 75136K, used 63303K [0x243c0000, 0x29540000, 0x29910000)
  eden space 66816K,  83% used [0x243c0000, 0x27a89b40, 0x28500000)
  from space 8320K,  86% used [0x28500000, 0x28c08248, 0x28d20000)
  to   space 8320K,   0% used [0x28d20000, 0x28d20000, 0x29540000)
 tenured generation   total 166764K, used 22835K [0x29910000, 0x33beb000, 0x343c0000)
   the space 166764K,  13% used [0x29910000, 0x2af5ccb8, 0x2af5ce00, 0x33beb000)
 compacting perm gen  total 12288K, used 1402K [0x343c0000, 0x34fc0000, 0x383c0000)
   the space 12288K,  11% used [0x343c0000, 0x3451ebc0, 0x3451ec00, 0x34fc0000)
    ro space 10240K,  45% used [0x383c0000, 0x38849b28, 0x38849c00, 0x38dc0000)
    rw space 12288K,  54% used [0x38dc0000, 0x3944d0e8, 0x3944d200, 0x399c0000)

Card table byte_map: [0x00e30000,0x00ee0000] byte_map_base: 0x00d0e200

Polling page: 0x00190000

Code Cache  [0x02780000, 0x02858000, 0x04780000)
 total_blobs=389 nmethods=169 adapters=155 free_code_cache=31928Kb largest_free_block=32685888

Compilation events (10 events):
Event: 6.199 Thread 0x00a1e000  165             java.security.AccessControlContext::optimize (319 bytes)
Event: 6.200 Thread 0x00a1e000 nmethod 165 0x02852d88 code [0x02852f00, 0x02853520]
Event: 6.386 Thread 0x00a1e000  166             java.awt.geom.Point2D::<init> (5 bytes)
Event: 6.386 Thread 0x00a1e000 nmethod 166 0x02853b88 code [0x02853c80, 0x02853d00]
Event: 6.567 Thread 0x00a1e000  167             java.awt.Component::getParent (5 bytes)
Event: 6.567 Thread 0x00a1e000 nmethod 167 0x02853d48 code [0x02853e40, 0x02853ec0]
Event: 6.568 Thread 0x00a1e000  168             java.awt.Component::getParent_NoClientCode (5 bytes)
Event: 6.568 Thread 0x00a1e000 nmethod 168 0x02853f08 code [0x02854000, 0x02854080]
Event: 6.760 Thread 0x00a1e000  169             java.lang.String::toString (2 bytes)
Event: 6.760 Thread 0x00a1e000 nmethod 169 0x0281b2c8 code [0x0281b3c0, 0x0281b440]

GC Heap History (10 events):
Event: 5.033 GC heap before
{Heap before GC invocations=50 (full 16):
 def new generation   total 75136K, used 71357K [0x243c0000, 0x29540000, 0x29910000)
  eden space 66816K,  96% used [0x243c0000, 0x282673d8, 0x28500000)
  from space 8320K,  86% used [0x28d20000, 0x294281e8, 0x29540000)
  to   space 8320K,   0% used [0x28500000, 0x28500000, 0x28d20000)
 tenured generation   total 166764K, used 19205K [0x29910000, 0x33beb000, 0x343c0000)
   the space 166764K,  11% used [0x29910000, 0x2abd1670, 0x2abd1800, 0x33beb000)
 compacting perm gen  total 12288K, used 1402K [0x343c0000, 0x34fc0000, 0x383c0000)
   the space 12288K,  11% used [0x343c0000, 0x3451eba0, 0x3451ec00, 0x34fc0000)
    ro space 10240K,  45% used [0x383c0000, 0x38849b28, 0x38849c00, 0x38dc0000)
    rw space 12288K,  54% used [0x38dc0000, 0x3944d0e8, 0x3944d200, 0x399c0000)
Event: 5.036 GC heap after
Heap after GC invocations=51 (full 16):
 def new generation   total 75136K, used 7229K [0x243c0000, 0x29540000, 0x29910000)
  eden space 66816K,   0% used [0x243c0000, 0x243c0000, 0x28500000)
  from space 8320K,  86% used [0x28500000, 0x28c0f778, 0x28d20000)
  to   space 8320K,   0% used [0x28d20000, 0x28d20000, 0x29540000)
 tenured generation   total 166764K, used 19205K [0x29910000, 0x33beb000, 0x343c0000)
   the space 166764K,  11% used [0x29910000, 0x2abd1670, 0x2abd1800, 0x33beb000)
 compacting perm gen  total 12288K, used 1402K [0x343c0000, 0x34fc0000, 0x383c0000)
   the space 12288K,  11% used [0x343c0000, 0x3451eba0, 0x3451ec00, 0x34fc0000)
    ro space 10240K,  45% used [0x383c0000, 0x38849b28, 0x38849c00, 0x38dc0000)
    rw space 12288K,  54% used [0x38dc0000, 0x3944d0e8, 0x3944d200, 0x399c0000)
}
Event: 5.446 GC heap before
{Heap before GC invocations=51 (full 16):
 def new generation   total 75136K, used 71260K [0x243c0000, 0x29540000, 0x29910000)
  eden space 66816K,  95% used [0x243c0000, 0x28247b88, 0x28500000)
  from space 8320K,  86% used [0x28500000, 0x28c0f778, 0x28d20000)
  to   space 8320K,   0% used [0x28d20000, 0x28d20000, 0x29540000)
 tenured generation   total 166764K, used 19205K [0x29910000, 0x33beb000, 0x343c0000)
   the space 166764K,  11% used [0x29910000, 0x2abd1670, 0x2abd1800, 0x33beb000)
 compacting perm gen  total 12288K, used 1402K [0x343c0000, 0x34fc0000, 0x383c0000)
   the space 12288K,  11% used [0x343c0000, 0x3451ebb0, 0x3451ec00, 0x34fc0000)
    ro space 10240K,  45% used [0x383c0000, 0x38849b28, 0x38849c00, 0x38dc0000)
    rw space 12288K,  54% used [0x38dc0000, 0x3944d0e8, 0x3944d200, 0x399c0000)
Event: 5.449 GC heap after
Heap after GC invocations=52 (full 16):
 def new generation   total 75136K, used 7201K [0x243c0000, 0x29540000, 0x29910000)
  eden space 66816K,   0% used [0x243c0000, 0x243c0000, 0x28500000)
  from space 8320K,  86% used [0x28d20000, 0x29428548, 0x29540000)
  to   space 8320K,   0% used [0x28500000, 0x28500000, 0x28d20000)
 tenured generation   total 166764K, used 19234K [0x29910000, 0x33beb000, 0x343c0000)
   the space 166764K,  11% used [0x29910000, 0x2abd8b50, 0x2abd8c00, 0x33beb000)
 compacting perm gen  total 12288K, used 1402K [0x343c0000, 0x34fc0000, 0x383c0000)
   the space 12288K,  11% used [0x343c0000, 0x3451ebb0, 0x3451ec00, 0x34fc0000)
    ro space 10240K,  45% used [0x383c0000, 0x38849b28, 0x38849c00, 0x38dc0000)
    rw space 12288K,  54% used [0x38dc0000, 0x3944d0e8, 0x3944d200, 0x399c0000)
}
Event: 5.863 GC heap before
{Heap before GC invocations=52 (full 16):
 def new generation   total 75136K, used 71619K [0x243c0000, 0x29540000, 0x29910000)
  eden space 66816K,  96% used [0x243c0000, 0x282a8700, 0x28500000)
  from space 8320K,  86% used [0x28d20000, 0x29428548, 0x29540000)
  to   space 8320K,   0% used [0x28500000, 0x28500000, 0x28d20000)
 tenured generation   total 166764K, used 19234K [0x29910000, 0x33beb000, 0x343c0000)
   the space 166764K,  11% used [0x29910000, 0x2abd8b50, 0x2abd8c00, 0x33beb000)
 compacting perm gen  total 12288K, used 1402K [0x343c0000, 0x34fc0000, 0x383c0000)
   the space 12288K,  11% used [0x343c0000, 0x3451ebc0, 0x3451ec00, 0x34fc0000)
    ro space 10240K,  45% used [0x383c0000, 0x38849b28, 0x38849c00, 0x38dc0000)
    rw space 12288K,  54% used [0x38dc0000, 0x3944d0e8, 0x3944d200, 0x399c0000)
Event: 5.867 GC heap after
Heap after GC invocations=53 (full 16):
 def new generation   total 75136K, used 7323K [0x243c0000, 0x29540000, 0x29910000)
  eden space 66816K,   0% used [0x243c0000, 0x243c0000, 0x28500000)
  from space 8320K,  88% used [0x28500000, 0x28c26d10, 0x28d20000)
  to   space 8320K,   0% used [0x28d20000, 0x28d20000, 0x29540000)
 tenured generation   total 166764K, used 22835K [0x29910000, 0x33beb000, 0x343c0000)
   the space 166764K,  13% used [0x29910000, 0x2af5ccb8, 0x2af5ce00, 0x33beb000)
 compacting perm gen  total 12288K, used 1402K [0x343c0000, 0x34fc0000, 0x383c0000)
   the space 12288K,  11% used [0x343c0000, 0x3451ebc0, 0x3451ec00, 0x34fc0000)
    ro space 10240K,  45% used [0x383c0000, 0x38849b28, 0x38849c00, 0x38dc0000)
    rw space 12288K,  54% used [0x38dc0000, 0x3944d0e8, 0x3944d200, 0x399c0000)
}
Event: 6.344 GC heap before
{Heap before GC invocations=53 (full 16):
 def new generation   total 75136K, used 71518K [0x243c0000, 0x29540000, 0x29910000)
  eden space 66816K,  96% used [0x243c0000, 0x28270b80, 0x28500000)
  from space 8320K,  88% used [0x28500000, 0x28c26d10, 0x28d20000)
  to   space 8320K,   0% used [0x28d20000, 0x28d20000, 0x29540000)
 tenured generation   total 166764K, used 22835K [0x29910000, 0x33beb000, 0x343c0000)
   the space 166764K,  13% used [0x29910000, 0x2af5ccb8, 0x2af5ce00, 0x33beb000)
 compacting perm gen  total 12288K, used 1402K [0x343c0000, 0x34fc0000, 0x383c0000)
   the space 12288K,  11% used [0x343c0000, 0x3451ebc0, 0x3451ec00, 0x34fc0000)
    ro space 10240K,  45% used [0x383c0000, 0x38849b28, 0x38849c00, 0x38dc0000)
    rw space 12288K,  54% used [0x38dc0000, 0x3944d0e8, 0x3944d200, 0x399c0000)
Event: 6.346 GC heap after
Heap after GC invocations=54 (full 16):
 def new generation   total 75136K, used 7200K [0x243c0000, 0x29540000, 0x29910000)
  eden space 66816K,   0% used [0x243c0000, 0x243c0000, 0x28500000)
  from space 8320K,  86% used [0x28d20000, 0x294281e8, 0x29540000)
  to   space 8320K,   0% used [0x28500000, 0x28500000, 0x28d20000)
 tenured generation   total 166764K, used 22835K [0x29910000, 0x33beb000, 0x343c0000)
   the space 166764K,  13% used [0x29910000, 0x2af5ccb8, 0x2af5ce00, 0x33beb000)
 compacting perm gen  total 12288K, used 1402K [0x343c0000, 0x34fc0000, 0x383c0000)
   the space 12288K,  11% used [0x343c0000, 0x3451ebc0, 0x3451ec00, 0x34fc0000)
    ro space 10240K,  45% used [0x383c0000, 0x38849b28, 0x38849c00, 0x38dc0000)
    rw space 12288K,  54% used [0x38dc0000, 0x3944d0e8, 0x3944d200, 0x399c0000)
}
Event: 6.753 GC heap before
{Heap before GC invocations=54 (full 16):
 def new generation   total 75136K, used 70741K [0x243c0000, 0x29540000, 0x29910000)
  eden space 66816K,  95% used [0x243c0000, 0x281cd5a0, 0x28500000)
  from space 8320K,  86% used [0x28d20000, 0x294281e8, 0x29540000)
  to   space 8320K,   0% used [0x28500000, 0x28500000, 0x28d20000)
 tenured generation   total 166764K, used 22835K [0x29910000, 0x33beb000, 0x343c0000)
   the space 166764K,  13% used [0x29910000, 0x2af5ccb8, 0x2af5ce00, 0x33beb000)
 compacting perm gen  total 12288K, used 1402K [0x343c0000, 0x34fc0000, 0x383c0000)
   the space 12288K,  11% used [0x343c0000, 0x3451ebc0, 0x3451ec00, 0x34fc0000)
    ro space 10240K,  45% used [0x383c0000, 0x38849b28, 0x38849c00, 0x38dc0000)
    rw space 12288K,  54% used [0x38dc0000, 0x3944d0e8, 0x3944d200, 0x399c0000)
Event: 6.755 GC heap after
Heap after GC invocations=55 (full 16):
 def new generation   total 75136K, used 7200K [0x243c0000, 0x29540000, 0x29910000)
  eden space 66816K,   0% used [0x243c0000, 0x243c0000, 0x28500000)
  from space 8320K,  86% used [0x28500000, 0x28c08248, 0x28d20000)
  to   space 8320K,   0% used [0x28d20000, 0x28d20000, 0x29540000)
 tenured generation   total 166764K, used 22835K [0x29910000, 0x33beb000, 0x343c0000)
   the space 166764K,  13% used [0x29910000, 0x2af5ccb8, 0x2af5ce00, 0x33beb000)
 compacting perm gen  total 12288K, used 1402K [0x343c0000, 0x34fc0000, 0x383c0000)
   the space 12288K,  11% used [0x343c0000, 0x3451ebc0, 0x3451ec00, 0x34fc0000)
    ro space 10240K,  45% used [0x383c0000, 0x38849b28, 0x38849c00, 0x38dc0000)
    rw space 12288K,  54% used [0x38dc0000, 0x3944d0e8, 0x3944d200, 0x399c0000)
}

Deoptimization events (0 events):
No events

Internal exceptions (10 events):
Event: 0.146 Thread 0x00a5b000 Threw 0x2452d600 at C:\jdk7u2_32P\jdk7u25\hotspot\src\share\vm\classfile\systemDictionary.cpp:179
Event: 0.158 Thread 0x00a5b000 Threw 0x2458ba18 at C:\jdk7u2_32P\jdk7u25\hotspot\src\share\vm\prims\jvm.cpp:1235
Event: 0.186 Thread 0x04c04c00 Threw 0x2476e768 at C:\jdk7u2_32P\jdk7u25\hotspot\src\share\vm\prims\jvm.cpp:1235
Event: 0.203 Thread 0x04c04c00 Threw 0x24771130 at C:\jdk7u2_32P\jdk7u25\hotspot\src\share\vm\prims\jvm.cpp:1235
Event: 0.249 Thread 0x04c04c00 Threw 0x2479a138 at C:\jdk7u2_32P\jdk7u25\hotspot\src\share\vm\prims\jvm.cpp:1235
Event: 0.249 Thread 0x04c04c00 Threw 0x2479a348 at C:\jdk7u2_32P\jdk7u25\hotspot\src\share\vm\prims\jvm.cpp:1235
Event: 0.249 Thread 0x04c04c00 Threw 0x2479e538 at C:\jdk7u2_32P\jdk7u25\hotspot\src\share\vm\prims\jvm.cpp:1235
Event: 0.249 Thread 0x04c04c00 Threw 0x2479e748 at C:\jdk7u2_32P\jdk7u25\hotspot\src\share\vm\prims\jvm.cpp:1235
Event: 0.339 Thread 0x04c04c00 Threw 0x247c7848 at C:\jdk7u2_32P\jdk7u25\hotspot\src\share\vm\prims\jvm.cpp:1235
Event: 0.574 Thread 0x04c04c00 Threw 0x247d17d8 at C:\jdk7u2_32P\jdk7u25\hotspot\src\share\vm\prims\jvm.cpp:1235

Events (10 events):
Event: 5.050 Thread 0x00a1e000 flushing nmethod 0x028119c8
Event: 5.446 Executing VM operation: GenCollectForAllocation
Event: 5.449 Executing VM operation: GenCollectForAllocation done
Event: 5.863 Executing VM operation: GenCollectForAllocation
Event: 5.867 Executing VM operation: GenCollectForAllocation done
Event: 6.344 Executing VM operation: GenCollectForAllocation
Event: 6.346 Executing VM operation: GenCollectForAllocation done
Event: 6.568 Thread 0x00a1e000 flushing nmethod 0x02818f08
Event: 6.753 Executing VM operation: GenCollectForAllocation
Event: 6.755 Executing VM operation: GenCollectForAllocation done


Dynamic libraries:
0x01350000 - 0x0137f000 	C:\Program Files (x86)\Java\jdk1.7.0_25\bin\java.exe
0x772a0000 - 0x77420000 	C:\Windows\SysWOW64\ntdll.dll
0x75fa0000 - 0x760b0000 	C:\Windows\syswow64\kernel32.dll
0x762b0000 - 0x762f6000 	C:\Windows\syswow64\KERNELBASE.dll
0x76b90000 - 0x76c30000 	C:\Windows\syswow64\ADVAPI32.dll
0x76a90000 - 0x76b3c000 	C:\Windows\syswow64\msvcrt.dll
0x76b70000 - 0x76b89000 	C:\Windows\SysWOW64\sechost.dll
0x75130000 - 0x75220000 	C:\Windows\syswow64\RPCRT4.dll
0x74e00000 - 0x74e60000 	C:\Windows\syswow64\SspiCli.dll
0x74df0000 - 0x74dfc000 	C:\Windows\syswow64\CRYPTBASE.dll
0x76990000 - 0x76a90000 	C:\Windows\syswow64\USER32.dll
0x76520000 - 0x765b0000 	C:\Windows\syswow64\GDI32.dll
0x75120000 - 0x7512a000 	C:\Windows\syswow64\LPK.dll
0x765b0000 - 0x7664d000 	C:\Windows\syswow64\USP10.dll
0x701c0000 - 0x7035e000 	C:\Windows\WinSxS\x86_microsoft.windows.common-controls_6595b64144ccf1df_6.0.7601.17514_none_41e6975e2bd6f2b2\COMCTL32.dll
0x76250000 - 0x762a7000 	C:\Windows\syswow64\SHLWAPI.dll
0x74ec0000 - 0x74f20000 	C:\Windows\system32\IMM32.DLL
0x76c30000 - 0x76cfc000 	C:\Windows\syswow64\MSCTF.dll
0x5ffe0000 - 0x6009e000 	C:\Program Files (x86)\Java\jdk1.7.0_25\jre\bin\msvcr100.dll
0x5e010000 - 0x5e352000 	C:\Program Files (x86)\Java\jdk1.7.0_25\jre\bin\client\jvm.dll
0x700a0000 - 0x700a7000 	C:\Windows\system32\WSOCK32.dll
0x76650000 - 0x76685000 	C:\Windows\syswow64\WS2_32.dll
0x74eb0000 - 0x74eb6000 	C:\Windows\syswow64\NSI.dll
0x69430000 - 0x69462000 	C:\Windows\system32\WINMM.dll
0x75220000 - 0x75225000 	C:\Windows\syswow64\PSAPI.DLL
0x6ef10000 - 0x6ef1c000 	C:\Program Files (x86)\Java\jdk1.7.0_25\jre\bin\verify.dll
0x64190000 - 0x641b0000 	C:\Program Files (x86)\Java\jdk1.7.0_25\jre\bin\java.dll
0x636d0000 - 0x636e3000 	C:\Program Files (x86)\Java\jdk1.7.0_25\jre\bin\zip.dll
0x5fcd0000 - 0x5fe14000 	C:\Program Files (x86)\Java\jdk1.7.0_25\jre\bin\awt.dll
0x76130000 - 0x761bf000 	C:\Windows\syswow64\OLEAUT32.dll
0x76300000 - 0x7645c000 	C:\Windows\syswow64\ole32.dll
0x6f020000 - 0x6f0a0000 	C:\Windows\system32\uxtheme.dll
0x692d0000 - 0x692e3000 	C:\Windows\system32\dwmapi.dll
0x75350000 - 0x75f9a000 	C:\Windows\syswow64\SHELL32.dll
0x60af0000 - 0x60b21000 	C:\Program Files (x86)\Java\jdk1.7.0_25\jre\bin\fontmanager.dll
0x6eeb0000 - 0x6eee6000 	C:\Program Files\WIDCOMM\Bluetooth Software\SysWOW64\BtMmHook.dll
0x76690000 - 0x76713000 	C:\Windows\syswow64\CLBCatQ.DLL
0x60580000 - 0x605a4000 	C:\Program Files (x86)\Java\jdk1.7.0_25\jre\bin\dcpr.dll
0x63670000 - 0x63684000 	C:\Program Files (x86)\Java\jdk1.7.0_25\jre\bin\net.dll
0x735f0000 - 0x7362c000 	C:\Windows\system32\mswsock.dll
0x73400000 - 0x73406000 	C:\Windows\System32\wship6.dll
0x658a0000 - 0x658af000 	C:\Program Files (x86)\Java\jdk1.7.0_25\jre\bin\nio.dll
0x60ac0000 - 0x60af0000 	C:\Program Files (x86)\Java\jdk1.7.0_25\jre\bin\t2k.dll
0x10000000 - 0x1001b000 	C:\Windows\System32\JMyron.dll
0x00ef0000 - 0x00f04000 	C:\Windows\system\myron_ezcam.dll
0x00f20000 - 0x00f33000 	C:\Windows\system\DSVL.dll
0x65ee0000 - 0x66057000 	C:\Windows\system32\QUARTZ.dll
0x7c3c0000 - 0x7c43c000 	C:\Windows\system32\MSVCP71.dll
0x7c360000 - 0x7c3b6000 	C:\Windows\system32\MSVCR71.dll
0x661d0000 - 0x66202000 	C:\Windows\SysWOW64\qcap.dll
0x66ed0000 - 0x66ef1000 	C:\Windows\SysWOW64\MSVFW32.dll
0x715c0000 - 0x715c9000 	C:\Windows\SysWOW64\VERSION.dll
0x65b10000 - 0x65b90000 	C:\Windows\SysWOW64\qedit.dll
0x760b0000 - 0x7612b000 	C:\Windows\syswow64\COMDLG32.dll
0x63be0000 - 0x63d70000 	C:\Windows\WinSxS\x86_microsoft.windows.gdiplus_6595b64144ccf1df_1.1.7601.17514_none_72d18a4386696c80\gdiplus.dll
0x66210000 - 0x66224000 	C:\Windows\SysWOW64\devenum.dll
0x76d00000 - 0x76e9d000 	C:\Windows\syswow64\setupapi.dll
0x76b40000 - 0x76b67000 	C:\Windows\syswow64\CFGMGR32.dll
0x75330000 - 0x75342000 	C:\Windows\syswow64\DEVOBJ.dll
0x6f920000 - 0x6f941000 	C:\Windows\system32\ntmarta.dll
0x74e60000 - 0x74ea5000 	C:\Windows\syswow64\WLDAP32.dll
0x76220000 - 0x7624d000 	C:\Windows\syswow64\WINTRUST.dll
0x76870000 - 0x7698d000 	C:\Windows\syswow64\CRYPT32.dll
0x76720000 - 0x7672c000 	C:\Windows\syswow64\MSASN1.dll
0x673c0000 - 0x673cb000 	C:\Windows\system32\msdmo.dll
0x65ea0000 - 0x65ed3000 	C:\Windows\SysWOW64\ksproxy.ax
0x69d30000 - 0x69d34000 	C:\Windows\SysWOW64\ksuser.dll
0x65cd0000 - 0x65e93000 	C:\Windows\SysWOW64\d3d9.dll
0x692c0000 - 0x692c6000 	C:\Windows\SysWOW64\d3d8thk.dll
0x66ec0000 - 0x66ec9000 	C:\Windows\SysWOW64\vidcap.ax
0x65cb0000 - 0x65ccd000 	C:\Windows\SysWOW64\kswdmcap.ax
0x65b90000 - 0x65cac000 	C:\Windows\SysWOW64\MFC42.dll
0x71350000 - 0x713dc000 	C:\Windows\SysWOW64\ODBC32.dll
0x71210000 - 0x71248000 	C:\Windows\SysWOW64\odbcint.dll
0x6a4a0000 - 0x6a58b000 	C:\Windows\system32\dbghelp.dll

VM Arguments:
jvm_args: -Dfile.encoding=UTF-8 
java_command: webcam.Cam2
Launcher Type: SUN_STANDARD

Environment Variables:
CLASSPATH=.;C:\Program Files (x86)\QuickTime\QTSystem\QTJava.zip
PATH=C:\Windows\System32\Wbem;C:\Program Files (x86)\Java\jdk1.7.0_25\bin
USERNAME=Dell
OS=Windows_NT
PROCESSOR_IDENTIFIER=Intel64 Family 6 Model 58 Stepping 9, GenuineIntel



---------------  S Y S T E M  ---------------

OS: Windows 7 , 64 bit Build 7601 Service Pack 1

CPU:total 4 (2 cores per cpu, 2 threads per core) family 6 model 58 stepping 9, cmov, cx8, fxsr, mmx, sse, sse2, sse3, ssse3, sse4.1, sse4.2, popcnt, avx, ht, tsc, tscinvbit, tscinv

Memory: 4k page, physical 4066668k(1444568k free), swap 8131492k(4631924k free)

vm_info: Java HotSpot(TM) Client VM (23.25-b01) for windows-x86 JRE (1.7.0_25-b16), built on Jun 12 2013 20:29:09 by "java_re" with unknown MS VC++:1600

time: Wed Jan 08 21:45:20 2014
elapsed time: 7 seconds

